{"privilegelist":"SeAssignPrimaryTokenPrivilege\r\n\t\t\tSeTcbPrivilege\r\n\t\t\tSeSecurityPrivilege\r\n\t\t\tSeTakeOwnershipPrivilege\r\n\t\t\tSeLoadDriverPrivilege\r\n\t\t\tSeBackupPrivilege\r\n\t\t\tSeRestorePrivilege\r\n\t\t\tSeDebugPrivilege\r\n\t\t\tSeAuditPrivilege\r\n\t\t\tSeSystemEnvironmentPrivilege\r\n\t\t\tSeImpersonatePrivilege\r\n\t\t\tSeDelegateSessionUserImpersonatePrivilege","subjectdomainname":"NT AUTHORITY","subjectlogonid":"0x3e7","subjectusername":"SYSTEM","subjectusersid":"S-1-5-18","channel":"Security","computer":"DESKTOP-SSLS7P8","correlation_#attributes_activityid":"9043E91E-19F1-0000-1AEA-4390F119D801","eventid":"4672","eventrecordid":"218","execution_#attributes_processid":"640","execution_#attributes_threadid":"700","keywords":"0x8020000000000000","level":"0","opcode":"0","provider_#attributes_guid":"54849625-5478-4994-A5BA-3E3B0328C30D","provider_#attributes_name":"Microsoft-Windows-Security-Auditing","security":"None","task":"12548","systemtime":"2022-02-04T18:04:09.602224Z","version":"0"},{"privilegelist":"SeAssignPrimaryTokenPrivilege\r\n\t\t\tSeTcbPrivilege\r\n\t\t\tSeSecurityPrivilege\r\n\t\t\tSeTakeOwnershipPrivilege\r\n\t\t\tSeLoadDriverPrivilege\r\n\t\t\tSeBackupPrivilege\r\n\t\t\tSeRestorePrivilege\r\n\t\t\tSeDebugPrivilege\r\n\t\t\tSeAuditPrivilege\r\n\t\t\tSeSystemEnvironmentPrivilege\r\n\t\t\tSeImpersonatePrivilege\r\n\t\t\tSeDelegateSessionUserImpersonatePrivilege","subjectdomainname":"NT AUTHORITY","subjectlogonid":"0x3e7","subjectusername":"SYSTEM","subjectusersid":"S-1-5-18","channel":"Security","computer":"DESKTOP-SSLS7P8","correlation_#attributes_activityid":"9043E91E-19F1-0000-1AEA-4390F119D801","eventid":"4672","eventrecordid":"216","execution_#attributes_processid":"640","execution_#attributes_threadid":"680","keywords":"0x8020000000000000","level":"0","opcode":"0","provider_#attributes_guid":"54849625-5478-4994-A5BA-3E3B0328C30D","provider_#attributes_name":"Microsoft-Windows-Security-Auditing","security":"None","task":"12548","systemtime":"2022-02-04T18:04:09.546725Z","version":"0"},{"privilegelist":"SeAssignPrimaryTokenPrivilege\r\n\t\t\tSeTcbPrivilege\r\n\t\t\tSeSecurityPrivilege\r\n\t\t\tSeTakeOwnershipPrivilege\r\n\t\t\tSeLoadDriverPrivilege\r\n\t\t\tSeBackupPrivilege\r\n\t\t\tSeRestorePrivilege\r\n\t\t\tSeDebugPrivilege\r\n\t\t\tSeAuditPrivilege\r\n\t\t\tSeSystemEnvironmentPrivilege\r\n\t\t\tSeImpersonatePrivilege\r\n\t\t\tSeDelegateSessionUserImpersonatePrivilege","subjectdomainname":"NT AUTHORITY","subjectlogonid":"0x3e7","subjectusername":"SYSTEM","subjectusersid":"S-1-5-18","channel":"Security","computer":"DESKTOP-SSLS7P8","correlation_#attributes_activityid":"9043E91E-19F1-0000-1AEA-4390F119D801","eventid":"4672","eventrecordid":"214","execution_#attributes_processid":"640","execution_#attributes_threadid":"696","keywords":"0x8020000000000000","level":"0","opcode":"0","provider_#attributes_guid":"54849625-5478-4994-A5BA-3E3B0328C30D","provider_#attributes_name":"Microsoft-Windows-Security-Auditing","security":"None","task":"12548","systemtime":"2022-02-04T18:04:09.544995Z","version":"0"},{"privilegelist":"SeAssignPrimaryTokenPrivilege\r\n\t\t\tSeTcbPrivilege\r\n\t\t\tSeSecurityPrivilege\r\n\t\t\tSeTakeOwnershipPrivilege\r\n\t\t\tSeLoadDriverPrivilege\r\n\t\t\tSeBackupPrivilege\r\n\t\t\tSeRestorePrivilege\r\n\t\t\tSeDebugPrivilege\r\n\t\t\tSeAuditPrivilege\r\n\t\t\tSeSystemEnvironmentPrivilege\r\n\t\t\tSeImpersonatePrivilege\r\n\t\t\tSeDelegateSessionUserImpersonatePrivilege","subjectdomainname":"NT AUTHORITY","subjectlogonid":"0x3e7","subjectusername":"SYSTEM","subjectusersid":"S-1-5-18","channel":"Security","computer":"DESKTOP-SSLS7P8","correlation_#attributes_activityid":"9043E91E-19F1-0000-1AEA-4390F119D801","eventid":"4672","eventrecordid":"212","execution_#attributes_processid":"640","execution_#attributes_threadid":"700","keywords":"0x8020000000000000","level":"0","opcode":"0","provider_#attributes_guid":"54849625-5478-4994-A5BA-3E3B0328C30D","provider_#attributes_name":"Microsoft-Windows-Security-Auditing","security":"None","task":"12548","systemtime":"2022-02-04T18:04:08.575817Z","version":"0"},{"privilegelist":"SeAssignPrimaryTokenPrivilege\r\n\t\t\tSeTcbPrivilege\r\n\t\t\tSeSecurityPrivilege\r\n\t\t\tSeTakeOwnershipPrivilege\r\n\t\t\tSeLoadDriverPrivilege\r\n\t\t\tSeBackupPrivilege\r\n\t\t\tSeRestorePrivilege\r\n\t\t\tSeDebugPrivilege\r\n\t\t\tSeAuditPrivilege\r\n\t\t\tSeSystemEnvironmentPrivilege\r\n\t\t\tSeImpersonatePrivilege\r\n\t\t\tSeDelegateSessionUserImpersonatePrivilege","subjectdomainname":"NT AUTHORITY","subjectlogonid":"0x3e7","subjectusername":"SYSTEM","subjectusersid":"S-1-5-18","channel":"Security","computer":"DESKTOP-SSLS7P8","correlation_#attributes_activityid":"9043E91E-19F1-0000-1AEA-4390F119D801","eventid":"4672","eventrecordid":"210","execution_#attributes_processid":"640","execution_#attributes_threadid":"700","keywords":"0x8020000000000000","level":"0","opcode":"0","provider_#attributes_guid":"54849625-5478-4994-A5BA-3E3B0328C30D","provider_#attributes_name":"Microsoft-Windows-Security-Auditing","security":"None","task":"12548","systemtime":"2022-02-04T18:04:08.184951Z","version":"0"},{"privilegelist":"SeAssignPrimaryTokenPrivilege\r\n\t\t\tSeTcbPrivilege\r\n\t\t\tSeSecurityPrivilege\r\n\t\t\tSeTakeOwnershipPrivilege\r\n\t\t\tSeLoadDriverPrivilege\r\n\t\t\tSeBackupPrivilege\r\n\t\t\tSeRestorePrivilege\r\n\t\t\tSeDebugPrivilege\r\n\t\t\tSeAuditPrivilege\r\n\t\t\tSeSystemEnvironmentPrivilege\r\n\t\t\tSeImpersonatePrivilege\r\n\t\t\tSeDelegateSessionUserImpersonatePrivilege","subjectdomainname":"NT AUTHORITY","subjectlogonid":"0x3e7","subjectusername":"SYSTEM","subjectusersid":"S-1-5-18","channel":"Security","computer":"DESKTOP-SSLS7P8","correlation_#attributes_activityid":"9043E91E-19F1-0000-1AEA-4390F119D801","eventid":"4672","eventrecordid":"208","execution_#attributes_processid":"640","execution_#attributes_threadid":"700","keywords":"0x8020000000000000","level":"0","opcode":"0","provider_#attributes_guid":"54849625-5478-4994-A5BA-3E3B0328C30D","provider_#attributes_name":"Microsoft-Windows-Security-Auditing","security":"None","task":"12548","systemtime":"2022-02-04T18:04:06.141531Z","version":"0"},{"privilegelist":"SeAssignPrimaryTokenPrivilege\r\n\t\t\tSeTcbPrivilege\r\n\t\t\tSeSecurityPrivilege\r\n\t\t\tSeTakeOwnershipPrivilege\r\n\t\t\tSeLoadDriverPrivilege\r\n\t\t\tSeBackupPrivilege\r\n\t\t\tSeRestorePrivilege\r\n\t\t\tSeDebugPrivilege\r\n\t\t\tSeAuditPrivilege\r\n\t\t\tSeSystemEnvironmentPrivilege\r\n\t\t\tSeImpersonatePrivilege\r\n\t\t\tSeDelegateSessionUserImpersonatePrivilege","subjectdomainname":"NT AUTHORITY","subjectlogonid":"0x3e7","subjectusername":"SYSTEM","subjectusersid":"S-1-5-18","channel":"Security","computer":"DESKTOP-SSLS7P8","correlation_#attributes_activityid":"9043E91E-19F1-0000-1AEA-4390F119D801","eventid":"4672","eventrecordid":"206","execution_#attributes_processid":"640","execution_#attributes_threadid":"700","keywords":"0x8020000000000000","level":"0","opcode":"0","provider_#attributes_guid":"54849625-5478-4994-A5BA-3E3B0328C30D","provider_#attributes_name":"Microsoft-Windows-Security-Auditing","security":"None","task":"12548","systemtime":"2022-02-04T18:04:05.696432Z","version":"0"},{"privilegelist":"SeAssignPrimaryTokenPrivilege\r\n\t\t\tSeAuditPrivilege\r\n\t\t\tSeImpersonatePrivilege","subjectdomainname":"NT AUTHORITY","subjectlogonid":"0x3e5","subjectusername":"LOCAL SERVICE","subjectusersid":"S-1-5-19","channel":"Security","computer":"DESKTOP-SSLS7P8","correlation_#attributes_activityid":"9043E91E-19F1-0000-1AEA-4390F119D801","eventid":"4672","eventrecordid":"204","execution_#attributes_processid":"640","execution_#attributes_threadid":"700","keywords":"0x8020000000000000","level":"0","opcode":"0","provider_#attributes_guid":"54849625-5478-4994-A5BA-3E3B0328C30D","provider_#attributes_name":"Microsoft-Windows-Security-Auditing","security":"None","task":"12548","systemtime":"2022-02-04T18:04:01.679891Z","version":"0"},{"privilegelist":"SeAssignPrimaryTokenPrivilege\r\n\t\t\tSeTcbPrivilege\r\n\t\t\tSeSecurityPrivilege\r\n\t\t\tSeTakeOwnershipPrivilege\r\n\t\t\tSeLoadDriverPrivilege\r\n\t\t\tSeBackupPrivilege\r\n\t\t\tSeRestorePrivilege\r\n\t\t\tSeDebugPrivilege\r\n\t\t\tSeAuditPrivilege\r\n\t\t\tSeSystemEnvironmentPrivilege\r\n\t\t\tSeImpersonatePrivilege\r\n\t\t\tSeDelegateSessionUserImpersonatePrivilege","subjectdomainname":"NT AUTHORITY","subjectlogonid":"0x3e7","subjectusername":"SYSTEM","subjectusersid":"S-1-5-18","channel":"Security","computer":"DESKTOP-SSLS7P8","correlation_#attributes_activityid":"9043E91E-19F1-0000-1AEA-4390F119D801","eventid":"4672","eventrecordid":"202","execution_#attributes_processid":"640","execution_#attributes_threadid":"700","keywords":"0x8020000000000000","level":"0","opcode":"0","provider_#attributes_guid":"54849625-5478-4994-A5BA-3E3B0328C30D","provider_#attributes_name":"Microsoft-Windows-Security-Auditing","security":"None","task":"12548","systemtime":"2022-02-04T18:04:01.160969Z","version":"0"},{"privilegelist":"SeAssignPrimaryTokenPrivilege\r\n\t\t\tSeTcbPrivilege\r\n\t\t\tSeSecurityPrivilege\r\n\t\t\tSeTakeOwnershipPrivilege\r\n\t\t\tSeLoadDriverPrivilege\r\n\t\t\tSeBackupPrivilege\r\n\t\t\tSeRestorePrivilege\r\n\t\t\tSeDebugPrivilege\r\n\t\t\tSeAuditPrivilege\r\n\t\t\tSeSystemEnvironmentPrivilege\r\n\t\t\tSeImpersonatePrivilege\r\n\t\t\tSeDelegateSessionUserImpersonatePrivilege","subjectdomainname":"NT AUTHORITY","subjectlogonid":"0x3e7","subjectusername":"SYSTEM","subjectusersid":"S-1-5-18","channel":"Security","computer":"DESKTOP-SSLS7P8","correlation_#attributes_activityid":"9043E91E-19F1-0000-1AEA-4390F119D801","eventid":"4672","eventrecordid":"200","execution_#attributes_processid":"640","execution_#attributes_threadid":"700","keywords":"0x8020000000000000","level":"0","opcode":"0","provider_#attributes_guid":"54849625-5478-4994-A5BA-3E3B0328C30D","provider_#attributes_name":"Microsoft-Windows-Security-Auditing","security":"None","task":"12548","systemtime":"2022-02-04T18:04:01.132682Z","version":"0"},{"privilegelist":"SeAssignPrimaryTokenPrivilege\r\n\t\t\tSeAuditPrivilege","subjectdomainname":"Window Manager","subjectlogonid":"0xad0c","subjectusername":"DWM-1","subjectusersid":"S-1-5-90-0-1","channel":"Security","computer":"DESKTOP-SSLS7P8","correlation_#attributes_activityid":"9043E91E-19F1-0000-1AEA-4390F119D801","eventid":"4672","eventrecordid":"198","execution_#attributes_processid":"640","execution_#attributes_threadid":"700","keywords":"0x8020000000000000","level":"0","opcode":"0","provider_#attributes_guid":"54849625-5478-4994-A5BA-3E3B0328C30D","provider_#attributes_name":"Microsoft-Windows-Security-Auditing","security":"None","task":"12548","systemtime":"2022-02-04T18:04:00.420370Z","version":"0"},{"privilegelist":"SeAssignPrimaryTokenPrivilege\r\n\t\t\tSeAuditPrivilege\r\n\t\t\tSeImpersonatePrivilege","subjectdomainname":"Window Manager","subjectlogonid":"0xacf9","subjectusername":"DWM-1","subjectusersid":"S-1-5-90-0-1","channel":"Security","computer":"DESKTOP-SSLS7P8","correlation_#attributes_activityid":"9043E91E-19F1-0000-1AEA-4390F119D801","eventid":"4672","eventrecordid":"197","execution_#attributes_processid":"640","execution_#attributes_threadid":"700","keywords":"0x8020000000000000","level":"0","opcode":"0","provider_#attributes_guid":"54849625-5478-4994-A5BA-3E3B0328C30D","provider_#attributes_name":"Microsoft-Windows-Security-Auditing","security":"None","task":"12548","systemtime":"2022-02-04T18:04:00.420367Z","version":"0"},{"privilegelist":"SeAssignPrimaryTokenPrivilege\r\n\t\t\tSeTcbPrivilege\r\n\t\t\tSeSecurityPrivilege\r\n\t\t\tSeTakeOwnershipPrivilege\r\n\t\t\tSeLoadDriverPrivilege\r\n\t\t\tSeBackupPrivilege\r\n\t\t\tSeRestorePrivilege\r\n\t\t\tSeDebugPrivilege\r\n\t\t\tSeAuditPrivilege\r\n\t\t\tSeSystemEnvironmentPrivilege\r\n\t\t\tSeImpersonatePrivilege\r\n\t\t\tSeDelegateSessionUserImpersonatePrivilege","subjectdomainname":"NT AUTHORITY","subjectlogonid":"0x3e7","subjectusername":"SYSTEM","subjectusersid":"S-1-5-18","channel":"Security","computer":"DESKTOP-SSLS7P8","correlation_#attributes_activityid":"9043E91E-19F1-0000-1AEA-4390F119D801","eventid":"4672","eventrecordid":"193","execution_#attributes_processid":"640","execution_#attributes_threadid":"696","keywords":"0x8020000000000000","level":"0","opcode":"0","provider_#attributes_guid":"54849625-5478-4994-A5BA-3E3B0328C30D","provider_#attributes_name":"Microsoft-Windows-Security-Auditing","security":"None","task":"12548","systemtime":"2022-02-04T18:03:59.858184Z","version":"0"},{"privilegelist":"SeAssignPrimaryTokenPrivilege\r\n\t\t\tSeAuditPrivilege\r\n\t\t\tSeImpersonatePrivilege","subjectdomainname":"NT AUTHORITY","subjectlogonid":"0x3e4","subjectusername":"NETWORK SERVICE","subjectusersid":"S-1-5-20","channel":"Security","computer":"DESKTOP-SSLS7P8","correlation_#attributes_activityid":"9043E91E-19F1-0000-1AEA-4390F119D801","eventid":"4672","eventrecordid":"191","execution_#attributes_processid":"640","execution_#attributes_threadid":"680","keywords":"0x8020000000000000","level":"0","opcode":"0","provider_#attributes_guid":"54849625-5478-4994-A5BA-3E3B0328C30D","provider_#attributes_name":"Microsoft-Windows-Security-Auditing","security":"None","task":"12548","systemtime":"2022-02-04T18:03:59.601148Z","version":"0"},{"privilegelist":"SeAssignPrimaryTokenPrivilege\r\n\t\t\tSeTcbPrivilege\r\n\t\t\tSeSecurityPrivilege\r\n\t\t\tSeTakeOwnershipPrivilege\r\n\t\t\tSeLoadDriverPrivilege\r\n\t\t\tSeBackupPrivilege\r\n\t\t\tSeRestorePrivilege\r\n\t\t\tSeDebugPrivilege\r\n\t\t\tSeAuditPrivilege\r\n\t\t\tSeSystemEnvironmentPrivilege\r\n\t\t\tSeImpersonatePrivilege\r\n\t\t\tSeDelegateSessionUserImpersonatePrivilege","subjectdomainname":"NT AUTHORITY","subjectlogonid":"0x3e7","subjectusername":"SYSTEM","subjectusersid":"S-1-5-18","channel":"Security","computer":"DESKTOP-SSLS7P8","correlation_#attributes_activityid":"9043E91E-19F1-0000-1AEA-4390F119D801","eventid":"4672","eventrecordid":"185","execution_#attributes_processid":"640","execution_#attributes_threadid":"680","keywords":"0x8020000000000000","level":"0","opcode":"0","provider_#attributes_guid":"54849625-5478-4994-A5BA-3E3B0328C30D","provider_#attributes_name":"Microsoft-Windows-Security-Auditing","security":"None","task":"12548","systemtime":"2022-02-04T18:03:58.922219Z","version":"0"},{"mandatorylabel":"S-1-16-16384","newprocessid":"0x280","newprocessname":"C:\\Windows\\System32\\lsass.exe","parentprocessname":"C:\\Windows\\System32\\wininit.exe","processid":"0x220","subjectlogonid":"0x3e7","subjectusersid":"S-1-5-18","targetlogonid":"0x0","targetusersid":"S-1-0-0","tokenelevationtype":"%%1936","channel":"Security","computer":"DESKTOP-SSLS7P8","correlation":"None","eventid":"4688","eventrecordid":"180","execution_#attributes_processid":"4","execution_#attributes_threadid":"300","keywords":"0x8020000000000000","level":"0","opcode":"0","provider_#attributes_guid":"54849625-5478-4994-A5BA-3E3B0328C30D","provider_#attributes_name":"Microsoft-Windows-Security-Auditing","security":"None","task":"13312","systemtime":"2022-02-04T18:03:57.504417Z","version":"2"},{"mandatorylabel":"S-1-16-16384","newprocessid":"0x274","newprocessname":"C:\\Windows\\System32\\services.exe","parentprocessname":"C:\\Windows\\System32\\wininit.exe","processid":"0x220","subjectlogonid":"0x3e7","subjectusersid":"S-1-5-18","targetlogonid":"0x0","targetusersid":"S-1-0-0","tokenelevationtype":"%%1936","channel":"Security","computer":"DESKTOP-SSLS7P8","correlation":"None","eventid":"4688","eventrecordid":"179","execution_#attributes_processid":"4","execution_#attributes_threadid":"300","keywords":"0x8020000000000000","level":"0","opcode":"0","provider_#attributes_guid":"54849625-5478-4994-A5BA-3E3B0328C30D","provider_#attributes_name":"Microsoft-Windows-Security-Auditing","security":"None","task":"13312","systemtime":"2022-02-04T18:03:57.305072Z","version":"2"},{"mandatorylabel":"S-1-16-16384","newprocessid":"0x22c","newprocessname":"C:\\Windows\\System32\\winlogon.exe","parentprocessname":"C:\\Windows\\System32\\smss.exe","processid":"0x1ec","subjectlogonid":"0x3e7","subjectusersid":"S-1-5-18","targetlogonid":"0x0","targetusersid":"S-1-0-0","tokenelevationtype":"%%1936","channel":"Security","computer":"DESKTOP-SSLS7P8","correlation":"None","eventid":"4688","eventrecordid":"178","execution_#attributes_processid":"4","execution_#attributes_threadid":"296","keywords":"0x8020000000000000","level":"0","opcode":"0","provider_#attributes_guid":"54849625-5478-4994-A5BA-3E3B0328C30D","provider_#attributes_name":"Microsoft-Windows-Security-Auditing","security":"None","task":"13312","systemtime":"2022-02-04T18:03:56.850972Z","version":"2"},{"mandatorylabel":"S-1-16-16384","newprocessid":"0x220","newprocessname":"C:\\Windows\\System32\\wininit.exe","parentprocessname":"C:\\Windows\\System32\\smss.exe","processid":"0x1a4","subjectlogonid":"0x3e7","subjectusersid":"S-1-5-18","targetlogonid":"0x0","targetusersid":"S-1-0-0","tokenelevationtype":"%%1936","channel":"Security","computer":"DESKTOP-SSLS7P8","correlation":"None","eventid":"4688","eventrecordid":"177","execution_#attributes_processid":"4","execution_#attributes_threadid":"296","keywords":"0x8020000000000000","level":"0","opcode":"0","provider_#attributes_guid":"54849625-5478-4994-A5BA-3E3B0328C30D","provider_#attributes_name":"Microsoft-Windows-Security-Auditing","security":"None","task":"13312","systemtime":"2022-02-04T18:03:56.830763Z","version":"2"},{"mandatorylabel":"S-1-16-16384","newprocessid":"0x1f4","newprocessname":"C:\\Windows\\System32\\csrss.exe","parentprocessname":"C:\\Windows\\System32\\smss.exe","processid":"0x1ec","subjectlogonid":"0x3e7","subjectusersid":"S-1-5-18","targetlogonid":"0x0","targetusersid":"S-1-0-0","tokenelevationtype":"%%1936","channel":"Security","computer":"DESKTOP-SSLS7P8","correlation":"None","eventid":"4688","eventrecordid":"176","execution_#attributes_processid":"4","execution_#attributes_threadid":"296","keywords":"0x8020000000000000","level":"0","opcode":"0","provider_#attributes_guid":"54849625-5478-4994-A5BA-3E3B0328C30D","provider_#attributes_name":"Microsoft-Windows-Security-Auditing","security":"None","task":"13312","systemtime":"2022-02-04T18:03:56.781713Z","version":"2"},{"mandatorylabel":"S-1-16-16384","newprocessid":"0x1ec","newprocessname":"C:\\Windows\\System32\\smss.exe","parentprocessname":"C:\\Windows\\System32\\smss.exe","processid":"0x154","subjectlogonid":"0x3e7","subjectusersid":"S-1-5-18","targetlogonid":"0x0","targetusersid":"S-1-0-0","tokenelevationtype":"%%1936","channel":"Security","computer":"DESKTOP-SSLS7P8","correlation":"None","eventid":"4688","eventrecordid":"175","execution_#attributes_processid":"4","execution_#attributes_threadid":"296","keywords":"0x8020000000000000","level":"0","opcode":"0","provider_#attributes_guid":"54849625-5478-4994-A5BA-3E3B0328C30D","provider_#attributes_name":"Microsoft-Windows-Security-Auditing","security":"None","task":"13312","systemtime":"2022-02-04T18:03:56.768862Z","version":"2"},{"mandatorylabel":"S-1-16-16384","newprocessid":"0x1b0","newprocessname":"C:\\Windows\\System32\\csrss.exe","parentprocessname":"C:\\Windows\\System32\\smss.exe","processid":"0x1a4","subjectlogonid":"0x3e7","subjectusersid":"S-1-5-18","targetlogonid":"0x0","targetusersid":"S-1-0-0","tokenelevationtype":"%%1936","channel":"Security","computer":"DESKTOP-SSLS7P8","correlation":"None","eventid":"4688","eventrecordid":"174","execution_#attributes_processid":"4","execution_#attributes_threadid":"300","keywords":"0x8020000000000000","level":"0","opcode":"0","provider_#attributes_guid":"54849625-5478-4994-A5BA-3E3B0328C30D","provider_#attributes_name":"Microsoft-Windows-Security-Auditing","security":"None","task":"13312","systemtime":"2022-02-04T18:03:56.189308Z","version":"2"},{"mandatorylabel":"S-1-16-16384","newprocessid":"0x1a4","newprocessname":"C:\\Windows\\System32\\smss.exe","parentprocessname":"C:\\Windows\\System32\\smss.exe","processid":"0x154","subjectlogonid":"0x3e7","subjectusersid":"S-1-5-18","targetlogonid":"0x0","targetusersid":"S-1-0-0","tokenelevationtype":"%%1936","channel":"Security","computer":"DESKTOP-SSLS7P8","correlation":"None","eventid":"4688","eventrecordid":"173","execution_#attributes_processid":"4","execution_#attributes_threadid":"208","keywords":"0x8020000000000000","level":"0","opcode":"0","provider_#attributes_guid":"54849625-5478-4994-A5BA-3E3B0328C30D","provider_#attributes_name":"Microsoft-Windows-Security-Auditing","security":"None","task":"13312","systemtime":"2022-02-04T18:03:55.813614Z","version":"2"},{"mandatorylabel":"S-1-16-16384","newprocessid":"0x16c","newprocessname":"C:\\Windows\\System32\\autochk.exe","parentprocessname":"C:\\Windows\\System32\\smss.exe","processid":"0x154","subjectlogonid":"0x3e7","subjectusersid":"S-1-5-18","targetlogonid":"0x0","targetusersid":"S-1-0-0","tokenelevationtype":"%%1936","channel":"Security","computer":"DESKTOP-SSLS7P8","correlation":"None","eventid":"4688","eventrecordid":"172","execution_#attributes_processid":"4","execution_#attributes_threadid":"268","keywords":"0x8020000000000000","level":"0","opcode":"0","provider_#attributes_guid":"54849625-5478-4994-A5BA-3E3B0328C30D","provider_#attributes_name":"Microsoft-Windows-Security-Auditing","security":"None","task":"13312","systemtime":"2022-02-04T18:03:54.631984Z","version":"2"},{"mandatorylabel":"S-1-16-16384","newprocessid":"0x154","newprocessname":"C:\\Windows\\System32\\smss.exe","processid":"0x4","subjectlogonid":"0x3e7","subjectusersid":"S-1-5-18","targetlogonid":"0x0","targetusersid":"S-1-0-0","tokenelevationtype":"%%1936","channel":"Security","computer":"DESKTOP-SSLS7P8","correlation":"None","eventid":"4688","eventrecordid":"171","execution_#attributes_processid":"4","execution_#attributes_threadid":"92","keywords":"0x8020000000000000","level":"0","opcode":"0","provider_#attributes_guid":"54849625-5478-4994-A5BA-3E3B0328C30D","provider_#attributes_name":"Microsoft-Windows-Security-Auditing","security":"None","task":"13312","systemtime":"2022-02-04T18:03:52.621284Z","version":"2"},{"mandatorylabel":"S-1-16-16384","newprocessid":"0x48","newprocessname":"Registry","processid":"0x4","subjectlogonid":"0x3e7","subjectusersid":"S-1-5-18","targetlogonid":"0x0","targetusersid":"S-1-0-0","tokenelevationtype":"%%1936","channel":"Security","computer":"DESKTOP-SSLS7P8","correlation":"None","eventid":"4688","eventrecordid":"168","execution_#attributes_processid":"4","execution_#attributes_threadid":"92","keywords":"0x8020000000000000","level":"0","opcode":"0","provider_#attributes_guid":"54849625-5478-4994-A5BA-3E3B0328C30D","provider_#attributes_name":"Microsoft-Windows-Security-Auditing","security":"None","task":"13312","systemtime":"2022-02-04T18:03:52.576811Z","version":"2"},{"privilegelist":"SeAssignPrimaryTokenPrivilege\r\n\t\t\tSeTcbPrivilege\r\n\t\t\tSeSecurityPrivilege\r\n\t\t\tSeTakeOwnershipPrivilege\r\n\t\t\tSeLoadDriverPrivilege\r\n\t\t\tSeBackupPrivilege\r\n\t\t\tSeRestorePrivilege\r\n\t\t\tSeDebugPrivilege\r\n\t\t\tSeAuditPrivilege\r\n\t\t\tSeSystemEnvironmentPrivilege\r\n\t\t\tSeImpersonatePrivilege\r\n\t\t\tSeDelegateSessionUserImpersonatePrivilege","subjectdomainname":"NT AUTHORITY","subjectlogonid":"0x3e7","subjectusername":"SYSTEM","subjectusersid":"S-1-5-18","channel":"Security","computer":"WIN-V225IN3PDS4","correlation_#attributes_activityid":"0B4F78C0-19F1-0000-097B-4F0BF119D801","eventid":"4672","eventrecordid":"166","execution_#attributes_processid":"640","execution_#attributes_threadid":"696","keywords":"0x8020000000000000","level":"0","opcode":"0","provider_#attributes_guid":"54849625-5478-4994-A5BA-3E3B0328C30D","provider_#attributes_name":"Microsoft-Windows-Security-Auditing","security":"None","task":"12548","systemtime":"2022-02-04T18:03:20.092741Z","version":"0"},{"privilegelist":"SeAssignPrimaryTokenPrivilege\r\n\t\t\tSeTcbPrivilege\r\n\t\t\tSeSecurityPrivilege\r\n\t\t\tSeTakeOwnershipPrivilege\r\n\t\t\tSeLoadDriverPrivilege\r\n\t\t\tSeBackupPrivilege\r\n\t\t\tSeRestorePrivilege\r\n\t\t\tSeDebugPrivilege\r\n\t\t\tSeAuditPrivilege\r\n\t\t\tSeSystemEnvironmentPrivilege\r\n\t\t\tSeImpersonatePrivilege\r\n\t\t\tSeDelegateSessionUserImpersonatePrivilege","subjectdomainname":"NT AUTHORITY","subjectlogonid":"0x3e7","subjectusername":"SYSTEM","subjectusersid":"S-1-5-18","channel":"Security","computer":"WIN-V225IN3PDS4","correlation_#attributes_activityid":"0B4F78C0-19F1-0000-097B-4F0BF119D801","eventid":"4672","eventrecordid":"164","execution_#attributes_processid":"640","execution_#attributes_threadid":"696","keywords":"0x8020000000000000","level":"0","opcode":"0","provider_#attributes_guid":"54849625-5478-4994-A5BA-3E3B0328C30D","provider_#attributes_name":"Microsoft-Windows-Security-Auditing","security":"None","task":"12548","systemtime":"2022-02-04T18:03:19.683913Z","version":"0"},{"privilegelist":"SeAssignPrimaryTokenPrivilege\r\n\t\t\tSeTcbPrivilege\r\n\t\t\tSeSecurityPrivilege\r\n\t\t\tSeTakeOwnershipPrivilege\r\n\t\t\tSeLoadDriverPrivilege\r\n\t\t\tSeBackupPrivilege\r\n\t\t\tSeRestorePrivilege\r\n\t\t\tSeDebugPrivilege\r\n\t\t\tSeAuditPrivilege\r\n\t\t\tSeSystemEnvironmentPrivilege\r\n\t\t\tSeImpersonatePrivilege\r\n\t\t\tSeDelegateSessionUserImpersonatePrivilege","subjectdomainname":"NT AUTHORITY","subjectlogonid":"0x3e7","subjectusername":"SYSTEM","subjectusersid":"S-1-5-18","channel":"Security","computer":"DESKTOP-SSLS7P8","correlation_#attributes_activityid":"9043E91E-19F1-0000-1AEA-4390F119D801","eventid":"4672","eventrecordid":"285","execution_#attributes_processid":"640","execution_#attributes_threadid":"700","keywords":"0x8020000000000000","level":"0","opcode":"0","provider_#attributes_guid":"54849625-5478-4994-A5BA-3E3B0328C30D","provider_#attributes_name":"Microsoft-Windows-Security-Auditing","security":"None","task":"12548","systemtime":"2022-02-04T18:04:21.688073Z","version":"0"},{"privilegelist":"SeAssignPrimaryTokenPrivilege\r\n\t\t\tSeTcbPrivilege\r\n\t\t\tSeSecurityPrivilege\r\n\t\t\tSeTakeOwnershipPrivilege\r\n\t\t\tSeLoadDriverPrivilege\r\n\t\t\tSeBackupPrivilege\r\n\t\t\tSeRestorePrivilege\r\n\t\t\tSeDebugPrivilege\r\n\t\t\tSeAuditPrivilege\r\n\t\t\tSeSystemEnvironmentPrivilege\r\n\t\t\tSeImpersonatePrivilege\r\n\t\t\tSeDelegateSessionUserImpersonatePrivilege","subjectdomainname":"NT AUTHORITY","subjectlogonid":"0x3e7","subjectusername":"SYSTEM","subjectusersid":"S-1-5-18","channel":"Security","computer":"DESKTOP-SSLS7P8","correlation_#attributes_activityid":"9043E91E-19F1-0000-1AEA-4390F119D801","eventid":"4672","eventrecordid":"275","execution_#attributes_processid":"640","execution_#attributes_threadid":"700","keywords":"0x8020000000000000","level":"0","opcode":"0","provider_#attributes_guid":"54849625-5478-4994-A5BA-3E3B0328C30D","provider_#attributes_name":"Microsoft-Windows-Security-Auditing","security":"None","task":"12548","systemtime":"2022-02-04T18:04:16.787979Z","version":"0"},{"privilegelist":"SeAssignPrimaryTokenPrivilege\r\n\t\t\tSeTcbPrivilege\r\n\t\t\tSeSecurityPrivilege\r\n\t\t\tSeTakeOwnershipPrivilege\r\n\t\t\tSeLoadDriverPrivilege\r\n\t\t\tSeBackupPrivilege\r\n\t\t\tSeRestorePrivilege\r\n\t\t\tSeDebugPrivilege\r\n\t\t\tSeAuditPrivilege\r\n\t\t\tSeSystemEnvironmentPrivilege\r\n\t\t\tSeImpersonatePrivilege\r\n\t\t\tSeDelegateSessionUserImpersonatePrivilege","subjectdomainname":"NT AUTHORITY","subjectlogonid":"0x3e7","subjectusername":"SYSTEM","subjectusersid":"S-1-5-18","channel":"Security","computer":"DESKTOP-SSLS7P8","correlation_#attributes_activityid":"9043E91E-19F1-0000-1AEA-4390F119D801","eventid":"4672","eventrecordid":"273","execution_#attributes_processid":"640","execution_#attributes_threadid":"680","keywords":"0x8020000000000000","level":"0","opcode":"0","provider_#attributes_guid":"54849625-5478-4994-A5BA-3E3B0328C30D","provider_#attributes_name":"Microsoft-Windows-Security-Auditing","security":"None","task":"12548","systemtime":"2022-02-04T18:04:16.785526Z","version":"0"},{"privilegelist":"SeAssignPrimaryTokenPrivilege\r\n\t\t\tSeTcbPrivilege\r\n\t\t\tSeSecurityPrivilege\r\n\t\t\tSeTakeOwnershipPrivilege\r\n\t\t\tSeLoadDriverPrivilege\r\n\t\t\tSeBackupPrivilege\r\n\t\t\tSeRestorePrivilege\r\n\t\t\tSeDebugPrivilege\r\n\t\t\tSeAuditPrivilege\r\n\t\t\tSeSystemEnvironmentPrivilege\r\n\t\t\tSeImpersonatePrivilege\r\n\t\t\tSeDelegateSessionUserImpersonatePrivilege","subjectdomainname":"NT AUTHORITY","subjectlogonid":"0x3e7","subjectusername":"SYSTEM","subjectusersid":"S-1-5-18","channel":"Security","computer":"DESKTOP-SSLS7P8","correlation_#attributes_activityid":"9043E91E-19F1-0000-1AEA-4390F119D801","eventid":"4672","eventrecordid":"271","execution_#attributes_processid":"640","execution_#attributes_threadid":"680","keywords":"0x8020000000000000","level":"0","opcode":"0","provider_#attributes_guid":"54849625-5478-4994-A5BA-3E3B0328C30D","provider_#attributes_name":"Microsoft-Windows-Security-Auditing","security":"None","task":"12548","systemtime":"2022-02-04T18:04:16.605356Z","version":"0"},{"privilegelist":"SeAssignPrimaryTokenPrivilege\r\n\t\t\tSeTcbPrivilege\r\n\t\t\tSeSecurityPrivilege\r\n\t\t\tSeTakeOwnershipPrivilege\r\n\t\t\tSeLoadDriverPrivilege\r\n\t\t\tSeBackupPrivilege\r\n\t\t\tSeRestorePrivilege\r\n\t\t\tSeDebugPrivilege\r\n\t\t\tSeAuditPrivilege\r\n\t\t\tSeSystemEnvironmentPrivilege\r\n\t\t\tSeImpersonatePrivilege\r\n\t\t\tSeDelegateSessionUserImpersonatePrivilege","subjectdomainname":"NT AUTHORITY","subjectlogonid":"0x3e7","subjectusername":"SYSTEM","subjectusersid":"S-1-5-18","channel":"Security","computer":"DESKTOP-SSLS7P8","correlation_#attributes_activityid":"9043E91E-19F1-0000-1AEA-4390F119D801","eventid":"4672","eventrecordid":"269","execution_#attributes_processid":"640","execution_#attributes_threadid":"680","keywords":"0x8020000000000000","level":"0","opcode":"0","provider_#attributes_guid":"54849625-5478-4994-A5BA-3E3B0328C30D","provider_#attributes_name":"Microsoft-Windows-Security-Auditing","security":"None","task":"12548","systemtime":"2022-02-04T18:04:15.938268Z","version":"0"},{"privilegelist":"SeAssignPrimaryTokenPrivilege\r\n\t\t\tSeTcbPrivilege\r\n\t\t\tSeSecurityPrivilege\r\n\t\t\tSeTakeOwnershipPrivilege\r\n\t\t\tSeLoadDriverPrivilege\r\n\t\t\tSeBackupPrivilege\r\n\t\t\tSeRestorePrivilege\r\n\t\t\tSeDebugPrivilege\r\n\t\t\tSeAuditPrivilege\r\n\t\t\tSeSystemEnvironmentPrivilege\r\n\t\t\tSeImpersonatePrivilege\r\n\t\t\tSeDelegateSessionUserImpersonatePrivilege","subjectdomainname":"NT AUTHORITY","subjectlogonid":"0x3e7","subjectusername":"SYSTEM","subjectusersid":"S-1-5-18","channel":"Security","computer":"DESKTOP-SSLS7P8","correlation_#attributes_activityid":"9043E91E-19F1-0000-1AEA-4390F119D801","eventid":"4672","eventrecordid":"267","execution_#attributes_processid":"640","execution_#attributes_threadid":"680","keywords":"0x8020000000000000","level":"0","opcode":"0","provider_#attributes_guid":"54849625-5478-4994-A5BA-3E3B0328C30D","provider_#attributes_name":"Microsoft-Windows-Security-Auditing","security":"None","task":"12548","systemtime":"2022-02-04T18:04:15.937218Z","version":"0"},{"privilegelist":"SeAssignPrimaryTokenPrivilege\r\n\t\t\tSeTcbPrivilege\r\n\t\t\tSeSecurityPrivilege\r\n\t\t\tSeTakeOwnershipPrivilege\r\n\t\t\tSeLoadDriverPrivilege\r\n\t\t\tSeBackupPrivilege\r\n\t\t\tSeRestorePrivilege\r\n\t\t\tSeDebugPrivilege\r\n\t\t\tSeAuditPrivilege\r\n\t\t\tSeSystemEnvironmentPrivilege\r\n\t\t\tSeImpersonatePrivilege\r\n\t\t\tSeDelegateSessionUserImpersonatePrivilege","subjectdomainname":"NT AUTHORITY","subjectlogonid":"0x3e7","subjectusername":"SYSTEM","subjectusersid":"S-1-5-18","channel":"Security","computer":"DESKTOP-SSLS7P8","correlation_#attributes_activityid":"9043E91E-19F1-0000-1AEA-4390F119D801","eventid":"4672","eventrecordid":"265","execution_#attributes_processid":"640","execution_#attributes_threadid":"680","keywords":"0x8020000000000000","level":"0","opcode":"0","provider_#attributes_guid":"54849625-5478-4994-A5BA-3E3B0328C30D","provider_#attributes_name":"Microsoft-Windows-Security-Auditing","security":"None","task":"12548","systemtime":"2022-02-04T18:04:15.936199Z","version":"0"},{"privilegelist":"SeAssignPrimaryTokenPrivilege\r\n\t\t\tSeTcbPrivilege\r\n\t\t\tSeSecurityPrivilege\r\n\t\t\tSeTakeOwnershipPrivilege\r\n\t\t\tSeLoadDriverPrivilege\r\n\t\t\tSeBackupPrivilege\r\n\t\t\tSeRestorePrivilege\r\n\t\t\tSeDebugPrivilege\r\n\t\t\tSeAuditPrivilege\r\n\t\t\tSeSystemEnvironmentPrivilege\r\n\t\t\tSeImpersonatePrivilege\r\n\t\t\tSeDelegateSessionUserImpersonatePrivilege","subjectdomainname":"NT AUTHORITY","subjectlogonid":"0x3e7","subjectusername":"SYSTEM","subjectusersid":"S-1-5-18","channel":"Security","computer":"DESKTOP-SSLS7P8","correlation_#attributes_activityid":"9043E91E-19F1-0000-1AEA-4390F119D801","eventid":"4672","eventrecordid":"263","execution_#attributes_processid":"640","execution_#attributes_threadid":"680","keywords":"0x8020000000000000","level":"0","opcode":"0","provider_#attributes_guid":"54849625-5478-4994-A5BA-3E3B0328C30D","provider_#attributes_name":"Microsoft-Windows-Security-Auditing","security":"None","task":"12548","systemtime":"2022-02-04T18:04:15.931209Z","version":"0"},{"privilegelist":"SeAssignPrimaryTokenPrivilege\r\n\t\t\tSeTcbPrivilege\r\n\t\t\tSeSecurityPrivilege\r\n\t\t\tSeTakeOwnershipPrivilege\r\n\t\t\tSeLoadDriverPrivilege\r\n\t\t\tSeBackupPrivilege\r\n\t\t\tSeRestorePrivilege\r\n\t\t\tSeDebugPrivilege\r\n\t\t\tSeAuditPrivilege\r\n\t\t\tSeSystemEnvironmentPrivilege\r\n\t\t\tSeImpersonatePrivilege\r\n\t\t\tSeDelegateSessionUserImpersonatePrivilege","subjectdomainname":"NT AUTHORITY","subjectlogonid":"0x3e7","subjectusername":"SYSTEM","subjectusersid":"S-1-5-18","channel":"Security","computer":"DESKTOP-SSLS7P8","correlation_#attributes_activityid":"9043E91E-19F1-0000-1AEA-4390F119D801","eventid":"4672","eventrecordid":"261","execution_#attributes_processid":"640","execution_#attributes_threadid":"680","keywords":"0x8020000000000000","level":"0","opcode":"0","provider_#attributes_guid":"54849625-5478-4994-A5BA-3E3B0328C30D","provider_#attributes_name":"Microsoft-Windows-Security-Auditing","security":"None","task":"12548","systemtime":"2022-02-04T18:04:15.921430Z","version":"0"},{"privilegelist":"SeAssignPrimaryTokenPrivilege\r\n\t\t\tSeTcbPrivilege\r\n\t\t\tSeSecurityPrivilege\r\n\t\t\tSeTakeOwnershipPrivilege\r\n\t\t\tSeLoadDriverPrivilege\r\n\t\t\tSeBackupPrivilege\r\n\t\t\tSeRestorePrivilege\r\n\t\t\tSeDebugPrivilege\r\n\t\t\tSeAuditPrivilege\r\n\t\t\tSeSystemEnvironmentPrivilege\r\n\t\t\tSeImpersonatePrivilege\r\n\t\t\tSeDelegateSessionUserImpersonatePrivilege","subjectdomainname":"NT AUTHORITY","subjectlogonid":"0x3e7","subjectusername":"SYSTEM","subjectusersid":"S-1-5-18","channel":"Security","computer":"DESKTOP-SSLS7P8","correlation_#attributes_activityid":"9043E91E-19F1-0000-1AEA-4390F119D801","eventid":"4672","eventrecordid":"251","execution_#attributes_processid":"640","execution_#attributes_threadid":"696","keywords":"0x8020000000000000","level":"0","opcode":"0","provider_#attributes_guid":"54849625-5478-4994-A5BA-3E3B0328C30D","provider_#attributes_name":"Microsoft-Windows-Security-Auditing","security":"None","task":"12548","systemtime":"2022-02-04T18:04:14.409551Z","version":"0"},{"privilegelist":"SeAssignPrimaryTokenPrivilege\r\n\t\t\tSeTcbPrivilege\r\n\t\t\tSeSecurityPrivilege\r\n\t\t\tSeTakeOwnershipPrivilege\r\n\t\t\tSeLoadDriverPrivilege\r\n\t\t\tSeBackupPrivilege\r\n\t\t\tSeRestorePrivilege\r\n\t\t\tSeDebugPrivilege\r\n\t\t\tSeAuditPrivilege\r\n\t\t\tSeSystemEnvironmentPrivilege\r\n\t\t\tSeImpersonatePrivilege\r\n\t\t\tSeDelegateSessionUserImpersonatePrivilege","subjectdomainname":"NT AUTHORITY","subjectlogonid":"0x3e7","subjectusername":"SYSTEM","subjectusersid":"S-1-5-18","channel":"Security","computer":"DESKTOP-SSLS7P8","correlation_#attributes_activityid":"9043E91E-19F1-0000-1AEA-4390F119D801","eventid":"4672","eventrecordid":"249","execution_#attributes_processid":"640","execution_#attributes_threadid":"680","keywords":"0x8020000000000000","level":"0","opcode":"0","provider_#attributes_guid":"54849625-5478-4994-A5BA-3E3B0328C30D","provider_#attributes_name":"Microsoft-Windows-Security-Auditing","security":"None","task":"12548","systemtime":"2022-02-04T18:04:14.214961Z","version":"0"},{"privilegelist":"SeAssignPrimaryTokenPrivilege\r\n\t\t\tSeTcbPrivilege\r\n\t\t\tSeSecurityPrivilege\r\n\t\t\tSeTakeOwnershipPrivilege\r\n\t\t\tSeLoadDriverPrivilege\r\n\t\t\tSeBackupPrivilege\r\n\t\t\tSeRestorePrivilege\r\n\t\t\tSeDebugPrivilege\r\n\t\t\tSeAuditPrivilege\r\n\t\t\tSeSystemEnvironmentPrivilege\r\n\t\t\tSeImpersonatePrivilege\r\n\t\t\tSeDelegateSessionUserImpersonatePrivilege","subjectdomainname":"NT AUTHORITY","subjectlogonid":"0x3e7","subjectusername":"SYSTEM","subjectusersid":"S-1-5-18","channel":"Security","computer":"DESKTOP-SSLS7P8","correlation_#attributes_activityid":"9043E91E-19F1-0000-1AEA-4390F119D801","eventid":"4672","eventrecordid":"247","execution_#attributes_processid":"640","execution_#attributes_threadid":"696","keywords":"0x8020000000000000","level":"0","opcode":"0","provider_#attributes_guid":"54849625-5478-4994-A5BA-3E3B0328C30D","provider_#attributes_name":"Microsoft-Windows-Security-Auditing","security":"None","task":"12548","systemtime":"2022-02-04T18:04:13.586678Z","version":"0"},{"privilegelist":"SeAssignPrimaryTokenPrivilege\r\n\t\t\tSeTcbPrivilege\r\n\t\t\tSeSecurityPrivilege\r\n\t\t\tSeTakeOwnershipPrivilege\r\n\t\t\tSeLoadDriverPrivilege\r\n\t\t\tSeBackupPrivilege\r\n\t\t\tSeRestorePrivilege\r\n\t\t\tSeDebugPrivilege\r\n\t\t\tSeAuditPrivilege\r\n\t\t\tSeSystemEnvironmentPrivilege\r\n\t\t\tSeImpersonatePrivilege\r\n\t\t\tSeDelegateSessionUserImpersonatePrivilege","subjectdomainname":"NT AUTHORITY","subjectlogonid":"0x3e7","subjectusername":"SYSTEM","subjectusersid":"S-1-5-18","channel":"Security","computer":"DESKTOP-SSLS7P8","correlation_#attributes_activityid":"9043E91E-19F1-0000-1AEA-4390F119D801","eventid":"4672","eventrecordid":"245","execution_#attributes_processid":"640","execution_#attributes_threadid":"700","keywords":"0x8020000000000000","level":"0","opcode":"0","provider_#attributes_guid":"54849625-5478-4994-A5BA-3E3B0328C30D","provider_#attributes_name":"Microsoft-Windows-Security-Auditing","security":"None","task":"12548","systemtime":"2022-02-04T18:04:13.072157Z","version":"0"},{"privilegelist":"SeSecurityPrivilege\r\n\t\t\tSeTakeOwnershipPrivilege\r\n\t\t\tSeLoadDriverPrivilege\r\n\t\t\tSeBackupPrivilege\r\n\t\t\tSeRestorePrivilege\r\n\t\t\tSeDebugPrivilege\r\n\t\t\tSeSystemEnvironmentPrivilege\r\n\t\t\tSeImpersonatePrivilege\r\n\t\t\tSeDelegateSessionUserImpersonatePrivilege","subjectdomainname":"DESKTOP-SSLS7P8","subjectlogonid":"0x20379","subjectusername":"defaultuser0","subjectusersid":"S-1-5-21-579902187-2111267414-338501868-1000","channel":"Security","computer":"DESKTOP-SSLS7P8","correlation_#attributes_activityid":"9043E91E-19F1-0000-1AEA-4390F119D801","eventid":"4672","eventrecordid":"243","execution_#attributes_processid":"640","execution_#attributes_threadid":"700","keywords":"0x8020000000000000","level":"0","opcode":"0","provider_#attributes_guid":"54849625-5478-4994-A5BA-3E3B0328C30D","provider_#attributes_name":"Microsoft-Windows-Security-Auditing","security":"None","task":"12548","systemtime":"2022-02-04T18:04:12.099591Z","version":"0"},{"privilegelist":"SeSecurityPrivilege\r\n\t\t\tSeTakeOwnershipPrivilege\r\n\t\t\tSeLoadDriverPrivilege\r\n\t\t\tSeBackupPrivilege\r\n\t\t\tSeRestorePrivilege\r\n\t\t\tSeDebugPrivilege\r\n\t\t\tSeSystemEnvironmentPrivilege\r\n\t\t\tSeImpersonatePrivilege\r\n\t\t\tSeDelegateSessionUserImpersonatePrivilege","subjectdomainname":"DESKTOP-SSLS7P8","subjectlogonid":"0x46f17","subjectusername":"defaultuser0","subjectusersid":"S-1-5-21-579902187-2111267414-338501868-1000","channel":"Security","computer":"DESKTOP-SSLS7P8","correlation_#attributes_activityid":"9043E91E-19F1-0000-1AEA-4390F119D801","eventid":"4672","eventrecordid":"389","execution_#attributes_processid":"640","execution_#attributes_threadid":"696","keywords":"0x8020000000000000","level":"0","opcode":"0","provider_#attributes_guid":"54849625-5478-4994-A5BA-3E3B0328C30D","provider_#attributes_name":"Microsoft-Windows-Security-Auditing","security":"None","task":"12548","systemtime":"2022-02-04T02:04:49.282883Z","version":"0"},{"privilegelist":"SeAssignPrimaryTokenPrivilege\r\n\t\t\tSeTcbPrivilege\r\n\t\t\tSeSecurityPrivilege\r\n\t\t\tSeTakeOwnershipPrivilege\r\n\t\t\tSeLoadDriverPrivilege\r\n\t\t\tSeBackupPrivilege\r\n\t\t\tSeRestorePrivilege\r\n\t\t\tSeDebugPrivilege\r\n\t\t\tSeAuditPrivilege\r\n\t\t\tSeSystemEnvironmentPrivilege\r\n\t\t\tSeImpersonatePrivilege\r\n\t\t\tSeDelegateSessionUserImpersonatePrivilege","subjectdomainname":"NT AUTHORITY","subjectlogonid":"0x3e7","subjectusername":"SYSTEM","subjectusersid":"S-1-5-18","channel":"Security","computer":"DESKTOP-SSLS7P8","correlation_#attributes_activityid":"9043E91E-19F1-0000-1AEA-4390F119D801","eventid":"4672","eventrecordid":"372","execution_#attributes_processid":"640","execution_#attributes_threadid":"696","keywords":"0x8020000000000000","level":"0","opcode":"0","provider_#attributes_guid":"54849625-5478-4994-A5BA-3E3B0328C30D","provider_#attributes_name":"Microsoft-Windows-Security-Auditing","security":"None","task":"12548","systemtime":"2022-02-04T02:04:38.864673Z","version":"0"},{"privilegelist":"SeAssignPrimaryTokenPrivilege\r\n\t\t\tSeTcbPrivilege\r\n\t\t\tSeSecurityPrivilege\r\n\t\t\tSeTakeOwnershipPrivilege\r\n\t\t\tSeLoadDriverPrivilege\r\n\t\t\tSeBackupPrivilege\r\n\t\t\tSeRestorePrivilege\r\n\t\t\tSeDebugPrivilege\r\n\t\t\tSeAuditPrivilege\r\n\t\t\tSeSystemEnvironmentPrivilege\r\n\t\t\tSeImpersonatePrivilege\r\n\t\t\tSeDelegateSessionUserImpersonatePrivilege","subjectdomainname":"NT AUTHORITY","subjectlogonid":"0x3e7","subjectusername":"SYSTEM","subjectusersid":"S-1-5-18","channel":"Security","computer":"DESKTOP-SSLS7P8","correlation_#attributes_activityid":"9043E91E-19F1-0000-1AEA-4390F119D801","eventid":"4672","eventrecordid":"370","execution_#attributes_processid":"640","execution_#attributes_threadid":"696","keywords":"0x8020000000000000","level":"0","opcode":"0","provider_#attributes_guid":"54849625-5478-4994-A5BA-3E3B0328C30D","provider_#attributes_name":"Microsoft-Windows-Security-Auditing","security":"None","task":"12548","systemtime":"2022-02-04T02:04:38.862310Z","version":"0"},{"privilegelist":"SeAssignPrimaryTokenPrivilege\r\n\t\t\tSeTcbPrivilege\r\n\t\t\tSeSecurityPrivilege\r\n\t\t\tSeTakeOwnershipPrivilege\r\n\t\t\tSeLoadDriverPrivilege\r\n\t\t\tSeBackupPrivilege\r\n\t\t\tSeRestorePrivilege\r\n\t\t\tSeDebugPrivilege\r\n\t\t\tSeAuditPrivilege\r\n\t\t\tSeSystemEnvironmentPrivilege\r\n\t\t\tSeImpersonatePrivilege\r\n\t\t\tSeDelegateSessionUserImpersonatePrivilege","subjectdomainname":"NT AUTHORITY","subjectlogonid":"0x3e7","subjectusername":"SYSTEM","subjectusersid":"S-1-5-18","channel":"Security","computer":"DESKTOP-SSLS7P8","correlation_#attributes_activityid":"9043E91E-19F1-0000-1AEA-4390F119D801","eventid":"4672","eventrecordid":"357","execution_#attributes_processid":"640","execution_#attributes_threadid":"700","keywords":"0x8020000000000000","level":"0","opcode":"0","provider_#attributes_guid":"54849625-5478-4994-A5BA-3E3B0328C30D","provider_#attributes_name":"Microsoft-Windows-Security-Auditing","security":"None","task":"12548","systemtime":"2022-02-04T18:04:24.683443Z","version":"0"},{"privilegelist":"SeAssignPrimaryTokenPrivilege\r\n\t\t\tSeTcbPrivilege\r\n\t\t\tSeSecurityPrivilege\r\n\t\t\tSeTakeOwnershipPrivilege\r\n\t\t\tSeLoadDriverPrivilege\r\n\t\t\tSeBackupPrivilege\r\n\t\t\tSeRestorePrivilege\r\n\t\t\tSeDebugPrivilege\r\n\t\t\tSeAuditPrivilege\r\n\t\t\tSeSystemEnvironmentPrivilege\r\n\t\t\tSeImpersonatePrivilege\r\n\t\t\tSeDelegateSessionUserImpersonatePrivilege","subjectdomainname":"NT AUTHORITY","subjectlogonid":"0x3e7","subjectusername":"SYSTEM","subjectusersid":"S-1-5-18","channel":"Security","computer":"DESKTOP-SSLS7P8","correlation_#attributes_activityid":"9043E91E-19F1-0000-1AEA-4390F119D801","eventid":"4672","eventrecordid":"355","execution_#attributes_processid":"640","execution_#attributes_threadid":"700","keywords":"0x8020000000000000","level":"0","opcode":"0","provider_#attributes_guid":"54849625-5478-4994-A5BA-3E3B0328C30D","provider_#attributes_name":"Microsoft-Windows-Security-Auditing","security":"None","task":"12548","systemtime":"2022-02-04T18:04:23.878962Z","version":"0"},{"privilegelist":"SeAssignPrimaryTokenPrivilege\r\n\t\t\tSeTcbPrivilege\r\n\t\t\tSeSecurityPrivilege\r\n\t\t\tSeTakeOwnershipPrivilege\r\n\t\t\tSeLoadDriverPrivilege\r\n\t\t\tSeBackupPrivilege\r\n\t\t\tSeRestorePrivilege\r\n\t\t\tSeDebugPrivilege\r\n\t\t\tSeAuditPrivilege\r\n\t\t\tSeSystemEnvironmentPrivilege\r\n\t\t\tSeImpersonatePrivilege\r\n\t\t\tSeDelegateSessionUserImpersonatePrivilege","subjectdomainname":"NT AUTHORITY","subjectlogonid":"0x3e7","subjectusername":"SYSTEM","subjectusersid":"S-1-5-18","channel":"Security","computer":"DESKTOP-SSLS7P8","correlation_#attributes_activityid":"9043E91E-19F1-0000-1AEA-4390F119D801","eventid":"4672","eventrecordid":"492","execution_#attributes_processid":"640","execution_#attributes_threadid":"6116","keywords":"0x8020000000000000","level":"0","opcode":"0","provider_#attributes_guid":"54849625-5478-4994-A5BA-3E3B0328C30D","provider_#attributes_name":"Microsoft-Windows-Security-Auditing","security":"None","task":"12548","systemtime":"2022-02-04T02:15:34.863097Z","version":"0"},{"privilegelist":"SeAssignPrimaryTokenPrivilege\r\n\t\t\tSeTcbPrivilege\r\n\t\t\tSeSecurityPrivilege\r\n\t\t\tSeTakeOwnershipPrivilege\r\n\t\t\tSeLoadDriverPrivilege\r\n\t\t\tSeBackupPrivilege\r\n\t\t\tSeRestorePrivilege\r\n\t\t\tSeDebugPrivilege\r\n\t\t\tSeAuditPrivilege\r\n\t\t\tSeSystemEnvironmentPrivilege\r\n\t\t\tSeImpersonatePrivilege\r\n\t\t\tSeDelegateSessionUserImpersonatePrivilege","subjectdomainname":"NT AUTHORITY","subjectlogonid":"0x3e7","subjectusername":"SYSTEM","subjectusersid":"S-1-5-18","channel":"Security","computer":"DESKTOP-SSLS7P8","correlation_#attributes_activityid":"9043E91E-19F1-0000-1AEA-4390F119D801","eventid":"4672","eventrecordid":"490","execution_#attributes_processid":"640","execution_#attributes_threadid":"1544","keywords":"0x8020000000000000","level":"0","opcode":"0","provider_#attributes_guid":"54849625-5478-4994-A5BA-3E3B0328C30D","provider_#attributes_name":"Microsoft-Windows-Security-Auditing","security":"None","task":"12548","systemtime":"2022-02-04T02:06:19.774951Z","version":"0"},{"privilegelist":"SeAssignPrimaryTokenPrivilege\r\n\t\t\tSeTcbPrivilege\r\n\t\t\tSeSecurityPrivilege\r\n\t\t\tSeTakeOwnershipPrivilege\r\n\t\t\tSeLoadDriverPrivilege\r\n\t\t\tSeBackupPrivilege\r\n\t\t\tSeRestorePrivilege\r\n\t\t\tSeDebugPrivilege\r\n\t\t\tSeAuditPrivilege\r\n\t\t\tSeSystemEnvironmentPrivilege\r\n\t\t\tSeImpersonatePrivilege\r\n\t\t\tSeDelegateSessionUserImpersonatePrivilege","subjectdomainname":"NT AUTHORITY","subjectlogonid":"0x3e7","subjectusername":"SYSTEM","subjectusersid":"S-1-5-18","channel":"Security","computer":"DESKTOP-SSLS7P8","correlation_#attributes_activityid":"9043E91E-19F1-0000-1AEA-4390F119D801","eventid":"4672","eventrecordid":"488","execution_#attributes_processid":"640","execution_#attributes_threadid":"1544","keywords":"0x8020000000000000","level":"0","opcode":"0","provider_#attributes_guid":"54849625-5478-4994-A5BA-3E3B0328C30D","provider_#attributes_name":"Microsoft-Windows-Security-Auditing","security":"None","task":"12548","systemtime":"2022-02-04T02:06:11.916433Z","version":"0"},{"privilegelist":"SeAssignPrimaryTokenPrivilege\r\n\t\t\tSeTcbPrivilege\r\n\t\t\tSeSecurityPrivilege\r\n\t\t\tSeTakeOwnershipPrivilege\r\n\t\t\tSeLoadDriverPrivilege\r\n\t\t\tSeBackupPrivilege\r\n\t\t\tSeRestorePrivilege\r\n\t\t\tSeDebugPrivilege\r\n\t\t\tSeAuditPrivilege\r\n\t\t\tSeSystemEnvironmentPrivilege\r\n\t\t\tSeImpersonatePrivilege\r\n\t\t\tSeDelegateSessionUserImpersonatePrivilege","subjectdomainname":"NT AUTHORITY","subjectlogonid":"0x3e7","subjectusername":"SYSTEM","subjectusersid":"S-1-5-18","channel":"Security","computer":"DESKTOP-SSLS7P8","correlation_#attributes_activityid":"9043E91E-19F1-0000-1AEA-4390F119D801","eventid":"4672","eventrecordid":"483","execution_#attributes_processid":"640","execution_#attributes_threadid":"1544","keywords":"0x8020000000000000","level":"0","opcode":"0","provider_#attributes_guid":"54849625-5478-4994-A5BA-3E3B0328C30D","provider_#attributes_name":"Microsoft-Windows-Security-Auditing","security":"None","task":"12548","systemtime":"2022-02-04T02:05:51.588076Z","version":"0"},{"privilegelist":"SeAssignPrimaryTokenPrivilege\r\n\t\t\tSeTcbPrivilege\r\n\t\t\tSeSecurityPrivilege\r\n\t\t\tSeTakeOwnershipPrivilege\r\n\t\t\tSeLoadDriverPrivilege\r\n\t\t\tSeBackupPrivilege\r\n\t\t\tSeRestorePrivilege\r\n\t\t\tSeDebugPrivilege\r\n\t\t\tSeAuditPrivilege\r\n\t\t\tSeSystemEnvironmentPrivilege\r\n\t\t\tSeImpersonatePrivilege\r\n\t\t\tSeDelegateSessionUserImpersonatePrivilege","subjectdomainname":"NT AUTHORITY","subjectlogonid":"0x3e7","subjectusername":"SYSTEM","subjectusersid":"S-1-5-18","channel":"Security","computer":"DESKTOP-SSLS7P8","correlation_#attributes_activityid":"9043E91E-19F1-0000-1AEA-4390F119D801","eventid":"4672","eventrecordid":"481","execution_#attributes_processid":"640","execution_#attributes_threadid":"696","keywords":"0x8020000000000000","level":"0","opcode":"0","provider_#attributes_guid":"54849625-5478-4994-A5BA-3E3B0328C30D","provider_#attributes_name":"Microsoft-Windows-Security-Auditing","security":"None","task":"12548","systemtime":"2022-02-04T02:05:23.934183Z","version":"0"},