{"EvidenceMarking":" DESKTOP-SSLS7P8","MFT":[],"J":[],"SDS":[],"SAM":[],"SYSTEM":[],"EVTX":[{"privilegelist":"SeAssignPrimaryTokenPrivilege\r\n\t\t\tSeAuditPrivilege\r\n\t\t\tSeImpersonatePrivilege","subjectdomainname":"NT AUTHORITY","subjectlogonid":"0x3e5","subjectusername":"LOCAL SERVICE","subjectusersid":"S-1-5-19","channel":"Security","computer":"WIN-V225IN3PDS4","correlation_#attributes_activityid":"0B4F78C0-19F1-0000-097B-4F0BF119D801","eventid":"4672","eventrecordid":"67","execution_#attributes_processid":"640","execution_#attributes_threadid":"744","keywords":"0x8020000000000000","level":"0","opcode":"0","provider_#attributes_guid":"54849625-5478-4994-A5BA-3E3B0328C30D","provider_#attributes_name":"Microsoft-Windows-Security-Auditing","security":"None","task":"12548","systemtime":"2022-02-04T18:00:22.211612Z","version":"0"},{"privilegelist":"SeAssignPrimaryTokenPrivilege\r\n\t\t\tSeTcbPrivilege\r\n\t\t\tSeSecurityPrivilege\r\n\t\t\tSeTakeOwnershipPrivilege\r\n\t\t\tSeLoadDriverPrivilege\r\n\t\t\tSeBackupPrivilege\r\n\t\t\tSeRestorePrivilege\r\n\t\t\tSeDebugPrivilege\r\n\t\t\tSeAuditPrivilege\r\n\t\t\tSeSystemEnvironmentPrivilege\r\n\t\t\tSeImpersonatePrivilege\r\n\t\t\tSeDelegateSessionUserImpersonatePrivilege","subjectdomainname":"NT AUTHORITY","subjectlogonid":"0x3e7","subjectusername":"SYSTEM","subjectusersid":"S-1-5-18","channel":"Security","computer":"WIN-V225IN3PDS4","correlation_#attributes_activityid":"0B4F78C0-19F1-0000-097B-4F0BF119D801","eventid":"4672","eventrecordid":"65","execution_#attributes_processid":"640","execution_#attributes_threadid":"744","keywords":"0x8020000000000000","level":"0","opcode":"0","provider_#attributes_guid":"54849625-5478-4994-A5BA-3E3B0328C30D","provider_#attributes_name":"Microsoft-Windows-Security-Auditing","security":"None","task":"12548","systemtime":"2022-02-04T18:00:21.619596Z","version":"0"},{"privilegelist":"SeAssignPrimaryTokenPrivilege\r\n\t\t\tSeTcbPrivilege\r\n\t\t\tSeSecurityPrivilege\r\n\t\t\tSeTakeOwnershipPrivilege\r\n\t\t\tSeLoadDriverPrivilege\r\n\t\t\tSeBackupPrivilege\r\n\t\t\tSeRestorePrivilege\r\n\t\t\tSeDebugPrivilege\r\n\t\t\tSeAuditPrivilege\r\n\t\t\tSeSystemEnvironmentPrivilege\r\n\t\t\tSeImpersonatePrivilege\r\n\t\t\tSeDelegateSessionUserImpersonatePrivilege","subjectdomainname":"NT AUTHORITY","subjectlogonid":"0x3e7","subjectusername":"SYSTEM","subjectusersid":"S-1-5-18","channel":"Security","computer":"WIN-V225IN3PDS4","correlation_#attributes_activityid":"0B4F78C0-19F1-0000-097B-4F0BF119D801","eventid":"4672","eventrecordid":"63","execution_#attributes_processid":"640","execution_#attributes_threadid":"744","keywords":"0x8020000000000000","level":"0","opcode":"0","provider_#attributes_guid":"54849625-5478-4994-A5BA-3E3B0328C30D","provider_#attributes_name":"Microsoft-Windows-Security-Auditing","security":"None","task":"12548","systemtime":"2022-02-04T18:00:21.504490Z","version":"0"},{"privilegelist":"SeAssignPrimaryTokenPrivilege\r\n\t\t\tSeAuditPrivilege","subjectdomainname":"Window Manager","subjectlogonid":"0x10842","subjectusername":"DWM-1","subjectusersid":"S-1-5-90-0-1","channel":"Security","computer":"WIN-V225IN3PDS4","correlation_#attributes_activityid":"0B4F78C0-19F1-0000-097B-4F0BF119D801","eventid":"4672","eventrecordid":"61","execution_#attributes_processid":"640","execution_#attributes_threadid":"744","keywords":"0x8020000000000000","level":"0","opcode":"0","provider_#attributes_guid":"54849625-5478-4994-A5BA-3E3B0328C30D","provider_#attributes_name":"Microsoft-Windows-Security-Auditing","security":"None","task":"12548","systemtime":"2022-02-04T18:00:20.776015Z","version":"0"},{"privilegelist":"SeAssignPrimaryTokenPrivilege\r\n\t\t\tSeAuditPrivilege\r\n\t\t\tSeImpersonatePrivilege","subjectdomainname":"Window Manager","subjectlogonid":"0x1082f","subjectusername":"DWM-1","subjectusersid":"S-1-5-90-0-1","channel":"Security","computer":"WIN-V225IN3PDS4","correlation_#attributes_activityid":"0B4F78C0-19F1-0000-097B-4F0BF119D801","eventid":"4672","eventrecordid":"60","execution_#attributes_processid":"640","execution_#attributes_threadid":"744","keywords":"0x8020000000000000","level":"0","opcode":"0","provider_#attributes_guid":"54849625-5478-4994-A5BA-3E3B0328C30D","provider_#attributes_name":"Microsoft-Windows-Security-Auditing","security":"None","task":"12548","systemtime":"2022-02-04T18:00:20.776012Z","version":"0"},{"privilegelist":"SeAssignPrimaryTokenPrivilege\r\n\t\t\tSeTcbPrivilege\r\n\t\t\tSeSecurityPrivilege\r\n\t\t\tSeTakeOwnershipPrivilege\r\n\t\t\tSeLoadDriverPrivilege\r\n\t\t\tSeBackupPrivilege\r\n\t\t\tSeRestorePrivilege\r\n\t\t\tSeDebugPrivilege\r\n\t\t\tSeAuditPrivilege\r\n\t\t\tSeSystemEnvironmentPrivilege\r\n\t\t\tSeImpersonatePrivilege\r\n\t\t\tSeDelegateSessionUserImpersonatePrivilege","subjectdomainname":"NT AUTHORITY","subjectlogonid":"0x3e7","subjectusername":"SYSTEM","subjectusersid":"S-1-5-18","channel":"Security","computer":"WIN-V225IN3PDS4","correlation_#attributes_activityid":"0B4F78C0-19F1-0000-097B-4F0BF119D801","eventid":"4672","eventrecordid":"56","execution_#attributes_processid":"640","execution_#attributes_threadid":"736","keywords":"0x8020000000000000","level":"0","opcode":"0","provider_#attributes_guid":"54849625-5478-4994-A5BA-3E3B0328C30D","provider_#attributes_name":"Microsoft-Windows-Security-Auditing","security":"None","task":"12548","systemtime":"2022-02-04T18:00:19.221159Z","version":"0"},{"privilegelist":"SeAssignPrimaryTokenPrivilege\r\n\t\t\tSeAuditPrivilege\r\n\t\t\tSeImpersonatePrivilege","subjectdomainname":"NT AUTHORITY","subjectlogonid":"0x3e4","subjectusername":"NETWORK SERVICE","subjectusersid":"S-1-5-20","channel":"Security","computer":"WIN-V225IN3PDS4","correlation_#attributes_activityid":"0B4F78C0-19F1-0000-097B-4F0BF119D801","eventid":"4672","eventrecordid":"54","execution_#attributes_processid":"640","execution_#attributes_threadid":"680","keywords":"0x8020000000000000","level":"0","opcode":"0","provider_#attributes_guid":"54849625-5478-4994-A5BA-3E3B0328C30D","provider_#attributes_name":"Microsoft-Windows-Security-Auditing","security":"None","task":"12548","systemtime":"2022-02-04T18:00:18.205675Z","version":"0"},{"privilegelist":"SeAssignPrimaryTokenPrivilege\r\n\t\t\tSeTcbPrivilege\r\n\t\t\tSeSecurityPrivilege\r\n\t\t\tSeTakeOwnershipPrivilege\r\n\t\t\tSeLoadDriverPrivilege\r\n\t\t\tSeBackupPrivilege\r\n\t\t\tSeRestorePrivilege\r\n\t\t\tSeDebugPrivilege\r\n\t\t\tSeAuditPrivilege\r\n\t\t\tSeSystemEnvironmentPrivilege\r\n\t\t\tSeImpersonatePrivilege\r\n\t\t\tSeDelegateSessionUserImpersonatePrivilege","subjectdomainname":"NT AUTHORITY","subjectlogonid":"0x3e7","subjectusername":"SYSTEM","subjectusersid":"S-1-5-18","channel":"Security","computer":"WIN-V225IN3PDS4","correlation_#attributes_activityid":"0B4F78C0-19F1-0000-097B-4F0BF119D801","eventid":"4672","eventrecordid":"48","execution_#attributes_processid":"640","execution_#attributes_threadid":"700","keywords":"0x8020000000000000","level":"0","opcode":"0","provider_#attributes_guid":"54849625-5478-4994-A5BA-3E3B0328C30D","provider_#attributes_name":"Microsoft-Windows-Security-Auditing","security":"None","task":"12548","systemtime":"2022-02-04T18:00:17.021535Z","version":"0"},{"mandatorylabel":"S-1-16-16384","newprocessid":"0x280","newprocessname":"C:\\Windows\\System32\\lsass.exe","parentprocessname":"C:\\Windows\\System32\\wininit.exe","processid":"0x220","subjectlogonid":"0x3e7","subjectusersid":"S-1-5-18","targetlogonid":"0x0","targetusersid":"S-1-0-0","tokenelevationtype":"%%1936","channel":"Security","computer":"WIN-V225IN3PDS4","correlation":"None","eventid":"4688","eventrecordid":"14","execution_#attributes_processid":"4","execution_#attributes_threadid":"208","keywords":"0x8020000000000000","level":"0","opcode":"0","provider_#attributes_guid":"54849625-5478-4994-A5BA-3E3B0328C30D","provider_#attributes_name":"Microsoft-Windows-Security-Auditing","security":"None","task":"13312","systemtime":"2022-02-04T18:00:15.348588Z","version":"2"},{"mandatorylabel":"S-1-16-16384","newprocessid":"0x274","newprocessname":"C:\\Windows\\System32\\services.exe","parentprocessname":"C:\\Windows\\System32\\wininit.exe","processid":"0x220","subjectlogonid":"0x3e7","subjectusersid":"S-1-5-18","targetlogonid":"0x0","targetusersid":"S-1-0-0","tokenelevationtype":"%%1936","channel":"Security","computer":"WIN-V225IN3PDS4","correlation":"None","eventid":"4688","eventrecordid":"13","execution_#attributes_processid":"4","execution_#attributes_threadid":"208","keywords":"0x8020000000000000","level":"0","opcode":"0","provider_#attributes_guid":"54849625-5478-4994-A5BA-3E3B0328C30D","provider_#attributes_name":"Microsoft-Windows-Security-Auditing","security":"None","task":"13312","systemtime":"2022-02-04T18:00:15.072405Z","version":"2"},{"mandatorylabel":"S-1-16-16384","newprocessid":"0x228","newprocessname":"C:\\Windows\\System32\\winlogon.exe","parentprocessname":"C:\\Windows\\System32\\smss.exe","processid":"0x1ec","subjectlogonid":"0x3e7","subjectusersid":"S-1-5-18","targetlogonid":"0x0","targetusersid":"S-1-0-0","tokenelevationtype":"%%1936","channel":"Security","computer":"WIN-V225IN3PDS4","correlation":"None","eventid":"4688","eventrecordid":"12","execution_#attributes_processid":"4","execution_#attributes_threadid":"304","keywords":"0x8020000000000000","level":"0","opcode":"0","provider_#attributes_guid":"54849625-5478-4994-A5BA-3E3B0328C30D","provider_#attributes_name":"Microsoft-Windows-Security-Auditing","security":"None","task":"13312","systemtime":"2022-02-04T18:00:14.689691Z","version":"2"},{"mandatorylabel":"S-1-16-16384","newprocessid":"0x220","newprocessname":"C:\\Windows\\System32\\wininit.exe","parentprocessname":"C:\\Windows\\System32\\smss.exe","processid":"0x1ac","subjectlogonid":"0x3e7","subjectusersid":"S-1-5-18","targetlogonid":"0x0","targetusersid":"S-1-0-0","tokenelevationtype":"%%1936","channel":"Security","computer":"WIN-V225IN3PDS4","correlation":"None","eventid":"4688","eventrecordid":"11","execution_#attributes_processid":"4","execution_#attributes_threadid":"304","keywords":"0x8020000000000000","level":"0","opcode":"0","provider_#attributes_guid":"54849625-5478-4994-A5BA-3E3B0328C30D","provider_#attributes_name":"Microsoft-Windows-Security-Auditing","security":"None","task":"13312","systemtime":"2022-02-04T18:00:14.672659Z","version":"2"},{"mandatorylabel":"S-1-16-16384","newprocessid":"0x1f4","newprocessname":"C:\\Windows\\System32\\csrss.exe","parentprocessname":"C:\\Windows\\System32\\smss.exe","processid":"0x1ec","subjectlogonid":"0x3e7","subjectusersid":"S-1-5-18","targetlogonid":"0x0","targetusersid":"S-1-0-0","tokenelevationtype":"%%1936","channel":"Security","computer":"WIN-V225IN3PDS4","correlation":"None","eventid":"4688","eventrecordid":"10","execution_#attributes_processid":"4","execution_#attributes_threadid":"304","keywords":"0x8020000000000000","level":"0","opcode":"0","provider_#attributes_guid":"54849625-5478-4994-A5BA-3E3B0328C30D","provider_#attributes_name":"Microsoft-Windows-Security-Auditing","security":"None","task":"13312","systemtime":"2022-02-04T18:00:14.622432Z","version":"2"},{"mandatorylabel":"S-1-16-16384","newprocessid":"0x1ec","newprocessname":"C:\\Windows\\System32\\smss.exe","parentprocessname":"C:\\Windows\\System32\\smss.exe","processid":"0x14c","subjectlogonid":"0x3e7","subjectusersid":"S-1-5-18","targetlogonid":"0x0","targetusersid":"S-1-0-0","tokenelevationtype":"%%1936","channel":"Security","computer":"WIN-V225IN3PDS4","correlation":"None","eventid":"4688","eventrecordid":"9","execution_#attributes_processid":"4","execution_#attributes_threadid":"304","keywords":"0x8020000000000000","level":"0","opcode":"0","provider_#attributes_guid":"54849625-5478-4994-A5BA-3E3B0328C30D","provider_#attributes_name":"Microsoft-Windows-Security-Auditing","security":"None","task":"13312","systemtime":"2022-02-04T18:00:14.617364Z","version":"2"},{"mandatorylabel":"S-1-16-16384","newprocessid":"0x1b4","newprocessname":"C:\\Windows\\System32\\csrss.exe","parentprocessname":"C:\\Windows\\System32\\smss.exe","processid":"0x1ac","subjectlogonid":"0x3e7","subjectusersid":"S-1-5-18","targetlogonid":"0x0","targetusersid":"S-1-0-0","tokenelevationtype":"%%1936","channel":"Security","computer":"WIN-V225IN3PDS4","correlation":"None","eventid":"4688","eventrecordid":"8","execution_#attributes_processid":"4","execution_#attributes_threadid":"92","keywords":"0x8020000000000000","level":"0","opcode":"0","provider_#attributes_guid":"54849625-5478-4994-A5BA-3E3B0328C30D","provider_#attributes_name":"Microsoft-Windows-Security-Auditing","security":"None","task":"13312","systemtime":"2022-02-04T18:00:14.134005Z","version":"2"},{"mandatorylabel":"S-1-16-16384","newprocessid":"0x1ac","newprocessname":"C:\\Windows\\System32\\smss.exe","parentprocessname":"C:\\Windows\\System32\\smss.exe","processid":"0x14c","subjectlogonid":"0x3e7","subjectusersid":"S-1-5-18","targetlogonid":"0x0","targetusersid":"S-1-0-0","tokenelevationtype":"%%1936","channel":"Security","computer":"WIN-V225IN3PDS4","correlation":"None","eventid":"4688","eventrecordid":"7","execution_#attributes_processid":"4","execution_#attributes_threadid":"92","keywords":"0x8020000000000000","level":"0","opcode":"0","provider_#attributes_guid":"54849625-5478-4994-A5BA-3E3B0328C30D","provider_#attributes_name":"Microsoft-Windows-Security-Auditing","security":"None","task":"13312","systemtime":"2022-02-04T18:00:13.966671Z","version":"2"},{"mandatorylabel":"S-1-16-16384","newprocessid":"0x198","newprocessname":"C:\\Windows\\System32\\setupcl.exe","parentprocessname":"C:\\Windows\\System32\\smss.exe","processid":"0x14c","subjectlogonid":"0x3e7","subjectusersid":"S-1-5-18","targetlogonid":"0x0","targetusersid":"S-1-0-0","tokenelevationtype":"%%1936","channel":"Security","computer":"WIN-V225IN3PDS4","correlation":"None","eventid":"4688","eventrecordid":"6","execution_#attributes_processid":"4","execution_#attributes_threadid":"304","keywords":"0x8020000000000000","level":"0","opcode":"0","provider_#attributes_guid":"54849625-5478-4994-A5BA-3E3B0328C30D","provider_#attributes_name":"Microsoft-Windows-Security-Auditing","security":"None","task":"13312","systemtime":"2022-02-04T18:00:13.691166Z","version":"2"},{"mandatorylabel":"S-1-16-16384","newprocessid":"0x160","newprocessname":"C:\\Windows\\System32\\autochk.exe","parentprocessname":"C:\\Windows\\System32\\smss.exe","processid":"0x14c","subjectlogonid":"0x3e7","subjectusersid":"S-1-5-18","targetlogonid":"0x0","targetusersid":"S-1-0-0","tokenelevationtype":"%%1936","channel":"Security","computer":"WIN-V225IN3PDS4","correlation":"None","eventid":"4688","eventrecordid":"5","execution_#attributes_processid":"4","execution_#attributes_threadid":"304","keywords":"0x8020000000000000","level":"0","opcode":"0","provider_#attributes_guid":"54849625-5478-4994-A5BA-3E3B0328C30D","provider_#attributes_name":"Microsoft-Windows-Security-Auditing","security":"None","task":"13312","systemtime":"2022-02-04T18:00:12.434569Z","version":"2"},{"mandatorylabel":"S-1-16-16384","newprocessid":"0x14c","newprocessname":"C:\\Windows\\System32\\smss.exe","processid":"0x4","subjectlogonid":"0x3e7","subjectusersid":"S-1-5-18","targetlogonid":"0x0","targetusersid":"S-1-0-0","tokenelevationtype":"%%1936","channel":"Security","computer":"WIN-V225IN3PDS4","correlation":"None","eventid":"4688","eventrecordid":"4","execution_#attributes_processid":"4","execution_#attributes_threadid":"92","keywords":"0x8020000000000000","level":"0","opcode":"0","provider_#attributes_guid":"54849625-5478-4994-A5BA-3E3B0328C30D","provider_#attributes_name":"Microsoft-Windows-Security-Auditing","security":"None","task":"13312","systemtime":"2022-02-04T18:00:09.651747Z","version":"2"},{"mandatorylabel":"S-1-16-16384","newprocessid":"0x48","newprocessname":"Registry","processid":"0x4","subjectlogonid":"0x3e7","subjectusersid":"S-1-5-18","targetlogonid":"0x0","targetusersid":"S-1-0-0","tokenelevationtype":"%%1936","channel":"Security","computer":"WIN-V225IN3PDS4","correlation":"None","eventid":"4688","eventrecordid":"1","execution_#attributes_processid":"4","execution_#attributes_threadid":"92","keywords":"0x8020000000000000","level":"0","opcode":"0","provider_#attributes_guid":"54849625-5478-4994-A5BA-3E3B0328C30D","provider_#attributes_name":"Microsoft-Windows-Security-Auditing","security":"None","task":"13312","systemtime":"2022-02-04T18:00:09.597722Z","version":"2"},{"privilegelist":"SeAssignPrimaryTokenPrivilege\r\n\t\t\tSeTcbPrivilege\r\n\t\t\tSeSecurityPrivilege\r\n\t\t\tSeTakeOwnershipPrivilege\r\n\t\t\tSeLoadDriverPrivilege\r\n\t\t\tSeBackupPrivilege\r\n\t\t\tSeRestorePrivilege\r\n\t\t\tSeDebugPrivilege\r\n\t\t\tSeAuditPrivilege\r\n\t\t\tSeSystemEnvironmentPrivilege\r\n\t\t\tSeImpersonatePrivilege\r\n\t\t\tSeDelegateSessionUserImpersonatePrivilege","subjectdomainname":"NT AUTHORITY","subjectlogonid":"0x3e7","subjectusername":"SYSTEM","subjectusersid":"S-1-5-18","channel":"Security","computer":"WIN-V225IN3PDS4","correlation_#attributes_activityid":"0B4F78C0-19F1-0000-097B-4F0BF119D801","eventid":"4672","eventrecordid":"162","execution_#attributes_processid":"640","execution_#attributes_threadid":"696","keywords":"0x8020000000000000","level":"0","opcode":"0","provider_#attributes_guid":"54849625-5478-4994-A5BA-3E3B0328C30D","provider_#attributes_name":"Microsoft-Windows-Security-Auditing","security":"None","task":"12548","systemtime":"2022-02-04T18:03:19.249271Z","version":"0"},{"privilegelist":"SeAssignPrimaryTokenPrivilege\r\n\t\t\tSeTcbPrivilege\r\n\t\t\tSeSecurityPrivilege\r\n\t\t\tSeTakeOwnershipPrivilege\r\n\t\t\tSeLoadDriverPrivilege\r\n\t\t\tSeBackupPrivilege\r\n\t\t\tSeRestorePrivilege\r\n\t\t\tSeDebugPrivilege\r\n\t\t\tSeAuditPrivilege\r\n\t\t\tSeSystemEnvironmentPrivilege\r\n\t\t\tSeImpersonatePrivilege\r\n\t\t\tSeDelegateSessionUserImpersonatePrivilege","subjectdomainname":"NT AUTHORITY","subjectlogonid":"0x3e7","subjectusername":"SYSTEM","subjectusersid":"S-1-5-18","channel":"Security","computer":"WIN-V225IN3PDS4","correlation_#attributes_activityid":"0B4F78C0-19F1-0000-097B-4F0BF119D801","eventid":"4672","eventrecordid":"160","execution_#attributes_processid":"640","execution_#attributes_threadid":"696","keywords":"0x8020000000000000","level":"0","opcode":"0","provider_#attributes_guid":"54849625-5478-4994-A5BA-3E3B0328C30D","provider_#attributes_name":"Microsoft-Windows-Security-Auditing","security":"None","task":"12548","systemtime":"2022-02-04T18:03:18.452968Z","version":"0"},{"privilegelist":"SeAssignPrimaryTokenPrivilege\r\n\t\t\tSeTcbPrivilege\r\n\t\t\tSeSecurityPrivilege\r\n\t\t\tSeTakeOwnershipPrivilege\r\n\t\t\tSeLoadDriverPrivilege\r\n\t\t\tSeBackupPrivilege\r\n\t\t\tSeRestorePrivilege\r\n\t\t\tSeDebugPrivilege\r\n\t\t\tSeAuditPrivilege\r\n\t\t\tSeSystemEnvironmentPrivilege\r\n\t\t\tSeImpersonatePrivilege\r\n\t\t\tSeDelegateSessionUserImpersonatePrivilege","subjectdomainname":"NT AUTHORITY","subjectlogonid":"0x3e7","subjectusername":"SYSTEM","subjectusersid":"S-1-5-18","channel":"Security","computer":"WIN-V225IN3PDS4","correlation_#attributes_activityid":"0B4F78C0-19F1-0000-097B-4F0BF119D801","eventid":"4672","eventrecordid":"158","execution_#attributes_processid":"640","execution_#attributes_threadid":"696","keywords":"0x8020000000000000","level":"0","opcode":"0","provider_#attributes_guid":"54849625-5478-4994-A5BA-3E3B0328C30D","provider_#attributes_name":"Microsoft-Windows-Security-Auditing","security":"None","task":"12548","systemtime":"2022-02-04T18:03:17.223339Z","version":"0"},{"privilegelist":"SeAssignPrimaryTokenPrivilege\r\n\t\t\tSeTcbPrivilege\r\n\t\t\tSeSecurityPrivilege\r\n\t\t\tSeTakeOwnershipPrivilege\r\n\t\t\tSeLoadDriverPrivilege\r\n\t\t\tSeBackupPrivilege\r\n\t\t\tSeRestorePrivilege\r\n\t\t\tSeDebugPrivilege\r\n\t\t\tSeAuditPrivilege\r\n\t\t\tSeSystemEnvironmentPrivilege\r\n\t\t\tSeImpersonatePrivilege\r\n\t\t\tSeDelegateSessionUserImpersonatePrivilege","subjectdomainname":"NT AUTHORITY","subjectlogonid":"0x3e7","subjectusername":"SYSTEM","subjectusersid":"S-1-5-18","channel":"Security","computer":"WIN-V225IN3PDS4","correlation_#attributes_activityid":"0B4F78C0-19F1-0000-097B-4F0BF119D801","eventid":"4672","eventrecordid":"155","execution_#attributes_processid":"640","execution_#attributes_threadid":"680","keywords":"0x8020000000000000","level":"0","opcode":"0","provider_#attributes_guid":"54849625-5478-4994-A5BA-3E3B0328C30D","provider_#attributes_name":"Microsoft-Windows-Security-Auditing","security":"None","task":"12548","systemtime":"2022-02-04T18:03:06.616463Z","version":"0"},{"privilegelist":"SeAssignPrimaryTokenPrivilege\r\n\t\t\tSeTcbPrivilege\r\n\t\t\tSeSecurityPrivilege\r\n\t\t\tSeTakeOwnershipPrivilege\r\n\t\t\tSeLoadDriverPrivilege\r\n\t\t\tSeBackupPrivilege\r\n\t\t\tSeRestorePrivilege\r\n\t\t\tSeDebugPrivilege\r\n\t\t\tSeAuditPrivilege\r\n\t\t\tSeSystemEnvironmentPrivilege\r\n\t\t\tSeImpersonatePrivilege\r\n\t\t\tSeDelegateSessionUserImpersonatePrivilege","subjectdomainname":"NT AUTHORITY","subjectlogonid":"0x3e7","subjectusername":"SYSTEM","subjectusersid":"S-1-5-18","channel":"Security","computer":"WIN-V225IN3PDS4","correlation_#attributes_activityid":"0B4F78C0-19F1-0000-097B-4F0BF119D801","eventid":"4672","eventrecordid":"153","execution_#attributes_processid":"640","execution_#attributes_threadid":"680","keywords":"0x8020000000000000","level":"0","opcode":"0","provider_#attributes_guid":"54849625-5478-4994-A5BA-3E3B0328C30D","provider_#attributes_name":"Microsoft-Windows-Security-Auditing","security":"None","task":"12548","systemtime":"2022-02-04T18:03:05.769162Z","version":"0"},{"privilegelist":"SeAssignPrimaryTokenPrivilege\r\n\t\t\tSeTcbPrivilege\r\n\t\t\tSeSecurityPrivilege\r\n\t\t\tSeTakeOwnershipPrivilege\r\n\t\t\tSeLoadDriverPrivilege\r\n\t\t\tSeBackupPrivilege\r\n\t\t\tSeRestorePrivilege\r\n\t\t\tSeDebugPrivilege\r\n\t\t\tSeAuditPrivilege\r\n\t\t\tSeSystemEnvironmentPrivilege\r\n\t\t\tSeImpersonatePrivilege\r\n\t\t\tSeDelegateSessionUserImpersonatePrivilege","subjectdomainname":"NT AUTHORITY","subjectlogonid":"0x3e7","subjectusername":"SYSTEM","subjectusersid":"S-1-5-18","channel":"Security","computer":"WIN-V225IN3PDS4","correlation_#attributes_activityid":"0B4F78C0-19F1-0000-097B-4F0BF119D801","eventid":"4672","eventrecordid":"151","execution_#attributes_processid":"640","execution_#attributes_threadid":"680","keywords":"0x8020000000000000","level":"0","opcode":"0","provider_#attributes_guid":"54849625-5478-4994-A5BA-3E3B0328C30D","provider_#attributes_name":"Microsoft-Windows-Security-Auditing","security":"None","task":"12548","systemtime":"2022-02-04T18:02:50.929857Z","version":"0"},{"privilegelist":"SeAssignPrimaryTokenPrivilege\r\n\t\t\tSeTcbPrivilege\r\n\t\t\tSeSecurityPrivilege\r\n\t\t\tSeTakeOwnershipPrivilege\r\n\t\t\tSeLoadDriverPrivilege\r\n\t\t\tSeBackupPrivilege\r\n\t\t\tSeRestorePrivilege\r\n\t\t\tSeDebugPrivilege\r\n\t\t\tSeAuditPrivilege\r\n\t\t\tSeSystemEnvironmentPrivilege\r\n\t\t\tSeImpersonatePrivilege\r\n\t\t\tSeDelegateSessionUserImpersonatePrivilege","subjectdomainname":"NT AUTHORITY","subjectlogonid":"0x3e7","subjectusername":"SYSTEM","subjectusersid":"S-1-5-18","channel":"Security","computer":"WIN-V225IN3PDS4","correlation_#attributes_activityid":"0B4F78C0-19F1-0000-097B-4F0BF119D801","eventid":"4672","eventrecordid":"149","execution_#attributes_processid":"640","execution_#attributes_threadid":"696","keywords":"0x8020000000000000","level":"0","opcode":"0","provider_#attributes_guid":"54849625-5478-4994-A5BA-3E3B0328C30D","provider_#attributes_name":"Microsoft-Windows-Security-Auditing","security":"None","task":"12548","systemtime":"2022-02-04T18:02:48.253216Z","version":"0"},{"privilegelist":"SeAssignPrimaryTokenPrivilege\r\n\t\t\tSeTcbPrivilege\r\n\t\t\tSeSecurityPrivilege\r\n\t\t\tSeTakeOwnershipPrivilege\r\n\t\t\tSeLoadDriverPrivilege\r\n\t\t\tSeBackupPrivilege\r\n\t\t\tSeRestorePrivilege\r\n\t\t\tSeDebugPrivilege\r\n\t\t\tSeAuditPrivilege\r\n\t\t\tSeSystemEnvironmentPrivilege\r\n\t\t\tSeImpersonatePrivilege\r\n\t\t\tSeDelegateSessionUserImpersonatePrivilege","subjectdomainname":"NT AUTHORITY","subjectlogonid":"0x3e7","subjectusername":"SYSTEM","subjectusersid":"S-1-5-18","channel":"Security","computer":"WIN-V225IN3PDS4","correlation_#attributes_activityid":"0B4F78C0-19F1-0000-097B-4F0BF119D801","eventid":"4672","eventrecordid":"146","execution_#attributes_processid":"640","execution_#attributes_threadid":"736","keywords":"0x8020000000000000","level":"0","opcode":"0","provider_#attributes_guid":"54849625-5478-4994-A5BA-3E3B0328C30D","provider_#attributes_name":"Microsoft-Windows-Security-Auditing","security":"None","task":"12548","systemtime":"2022-02-04T18:02:07.500149Z","version":"0"},{"privilegelist":"SeAssignPrimaryTokenPrivilege\r\n\t\t\tSeTcbPrivilege\r\n\t\t\tSeSecurityPrivilege\r\n\t\t\tSeTakeOwnershipPrivilege\r\n\t\t\tSeLoadDriverPrivilege\r\n\t\t\tSeBackupPrivilege\r\n\t\t\tSeRestorePrivilege\r\n\t\t\tSeDebugPrivilege\r\n\t\t\tSeAuditPrivilege\r\n\t\t\tSeSystemEnvironmentPrivilege\r\n\t\t\tSeImpersonatePrivilege\r\n\t\t\tSeDelegateSessionUserImpersonatePrivilege","subjectdomainname":"NT AUTHORITY","subjectlogonid":"0x3e7","subjectusername":"SYSTEM","subjectusersid":"S-1-5-18","channel":"Security","computer":"WIN-V225IN3PDS4","correlation_#attributes_activityid":"0B4F78C0-19F1-0000-097B-4F0BF119D801","eventid":"4672","eventrecordid":"143","execution_#attributes_processid":"640","execution_#attributes_threadid":"680","keywords":"0x8020000000000000","level":"0","opcode":"0","provider_#attributes_guid":"54849625-5478-4994-A5BA-3E3B0328C30D","provider_#attributes_name":"Microsoft-Windows-Security-Auditing","security":"None","task":"12548","systemtime":"2022-02-04T18:00:55.312070Z","version":"0"},{"privilegelist":"SeAssignPrimaryTokenPrivilege\r\n\t\t\tSeTcbPrivilege\r\n\t\t\tSeSecurityPrivilege\r\n\t\t\tSeTakeOwnershipPrivilege\r\n\t\t\tSeLoadDriverPrivilege\r\n\t\t\tSeBackupPrivilege\r\n\t\t\tSeRestorePrivilege\r\n\t\t\tSeDebugPrivilege\r\n\t\t\tSeAuditPrivilege\r\n\t\t\tSeSystemEnvironmentPrivilege\r\n\t\t\tSeImpersonatePrivilege\r\n\t\t\tSeDelegateSessionUserImpersonatePrivilege","subjectdomainname":"NT AUTHORITY","subjectlogonid":"0x3e7","subjectusername":"SYSTEM","subjectusersid":"S-1-5-18","channel":"Security","computer":"WIN-V225IN3PDS4","correlation_#attributes_activityid":"0B4F78C0-19F1-0000-097B-4F0BF119D801","eventid":"4672","eventrecordid":"139","execution_#attributes_processid":"640","execution_#attributes_threadid":"680","keywords":"0x8020000000000000","level":"0","opcode":"0","provider_#attributes_guid":"54849625-5478-4994-A5BA-3E3B0328C30D","provider_#attributes_name":"Microsoft-Windows-Security-Auditing","security":"None","task":"12548","systemtime":"2022-02-04T18:00:47.558771Z","version":"0"},{"privilegelist":"SeAssignPrimaryTokenPrivilege\r\n\t\t\tSeTcbPrivilege\r\n\t\t\tSeSecurityPrivilege\r\n\t\t\tSeTakeOwnershipPrivilege\r\n\t\t\tSeLoadDriverPrivilege\r\n\t\t\tSeBackupPrivilege\r\n\t\t\tSeRestorePrivilege\r\n\t\t\tSeDebugPrivilege\r\n\t\t\tSeAuditPrivilege\r\n\t\t\tSeSystemEnvironmentPrivilege\r\n\t\t\tSeImpersonatePrivilege\r\n\t\t\tSeDelegateSessionUserImpersonatePrivilege","subjectdomainname":"NT AUTHORITY","subjectlogonid":"0x3e7","subjectusername":"SYSTEM","subjectusersid":"S-1-5-18","channel":"Security","computer":"WIN-V225IN3PDS4","correlation_#attributes_activityid":"0B4F78C0-19F1-0000-097B-4F0BF119D801","eventid":"4672","eventrecordid":"137","execution_#attributes_processid":"640","execution_#attributes_threadid":"680","keywords":"0x8020000000000000","level":"0","opcode":"0","provider_#attributes_guid":"54849625-5478-4994-A5BA-3E3B0328C30D","provider_#attributes_name":"Microsoft-Windows-Security-Auditing","security":"None","task":"12548","systemtime":"2022-02-04T18:00:47.556645Z","version":"0"},{"privilegelist":"SeAssignPrimaryTokenPrivilege\r\n\t\t\tSeTcbPrivilege\r\n\t\t\tSeSecurityPrivilege\r\n\t\t\tSeTakeOwnershipPrivilege\r\n\t\t\tSeLoadDriverPrivilege\r\n\t\t\tSeBackupPrivilege\r\n\t\t\tSeRestorePrivilege\r\n\t\t\tSeDebugPrivilege\r\n\t\t\tSeAuditPrivilege\r\n\t\t\tSeSystemEnvironmentPrivilege\r\n\t\t\tSeImpersonatePrivilege\r\n\t\t\tSeDelegateSessionUserImpersonatePrivilege","subjectdomainname":"NT AUTHORITY","subjectlogonid":"0x3e7","subjectusername":"SYSTEM","subjectusersid":"S-1-5-18","channel":"Security","computer":"WIN-V225IN3PDS4","correlation_#attributes_activityid":"0B4F78C0-19F1-0000-097B-4F0BF119D801","eventid":"4672","eventrecordid":"135","execution_#attributes_processid":"640","execution_#attributes_threadid":"680","keywords":"0x8020000000000000","level":"0","opcode":"0","provider_#attributes_guid":"54849625-5478-4994-A5BA-3E3B0328C30D","provider_#attributes_name":"Microsoft-Windows-Security-Auditing","security":"None","task":"12548","systemtime":"2022-02-04T18:00:46.177517Z","version":"0"},{"privilegelist":"SeAssignPrimaryTokenPrivilege\r\n\t\t\tSeTcbPrivilege\r\n\t\t\tSeSecurityPrivilege\r\n\t\t\tSeTakeOwnershipPrivilege\r\n\t\t\tSeLoadDriverPrivilege\r\n\t\t\tSeBackupPrivilege\r\n\t\t\tSeRestorePrivilege\r\n\t\t\tSeDebugPrivilege\r\n\t\t\tSeAuditPrivilege\r\n\t\t\tSeSystemEnvironmentPrivilege\r\n\t\t\tSeImpersonatePrivilege\r\n\t\t\tSeDelegateSessionUserImpersonatePrivilege","subjectdomainname":"NT AUTHORITY","subjectlogonid":"0x3e7","subjectusername":"SYSTEM","subjectusersid":"S-1-5-18","channel":"Security","computer":"WIN-V225IN3PDS4","correlation_#attributes_activityid":"0B4F78C0-19F1-0000-097B-4F0BF119D801","eventid":"4672","eventrecordid":"132","execution_#attributes_processid":"640","execution_#attributes_threadid":"744","keywords":"0x8020000000000000","level":"0","opcode":"0","provider_#attributes_guid":"54849625-5478-4994-A5BA-3E3B0328C30D","provider_#attributes_name":"Microsoft-Windows-Security-Auditing","security":"None","task":"12548","systemtime":"2022-02-04T18:00:40.887915Z","version":"0"},{"privilegelist":"SeAssignPrimaryTokenPrivilege\r\n\t\t\tSeTcbPrivilege\r\n\t\t\tSeSecurityPrivilege\r\n\t\t\tSeTakeOwnershipPrivilege\r\n\t\t\tSeLoadDriverPrivilege\r\n\t\t\tSeBackupPrivilege\r\n\t\t\tSeRestorePrivilege\r\n\t\t\tSeDebugPrivilege\r\n\t\t\tSeAuditPrivilege\r\n\t\t\tSeSystemEnvironmentPrivilege\r\n\t\t\tSeImpersonatePrivilege\r\n\t\t\tSeDelegateSessionUserImpersonatePrivilege","subjectdomainname":"NT AUTHORITY","subjectlogonid":"0x3e7","subjectusername":"SYSTEM","subjectusersid":"S-1-5-18","channel":"Security","computer":"WIN-V225IN3PDS4","correlation_#attributes_activityid":"0B4F78C0-19F1-0000-097B-4F0BF119D801","eventid":"4672","eventrecordid":"130","execution_#attributes_processid":"640","execution_#attributes_threadid":"680","keywords":"0x8020000000000000","level":"0","opcode":"0","provider_#attributes_guid":"54849625-5478-4994-A5BA-3E3B0328C30D","provider_#attributes_name":"Microsoft-Windows-Security-Auditing","security":"None","task":"12548","systemtime":"2022-02-04T18:00:40.677876Z","version":"0"},{"privilegelist":"SeAssignPrimaryTokenPrivilege\r\n\t\t\tSeTcbPrivilege\r\n\t\t\tSeSecurityPrivilege\r\n\t\t\tSeTakeOwnershipPrivilege\r\n\t\t\tSeLoadDriverPrivilege\r\n\t\t\tSeBackupPrivilege\r\n\t\t\tSeRestorePrivilege\r\n\t\t\tSeDebugPrivilege\r\n\t\t\tSeAuditPrivilege\r\n\t\t\tSeSystemEnvironmentPrivilege\r\n\t\t\tSeImpersonatePrivilege\r\n\t\t\tSeDelegateSessionUserImpersonatePrivilege","subjectdomainname":"NT AUTHORITY","subjectlogonid":"0x3e7","subjectusername":"SYSTEM","subjectusersid":"S-1-5-18","channel":"Security","computer":"WIN-V225IN3PDS4","correlation_#attributes_activityid":"0B4F78C0-19F1-0000-097B-4F0BF119D801","eventid":"4672","eventrecordid":"128","execution_#attributes_processid":"640","execution_#attributes_threadid":"680","keywords":"0x8020000000000000","level":"0","opcode":"0","provider_#attributes_guid":"54849625-5478-4994-A5BA-3E3B0328C30D","provider_#attributes_name":"Microsoft-Windows-Security-Auditing","security":"None","task":"12548","systemtime":"2022-02-04T18:00:39.540448Z","version":"0"},{"privilegelist":"SeAssignPrimaryTokenPrivilege\r\n\t\t\tSeTcbPrivilege\r\n\t\t\tSeSecurityPrivilege\r\n\t\t\tSeTakeOwnershipPrivilege\r\n\t\t\tSeLoadDriverPrivilege\r\n\t\t\tSeBackupPrivilege\r\n\t\t\tSeRestorePrivilege\r\n\t\t\tSeDebugPrivilege\r\n\t\t\tSeAuditPrivilege\r\n\t\t\tSeSystemEnvironmentPrivilege\r\n\t\t\tSeImpersonatePrivilege\r\n\t\t\tSeDelegateSessionUserImpersonatePrivilege","subjectdomainname":"NT AUTHORITY","subjectlogonid":"0x3e7","subjectusername":"SYSTEM","subjectusersid":"S-1-5-18","channel":"Security","computer":"WIN-V225IN3PDS4","correlation_#attributes_activityid":"0B4F78C0-19F1-0000-097B-4F0BF119D801","eventid":"4672","eventrecordid":"126","execution_#attributes_processid":"640","execution_#attributes_threadid":"680","keywords":"0x8020000000000000","level":"0","opcode":"0","provider_#attributes_guid":"54849625-5478-4994-A5BA-3E3B0328C30D","provider_#attributes_name":"Microsoft-Windows-Security-Auditing","security":"None","task":"12548","systemtime":"2022-02-04T18:00:39.246762Z","version":"0"},{"privilegelist":"SeAssignPrimaryTokenPrivilege\r\n\t\t\tSeTcbPrivilege\r\n\t\t\tSeSecurityPrivilege\r\n\t\t\tSeTakeOwnershipPrivilege\r\n\t\t\tSeLoadDriverPrivilege\r\n\t\t\tSeBackupPrivilege\r\n\t\t\tSeRestorePrivilege\r\n\t\t\tSeDebugPrivilege\r\n\t\t\tSeAuditPrivilege\r\n\t\t\tSeSystemEnvironmentPrivilege\r\n\t\t\tSeImpersonatePrivilege\r\n\t\t\tSeDelegateSessionUserImpersonatePrivilege","subjectdomainname":"NT AUTHORITY","subjectlogonid":"0x3e7","subjectusername":"SYSTEM","subjectusersid":"S-1-5-18","channel":"Security","computer":"WIN-V225IN3PDS4","correlation_#attributes_activityid":"0B4F78C0-19F1-0000-097B-4F0BF119D801","eventid":"4672","eventrecordid":"124","execution_#attributes_processid":"640","execution_#attributes_threadid":"680","keywords":"0x8020000000000000","level":"0","opcode":"0","provider_#attributes_guid":"54849625-5478-4994-A5BA-3E3B0328C30D","provider_#attributes_name":"Microsoft-Windows-Security-Auditing","security":"None","task":"12548","systemtime":"2022-02-04T18:00:38.882647Z","version":"0"},{"privilegelist":"SeAssignPrimaryTokenPrivilege\r\n\t\t\tSeTcbPrivilege\r\n\t\t\tSeSecurityPrivilege\r\n\t\t\tSeTakeOwnershipPrivilege\r\n\t\t\tSeLoadDriverPrivilege\r\n\t\t\tSeBackupPrivilege\r\n\t\t\tSeRestorePrivilege\r\n\t\t\tSeDebugPrivilege\r\n\t\t\tSeAuditPrivilege\r\n\t\t\tSeSystemEnvironmentPrivilege\r\n\t\t\tSeImpersonatePrivilege\r\n\t\t\tSeDelegateSessionUserImpersonatePrivilege","subjectdomainname":"NT AUTHORITY","subjectlogonid":"0x3e7","subjectusername":"SYSTEM","subjectusersid":"S-1-5-18","channel":"Security","computer":"WIN-V225IN3PDS4","correlation_#attributes_activityid":"0B4F78C0-19F1-0000-097B-4F0BF119D801","eventid":"4672","eventrecordid":"122","execution_#attributes_processid":"640","execution_#attributes_threadid":"744","keywords":"0x8020000000000000","level":"0","opcode":"0","provider_#attributes_guid":"54849625-5478-4994-A5BA-3E3B0328C30D","provider_#attributes_name":"Microsoft-Windows-Security-Auditing","security":"None","task":"12548","systemtime":"2022-02-04T18:00:38.881775Z","version":"0"},{"privilegelist":"SeAssignPrimaryTokenPrivilege\r\n\t\t\tSeTcbPrivilege\r\n\t\t\tSeSecurityPrivilege\r\n\t\t\tSeTakeOwnershipPrivilege\r\n\t\t\tSeLoadDriverPrivilege\r\n\t\t\tSeBackupPrivilege\r\n\t\t\tSeRestorePrivilege\r\n\t\t\tSeDebugPrivilege\r\n\t\t\tSeAuditPrivilege\r\n\t\t\tSeSystemEnvironmentPrivilege\r\n\t\t\tSeImpersonatePrivilege\r\n\t\t\tSeDelegateSessionUserImpersonatePrivilege","subjectdomainname":"NT AUTHORITY","subjectlogonid":"0x3e7","subjectusername":"SYSTEM","subjectusersid":"S-1-5-18","channel":"Security","computer":"WIN-V225IN3PDS4","correlation_#attributes_activityid":"0B4F78C0-19F1-0000-097B-4F0BF119D801","eventid":"4672","eventrecordid":"120","execution_#attributes_processid":"640","execution_#attributes_threadid":"744","keywords":"0x8020000000000000","level":"0","opcode":"0","provider_#attributes_guid":"54849625-5478-4994-A5BA-3E3B0328C30D","provider_#attributes_name":"Microsoft-Windows-Security-Auditing","security":"None","task":"12548","systemtime":"2022-02-04T18:00:38.880339Z","version":"0"},{"privilegelist":"SeAssignPrimaryTokenPrivilege\r\n\t\t\tSeTcbPrivilege\r\n\t\t\tSeSecurityPrivilege\r\n\t\t\tSeTakeOwnershipPrivilege\r\n\t\t\tSeLoadDriverPrivilege\r\n\t\t\tSeBackupPrivilege\r\n\t\t\tSeRestorePrivilege\r\n\t\t\tSeDebugPrivilege\r\n\t\t\tSeAuditPrivilege\r\n\t\t\tSeSystemEnvironmentPrivilege\r\n\t\t\tSeImpersonatePrivilege\r\n\t\t\tSeDelegateSessionUserImpersonatePrivilege","subjectdomainname":"NT AUTHORITY","subjectlogonid":"0x3e7","subjectusername":"SYSTEM","subjectusersid":"S-1-5-18","channel":"Security","computer":"WIN-V225IN3PDS4","correlation_#attributes_activityid":"0B4F78C0-19F1-0000-097B-4F0BF119D801","eventid":"4672","eventrecordid":"118","execution_#attributes_processid":"640","execution_#attributes_threadid":"744","keywords":"0x8020000000000000","level":"0","opcode":"0","provider_#attributes_guid":"54849625-5478-4994-A5BA-3E3B0328C30D","provider_#attributes_name":"Microsoft-Windows-Security-Auditing","security":"None","task":"12548","systemtime":"2022-02-04T18:00:38.877189Z","version":"0"},{"privilegelist":"SeAssignPrimaryTokenPrivilege\r\n\t\t\tSeTcbPrivilege\r\n\t\t\tSeSecurityPrivilege\r\n\t\t\tSeTakeOwnershipPrivilege\r\n\t\t\tSeLoadDriverPrivilege\r\n\t\t\tSeBackupPrivilege\r\n\t\t\tSeRestorePrivilege\r\n\t\t\tSeDebugPrivilege\r\n\t\t\tSeAuditPrivilege\r\n\t\t\tSeSystemEnvironmentPrivilege\r\n\t\t\tSeImpersonatePrivilege\r\n\t\t\tSeDelegateSessionUserImpersonatePrivilege","subjectdomainname":"NT AUTHORITY","subjectlogonid":"0x3e7","subjectusername":"SYSTEM","subjectusersid":"S-1-5-18","channel":"Security","computer":"WIN-V225IN3PDS4","correlation_#attributes_activityid":"0B4F78C0-19F1-0000-097B-4F0BF119D801","eventid":"4672","eventrecordid":"116","execution_#attributes_processid":"640","execution_#attributes_threadid":"744","keywords":"0x8020000000000000","level":"0","opcode":"0","provider_#attributes_guid":"54849625-5478-4994-A5BA-3E3B0328C30D","provider_#attributes_name":"Microsoft-Windows-Security-Auditing","security":"None","task":"12548","systemtime":"2022-02-04T18:00:38.858795Z","version":"0"},{"privilegelist":"SeAssignPrimaryTokenPrivilege\r\n\t\t\tSeTcbPrivilege\r\n\t\t\tSeSecurityPrivilege\r\n\t\t\tSeTakeOwnershipPrivilege\r\n\t\t\tSeLoadDriverPrivilege\r\n\t\t\tSeBackupPrivilege\r\n\t\t\tSeRestorePrivilege\r\n\t\t\tSeDebugPrivilege\r\n\t\t\tSeAuditPrivilege\r\n\t\t\tSeSystemEnvironmentPrivilege\r\n\t\t\tSeImpersonatePrivilege\r\n\t\t\tSeDelegateSessionUserImpersonatePrivilege","subjectdomainname":"NT AUTHORITY","subjectlogonid":"0x3e7","subjectusername":"SYSTEM","subjectusersid":"S-1-5-18","channel":"Security","computer":"WIN-V225IN3PDS4","correlation_#attributes_activityid":"0B4F78C0-19F1-0000-097B-4F0BF119D801","eventid":"4672","eventrecordid":"113","execution_#attributes_processid":"640","execution_#attributes_threadid":"744","keywords":"0x8020000000000000","level":"0","opcode":"0","provider_#attributes_guid":"54849625-5478-4994-A5BA-3E3B0328C30D","provider_#attributes_name":"Microsoft-Windows-Security-Auditing","security":"None","task":"12548","systemtime":"2022-02-04T18:00:38.163753Z","version":"0"},{"privilegelist":"SeAssignPrimaryTokenPrivilege\r\n\t\t\tSeTcbPrivilege\r\n\t\t\tSeSecurityPrivilege\r\n\t\t\tSeTakeOwnershipPrivilege\r\n\t\t\tSeLoadDriverPrivilege\r\n\t\t\tSeBackupPrivilege\r\n\t\t\tSeRestorePrivilege\r\n\t\t\tSeDebugPrivilege\r\n\t\t\tSeAuditPrivilege\r\n\t\t\tSeSystemEnvironmentPrivilege\r\n\t\t\tSeImpersonatePrivilege\r\n\t\t\tSeDelegateSessionUserImpersonatePrivilege","subjectdomainname":"NT AUTHORITY","subjectlogonid":"0x3e7","subjectusername":"SYSTEM","subjectusersid":"S-1-5-18","channel":"Security","computer":"WIN-V225IN3PDS4","correlation_#attributes_activityid":"0B4F78C0-19F1-0000-097B-4F0BF119D801","eventid":"4672","eventrecordid":"111","execution_#attributes_processid":"640","execution_#attributes_threadid":"744","keywords":"0x8020000000000000","level":"0","opcode":"0","provider_#attributes_guid":"54849625-5478-4994-A5BA-3E3B0328C30D","provider_#attributes_name":"Microsoft-Windows-Security-Auditing","security":"None","task":"12548","systemtime":"2022-02-04T18:00:37.910973Z","version":"0"},{"privilegelist":"SeAssignPrimaryTokenPrivilege\r\n\t\t\tSeTcbPrivilege\r\n\t\t\tSeSecurityPrivilege\r\n\t\t\tSeTakeOwnershipPrivilege\r\n\t\t\tSeLoadDriverPrivilege\r\n\t\t\tSeBackupPrivilege\r\n\t\t\tSeRestorePrivilege\r\n\t\t\tSeDebugPrivilege\r\n\t\t\tSeAuditPrivilege\r\n\t\t\tSeSystemEnvironmentPrivilege\r\n\t\t\tSeImpersonatePrivilege\r\n\t\t\tSeDelegateSessionUserImpersonatePrivilege","subjectdomainname":"NT AUTHORITY","subjectlogonid":"0x3e7","subjectusername":"SYSTEM","subjectusersid":"S-1-5-18","channel":"Security","computer":"WIN-V225IN3PDS4","correlation_#attributes_activityid":"0B4F78C0-19F1-0000-097B-4F0BF119D801","eventid":"4672","eventrecordid":"107","execution_#attributes_processid":"640","execution_#attributes_threadid":"744","keywords":"0x8020000000000000","level":"0","opcode":"0","provider_#attributes_guid":"54849625-5478-4994-A5BA-3E3B0328C30D","provider_#attributes_name":"Microsoft-Windows-Security-Auditing","security":"None","task":"12548","systemtime":"2022-02-04T18:00:36.859209Z","version":"0"},{"privilegelist":"SeAssignPrimaryTokenPrivilege\r\n\t\t\tSeTcbPrivilege\r\n\t\t\tSeSecurityPrivilege\r\n\t\t\tSeTakeOwnershipPrivilege\r\n\t\t\tSeLoadDriverPrivilege\r\n\t\t\tSeBackupPrivilege\r\n\t\t\tSeRestorePrivilege\r\n\t\t\tSeDebugPrivilege\r\n\t\t\tSeAuditPrivilege\r\n\t\t\tSeSystemEnvironmentPrivilege\r\n\t\t\tSeImpersonatePrivilege\r\n\t\t\tSeDelegateSessionUserImpersonatePrivilege","subjectdomainname":"NT AUTHORITY","subjectlogonid":"0x3e7","subjectusername":"SYSTEM","subjectusersid":"S-1-5-18","channel":"Security","computer":"WIN-V225IN3PDS4","correlation_#attributes_activityid":"0B4F78C0-19F1-0000-097B-4F0BF119D801","eventid":"4672","eventrecordid":"105","execution_#attributes_processid":"640","execution_#attributes_threadid":"744","keywords":"0x8020000000000000","level":"0","opcode":"0","provider_#attributes_guid":"54849625-5478-4994-A5BA-3E3B0328C30D","provider_#attributes_name":"Microsoft-Windows-Security-Auditing","security":"None","task":"12548","systemtime":"2022-02-04T18:00:36.762746Z","version":"0"},{"privilegelist":"SeAssignPrimaryTokenPrivilege\r\n\t\t\tSeTcbPrivilege\r\n\t\t\tSeSecurityPrivilege\r\n\t\t\tSeTakeOwnershipPrivilege\r\n\t\t\tSeLoadDriverPrivilege\r\n\t\t\tSeBackupPrivilege\r\n\t\t\tSeRestorePrivilege\r\n\t\t\tSeDebugPrivilege\r\n\t\t\tSeAuditPrivilege\r\n\t\t\tSeSystemEnvironmentPrivilege\r\n\t\t\tSeImpersonatePrivilege\r\n\t\t\tSeDelegateSessionUserImpersonatePrivilege","subjectdomainname":"NT AUTHORITY","subjectlogonid":"0x3e7","subjectusername":"SYSTEM","subjectusersid":"S-1-5-18","channel":"Security","computer":"WIN-V225IN3PDS4","correlation_#attributes_activityid":"0B4F78C0-19F1-0000-097B-4F0BF119D801","eventid":"4672","eventrecordid":"103","execution_#attributes_processid":"640","execution_#attributes_threadid":"744","keywords":"0x8020000000000000","level":"0","opcode":"0","provider_#attributes_guid":"54849625-5478-4994-A5BA-3E3B0328C30D","provider_#attributes_name":"Microsoft-Windows-Security-Auditing","security":"None","task":"12548","systemtime":"2022-02-04T18:00:36.753412Z","version":"0"},{"privilegelist":"SeAssignPrimaryTokenPrivilege\r\n\t\t\tSeTcbPrivilege\r\n\t\t\tSeSecurityPrivilege\r\n\t\t\tSeTakeOwnershipPrivilege\r\n\t\t\tSeLoadDriverPrivilege\r\n\t\t\tSeBackupPrivilege\r\n\t\t\tSeRestorePrivilege\r\n\t\t\tSeDebugPrivilege\r\n\t\t\tSeAuditPrivilege\r\n\t\t\tSeSystemEnvironmentPrivilege\r\n\t\t\tSeImpersonatePrivilege\r\n\t\t\tSeDelegateSessionUserImpersonatePrivilege","subjectdomainname":"NT AUTHORITY","subjectlogonid":"0x3e7","subjectusername":"SYSTEM","subjectusersid":"S-1-5-18","channel":"Security","computer":"WIN-V225IN3PDS4","correlation_#attributes_activityid":"0B4F78C0-19F1-0000-097B-4F0BF119D801","eventid":"4672","eventrecordid":"101","execution_#attributes_processid":"640","execution_#attributes_threadid":"744","keywords":"0x8020000000000000","level":"0","opcode":"0","provider_#attributes_guid":"54849625-5478-4994-A5BA-3E3B0328C30D","provider_#attributes_name":"Microsoft-Windows-Security-Auditing","security":"None","task":"12548","systemtime":"2022-02-04T18:00:36.557909Z","version":"0"},{"privilegelist":"SeAssignPrimaryTokenPrivilege\r\n\t\t\tSeTcbPrivilege\r\n\t\t\tSeSecurityPrivilege\r\n\t\t\tSeTakeOwnershipPrivilege\r\n\t\t\tSeLoadDriverPrivilege\r\n\t\t\tSeBackupPrivilege\r\n\t\t\tSeRestorePrivilege\r\n\t\t\tSeDebugPrivilege\r\n\t\t\tSeAuditPrivilege\r\n\t\t\tSeSystemEnvironmentPrivilege\r\n\t\t\tSeImpersonatePrivilege\r\n\t\t\tSeDelegateSessionUserImpersonatePrivilege","subjectdomainname":"NT AUTHORITY","subjectlogonid":"0x3e7","subjectusername":"SYSTEM","subjectusersid":"S-1-5-18","channel":"Security","computer":"WIN-V225IN3PDS4","correlation_#attributes_activityid":"0B4F78C0-19F1-0000-097B-4F0BF119D801","eventid":"4672","eventrecordid":"99","execution_#attributes_processid":"640","execution_#attributes_threadid":"744","keywords":"0x8020000000000000","level":"0","opcode":"0","provider_#attributes_guid":"54849625-5478-4994-A5BA-3E3B0328C30D","provider_#attributes_name":"Microsoft-Windows-Security-Auditing","security":"None","task":"12548","systemtime":"2022-02-04T18:00:36.269689Z","version":"0"},{"privilegelist":"SeAssignPrimaryTokenPrivilege\r\n\t\t\tSeTcbPrivilege\r\n\t\t\tSeSecurityPrivilege\r\n\t\t\tSeTakeOwnershipPrivilege\r\n\t\t\tSeLoadDriverPrivilege\r\n\t\t\tSeBackupPrivilege\r\n\t\t\tSeRestorePrivilege\r\n\t\t\tSeDebugPrivilege\r\n\t\t\tSeAuditPrivilege\r\n\t\t\tSeSystemEnvironmentPrivilege\r\n\t\t\tSeImpersonatePrivilege\r\n\t\t\tSeDelegateSessionUserImpersonatePrivilege","subjectdomainname":"NT AUTHORITY","subjectlogonid":"0x3e7","subjectusername":"SYSTEM","subjectusersid":"S-1-5-18","channel":"Security","computer":"WIN-V225IN3PDS4","correlation_#attributes_activityid":"0B4F78C0-19F1-0000-097B-4F0BF119D801","eventid":"4672","eventrecordid":"97","execution_#attributes_processid":"640","execution_#attributes_threadid":"744","keywords":"0x8020000000000000","level":"0","opcode":"0","provider_#attributes_guid":"54849625-5478-4994-A5BA-3E3B0328C30D","provider_#attributes_name":"Microsoft-Windows-Security-Auditing","security":"None","task":"12548","systemtime":"2022-02-04T18:00:35.953258Z","version":"0"},{"privilegelist":"SeAssignPrimaryTokenPrivilege\r\n\t\t\tSeTcbPrivilege\r\n\t\t\tSeSecurityPrivilege\r\n\t\t\tSeTakeOwnershipPrivilege\r\n\t\t\tSeLoadDriverPrivilege\r\n\t\t\tSeBackupPrivilege\r\n\t\t\tSeRestorePrivilege\r\n\t\t\tSeDebugPrivilege\r\n\t\t\tSeAuditPrivilege\r\n\t\t\tSeSystemEnvironmentPrivilege\r\n\t\t\tSeImpersonatePrivilege\r\n\t\t\tSeDelegateSessionUserImpersonatePrivilege","subjectdomainname":"NT AUTHORITY","subjectlogonid":"0x3e7","subjectusername":"SYSTEM","subjectusersid":"S-1-5-18","channel":"Security","computer":"WIN-V225IN3PDS4","correlation_#attributes_activityid":"0B4F78C0-19F1-0000-097B-4F0BF119D801","eventid":"4672","eventrecordid":"95","execution_#attributes_processid":"640","execution_#attributes_threadid":"744","keywords":"0x8020000000000000","level":"0","opcode":"0","provider_#attributes_guid":"54849625-5478-4994-A5BA-3E3B0328C30D","provider_#attributes_name":"Microsoft-Windows-Security-Auditing","security":"None","task":"12548","systemtime":"2022-02-04T18:00:35.861635Z","version":"0"},{"privilegelist":"SeAssignPrimaryTokenPrivilege\r\n\t\t\tSeTcbPrivilege\r\n\t\t\tSeSecurityPrivilege\r\n\t\t\tSeTakeOwnershipPrivilege\r\n\t\t\tSeLoadDriverPrivilege\r\n\t\t\tSeBackupPrivilege\r\n\t\t\tSeRestorePrivilege\r\n\t\t\tSeDebugPrivilege\r\n\t\t\tSeAuditPrivilege\r\n\t\t\tSeSystemEnvironmentPrivilege\r\n\t\t\tSeImpersonatePrivilege\r\n\t\t\tSeDelegateSessionUserImpersonatePrivilege","subjectdomainname":"NT AUTHORITY","subjectlogonid":"0x3e7","subjectusername":"SYSTEM","subjectusersid":"S-1-5-18","channel":"Security","computer":"DESKTOP-SSLS7P8","correlation_#attributes_activityid":"9043E91E-19F1-0000-1AEA-4390F119D801","eventid":"4672","eventrecordid":"227","execution_#attributes_processid":"640","execution_#attributes_threadid":"680","keywords":"0x8020000000000000","level":"0","opcode":"0","provider_#attributes_guid":"54849625-5478-4994-A5BA-3E3B0328C30D","provider_#attributes_name":"Microsoft-Windows-Security-Auditing","security":"None","task":"12548","systemtime":"2022-02-04T18:04:10.828101Z","version":"0"},{"privilegelist":"SeAssignPrimaryTokenPrivilege\r\n\t\t\tSeTcbPrivilege\r\n\t\t\tSeSecurityPrivilege\r\n\t\t\tSeTakeOwnershipPrivilege\r\n\t\t\tSeLoadDriverPrivilege\r\n\t\t\tSeBackupPrivilege\r\n\t\t\tSeRestorePrivilege\r\n\t\t\tSeDebugPrivilege\r\n\t\t\tSeAuditPrivilege\r\n\t\t\tSeSystemEnvironmentPrivilege\r\n\t\t\tSeImpersonatePrivilege\r\n\t\t\tSeDelegateSessionUserImpersonatePrivilege","subjectdomainname":"NT AUTHORITY","subjectlogonid":"0x3e7","subjectusername":"SYSTEM","subjectusersid":"S-1-5-18","channel":"Security","computer":"DESKTOP-SSLS7P8","correlation_#attributes_activityid":"9043E91E-19F1-0000-1AEA-4390F119D801","eventid":"4672","eventrecordid":"220","execution_#attributes_processid":"640","execution_#attributes_threadid":"700","keywords":"0x8020000000000000","level":"0","opcode":"0","provider_#attributes_guid":"54849625-5478-4994-A5BA-3E3B0328C30D","provider_#attributes_name":"Microsoft-Windows-Security-Auditing","security":"None","task":"12548","systemtime":"2022-02-04T18:04:09.804285Z","version":"0"},