{"privilegelist":"SeAssignPrimaryTokenPrivilege\r\n\t\t\tSeTcbPrivilege\r\n\t\t\tSeSecurityPrivilege\r\n\t\t\tSeTakeOwnershipPrivilege\r\n\t\t\tSeLoadDriverPrivilege\r\n\t\t\tSeBackupPrivilege\r\n\t\t\tSeRestorePrivilege\r\n\t\t\tSeDebugPrivilege\r\n\t\t\tSeAuditPrivilege\r\n\t\t\tSeSystemEnvironmentPrivilege\r\n\t\t\tSeImpersonatePrivilege\r\n\t\t\tSeDelegateSessionUserImpersonatePrivilege","subjectdomainname":"NT AUTHORITY","subjectlogonid":"0x3e7","subjectusername":"SYSTEM","subjectusersid":"S-1-5-18","channel":"Security","computer":"DESKTOP-SSLS7P8","correlation_#attributes_activityid":"92462C6E-1CC1-0000-6A2D-4692C11CD801","eventid":"4672","eventrecordid":"1301","execution_#attributes_processid":"612","execution_#attributes_threadid":"660","keywords":"0x8020000000000000","level":"0","opcode":"0","provider_#attributes_guid":"54849625-5478-4994-A5BA-3E3B0328C30D","provider_#attributes_name":"Microsoft-Windows-Security-Auditing","security":"None","task":"12548","systemtime":"2022-02-08T07:58:28.570945Z","version":"0"},{"privilegelist":"SeAssignPrimaryTokenPrivilege\r\n\t\t\tSeTcbPrivilege\r\n\t\t\tSeSecurityPrivilege\r\n\t\t\tSeTakeOwnershipPrivilege\r\n\t\t\tSeLoadDriverPrivilege\r\n\t\t\tSeBackupPrivilege\r\n\t\t\tSeRestorePrivilege\r\n\t\t\tSeDebugPrivilege\r\n\t\t\tSeAuditPrivilege\r\n\t\t\tSeSystemEnvironmentPrivilege\r\n\t\t\tSeImpersonatePrivilege\r\n\t\t\tSeDelegateSessionUserImpersonatePrivilege","subjectdomainname":"NT AUTHORITY","subjectlogonid":"0x3e7","subjectusername":"SYSTEM","subjectusersid":"S-1-5-18","channel":"Security","computer":"DESKTOP-SSLS7P8","correlation_#attributes_activityid":"92462C6E-1CC1-0000-6A2D-4692C11CD801","eventid":"4672","eventrecordid":"1299","execution_#attributes_processid":"612","execution_#attributes_threadid":"660","keywords":"0x8020000000000000","level":"0","opcode":"0","provider_#attributes_guid":"54849625-5478-4994-A5BA-3E3B0328C30D","provider_#attributes_name":"Microsoft-Windows-Security-Auditing","security":"None","task":"12548","systemtime":"2022-02-08T07:58:16.472878Z","version":"0"},{"privilegelist":"SeAssignPrimaryTokenPrivilege\r\n\t\t\tSeTcbPrivilege\r\n\t\t\tSeSecurityPrivilege\r\n\t\t\tSeTakeOwnershipPrivilege\r\n\t\t\tSeLoadDriverPrivilege\r\n\t\t\tSeBackupPrivilege\r\n\t\t\tSeRestorePrivilege\r\n\t\t\tSeDebugPrivilege\r\n\t\t\tSeAuditPrivilege\r\n\t\t\tSeSystemEnvironmentPrivilege\r\n\t\t\tSeImpersonatePrivilege\r\n\t\t\tSeDelegateSessionUserImpersonatePrivilege","subjectdomainname":"NT AUTHORITY","subjectlogonid":"0x3e7","subjectusername":"SYSTEM","subjectusersid":"S-1-5-18","channel":"Security","computer":"DESKTOP-SSLS7P8","correlation_#attributes_activityid":"92462C6E-1CC1-0000-6A2D-4692C11CD801","eventid":"4672","eventrecordid":"1297","execution_#attributes_processid":"612","execution_#attributes_threadid":"660","keywords":"0x8020000000000000","level":"0","opcode":"0","provider_#attributes_guid":"54849625-5478-4994-A5BA-3E3B0328C30D","provider_#attributes_name":"Microsoft-Windows-Security-Auditing","security":"None","task":"12548","systemtime":"2022-02-08T07:58:15.398170Z","version":"0"},{"privilegelist":"SeAssignPrimaryTokenPrivilege\r\n\t\t\tSeTcbPrivilege\r\n\t\t\tSeSecurityPrivilege\r\n\t\t\tSeTakeOwnershipPrivilege\r\n\t\t\tSeLoadDriverPrivilege\r\n\t\t\tSeBackupPrivilege\r\n\t\t\tSeRestorePrivilege\r\n\t\t\tSeDebugPrivilege\r\n\t\t\tSeAuditPrivilege\r\n\t\t\tSeSystemEnvironmentPrivilege\r\n\t\t\tSeImpersonatePrivilege\r\n\t\t\tSeDelegateSessionUserImpersonatePrivilege","subjectdomainname":"NT AUTHORITY","subjectlogonid":"0x3e7","subjectusername":"SYSTEM","subjectusersid":"S-1-5-18","channel":"Security","computer":"DESKTOP-SSLS7P8","correlation_#attributes_activityid":"92462C6E-1CC1-0000-6A2D-4692C11CD801","eventid":"4672","eventrecordid":"1295","execution_#attributes_processid":"612","execution_#attributes_threadid":"660","keywords":"0x8020000000000000","level":"0","opcode":"0","provider_#attributes_guid":"54849625-5478-4994-A5BA-3E3B0328C30D","provider_#attributes_name":"Microsoft-Windows-Security-Auditing","security":"None","task":"12548","systemtime":"2022-02-08T07:58:13.952645Z","version":"0"},{"privilegelist":"SeAssignPrimaryTokenPrivilege\r\n\t\t\tSeTcbPrivilege\r\n\t\t\tSeSecurityPrivilege\r\n\t\t\tSeTakeOwnershipPrivilege\r\n\t\t\tSeLoadDriverPrivilege\r\n\t\t\tSeBackupPrivilege\r\n\t\t\tSeRestorePrivilege\r\n\t\t\tSeDebugPrivilege\r\n\t\t\tSeAuditPrivilege\r\n\t\t\tSeSystemEnvironmentPrivilege\r\n\t\t\tSeImpersonatePrivilege\r\n\t\t\tSeDelegateSessionUserImpersonatePrivilege","subjectdomainname":"NT AUTHORITY","subjectlogonid":"0x3e7","subjectusername":"SYSTEM","subjectusersid":"S-1-5-18","channel":"Security","computer":"DESKTOP-SSLS7P8","correlation_#attributes_activityid":"92462C6E-1CC1-0000-6A2D-4692C11CD801","eventid":"4672","eventrecordid":"1292","execution_#attributes_processid":"612","execution_#attributes_threadid":"700","keywords":"0x8020000000000000","level":"0","opcode":"0","provider_#attributes_guid":"54849625-5478-4994-A5BA-3E3B0328C30D","provider_#attributes_name":"Microsoft-Windows-Security-Auditing","security":"None","task":"12548","systemtime":"2022-02-08T07:58:13.404449Z","version":"0"},{"privilegelist":"SeAssignPrimaryTokenPrivilege\r\n\t\t\tSeTcbPrivilege\r\n\t\t\tSeSecurityPrivilege\r\n\t\t\tSeTakeOwnershipPrivilege\r\n\t\t\tSeLoadDriverPrivilege\r\n\t\t\tSeBackupPrivilege\r\n\t\t\tSeRestorePrivilege\r\n\t\t\tSeDebugPrivilege\r\n\t\t\tSeAuditPrivilege\r\n\t\t\tSeSystemEnvironmentPrivilege\r\n\t\t\tSeImpersonatePrivilege\r\n\t\t\tSeDelegateSessionUserImpersonatePrivilege","subjectdomainname":"NT AUTHORITY","subjectlogonid":"0x3e7","subjectusername":"SYSTEM","subjectusersid":"S-1-5-18","channel":"Security","computer":"DESKTOP-SSLS7P8","correlation_#attributes_activityid":"92462C6E-1CC1-0000-6A2D-4692C11CD801","eventid":"4672","eventrecordid":"1288","execution_#attributes_processid":"612","execution_#attributes_threadid":"700","keywords":"0x8020000000000000","level":"0","opcode":"0","provider_#attributes_guid":"54849625-5478-4994-A5BA-3E3B0328C30D","provider_#attributes_name":"Microsoft-Windows-Security-Auditing","security":"None","task":"12548","systemtime":"2022-02-08T07:58:12.912065Z","version":"0"},{"privilegelist":"SeAssignPrimaryTokenPrivilege\r\n\t\t\tSeTcbPrivilege\r\n\t\t\tSeSecurityPrivilege\r\n\t\t\tSeTakeOwnershipPrivilege\r\n\t\t\tSeLoadDriverPrivilege\r\n\t\t\tSeBackupPrivilege\r\n\t\t\tSeRestorePrivilege\r\n\t\t\tSeDebugPrivilege\r\n\t\t\tSeAuditPrivilege\r\n\t\t\tSeSystemEnvironmentPrivilege\r\n\t\t\tSeImpersonatePrivilege\r\n\t\t\tSeDelegateSessionUserImpersonatePrivilege","subjectdomainname":"NT AUTHORITY","subjectlogonid":"0x3e7","subjectusername":"SYSTEM","subjectusersid":"S-1-5-18","channel":"Security","computer":"DESKTOP-SSLS7P8","correlation_#attributes_activityid":"92462C6E-1CC1-0000-6A2D-4692C11CD801","eventid":"4672","eventrecordid":"1286","execution_#attributes_processid":"612","execution_#attributes_threadid":"700","keywords":"0x8020000000000000","level":"0","opcode":"0","provider_#attributes_guid":"54849625-5478-4994-A5BA-3E3B0328C30D","provider_#attributes_name":"Microsoft-Windows-Security-Auditing","security":"None","task":"12548","systemtime":"2022-02-08T07:58:12.903105Z","version":"0"},{"privilegelist":"SeAssignPrimaryTokenPrivilege\r\n\t\t\tSeTcbPrivilege\r\n\t\t\tSeSecurityPrivilege\r\n\t\t\tSeTakeOwnershipPrivilege\r\n\t\t\tSeLoadDriverPrivilege\r\n\t\t\tSeBackupPrivilege\r\n\t\t\tSeRestorePrivilege\r\n\t\t\tSeDebugPrivilege\r\n\t\t\tSeAuditPrivilege\r\n\t\t\tSeSystemEnvironmentPrivilege\r\n\t\t\tSeImpersonatePrivilege\r\n\t\t\tSeDelegateSessionUserImpersonatePrivilege","subjectdomainname":"NT AUTHORITY","subjectlogonid":"0x3e7","subjectusername":"SYSTEM","subjectusersid":"S-1-5-18","channel":"Security","computer":"DESKTOP-SSLS7P8","correlation_#attributes_activityid":"92462C6E-1CC1-0000-6A2D-4692C11CD801","eventid":"4672","eventrecordid":"1284","execution_#attributes_processid":"612","execution_#attributes_threadid":"700","keywords":"0x8020000000000000","level":"0","opcode":"0","provider_#attributes_guid":"54849625-5478-4994-A5BA-3E3B0328C30D","provider_#attributes_name":"Microsoft-Windows-Security-Auditing","security":"None","task":"12548","systemtime":"2022-02-08T07:58:12.888044Z","version":"0"},{"privilegelist":"SeAssignPrimaryTokenPrivilege\r\n\t\t\tSeTcbPrivilege\r\n\t\t\tSeSecurityPrivilege\r\n\t\t\tSeTakeOwnershipPrivilege\r\n\t\t\tSeLoadDriverPrivilege\r\n\t\t\tSeBackupPrivilege\r\n\t\t\tSeRestorePrivilege\r\n\t\t\tSeDebugPrivilege\r\n\t\t\tSeAuditPrivilege\r\n\t\t\tSeSystemEnvironmentPrivilege\r\n\t\t\tSeImpersonatePrivilege\r\n\t\t\tSeDelegateSessionUserImpersonatePrivilege","subjectdomainname":"NT AUTHORITY","subjectlogonid":"0x3e7","subjectusername":"SYSTEM","subjectusersid":"S-1-5-18","channel":"Security","computer":"DESKTOP-SSLS7P8","correlation_#attributes_activityid":"92462C6E-1CC1-0000-6A2D-4692C11CD801","eventid":"4672","eventrecordid":"1282","execution_#attributes_processid":"612","execution_#attributes_threadid":"700","keywords":"0x8020000000000000","level":"0","opcode":"0","provider_#attributes_guid":"54849625-5478-4994-A5BA-3E3B0328C30D","provider_#attributes_name":"Microsoft-Windows-Security-Auditing","security":"None","task":"12548","systemtime":"2022-02-08T07:58:12.847327Z","version":"0"},{"privilegelist":"SeAssignPrimaryTokenPrivilege\r\n\t\t\tSeTcbPrivilege\r\n\t\t\tSeSecurityPrivilege\r\n\t\t\tSeTakeOwnershipPrivilege\r\n\t\t\tSeLoadDriverPrivilege\r\n\t\t\tSeBackupPrivilege\r\n\t\t\tSeRestorePrivilege\r\n\t\t\tSeDebugPrivilege\r\n\t\t\tSeAuditPrivilege\r\n\t\t\tSeSystemEnvironmentPrivilege\r\n\t\t\tSeImpersonatePrivilege\r\n\t\t\tSeDelegateSessionUserImpersonatePrivilege","subjectdomainname":"NT AUTHORITY","subjectlogonid":"0x3e7","subjectusername":"SYSTEM","subjectusersid":"S-1-5-18","channel":"Security","computer":"DESKTOP-SSLS7P8","correlation_#attributes_activityid":"92462C6E-1CC1-0000-6A2D-4692C11CD801","eventid":"4672","eventrecordid":"1280","execution_#attributes_processid":"612","execution_#attributes_threadid":"700","keywords":"0x8020000000000000","level":"0","opcode":"0","provider_#attributes_guid":"54849625-5478-4994-A5BA-3E3B0328C30D","provider_#attributes_name":"Microsoft-Windows-Security-Auditing","security":"None","task":"12548","systemtime":"2022-02-08T07:58:12.823637Z","version":"0"},{"privilegelist":"SeAssignPrimaryTokenPrivilege\r\n\t\t\tSeTcbPrivilege\r\n\t\t\tSeSecurityPrivilege\r\n\t\t\tSeTakeOwnershipPrivilege\r\n\t\t\tSeLoadDriverPrivilege\r\n\t\t\tSeBackupPrivilege\r\n\t\t\tSeRestorePrivilege\r\n\t\t\tSeDebugPrivilege\r\n\t\t\tSeAuditPrivilege\r\n\t\t\tSeSystemEnvironmentPrivilege\r\n\t\t\tSeImpersonatePrivilege\r\n\t\t\tSeDelegateSessionUserImpersonatePrivilege","subjectdomainname":"NT AUTHORITY","subjectlogonid":"0x3e7","subjectusername":"SYSTEM","subjectusersid":"S-1-5-18","channel":"Security","computer":"DESKTOP-SSLS7P8","correlation_#attributes_activityid":"92462C6E-1CC1-0000-6A2D-4692C11CD801","eventid":"4672","eventrecordid":"1278","execution_#attributes_processid":"612","execution_#attributes_threadid":"700","keywords":"0x8020000000000000","level":"0","opcode":"0","provider_#attributes_guid":"54849625-5478-4994-A5BA-3E3B0328C30D","provider_#attributes_name":"Microsoft-Windows-Security-Auditing","security":"None","task":"12548","systemtime":"2022-02-08T07:58:12.809665Z","version":"0"},{"privilegelist":"SeAssignPrimaryTokenPrivilege\r\n\t\t\tSeTcbPrivilege\r\n\t\t\tSeSecurityPrivilege\r\n\t\t\tSeTakeOwnershipPrivilege\r\n\t\t\tSeLoadDriverPrivilege\r\n\t\t\tSeBackupPrivilege\r\n\t\t\tSeRestorePrivilege\r\n\t\t\tSeDebugPrivilege\r\n\t\t\tSeAuditPrivilege\r\n\t\t\tSeSystemEnvironmentPrivilege\r\n\t\t\tSeImpersonatePrivilege\r\n\t\t\tSeDelegateSessionUserImpersonatePrivilege","subjectdomainname":"NT AUTHORITY","subjectlogonid":"0x3e7","subjectusername":"SYSTEM","subjectusersid":"S-1-5-18","channel":"Security","computer":"DESKTOP-SSLS7P8","correlation_#attributes_activityid":"92462C6E-1CC1-0000-6A2D-4692C11CD801","eventid":"4672","eventrecordid":"1275","execution_#attributes_processid":"612","execution_#attributes_threadid":"700","keywords":"0x8020000000000000","level":"0","opcode":"0","provider_#attributes_guid":"54849625-5478-4994-A5BA-3E3B0328C30D","provider_#attributes_name":"Microsoft-Windows-Security-Auditing","security":"None","task":"12548","systemtime":"2022-02-08T07:58:12.308606Z","version":"0"},{"privilegelist":"SeAssignPrimaryTokenPrivilege\r\n\t\t\tSeTcbPrivilege\r\n\t\t\tSeSecurityPrivilege\r\n\t\t\tSeTakeOwnershipPrivilege\r\n\t\t\tSeLoadDriverPrivilege\r\n\t\t\tSeBackupPrivilege\r\n\t\t\tSeRestorePrivilege\r\n\t\t\tSeDebugPrivilege\r\n\t\t\tSeAuditPrivilege\r\n\t\t\tSeSystemEnvironmentPrivilege\r\n\t\t\tSeImpersonatePrivilege\r\n\t\t\tSeDelegateSessionUserImpersonatePrivilege","subjectdomainname":"NT AUTHORITY","subjectlogonid":"0x3e7","subjectusername":"SYSTEM","subjectusersid":"S-1-5-18","channel":"Security","computer":"DESKTOP-SSLS7P8","correlation_#attributes_activityid":"92462C6E-1CC1-0000-6A2D-4692C11CD801","eventid":"4672","eventrecordid":"1273","execution_#attributes_processid":"612","execution_#attributes_threadid":"700","keywords":"0x8020000000000000","level":"0","opcode":"0","provider_#attributes_guid":"54849625-5478-4994-A5BA-3E3B0328C30D","provider_#attributes_name":"Microsoft-Windows-Security-Auditing","security":"None","task":"12548","systemtime":"2022-02-08T07:58:12.082507Z","version":"0"},{"privilegelist":"SeAssignPrimaryTokenPrivilege\r\n\t\t\tSeTcbPrivilege\r\n\t\t\tSeSecurityPrivilege\r\n\t\t\tSeTakeOwnershipPrivilege\r\n\t\t\tSeLoadDriverPrivilege\r\n\t\t\tSeBackupPrivilege\r\n\t\t\tSeRestorePrivilege\r\n\t\t\tSeDebugPrivilege\r\n\t\t\tSeAuditPrivilege\r\n\t\t\tSeSystemEnvironmentPrivilege\r\n\t\t\tSeImpersonatePrivilege\r\n\t\t\tSeDelegateSessionUserImpersonatePrivilege","subjectdomainname":"NT AUTHORITY","subjectlogonid":"0x3e7","subjectusername":"SYSTEM","subjectusersid":"S-1-5-18","channel":"Security","computer":"DESKTOP-SSLS7P8","correlation_#attributes_activityid":"92462C6E-1CC1-0000-6A2D-4692C11CD801","eventid":"4672","eventrecordid":"1271","execution_#attributes_processid":"612","execution_#attributes_threadid":"700","keywords":"0x8020000000000000","level":"0","opcode":"0","provider_#attributes_guid":"54849625-5478-4994-A5BA-3E3B0328C30D","provider_#attributes_name":"Microsoft-Windows-Security-Auditing","security":"None","task":"12548","systemtime":"2022-02-08T07:58:11.916733Z","version":"0"},{"privilegelist":"SeAssignPrimaryTokenPrivilege\r\n\t\t\tSeTcbPrivilege\r\n\t\t\tSeSecurityPrivilege\r\n\t\t\tSeTakeOwnershipPrivilege\r\n\t\t\tSeLoadDriverPrivilege\r\n\t\t\tSeBackupPrivilege\r\n\t\t\tSeRestorePrivilege\r\n\t\t\tSeDebugPrivilege\r\n\t\t\tSeAuditPrivilege\r\n\t\t\tSeSystemEnvironmentPrivilege\r\n\t\t\tSeImpersonatePrivilege\r\n\t\t\tSeDelegateSessionUserImpersonatePrivilege","subjectdomainname":"NT AUTHORITY","subjectlogonid":"0x3e7","subjectusername":"SYSTEM","subjectusersid":"S-1-5-18","channel":"Security","computer":"DESKTOP-SSLS7P8","correlation_#attributes_activityid":"92462C6E-1CC1-0000-6A2D-4692C11CD801","eventid":"4672","eventrecordid":"1269","execution_#attributes_processid":"612","execution_#attributes_threadid":"700","keywords":"0x8020000000000000","level":"0","opcode":"0","provider_#attributes_guid":"54849625-5478-4994-A5BA-3E3B0328C30D","provider_#attributes_name":"Microsoft-Windows-Security-Auditing","security":"None","task":"12548","systemtime":"2022-02-08T07:58:11.367690Z","version":"0"},{"privilegelist":"SeAssignPrimaryTokenPrivilege\r\n\t\t\tSeTcbPrivilege\r\n\t\t\tSeSecurityPrivilege\r\n\t\t\tSeTakeOwnershipPrivilege\r\n\t\t\tSeLoadDriverPrivilege\r\n\t\t\tSeBackupPrivilege\r\n\t\t\tSeRestorePrivilege\r\n\t\t\tSeDebugPrivilege\r\n\t\t\tSeAuditPrivilege\r\n\t\t\tSeSystemEnvironmentPrivilege\r\n\t\t\tSeImpersonatePrivilege\r\n\t\t\tSeDelegateSessionUserImpersonatePrivilege","subjectdomainname":"NT AUTHORITY","subjectlogonid":"0x3e7","subjectusername":"SYSTEM","subjectusersid":"S-1-5-18","channel":"Security","computer":"DESKTOP-SSLS7P8","correlation_#attributes_activityid":"92462C6E-1CC1-0000-6A2D-4692C11CD801","eventid":"4672","eventrecordid":"1267","execution_#attributes_processid":"612","execution_#attributes_threadid":"700","keywords":"0x8020000000000000","level":"0","opcode":"0","provider_#attributes_guid":"54849625-5478-4994-A5BA-3E3B0328C30D","provider_#attributes_name":"Microsoft-Windows-Security-Auditing","security":"None","task":"12548","systemtime":"2022-02-08T07:58:11.321131Z","version":"0"},{"privilegelist":"SeAssignPrimaryTokenPrivilege\r\n\t\t\tSeTcbPrivilege\r\n\t\t\tSeSecurityPrivilege\r\n\t\t\tSeTakeOwnershipPrivilege\r\n\t\t\tSeLoadDriverPrivilege\r\n\t\t\tSeBackupPrivilege\r\n\t\t\tSeRestorePrivilege\r\n\t\t\tSeDebugPrivilege\r\n\t\t\tSeAuditPrivilege\r\n\t\t\tSeSystemEnvironmentPrivilege\r\n\t\t\tSeImpersonatePrivilege\r\n\t\t\tSeDelegateSessionUserImpersonatePrivilege","subjectdomainname":"NT AUTHORITY","subjectlogonid":"0x3e7","subjectusername":"SYSTEM","subjectusersid":"S-1-5-18","channel":"Security","computer":"DESKTOP-SSLS7P8","correlation_#attributes_activityid":"92462C6E-1CC1-0000-6A2D-4692C11CD801","eventid":"4672","eventrecordid":"1265","execution_#attributes_processid":"612","execution_#attributes_threadid":"700","keywords":"0x8020000000000000","level":"0","opcode":"0","provider_#attributes_guid":"54849625-5478-4994-A5BA-3E3B0328C30D","provider_#attributes_name":"Microsoft-Windows-Security-Auditing","security":"None","task":"12548","systemtime":"2022-02-08T07:58:10.912326Z","version":"0"},{"privilegelist":"SeAssignPrimaryTokenPrivilege\r\n\t\t\tSeTcbPrivilege\r\n\t\t\tSeSecurityPrivilege\r\n\t\t\tSeTakeOwnershipPrivilege\r\n\t\t\tSeLoadDriverPrivilege\r\n\t\t\tSeBackupPrivilege\r\n\t\t\tSeRestorePrivilege\r\n\t\t\tSeDebugPrivilege\r\n\t\t\tSeAuditPrivilege\r\n\t\t\tSeSystemEnvironmentPrivilege\r\n\t\t\tSeImpersonatePrivilege\r\n\t\t\tSeDelegateSessionUserImpersonatePrivilege","subjectdomainname":"NT AUTHORITY","subjectlogonid":"0x3e7","subjectusername":"SYSTEM","subjectusersid":"S-1-5-18","channel":"Security","computer":"DESKTOP-SSLS7P8","correlation_#attributes_activityid":"92462C6E-1CC1-0000-6A2D-4692C11CD801","eventid":"4672","eventrecordid":"1263","execution_#attributes_processid":"612","execution_#attributes_threadid":"700","keywords":"0x8020000000000000","level":"0","opcode":"0","provider_#attributes_guid":"54849625-5478-4994-A5BA-3E3B0328C30D","provider_#attributes_name":"Microsoft-Windows-Security-Auditing","security":"None","task":"12548","systemtime":"2022-02-08T07:58:10.724067Z","version":"0"},{"privilegelist":"SeAssignPrimaryTokenPrivilege\r\n\t\t\tSeTcbPrivilege\r\n\t\t\tSeSecurityPrivilege\r\n\t\t\tSeTakeOwnershipPrivilege\r\n\t\t\tSeLoadDriverPrivilege\r\n\t\t\tSeBackupPrivilege\r\n\t\t\tSeRestorePrivilege\r\n\t\t\tSeDebugPrivilege\r\n\t\t\tSeAuditPrivilege\r\n\t\t\tSeSystemEnvironmentPrivilege\r\n\t\t\tSeImpersonatePrivilege\r\n\t\t\tSeDelegateSessionUserImpersonatePrivilege","subjectdomainname":"NT AUTHORITY","subjectlogonid":"0x3e7","subjectusername":"SYSTEM","subjectusersid":"S-1-5-18","channel":"Security","computer":"DESKTOP-SSLS7P8","correlation_#attributes_activityid":"92462C6E-1CC1-0000-6A2D-4692C11CD801","eventid":"4672","eventrecordid":"1261","execution_#attributes_processid":"612","execution_#attributes_threadid":"700","keywords":"0x8020000000000000","level":"0","opcode":"0","provider_#attributes_guid":"54849625-5478-4994-A5BA-3E3B0328C30D","provider_#attributes_name":"Microsoft-Windows-Security-Auditing","security":"None","task":"12548","systemtime":"2022-02-08T07:58:10.683997Z","version":"0"},{"privilegelist":"SeAssignPrimaryTokenPrivilege\r\n\t\t\tSeAuditPrivilege\r\n\t\t\tSeImpersonatePrivilege","subjectdomainname":"NT AUTHORITY","subjectlogonid":"0x3e5","subjectusername":"LOCAL SERVICE","subjectusersid":"S-1-5-19","channel":"Security","computer":"DESKTOP-SSLS7P8","correlation_#attributes_activityid":"92462C6E-1CC1-0000-6A2D-4692C11CD801","eventid":"4672","eventrecordid":"1259","execution_#attributes_processid":"612","execution_#attributes_threadid":"700","keywords":"0x8020000000000000","level":"0","opcode":"0","provider_#attributes_guid":"54849625-5478-4994-A5BA-3E3B0328C30D","provider_#attributes_name":"Microsoft-Windows-Security-Auditing","security":"None","task":"12548","systemtime":"2022-02-08T07:58:10.589929Z","version":"0"},{"privilegelist":"SeAssignPrimaryTokenPrivilege\r\n\t\t\tSeAuditPrivilege","subjectdomainname":"Window Manager","subjectlogonid":"0xacb6","subjectusername":"DWM-1","subjectusersid":"S-1-5-90-0-1","channel":"Security","computer":"DESKTOP-SSLS7P8","correlation_#attributes_activityid":"92462C6E-1CC1-0000-6A2D-4692C11CD801","eventid":"4672","eventrecordid":"1257","execution_#attributes_processid":"612","execution_#attributes_threadid":"700","keywords":"0x8020000000000000","level":"0","opcode":"0","provider_#attributes_guid":"54849625-5478-4994-A5BA-3E3B0328C30D","provider_#attributes_name":"Microsoft-Windows-Security-Auditing","security":"None","task":"12548","systemtime":"2022-02-08T07:58:10.400189Z","version":"0"},{"privilegelist":"SeAssignPrimaryTokenPrivilege\r\n\t\t\tSeAuditPrivilege\r\n\t\t\tSeImpersonatePrivilege","subjectdomainname":"Window Manager","subjectlogonid":"0xaca4","subjectusername":"DWM-1","subjectusersid":"S-1-5-90-0-1","channel":"Security","computer":"DESKTOP-SSLS7P8","correlation_#attributes_activityid":"92462C6E-1CC1-0000-6A2D-4692C11CD801","eventid":"4672","eventrecordid":"1256","execution_#attributes_processid":"612","execution_#attributes_threadid":"700","keywords":"0x8020000000000000","level":"0","opcode":"0","provider_#attributes_guid":"54849625-5478-4994-A5BA-3E3B0328C30D","provider_#attributes_name":"Microsoft-Windows-Security-Auditing","security":"None","task":"12548","systemtime":"2022-02-08T07:58:10.400163Z","version":"0"},{"privilegelist":"SeAssignPrimaryTokenPrivilege\r\n\t\t\tSeTcbPrivilege\r\n\t\t\tSeSecurityPrivilege\r\n\t\t\tSeTakeOwnershipPrivilege\r\n\t\t\tSeLoadDriverPrivilege\r\n\t\t\tSeBackupPrivilege\r\n\t\t\tSeRestorePrivilege\r\n\t\t\tSeDebugPrivilege\r\n\t\t\tSeAuditPrivilege\r\n\t\t\tSeSystemEnvironmentPrivilege\r\n\t\t\tSeImpersonatePrivilege\r\n\t\t\tSeDelegateSessionUserImpersonatePrivilege","subjectdomainname":"NT AUTHORITY","subjectlogonid":"0x3e7","subjectusername":"SYSTEM","subjectusersid":"S-1-5-18","channel":"Security","computer":"DESKTOP-SSLS7P8","correlation_#attributes_activityid":"92462C6E-1CC1-0000-6A2D-4692C11CD801","eventid":"4672","eventrecordid":"1252","execution_#attributes_processid":"612","execution_#attributes_threadid":"640","keywords":"0x8020000000000000","level":"0","opcode":"0","provider_#attributes_guid":"54849625-5478-4994-A5BA-3E3B0328C30D","provider_#attributes_name":"Microsoft-Windows-Security-Auditing","security":"None","task":"12548","systemtime":"2022-02-08T07:58:10.315624Z","version":"0"},{"privilegelist":"SeAssignPrimaryTokenPrivilege\r\n\t\t\tSeAuditPrivilege\r\n\t\t\tSeImpersonatePrivilege","subjectdomainname":"NT AUTHORITY","subjectlogonid":"0x3e4","subjectusername":"NETWORK SERVICE","subjectusersid":"S-1-5-20","channel":"Security","computer":"DESKTOP-SSLS7P8","correlation_#attributes_activityid":"92462C6E-1CC1-0000-6A2D-4692C11CD801","eventid":"4672","eventrecordid":"1250","execution_#attributes_processid":"612","execution_#attributes_threadid":"660","keywords":"0x8020000000000000","level":"0","opcode":"0","provider_#attributes_guid":"54849625-5478-4994-A5BA-3E3B0328C30D","provider_#attributes_name":"Microsoft-Windows-Security-Auditing","security":"None","task":"12548","systemtime":"2022-02-08T07:58:09.840654Z","version":"0"},{"privilegelist":"SeAssignPrimaryTokenPrivilege\r\n\t\t\tSeTcbPrivilege\r\n\t\t\tSeSecurityPrivilege\r\n\t\t\tSeTakeOwnershipPrivilege\r\n\t\t\tSeLoadDriverPrivilege\r\n\t\t\tSeBackupPrivilege\r\n\t\t\tSeRestorePrivilege\r\n\t\t\tSeDebugPrivilege\r\n\t\t\tSeAuditPrivilege\r\n\t\t\tSeSystemEnvironmentPrivilege\r\n\t\t\tSeImpersonatePrivilege\r\n\t\t\tSeDelegateSessionUserImpersonatePrivilege","subjectdomainname":"NT AUTHORITY","subjectlogonid":"0x3e7","subjectusername":"SYSTEM","subjectusersid":"S-1-5-18","channel":"Security","computer":"DESKTOP-SSLS7P8","correlation_#attributes_activityid":"92462C6E-1CC1-0000-6A2D-4692C11CD801","eventid":"4672","eventrecordid":"1244","execution_#attributes_processid":"612","execution_#attributes_threadid":"660","keywords":"0x8020000000000000","level":"0","opcode":"0","provider_#attributes_guid":"54849625-5478-4994-A5BA-3E3B0328C30D","provider_#attributes_name":"Microsoft-Windows-Security-Auditing","security":"None","task":"12548","systemtime":"2022-02-08T07:58:09.651106Z","version":"0"},{"mandatorylabel":"S-1-16-16384","newprocessid":"0x264","newprocessname":"C:\\Windows\\System32\\lsass.exe","parentprocessname":"C:\\Windows\\System32\\wininit.exe","processid":"0x1e4","subjectlogonid":"0x3e7","subjectusersid":"S-1-5-18","targetlogonid":"0x0","targetusersid":"S-1-0-0","tokenelevationtype":"%%1936","channel":"Security","computer":"DESKTOP-SSLS7P8","correlation":"None","eventid":"4688","eventrecordid":"1239","execution_#attributes_processid":"4","execution_#attributes_threadid":"100","keywords":"0x8020000000000000","level":"0","opcode":"0","provider_#attributes_guid":"54849625-5478-4994-A5BA-3E3B0328C30D","provider_#attributes_name":"Microsoft-Windows-Security-Auditing","security":"None","task":"13312","systemtime":"2022-02-08T07:58:09.459136Z","version":"2"},{"mandatorylabel":"S-1-16-16384","newprocessid":"0x25c","newprocessname":"C:\\Windows\\System32\\services.exe","parentprocessname":"C:\\Windows\\System32\\wininit.exe","processid":"0x1e4","subjectlogonid":"0x3e7","subjectusersid":"S-1-5-18","targetlogonid":"0x0","targetusersid":"S-1-0-0","tokenelevationtype":"%%1936","channel":"Security","computer":"DESKTOP-SSLS7P8","correlation":"None","eventid":"4688","eventrecordid":"1238","execution_#attributes_processid":"4","execution_#attributes_threadid":"100","keywords":"0x8020000000000000","level":"0","opcode":"0","provider_#attributes_guid":"54849625-5478-4994-A5BA-3E3B0328C30D","provider_#attributes_name":"Microsoft-Windows-Security-Auditing","security":"None","task":"13312","systemtime":"2022-02-08T07:58:09.459133Z","version":"2"},{"mandatorylabel":"S-1-16-16384","newprocessid":"0x228","newprocessname":"C:\\Windows\\System32\\winlogon.exe","parentprocessname":"C:\\Windows\\System32\\smss.exe","processid":"0x1dc","subjectlogonid":"0x3e7","subjectusersid":"S-1-5-18","targetlogonid":"0x0","targetusersid":"S-1-0-0","tokenelevationtype":"%%1936","channel":"Security","computer":"DESKTOP-SSLS7P8","correlation":"None","eventid":"4688","eventrecordid":"1237","execution_#attributes_processid":"4","execution_#attributes_threadid":"100","keywords":"0x8020000000000000","level":"0","opcode":"0","provider_#attributes_guid":"54849625-5478-4994-A5BA-3E3B0328C30D","provider_#attributes_name":"Microsoft-Windows-Security-Auditing","security":"None","task":"13312","systemtime":"2022-02-08T07:58:09.384532Z","version":"2"},{"mandatorylabel":"S-1-16-16384","newprocessid":"0x1ec","newprocessname":"C:\\Windows\\System32\\csrss.exe","parentprocessname":"C:\\Windows\\System32\\smss.exe","processid":"0x1dc","subjectlogonid":"0x3e7","subjectusersid":"S-1-5-18","targetlogonid":"0x0","targetusersid":"S-1-0-0","tokenelevationtype":"%%1936","channel":"Security","computer":"DESKTOP-SSLS7P8","correlation":"None","eventid":"4688","eventrecordid":"1236","execution_#attributes_processid":"4","execution_#attributes_threadid":"100","keywords":"0x8020000000000000","level":"0","opcode":"0","provider_#attributes_guid":"54849625-5478-4994-A5BA-3E3B0328C30D","provider_#attributes_name":"Microsoft-Windows-Security-Auditing","security":"None","task":"13312","systemtime":"2022-02-08T07:58:09.354191Z","version":"2"},{"mandatorylabel":"S-1-16-16384","newprocessid":"0x1e4","newprocessname":"C:\\Windows\\System32\\wininit.exe","parentprocessname":"C:\\Windows\\System32\\smss.exe","processid":"0x194","subjectlogonid":"0x3e7","subjectusersid":"S-1-5-18","targetlogonid":"0x0","targetusersid":"S-1-0-0","tokenelevationtype":"%%1936","channel":"Security","computer":"DESKTOP-SSLS7P8","correlation":"None","eventid":"4688","eventrecordid":"1235","execution_#attributes_processid":"4","execution_#attributes_threadid":"196","keywords":"0x8020000000000000","level":"0","opcode":"0","provider_#attributes_guid":"54849625-5478-4994-A5BA-3E3B0328C30D","provider_#attributes_name":"Microsoft-Windows-Security-Auditing","security":"None","task":"13312","systemtime":"2022-02-08T07:58:09.348181Z","version":"2"},{"mandatorylabel":"S-1-16-16384","newprocessid":"0x1dc","newprocessname":"C:\\Windows\\System32\\smss.exe","parentprocessname":"C:\\Windows\\System32\\smss.exe","processid":"0x13c","subjectlogonid":"0x3e7","subjectusersid":"S-1-5-18","targetlogonid":"0x0","targetusersid":"S-1-0-0","tokenelevationtype":"%%1936","channel":"Security","computer":"DESKTOP-SSLS7P8","correlation":"None","eventid":"4688","eventrecordid":"1234","execution_#attributes_processid":"4","execution_#attributes_threadid":"196","keywords":"0x8020000000000000","level":"0","opcode":"0","provider_#attributes_guid":"54849625-5478-4994-A5BA-3E3B0328C30D","provider_#attributes_name":"Microsoft-Windows-Security-Auditing","security":"None","task":"13312","systemtime":"2022-02-08T07:58:09.347039Z","version":"2"},{"mandatorylabel":"S-1-16-16384","newprocessid":"0x1a0","newprocessname":"C:\\Windows\\System32\\csrss.exe","parentprocessname":"C:\\Windows\\System32\\smss.exe","processid":"0x194","subjectlogonid":"0x3e7","subjectusersid":"S-1-5-18","targetlogonid":"0x0","targetusersid":"S-1-0-0","tokenelevationtype":"%%1936","channel":"Security","computer":"DESKTOP-SSLS7P8","correlation":"None","eventid":"4688","eventrecordid":"1233","execution_#attributes_processid":"4","execution_#attributes_threadid":"100","keywords":"0x8020000000000000","level":"0","opcode":"0","provider_#attributes_guid":"54849625-5478-4994-A5BA-3E3B0328C30D","provider_#attributes_name":"Microsoft-Windows-Security-Auditing","security":"None","task":"13312","systemtime":"2022-02-08T07:58:09.244092Z","version":"2"},{"mandatorylabel":"S-1-16-16384","newprocessid":"0x194","newprocessname":"C:\\Windows\\System32\\smss.exe","parentprocessname":"C:\\Windows\\System32\\smss.exe","processid":"0x13c","subjectlogonid":"0x3e7","subjectusersid":"S-1-5-18","targetlogonid":"0x0","targetusersid":"S-1-0-0","tokenelevationtype":"%%1936","channel":"Security","computer":"DESKTOP-SSLS7P8","correlation":"None","eventid":"4688","eventrecordid":"1232","execution_#attributes_processid":"4","execution_#attributes_threadid":"100","keywords":"0x8020000000000000","level":"0","opcode":"0","provider_#attributes_guid":"54849625-5478-4994-A5BA-3E3B0328C30D","provider_#attributes_name":"Microsoft-Windows-Security-Auditing","security":"None","task":"13312","systemtime":"2022-02-08T07:58:09.113142Z","version":"2"},{"mandatorylabel":"S-1-16-16384","newprocessid":"0x15c","newprocessname":"C:\\Windows\\System32\\autochk.exe","parentprocessname":"C:\\Windows\\System32\\smss.exe","processid":"0x13c","subjectlogonid":"0x3e7","subjectusersid":"S-1-5-18","targetlogonid":"0x0","targetusersid":"S-1-0-0","tokenelevationtype":"%%1936","channel":"Security","computer":"DESKTOP-SSLS7P8","correlation":"None","eventid":"4688","eventrecordid":"1231","execution_#attributes_processid":"4","execution_#attributes_threadid":"92","keywords":"0x8020000000000000","level":"0","opcode":"0","provider_#attributes_guid":"54849625-5478-4994-A5BA-3E3B0328C30D","provider_#attributes_name":"Microsoft-Windows-Security-Auditing","security":"None","task":"13312","systemtime":"2022-02-08T07:58:04.787291Z","version":"2"},{"mandatorylabel":"S-1-16-16384","newprocessid":"0x13c","newprocessname":"C:\\Windows\\System32\\smss.exe","processid":"0x4","subjectlogonid":"0x3e7","subjectusersid":"S-1-5-18","targetlogonid":"0x0","targetusersid":"S-1-0-0","tokenelevationtype":"%%1936","channel":"Security","computer":"DESKTOP-SSLS7P8","correlation":"None","eventid":"4688","eventrecordid":"1230","execution_#attributes_processid":"4","execution_#attributes_threadid":"92","keywords":"0x8020000000000000","level":"0","opcode":"0","provider_#attributes_guid":"54849625-5478-4994-A5BA-3E3B0328C30D","provider_#attributes_name":"Microsoft-Windows-Security-Auditing","security":"None","task":"13312","systemtime":"2022-02-08T07:57:56.840359Z","version":"2"},{"mandatorylabel":"S-1-16-16384","newprocessid":"0x48","newprocessname":"Registry","processid":"0x4","subjectlogonid":"0x3e7","subjectusersid":"S-1-5-18","targetlogonid":"0x0","targetusersid":"S-1-0-0","tokenelevationtype":"%%1936","channel":"Security","computer":"DESKTOP-SSLS7P8","correlation":"None","eventid":"4688","eventrecordid":"1227","execution_#attributes_processid":"4","execution_#attributes_threadid":"92","keywords":"0x8020000000000000","level":"0","opcode":"0","provider_#attributes_guid":"54849625-5478-4994-A5BA-3E3B0328C30D","provider_#attributes_name":"Microsoft-Windows-Security-Auditing","security":"None","task":"13312","systemtime":"2022-02-08T07:57:56.840345Z","version":"2"},{"privilegelist":"SeAssignPrimaryTokenPrivilege\r\n\t\t\tSeTcbPrivilege\r\n\t\t\tSeSecurityPrivilege\r\n\t\t\tSeTakeOwnershipPrivilege\r\n\t\t\tSeLoadDriverPrivilege\r\n\t\t\tSeBackupPrivilege\r\n\t\t\tSeRestorePrivilege\r\n\t\t\tSeDebugPrivilege\r\n\t\t\tSeAuditPrivilege\r\n\t\t\tSeSystemEnvironmentPrivilege\r\n\t\t\tSeImpersonatePrivilege\r\n\t\t\tSeDelegateSessionUserImpersonatePrivilege","subjectdomainname":"NT AUTHORITY","subjectlogonid":"0x3e7","subjectusername":"SYSTEM","subjectusersid":"S-1-5-18","channel":"Security","computer":"DESKTOP-SSLS7P8","correlation_#attributes_activityid":"92462C6E-1CC1-0000-6A2D-4692C11CD801","eventid":"4672","eventrecordid":"1377","execution_#attributes_processid":"612","execution_#attributes_threadid":"700","keywords":"0x8020000000000000","level":"0","opcode":"0","provider_#attributes_guid":"54849625-5478-4994-A5BA-3E3B0328C30D","provider_#attributes_name":"Microsoft-Windows-Security-Auditing","security":"None","task":"12548","systemtime":"2022-02-08T07:59:27.102530Z","version":"0"},{"privilegelist":"SeAssignPrimaryTokenPrivilege\r\n\t\t\tSeTcbPrivilege\r\n\t\t\tSeSecurityPrivilege\r\n\t\t\tSeTakeOwnershipPrivilege\r\n\t\t\tSeLoadDriverPrivilege\r\n\t\t\tSeBackupPrivilege\r\n\t\t\tSeRestorePrivilege\r\n\t\t\tSeDebugPrivilege\r\n\t\t\tSeAuditPrivilege\r\n\t\t\tSeSystemEnvironmentPrivilege\r\n\t\t\tSeImpersonatePrivilege\r\n\t\t\tSeDelegateSessionUserImpersonatePrivilege","subjectdomainname":"NT AUTHORITY","subjectlogonid":"0x3e7","subjectusername":"SYSTEM","subjectusersid":"S-1-5-18","channel":"Security","computer":"DESKTOP-SSLS7P8","correlation_#attributes_activityid":"92462C6E-1CC1-0000-6A2D-4692C11CD801","eventid":"4672","eventrecordid":"1369","execution_#attributes_processid":"612","execution_#attributes_threadid":"3844","keywords":"0x8020000000000000","level":"0","opcode":"0","provider_#attributes_guid":"54849625-5478-4994-A5BA-3E3B0328C30D","provider_#attributes_name":"Microsoft-Windows-Security-Auditing","security":"None","task":"12548","systemtime":"2022-02-08T07:59:14.840407Z","version":"0"},{"privilegelist":"SeAssignPrimaryTokenPrivilege\r\n\t\t\tSeTcbPrivilege\r\n\t\t\tSeSecurityPrivilege\r\n\t\t\tSeTakeOwnershipPrivilege\r\n\t\t\tSeLoadDriverPrivilege\r\n\t\t\tSeBackupPrivilege\r\n\t\t\tSeRestorePrivilege\r\n\t\t\tSeDebugPrivilege\r\n\t\t\tSeAuditPrivilege\r\n\t\t\tSeSystemEnvironmentPrivilege\r\n\t\t\tSeImpersonatePrivilege\r\n\t\t\tSeDelegateSessionUserImpersonatePrivilege","subjectdomainname":"NT AUTHORITY","subjectlogonid":"0x3e7","subjectusername":"SYSTEM","subjectusersid":"S-1-5-18","channel":"Security","computer":"DESKTOP-SSLS7P8","correlation_#attributes_activityid":"92462C6E-1CC1-0000-6A2D-4692C11CD801","eventid":"4672","eventrecordid":"1363","execution_#attributes_processid":"612","execution_#attributes_threadid":"3844","keywords":"0x8020000000000000","level":"0","opcode":"0","provider_#attributes_guid":"54849625-5478-4994-A5BA-3E3B0328C30D","provider_#attributes_name":"Microsoft-Windows-Security-Auditing","security":"None","task":"12548","systemtime":"2022-02-08T07:59:13.898959Z","version":"0"},{"privilegelist":"SeAssignPrimaryTokenPrivilege\r\n\t\t\tSeTcbPrivilege\r\n\t\t\tSeSecurityPrivilege\r\n\t\t\tSeTakeOwnershipPrivilege\r\n\t\t\tSeLoadDriverPrivilege\r\n\t\t\tSeBackupPrivilege\r\n\t\t\tSeRestorePrivilege\r\n\t\t\tSeDebugPrivilege\r\n\t\t\tSeAuditPrivilege\r\n\t\t\tSeSystemEnvironmentPrivilege\r\n\t\t\tSeImpersonatePrivilege\r\n\t\t\tSeDelegateSessionUserImpersonatePrivilege","subjectdomainname":"NT AUTHORITY","subjectlogonid":"0x3e7","subjectusername":"SYSTEM","subjectusersid":"S-1-5-18","channel":"Security","computer":"DESKTOP-SSLS7P8","correlation_#attributes_activityid":"92462C6E-1CC1-0000-6A2D-4692C11CD801","eventid":"4672","eventrecordid":"1357","execution_#attributes_processid":"612","execution_#attributes_threadid":"700","keywords":"0x8020000000000000","level":"0","opcode":"0","provider_#attributes_guid":"54849625-5478-4994-A5BA-3E3B0328C30D","provider_#attributes_name":"Microsoft-Windows-Security-Auditing","security":"None","task":"12548","systemtime":"2022-02-08T07:59:12.384619Z","version":"0"},{"privilegelist":"SeAssignPrimaryTokenPrivilege\r\n\t\t\tSeTcbPrivilege\r\n\t\t\tSeSecurityPrivilege\r\n\t\t\tSeTakeOwnershipPrivilege\r\n\t\t\tSeLoadDriverPrivilege\r\n\t\t\tSeBackupPrivilege\r\n\t\t\tSeRestorePrivilege\r\n\t\t\tSeDebugPrivilege\r\n\t\t\tSeAuditPrivilege\r\n\t\t\tSeSystemEnvironmentPrivilege\r\n\t\t\tSeImpersonatePrivilege\r\n\t\t\tSeDelegateSessionUserImpersonatePrivilege","subjectdomainname":"NT AUTHORITY","subjectlogonid":"0x3e7","subjectusername":"SYSTEM","subjectusersid":"S-1-5-18","channel":"Security","computer":"DESKTOP-SSLS7P8","correlation_#attributes_activityid":"92462C6E-1CC1-0000-6A2D-4692C11CD801","eventid":"4672","eventrecordid":"1349","execution_#attributes_processid":"612","execution_#attributes_threadid":"3844","keywords":"0x8020000000000000","level":"0","opcode":"0","provider_#attributes_guid":"54849625-5478-4994-A5BA-3E3B0328C30D","provider_#attributes_name":"Microsoft-Windows-Security-Auditing","security":"None","task":"12548","systemtime":"2022-02-08T07:59:06.040237Z","version":"0"},{"privilegelist":"SeSecurityPrivilege\r\n\t\t\tSeTakeOwnershipPrivilege\r\n\t\t\tSeLoadDriverPrivilege\r\n\t\t\tSeBackupPrivilege\r\n\t\t\tSeRestorePrivilege\r\n\t\t\tSeDebugPrivilege\r\n\t\t\tSeSystemEnvironmentPrivilege\r\n\t\t\tSeImpersonatePrivilege\r\n\t\t\tSeDelegateSessionUserImpersonatePrivilege","subjectdomainname":"DESKTOP-SSLS7P8","subjectlogonid":"0x527f3","subjectusername":"Beari","subjectusersid":"S-1-5-21-579902187-2111267414-338501868-1001","channel":"Security","computer":"DESKTOP-SSLS7P8","correlation_#attributes_activityid":"92462C6E-1CC1-0000-6A2D-4692C11CD801","eventid":"4672","eventrecordid":"1343","execution_#attributes_processid":"612","execution_#attributes_threadid":"660","keywords":"0x8020000000000000","level":"0","opcode":"0","provider_#attributes_guid":"54849625-5478-4994-A5BA-3E3B0328C30D","provider_#attributes_name":"Microsoft-Windows-Security-Auditing","security":"None","task":"12548","systemtime":"2022-02-08T07:59:03.853273Z","version":"0"},{"privilegelist":"SeAssignPrimaryTokenPrivilege\r\n\t\t\tSeTcbPrivilege\r\n\t\t\tSeSecurityPrivilege\r\n\t\t\tSeTakeOwnershipPrivilege\r\n\t\t\tSeLoadDriverPrivilege\r\n\t\t\tSeBackupPrivilege\r\n\t\t\tSeRestorePrivilege\r\n\t\t\tSeDebugPrivilege\r\n\t\t\tSeAuditPrivilege\r\n\t\t\tSeSystemEnvironmentPrivilege\r\n\t\t\tSeImpersonatePrivilege\r\n\t\t\tSeDelegateSessionUserImpersonatePrivilege","subjectdomainname":"NT AUTHORITY","subjectlogonid":"0x3e7","subjectusername":"SYSTEM","subjectusersid":"S-1-5-18","channel":"Security","computer":"DESKTOP-SSLS7P8","correlation_#attributes_activityid":"92462C6E-1CC1-0000-6A2D-4692C11CD801","eventid":"4672","eventrecordid":"1339","execution_#attributes_processid":"612","execution_#attributes_threadid":"3844","keywords":"0x8020000000000000","level":"0","opcode":"0","provider_#attributes_guid":"54849625-5478-4994-A5BA-3E3B0328C30D","provider_#attributes_name":"Microsoft-Windows-Security-Auditing","security":"None","task":"12548","systemtime":"2022-02-08T07:58:59.243786Z","version":"0"},{"privilegelist":"SeAssignPrimaryTokenPrivilege\r\n\t\t\tSeTcbPrivilege\r\n\t\t\tSeSecurityPrivilege\r\n\t\t\tSeTakeOwnershipPrivilege\r\n\t\t\tSeLoadDriverPrivilege\r\n\t\t\tSeBackupPrivilege\r\n\t\t\tSeRestorePrivilege\r\n\t\t\tSeDebugPrivilege\r\n\t\t\tSeAuditPrivilege\r\n\t\t\tSeSystemEnvironmentPrivilege\r\n\t\t\tSeImpersonatePrivilege\r\n\t\t\tSeDelegateSessionUserImpersonatePrivilege","subjectdomainname":"NT AUTHORITY","subjectlogonid":"0x3e7","subjectusername":"SYSTEM","subjectusersid":"S-1-5-18","channel":"Security","computer":"DESKTOP-SSLS7P8","correlation_#attributes_activityid":"92462C6E-1CC1-0000-6A2D-4692C11CD801","eventid":"4672","eventrecordid":"1308","execution_#attributes_processid":"612","execution_#attributes_threadid":"660","keywords":"0x8020000000000000","level":"0","opcode":"0","provider_#attributes_guid":"54849625-5478-4994-A5BA-3E3B0328C30D","provider_#attributes_name":"Microsoft-Windows-Security-Auditing","security":"None","task":"12548","systemtime":"2022-02-08T07:58:46.775286Z","version":"0"},{"privilegelist":"SeAssignPrimaryTokenPrivilege\r\n\t\t\tSeTcbPrivilege\r\n\t\t\tSeSecurityPrivilege\r\n\t\t\tSeTakeOwnershipPrivilege\r\n\t\t\tSeLoadDriverPrivilege\r\n\t\t\tSeBackupPrivilege\r\n\t\t\tSeRestorePrivilege\r\n\t\t\tSeDebugPrivilege\r\n\t\t\tSeAuditPrivilege\r\n\t\t\tSeSystemEnvironmentPrivilege\r\n\t\t\tSeImpersonatePrivilege\r\n\t\t\tSeDelegateSessionUserImpersonatePrivilege","subjectdomainname":"NT AUTHORITY","subjectlogonid":"0x3e7","subjectusername":"SYSTEM","subjectusersid":"S-1-5-18","channel":"Security","computer":"DESKTOP-SSLS7P8","correlation_#attributes_activityid":"92462C6E-1CC1-0000-6A2D-4692C11CD801","eventid":"4672","eventrecordid":"1303","execution_#attributes_processid":"612","execution_#attributes_threadid":"660","keywords":"0x8020000000000000","level":"0","opcode":"0","provider_#attributes_guid":"54849625-5478-4994-A5BA-3E3B0328C30D","provider_#attributes_name":"Microsoft-Windows-Security-Auditing","security":"None","task":"12548","systemtime":"2022-02-08T07:58:28.732011Z","version":"0"},{"privilegelist":"SeAssignPrimaryTokenPrivilege\r\n\t\t\tSeTcbPrivilege\r\n\t\t\tSeSecurityPrivilege\r\n\t\t\tSeTakeOwnershipPrivilege\r\n\t\t\tSeLoadDriverPrivilege\r\n\t\t\tSeBackupPrivilege\r\n\t\t\tSeRestorePrivilege\r\n\t\t\tSeDebugPrivilege\r\n\t\t\tSeAuditPrivilege\r\n\t\t\tSeSystemEnvironmentPrivilege\r\n\t\t\tSeImpersonatePrivilege\r\n\t\t\tSeDelegateSessionUserImpersonatePrivilege","subjectdomainname":"NT AUTHORITY","subjectlogonid":"0x3e7","subjectusername":"SYSTEM","subjectusersid":"S-1-5-18","channel":"Security","computer":"DESKTOP-SSLS7P8","correlation_#attributes_activityid":"92462C6E-1CC1-0000-6A2D-4692C11CD801","eventid":"4672","eventrecordid":"1476","execution_#attributes_processid":"612","execution_#attributes_threadid":"7048","keywords":"0x8020000000000000","level":"0","opcode":"0","provider_#attributes_guid":"54849625-5478-4994-A5BA-3E3B0328C30D","provider_#attributes_name":"Microsoft-Windows-Security-Auditing","security":"None","task":"12548","systemtime":"2022-02-08T08:03:50.248468Z","version":"0"},{"privilegelist":"SeAssignPrimaryTokenPrivilege\r\n\t\t\tSeTcbPrivilege\r\n\t\t\tSeSecurityPrivilege\r\n\t\t\tSeTakeOwnershipPrivilege\r\n\t\t\tSeLoadDriverPrivilege\r\n\t\t\tSeBackupPrivilege\r\n\t\t\tSeRestorePrivilege\r\n\t\t\tSeDebugPrivilege\r\n\t\t\tSeAuditPrivilege\r\n\t\t\tSeSystemEnvironmentPrivilege\r\n\t\t\tSeImpersonatePrivilege\r\n\t\t\tSeDelegateSessionUserImpersonatePrivilege","subjectdomainname":"NT AUTHORITY","subjectlogonid":"0x3e7","subjectusername":"SYSTEM","subjectusersid":"S-1-5-18","channel":"Security","computer":"DESKTOP-SSLS7P8","correlation_#attributes_activityid":"92462C6E-1CC1-0000-6A2D-4692C11CD801","eventid":"4672","eventrecordid":"1473","execution_#attributes_processid":"612","execution_#attributes_threadid":"7048","keywords":"0x8020000000000000","level":"0","opcode":"0","provider_#attributes_guid":"54849625-5478-4994-A5BA-3E3B0328C30D","provider_#attributes_name":"Microsoft-Windows-Security-Auditing","security":"None","task":"12548","systemtime":"2022-02-08T08:03:34.279395Z","version":"0"},{"privilegelist":"SeAssignPrimaryTokenPrivilege\r\n\t\t\tSeTcbPrivilege\r\n\t\t\tSeSecurityPrivilege\r\n\t\t\tSeTakeOwnershipPrivilege\r\n\t\t\tSeLoadDriverPrivilege\r\n\t\t\tSeBackupPrivilege\r\n\t\t\tSeRestorePrivilege\r\n\t\t\tSeDebugPrivilege\r\n\t\t\tSeAuditPrivilege\r\n\t\t\tSeSystemEnvironmentPrivilege\r\n\t\t\tSeImpersonatePrivilege\r\n\t\t\tSeDelegateSessionUserImpersonatePrivilege","subjectdomainname":"NT AUTHORITY","subjectlogonid":"0x3e7","subjectusername":"SYSTEM","subjectusersid":"S-1-5-18","channel":"Security","computer":"DESKTOP-SSLS7P8","correlation_#attributes_activityid":"92462C6E-1CC1-0000-6A2D-4692C11CD801","eventid":"4672","eventrecordid":"1464","execution_#attributes_processid":"612","execution_#attributes_threadid":"700","keywords":"0x8020000000000000","level":"0","opcode":"0","provider_#attributes_guid":"54849625-5478-4994-A5BA-3E3B0328C30D","provider_#attributes_name":"Microsoft-Windows-Security-Auditing","security":"None","task":"12548","systemtime":"2022-02-08T08:03:27.132068Z","version":"0"},{"privilegelist":"SeAssignPrimaryTokenPrivilege\r\n\t\t\tSeTcbPrivilege\r\n\t\t\tSeSecurityPrivilege\r\n\t\t\tSeTakeOwnershipPrivilege\r\n\t\t\tSeLoadDriverPrivilege\r\n\t\t\tSeBackupPrivilege\r\n\t\t\tSeRestorePrivilege\r\n\t\t\tSeDebugPrivilege\r\n\t\t\tSeAuditPrivilege\r\n\t\t\tSeSystemEnvironmentPrivilege\r\n\t\t\tSeImpersonatePrivilege\r\n\t\t\tSeDelegateSessionUserImpersonatePrivilege","subjectdomainname":"NT AUTHORITY","subjectlogonid":"0x3e7","subjectusername":"SYSTEM","subjectusersid":"S-1-5-18","channel":"Security","computer":"DESKTOP-SSLS7P8","correlation_#attributes_activityid":"92462C6E-1CC1-0000-6A2D-4692C11CD801","eventid":"4672","eventrecordid":"1451","execution_#attributes_processid":"612","execution_#attributes_threadid":"700","keywords":"0x8020000000000000","level":"0","opcode":"0","provider_#attributes_guid":"54849625-5478-4994-A5BA-3E3B0328C30D","provider_#attributes_name":"Microsoft-Windows-Security-Auditing","security":"None","task":"12548","systemtime":"2022-02-08T08:03:09.006960Z","version":"0"},{"privilegelist":"SeAssignPrimaryTokenPrivilege\r\n\t\t\tSeTcbPrivilege\r\n\t\t\tSeSecurityPrivilege\r\n\t\t\tSeTakeOwnershipPrivilege\r\n\t\t\tSeLoadDriverPrivilege\r\n\t\t\tSeBackupPrivilege\r\n\t\t\tSeRestorePrivilege\r\n\t\t\tSeDebugPrivilege\r\n\t\t\tSeAuditPrivilege\r\n\t\t\tSeSystemEnvironmentPrivilege\r\n\t\t\tSeImpersonatePrivilege\r\n\t\t\tSeDelegateSessionUserImpersonatePrivilege","subjectdomainname":"NT AUTHORITY","subjectlogonid":"0x3e7","subjectusername":"SYSTEM","subjectusersid":"S-1-5-18","channel":"Security","computer":"DESKTOP-SSLS7P8","correlation_#attributes_activityid":"92462C6E-1CC1-0000-6A2D-4692C11CD801","eventid":"4672","eventrecordid":"1442","execution_#attributes_processid":"612","execution_#attributes_threadid":"700","keywords":"0x8020000000000000","level":"0","opcode":"0","provider_#attributes_guid":"54849625-5478-4994-A5BA-3E3B0328C30D","provider_#attributes_name":"Microsoft-Windows-Security-Auditing","security":"None","task":"12548","systemtime":"2022-02-08T08:02:13.473955Z","version":"0"},{"privilegelist":"SeAssignPrimaryTokenPrivilege\r\n\t\t\tSeTcbPrivilege\r\n\t\t\tSeSecurityPrivilege\r\n\t\t\tSeTakeOwnershipPrivilege\r\n\t\t\tSeLoadDriverPrivilege\r\n\t\t\tSeBackupPrivilege\r\n\t\t\tSeRestorePrivilege\r\n\t\t\tSeDebugPrivilege\r\n\t\t\tSeAuditPrivilege\r\n\t\t\tSeSystemEnvironmentPrivilege\r\n\t\t\tSeImpersonatePrivilege\r\n\t\t\tSeDelegateSessionUserImpersonatePrivilege","subjectdomainname":"NT AUTHORITY","subjectlogonid":"0x3e7","subjectusername":"SYSTEM","subjectusersid":"S-1-5-18","channel":"Security","computer":"DESKTOP-SSLS7P8","correlation_#attributes_activityid":"92462C6E-1CC1-0000-6A2D-4692C11CD801","eventid":"4672","eventrecordid":"1440","execution_#attributes_processid":"612","execution_#attributes_threadid":"7048","keywords":"0x8020000000000000","level":"0","opcode":"0","provider_#attributes_guid":"54849625-5478-4994-A5BA-3E3B0328C30D","provider_#attributes_name":"Microsoft-Windows-Security-Auditing","security":"None","task":"12548","systemtime":"2022-02-08T08:01:59.528564Z","version":"0"},{"privilegelist":"SeAssignPrimaryTokenPrivilege\r\n\t\t\tSeTcbPrivilege\r\n\t\t\tSeSecurityPrivilege\r\n\t\t\tSeTakeOwnershipPrivilege\r\n\t\t\tSeLoadDriverPrivilege\r\n\t\t\tSeBackupPrivilege\r\n\t\t\tSeRestorePrivilege\r\n\t\t\tSeDebugPrivilege\r\n\t\t\tSeAuditPrivilege\r\n\t\t\tSeSystemEnvironmentPrivilege\r\n\t\t\tSeImpersonatePrivilege\r\n\t\t\tSeDelegateSessionUserImpersonatePrivilege","subjectdomainname":"NT AUTHORITY","subjectlogonid":"0x3e7","subjectusername":"SYSTEM","subjectusersid":"S-1-5-18","channel":"Security","computer":"DESKTOP-SSLS7P8","correlation_#attributes_activityid":"92462C6E-1CC1-0000-6A2D-4692C11CD801","eventid":"4672","eventrecordid":"1438","execution_#attributes_processid":"612","execution_#attributes_threadid":"7048","keywords":"0x8020000000000000","level":"0","opcode":"0","provider_#attributes_guid":"54849625-5478-4994-A5BA-3E3B0328C30D","provider_#attributes_name":"Microsoft-Windows-Security-Auditing","security":"None","task":"12548","systemtime":"2022-02-08T08:01:56.723368Z","version":"0"},