{"privilegelist":"SeAssignPrimaryTokenPrivilege\r\n\t\t\tSeTcbPrivilege\r\n\t\t\tSeSecurityPrivilege\r\n\t\t\tSeTakeOwnershipPrivilege\r\n\t\t\tSeLoadDriverPrivilege\r\n\t\t\tSeBackupPrivilege\r\n\t\t\tSeRestorePrivilege\r\n\t\t\tSeDebugPrivilege\r\n\t\t\tSeAuditPrivilege\r\n\t\t\tSeSystemEnvironmentPrivilege\r\n\t\t\tSeImpersonatePrivilege\r\n\t\t\tSeDelegateSessionUserImpersonatePrivilege","subjectdomainname":"NT AUTHORITY","subjectlogonid":"0x3e7","subjectusername":"SYSTEM","subjectusersid":"S-1-5-18","channel":"Security","computer":"DESKTOP-SSLS7P8","correlation_#attributes_activityid":"92462C6E-1CC1-0000-6A2D-4692C11CD801","eventid":"4672","eventrecordid":"1429","execution_#attributes_processid":"612","execution_#attributes_threadid":"700","keywords":"0x8020000000000000","level":"0","opcode":"0","provider_#attributes_guid":"54849625-5478-4994-A5BA-3E3B0328C30D","provider_#attributes_name":"Microsoft-Windows-Security-Auditing","security":"None","task":"12548","systemtime":"2022-02-08T08:01:42.517530Z","version":"0"},{"privilegelist":"SeAssignPrimaryTokenPrivilege\r\n\t\t\tSeTcbPrivilege\r\n\t\t\tSeSecurityPrivilege\r\n\t\t\tSeTakeOwnershipPrivilege\r\n\t\t\tSeLoadDriverPrivilege\r\n\t\t\tSeBackupPrivilege\r\n\t\t\tSeRestorePrivilege\r\n\t\t\tSeDebugPrivilege\r\n\t\t\tSeAuditPrivilege\r\n\t\t\tSeSystemEnvironmentPrivilege\r\n\t\t\tSeImpersonatePrivilege\r\n\t\t\tSeDelegateSessionUserImpersonatePrivilege","subjectdomainname":"NT AUTHORITY","subjectlogonid":"0x3e7","subjectusername":"SYSTEM","subjectusersid":"S-1-5-18","channel":"Security","computer":"DESKTOP-SSLS7P8","correlation_#attributes_activityid":"92462C6E-1CC1-0000-6A2D-4692C11CD801","eventid":"4672","eventrecordid":"1413","execution_#attributes_processid":"612","execution_#attributes_threadid":"700","keywords":"0x8020000000000000","level":"0","opcode":"0","provider_#attributes_guid":"54849625-5478-4994-A5BA-3E3B0328C30D","provider_#attributes_name":"Microsoft-Windows-Security-Auditing","security":"None","task":"12548","systemtime":"2022-02-08T08:01:38.919367Z","version":"0"},{"privilegelist":"SeAssignPrimaryTokenPrivilege\r\n\t\t\tSeTcbPrivilege\r\n\t\t\tSeSecurityPrivilege\r\n\t\t\tSeTakeOwnershipPrivilege\r\n\t\t\tSeLoadDriverPrivilege\r\n\t\t\tSeBackupPrivilege\r\n\t\t\tSeRestorePrivilege\r\n\t\t\tSeDebugPrivilege\r\n\t\t\tSeAuditPrivilege\r\n\t\t\tSeSystemEnvironmentPrivilege\r\n\t\t\tSeImpersonatePrivilege\r\n\t\t\tSeDelegateSessionUserImpersonatePrivilege","subjectdomainname":"NT AUTHORITY","subjectlogonid":"0x3e7","subjectusername":"SYSTEM","subjectusersid":"S-1-5-18","channel":"Security","computer":"DESKTOP-SSLS7P8","correlation_#attributes_activityid":"92462C6E-1CC1-0000-6A2D-4692C11CD801","eventid":"4672","eventrecordid":"1410","execution_#attributes_processid":"612","execution_#attributes_threadid":"700","keywords":"0x8020000000000000","level":"0","opcode":"0","provider_#attributes_guid":"54849625-5478-4994-A5BA-3E3B0328C30D","provider_#attributes_name":"Microsoft-Windows-Security-Auditing","security":"None","task":"12548","systemtime":"2022-02-08T08:01:27.296839Z","version":"0"},{"privilegelist":"SeAssignPrimaryTokenPrivilege\r\n\t\t\tSeTcbPrivilege\r\n\t\t\tSeSecurityPrivilege\r\n\t\t\tSeTakeOwnershipPrivilege\r\n\t\t\tSeLoadDriverPrivilege\r\n\t\t\tSeBackupPrivilege\r\n\t\t\tSeRestorePrivilege\r\n\t\t\tSeDebugPrivilege\r\n\t\t\tSeAuditPrivilege\r\n\t\t\tSeSystemEnvironmentPrivilege\r\n\t\t\tSeImpersonatePrivilege\r\n\t\t\tSeDelegateSessionUserImpersonatePrivilege","subjectdomainname":"NT AUTHORITY","subjectlogonid":"0x3e7","subjectusername":"SYSTEM","subjectusersid":"S-1-5-18","channel":"Security","computer":"DESKTOP-SSLS7P8","correlation_#attributes_activityid":"92462C6E-1CC1-0000-6A2D-4692C11CD801","eventid":"4672","eventrecordid":"1408","execution_#attributes_processid":"612","execution_#attributes_threadid":"700","keywords":"0x8020000000000000","level":"0","opcode":"0","provider_#attributes_guid":"54849625-5478-4994-A5BA-3E3B0328C30D","provider_#attributes_name":"Microsoft-Windows-Security-Auditing","security":"None","task":"12548","systemtime":"2022-02-08T08:01:20.335023Z","version":"0"},{"privilegelist":"SeAssignPrimaryTokenPrivilege\r\n\t\t\tSeTcbPrivilege\r\n\t\t\tSeSecurityPrivilege\r\n\t\t\tSeTakeOwnershipPrivilege\r\n\t\t\tSeLoadDriverPrivilege\r\n\t\t\tSeBackupPrivilege\r\n\t\t\tSeRestorePrivilege\r\n\t\t\tSeDebugPrivilege\r\n\t\t\tSeAuditPrivilege\r\n\t\t\tSeSystemEnvironmentPrivilege\r\n\t\t\tSeImpersonatePrivilege\r\n\t\t\tSeDelegateSessionUserImpersonatePrivilege","subjectdomainname":"NT AUTHORITY","subjectlogonid":"0x3e7","subjectusername":"SYSTEM","subjectusersid":"S-1-5-18","channel":"Security","computer":"DESKTOP-SSLS7P8","correlation_#attributes_activityid":"92462C6E-1CC1-0000-6A2D-4692C11CD801","eventid":"4672","eventrecordid":"1401","execution_#attributes_processid":"612","execution_#attributes_threadid":"640","keywords":"0x8020000000000000","level":"0","opcode":"0","provider_#attributes_guid":"54849625-5478-4994-A5BA-3E3B0328C30D","provider_#attributes_name":"Microsoft-Windows-Security-Auditing","security":"None","task":"12548","systemtime":"2022-02-08T08:00:23.606316Z","version":"0"},{"privilegelist":"SeAssignPrimaryTokenPrivilege\r\n\t\t\tSeTcbPrivilege\r\n\t\t\tSeSecurityPrivilege\r\n\t\t\tSeTakeOwnershipPrivilege\r\n\t\t\tSeLoadDriverPrivilege\r\n\t\t\tSeBackupPrivilege\r\n\t\t\tSeRestorePrivilege\r\n\t\t\tSeDebugPrivilege\r\n\t\t\tSeAuditPrivilege\r\n\t\t\tSeSystemEnvironmentPrivilege\r\n\t\t\tSeImpersonatePrivilege\r\n\t\t\tSeDelegateSessionUserImpersonatePrivilege","subjectdomainname":"NT AUTHORITY","subjectlogonid":"0x3e7","subjectusername":"SYSTEM","subjectusersid":"S-1-5-18","channel":"Security","computer":"DESKTOP-SSLS7P8","correlation_#attributes_activityid":"92462C6E-1CC1-0000-6A2D-4692C11CD801","eventid":"4672","eventrecordid":"1397","execution_#attributes_processid":"612","execution_#attributes_threadid":"700","keywords":"0x8020000000000000","level":"0","opcode":"0","provider_#attributes_guid":"54849625-5478-4994-A5BA-3E3B0328C30D","provider_#attributes_name":"Microsoft-Windows-Security-Auditing","security":"None","task":"12548","systemtime":"2022-02-08T07:59:42.133629Z","version":"0"},{"privilegelist":"SeAssignPrimaryTokenPrivilege\r\n\t\t\tSeTcbPrivilege\r\n\t\t\tSeSecurityPrivilege\r\n\t\t\tSeTakeOwnershipPrivilege\r\n\t\t\tSeLoadDriverPrivilege\r\n\t\t\tSeBackupPrivilege\r\n\t\t\tSeRestorePrivilege\r\n\t\t\tSeDebugPrivilege\r\n\t\t\tSeAuditPrivilege\r\n\t\t\tSeSystemEnvironmentPrivilege\r\n\t\t\tSeImpersonatePrivilege\r\n\t\t\tSeDelegateSessionUserImpersonatePrivilege","subjectdomainname":"NT AUTHORITY","subjectlogonid":"0x3e7","subjectusername":"SYSTEM","subjectusersid":"S-1-5-18","channel":"Security","computer":"DESKTOP-SSLS7P8","correlation_#attributes_activityid":"92462C6E-1CC1-0000-6A2D-4692C11CD801","eventid":"4672","eventrecordid":"1391","execution_#attributes_processid":"612","execution_#attributes_threadid":"3844","keywords":"0x8020000000000000","level":"0","opcode":"0","provider_#attributes_guid":"54849625-5478-4994-A5BA-3E3B0328C30D","provider_#attributes_name":"Microsoft-Windows-Security-Auditing","security":"None","task":"12548","systemtime":"2022-02-08T07:59:41.532266Z","version":"0"},{"privilegelist":"SeAssignPrimaryTokenPrivilege\r\n\t\t\tSeTcbPrivilege\r\n\t\t\tSeSecurityPrivilege\r\n\t\t\tSeTakeOwnershipPrivilege\r\n\t\t\tSeLoadDriverPrivilege\r\n\t\t\tSeBackupPrivilege\r\n\t\t\tSeRestorePrivilege\r\n\t\t\tSeDebugPrivilege\r\n\t\t\tSeAuditPrivilege\r\n\t\t\tSeSystemEnvironmentPrivilege\r\n\t\t\tSeImpersonatePrivilege\r\n\t\t\tSeDelegateSessionUserImpersonatePrivilege","subjectdomainname":"NT AUTHORITY","subjectlogonid":"0x3e7","subjectusername":"SYSTEM","subjectusersid":"S-1-5-18","channel":"Security","computer":"DESKTOP-SSLS7P8","correlation_#attributes_activityid":"92462C6E-1CC1-0000-6A2D-4692C11CD801","eventid":"4672","eventrecordid":"1570","execution_#attributes_processid":"612","execution_#attributes_threadid":"424","keywords":"0x8020000000000000","level":"0","opcode":"0","provider_#attributes_guid":"54849625-5478-4994-A5BA-3E3B0328C30D","provider_#attributes_name":"Microsoft-Windows-Security-Auditing","security":"None","task":"12548","systemtime":"2022-02-08T08:11:14.168396Z","version":"0"},{"privilegelist":"SeAssignPrimaryTokenPrivilege\r\n\t\t\tSeTcbPrivilege\r\n\t\t\tSeSecurityPrivilege\r\n\t\t\tSeTakeOwnershipPrivilege\r\n\t\t\tSeLoadDriverPrivilege\r\n\t\t\tSeBackupPrivilege\r\n\t\t\tSeRestorePrivilege\r\n\t\t\tSeDebugPrivilege\r\n\t\t\tSeAuditPrivilege\r\n\t\t\tSeSystemEnvironmentPrivilege\r\n\t\t\tSeImpersonatePrivilege\r\n\t\t\tSeDelegateSessionUserImpersonatePrivilege","subjectdomainname":"NT AUTHORITY","subjectlogonid":"0x3e7","subjectusername":"SYSTEM","subjectusersid":"S-1-5-18","channel":"Security","computer":"DESKTOP-SSLS7P8","correlation_#attributes_activityid":"92462C6E-1CC1-0000-6A2D-4692C11CD801","eventid":"4672","eventrecordid":"1530","execution_#attributes_processid":"612","execution_#attributes_threadid":"7340","keywords":"0x8020000000000000","level":"0","opcode":"0","provider_#attributes_guid":"54849625-5478-4994-A5BA-3E3B0328C30D","provider_#attributes_name":"Microsoft-Windows-Security-Auditing","security":"None","task":"12548","systemtime":"2022-02-08T08:07:00.750563Z","version":"0"},{"privilegelist":"SeAssignPrimaryTokenPrivilege\r\n\t\t\tSeTcbPrivilege\r\n\t\t\tSeSecurityPrivilege\r\n\t\t\tSeTakeOwnershipPrivilege\r\n\t\t\tSeLoadDriverPrivilege\r\n\t\t\tSeBackupPrivilege\r\n\t\t\tSeRestorePrivilege\r\n\t\t\tSeDebugPrivilege\r\n\t\t\tSeAuditPrivilege\r\n\t\t\tSeSystemEnvironmentPrivilege\r\n\t\t\tSeImpersonatePrivilege\r\n\t\t\tSeDelegateSessionUserImpersonatePrivilege","subjectdomainname":"NT AUTHORITY","subjectlogonid":"0x3e7","subjectusername":"SYSTEM","subjectusersid":"S-1-5-18","channel":"Security","computer":"DESKTOP-SSLS7P8","correlation_#attributes_activityid":"92462C6E-1CC1-0000-6A2D-4692C11CD801","eventid":"4672","eventrecordid":"1512","execution_#attributes_processid":"612","execution_#attributes_threadid":"640","keywords":"0x8020000000000000","level":"0","opcode":"0","provider_#attributes_guid":"54849625-5478-4994-A5BA-3E3B0328C30D","provider_#attributes_name":"Microsoft-Windows-Security-Auditing","security":"None","task":"12548","systemtime":"2022-02-08T08:05:35.020962Z","version":"0"},{"privilegelist":"SeAssignPrimaryTokenPrivilege\r\n\t\t\tSeTcbPrivilege\r\n\t\t\tSeSecurityPrivilege\r\n\t\t\tSeTakeOwnershipPrivilege\r\n\t\t\tSeLoadDriverPrivilege\r\n\t\t\tSeBackupPrivilege\r\n\t\t\tSeRestorePrivilege\r\n\t\t\tSeDebugPrivilege\r\n\t\t\tSeAuditPrivilege\r\n\t\t\tSeSystemEnvironmentPrivilege\r\n\t\t\tSeImpersonatePrivilege\r\n\t\t\tSeDelegateSessionUserImpersonatePrivilege","subjectdomainname":"NT AUTHORITY","subjectlogonid":"0x3e7","subjectusername":"SYSTEM","subjectusersid":"S-1-5-18","channel":"Security","computer":"DESKTOP-SSLS7P8","correlation_#attributes_activityid":"92462C6E-1CC1-0000-6A2D-4692C11CD801","eventid":"4672","eventrecordid":"1495","execution_#attributes_processid":"612","execution_#attributes_threadid":"700","keywords":"0x8020000000000000","level":"0","opcode":"0","provider_#attributes_guid":"54849625-5478-4994-A5BA-3E3B0328C30D","provider_#attributes_name":"Microsoft-Windows-Security-Auditing","security":"None","task":"12548","systemtime":"2022-02-08T08:04:42.771882Z","version":"0"},{"privilegelist":"SeAssignPrimaryTokenPrivilege\r\n\t\t\tSeTcbPrivilege\r\n\t\t\tSeSecurityPrivilege\r\n\t\t\tSeTakeOwnershipPrivilege\r\n\t\t\tSeLoadDriverPrivilege\r\n\t\t\tSeBackupPrivilege\r\n\t\t\tSeRestorePrivilege\r\n\t\t\tSeDebugPrivilege\r\n\t\t\tSeAuditPrivilege\r\n\t\t\tSeSystemEnvironmentPrivilege\r\n\t\t\tSeImpersonatePrivilege\r\n\t\t\tSeDelegateSessionUserImpersonatePrivilege","subjectdomainname":"NT AUTHORITY","subjectlogonid":"0x3e7","subjectusername":"SYSTEM","subjectusersid":"S-1-5-18","channel":"Security","computer":"DESKTOP-SSLS7P8","correlation_#attributes_activityid":"92462C6E-1CC1-0000-6A2D-4692C11CD801","eventid":"4672","eventrecordid":"1492","execution_#attributes_processid":"612","execution_#attributes_threadid":"7048","keywords":"0x8020000000000000","level":"0","opcode":"0","provider_#attributes_guid":"54849625-5478-4994-A5BA-3E3B0328C30D","provider_#attributes_name":"Microsoft-Windows-Security-Auditing","security":"None","task":"12548","systemtime":"2022-02-08T08:04:14.223915Z","version":"0"},{"privilegelist":"SeAssignPrimaryTokenPrivilege\r\n\t\t\tSeTcbPrivilege\r\n\t\t\tSeSecurityPrivilege\r\n\t\t\tSeTakeOwnershipPrivilege\r\n\t\t\tSeLoadDriverPrivilege\r\n\t\t\tSeBackupPrivilege\r\n\t\t\tSeRestorePrivilege\r\n\t\t\tSeDebugPrivilege\r\n\t\t\tSeAuditPrivilege\r\n\t\t\tSeSystemEnvironmentPrivilege\r\n\t\t\tSeImpersonatePrivilege\r\n\t\t\tSeDelegateSessionUserImpersonatePrivilege","subjectdomainname":"NT AUTHORITY","subjectlogonid":"0x3e7","subjectusername":"SYSTEM","subjectusersid":"S-1-5-18","channel":"Security","computer":"DESKTOP-SSLS7P8","correlation_#attributes_activityid":"71C96BF5-1CC4-0000-F16C-C971C41CD801","eventid":"4672","eventrecordid":"1657","execution_#attributes_processid":"580","execution_#attributes_threadid":"900","keywords":"0x8020000000000000","level":"0","opcode":"0","provider_#attributes_guid":"54849625-5478-4994-A5BA-3E3B0328C30D","provider_#attributes_name":"Microsoft-Windows-Security-Auditing","security":"None","task":"12548","systemtime":"2022-02-08T08:18:52.274118Z","version":"0"},{"privilegelist":"SeAssignPrimaryTokenPrivilege\r\n\t\t\tSeTcbPrivilege\r\n\t\t\tSeSecurityPrivilege\r\n\t\t\tSeTakeOwnershipPrivilege\r\n\t\t\tSeLoadDriverPrivilege\r\n\t\t\tSeBackupPrivilege\r\n\t\t\tSeRestorePrivilege\r\n\t\t\tSeDebugPrivilege\r\n\t\t\tSeAuditPrivilege\r\n\t\t\tSeSystemEnvironmentPrivilege\r\n\t\t\tSeImpersonatePrivilege\r\n\t\t\tSeDelegateSessionUserImpersonatePrivilege","subjectdomainname":"NT AUTHORITY","subjectlogonid":"0x3e7","subjectusername":"SYSTEM","subjectusersid":"S-1-5-18","channel":"Security","computer":"DESKTOP-SSLS7P8","correlation_#attributes_activityid":"71C96BF5-1CC4-0000-F16C-C971C41CD801","eventid":"4672","eventrecordid":"1655","execution_#attributes_processid":"580","execution_#attributes_threadid":"900","keywords":"0x8020000000000000","level":"0","opcode":"0","provider_#attributes_guid":"54849625-5478-4994-A5BA-3E3B0328C30D","provider_#attributes_name":"Microsoft-Windows-Security-Auditing","security":"None","task":"12548","systemtime":"2022-02-08T08:18:52.038424Z","version":"0"},{"privilegelist":"SeAssignPrimaryTokenPrivilege\r\n\t\t\tSeTcbPrivilege\r\n\t\t\tSeSecurityPrivilege\r\n\t\t\tSeTakeOwnershipPrivilege\r\n\t\t\tSeLoadDriverPrivilege\r\n\t\t\tSeBackupPrivilege\r\n\t\t\tSeRestorePrivilege\r\n\t\t\tSeDebugPrivilege\r\n\t\t\tSeAuditPrivilege\r\n\t\t\tSeSystemEnvironmentPrivilege\r\n\t\t\tSeImpersonatePrivilege\r\n\t\t\tSeDelegateSessionUserImpersonatePrivilege","subjectdomainname":"NT AUTHORITY","subjectlogonid":"0x3e7","subjectusername":"SYSTEM","subjectusersid":"S-1-5-18","channel":"Security","computer":"DESKTOP-SSLS7P8","correlation_#attributes_activityid":"71C96BF5-1CC4-0000-F16C-C971C41CD801","eventid":"4672","eventrecordid":"1653","execution_#attributes_processid":"580","execution_#attributes_threadid":"900","keywords":"0x8020000000000000","level":"0","opcode":"0","provider_#attributes_guid":"54849625-5478-4994-A5BA-3E3B0328C30D","provider_#attributes_name":"Microsoft-Windows-Security-Auditing","security":"None","task":"12548","systemtime":"2022-02-08T08:18:51.951039Z","version":"0"},{"privilegelist":"SeAssignPrimaryTokenPrivilege\r\n\t\t\tSeTcbPrivilege\r\n\t\t\tSeSecurityPrivilege\r\n\t\t\tSeTakeOwnershipPrivilege\r\n\t\t\tSeLoadDriverPrivilege\r\n\t\t\tSeBackupPrivilege\r\n\t\t\tSeRestorePrivilege\r\n\t\t\tSeDebugPrivilege\r\n\t\t\tSeAuditPrivilege\r\n\t\t\tSeSystemEnvironmentPrivilege\r\n\t\t\tSeImpersonatePrivilege\r\n\t\t\tSeDelegateSessionUserImpersonatePrivilege","subjectdomainname":"NT AUTHORITY","subjectlogonid":"0x3e7","subjectusername":"SYSTEM","subjectusersid":"S-1-5-18","channel":"Security","computer":"DESKTOP-SSLS7P8","correlation_#attributes_activityid":"71C96BF5-1CC4-0000-F16C-C971C41CD801","eventid":"4672","eventrecordid":"1651","execution_#attributes_processid":"580","execution_#attributes_threadid":"900","keywords":"0x8020000000000000","level":"0","opcode":"0","provider_#attributes_guid":"54849625-5478-4994-A5BA-3E3B0328C30D","provider_#attributes_name":"Microsoft-Windows-Security-Auditing","security":"None","task":"12548","systemtime":"2022-02-08T08:18:51.543777Z","version":"0"},{"privilegelist":"SeAssignPrimaryTokenPrivilege\r\n\t\t\tSeAuditPrivilege\r\n\t\t\tSeImpersonatePrivilege","subjectdomainname":"NT AUTHORITY","subjectlogonid":"0x3e5","subjectusername":"LOCAL SERVICE","subjectusersid":"S-1-5-19","channel":"Security","computer":"DESKTOP-SSLS7P8","correlation_#attributes_activityid":"71C96BF5-1CC4-0000-F16C-C971C41CD801","eventid":"4672","eventrecordid":"1649","execution_#attributes_processid":"580","execution_#attributes_threadid":"900","keywords":"0x8020000000000000","level":"0","opcode":"0","provider_#attributes_guid":"54849625-5478-4994-A5BA-3E3B0328C30D","provider_#attributes_name":"Microsoft-Windows-Security-Auditing","security":"None","task":"12548","systemtime":"2022-02-08T08:18:51.332207Z","version":"0"},{"privilegelist":"SeAssignPrimaryTokenPrivilege\r\n\t\t\tSeAuditPrivilege","subjectdomainname":"Window Manager","subjectlogonid":"0xb44e","subjectusername":"DWM-1","subjectusersid":"S-1-5-90-0-1","channel":"Security","computer":"DESKTOP-SSLS7P8","correlation_#attributes_activityid":"71C96BF5-1CC4-0000-F16C-C971C41CD801","eventid":"4672","eventrecordid":"1647","execution_#attributes_processid":"580","execution_#attributes_threadid":"656","keywords":"0x8020000000000000","level":"0","opcode":"0","provider_#attributes_guid":"54849625-5478-4994-A5BA-3E3B0328C30D","provider_#attributes_name":"Microsoft-Windows-Security-Auditing","security":"None","task":"12548","systemtime":"2022-02-08T08:18:51.179411Z","version":"0"},{"privilegelist":"SeAssignPrimaryTokenPrivilege\r\n\t\t\tSeAuditPrivilege\r\n\t\t\tSeImpersonatePrivilege","subjectdomainname":"Window Manager","subjectlogonid":"0xb43c","subjectusername":"DWM-1","subjectusersid":"S-1-5-90-0-1","channel":"Security","computer":"DESKTOP-SSLS7P8","correlation_#attributes_activityid":"71C96BF5-1CC4-0000-F16C-C971C41CD801","eventid":"4672","eventrecordid":"1646","execution_#attributes_processid":"580","execution_#attributes_threadid":"656","keywords":"0x8020000000000000","level":"0","opcode":"0","provider_#attributes_guid":"54849625-5478-4994-A5BA-3E3B0328C30D","provider_#attributes_name":"Microsoft-Windows-Security-Auditing","security":"None","task":"12548","systemtime":"2022-02-08T08:18:51.179409Z","version":"0"},{"privilegelist":"SeAssignPrimaryTokenPrivilege\r\n\t\t\tSeTcbPrivilege\r\n\t\t\tSeSecurityPrivilege\r\n\t\t\tSeTakeOwnershipPrivilege\r\n\t\t\tSeLoadDriverPrivilege\r\n\t\t\tSeBackupPrivilege\r\n\t\t\tSeRestorePrivilege\r\n\t\t\tSeDebugPrivilege\r\n\t\t\tSeAuditPrivilege\r\n\t\t\tSeSystemEnvironmentPrivilege\r\n\t\t\tSeImpersonatePrivilege\r\n\t\t\tSeDelegateSessionUserImpersonatePrivilege","subjectdomainname":"NT AUTHORITY","subjectlogonid":"0x3e7","subjectusername":"SYSTEM","subjectusersid":"S-1-5-18","channel":"Security","computer":"DESKTOP-SSLS7P8","correlation_#attributes_activityid":"71C96BF5-1CC4-0000-F16C-C971C41CD801","eventid":"4672","eventrecordid":"1642","execution_#attributes_processid":"580","execution_#attributes_threadid":"656","keywords":"0x8020000000000000","level":"0","opcode":"0","provider_#attributes_guid":"54849625-5478-4994-A5BA-3E3B0328C30D","provider_#attributes_name":"Microsoft-Windows-Security-Auditing","security":"None","task":"12548","systemtime":"2022-02-08T08:18:51.090810Z","version":"0"},{"privilegelist":"SeAssignPrimaryTokenPrivilege\r\n\t\t\tSeAuditPrivilege\r\n\t\t\tSeImpersonatePrivilege","subjectdomainname":"NT AUTHORITY","subjectlogonid":"0x3e4","subjectusername":"NETWORK SERVICE","subjectusersid":"S-1-5-20","channel":"Security","computer":"DESKTOP-SSLS7P8","correlation_#attributes_activityid":"71C96BF5-1CC4-0000-F16C-C971C41CD801","eventid":"4672","eventrecordid":"1640","execution_#attributes_processid":"580","execution_#attributes_threadid":"656","keywords":"0x8020000000000000","level":"0","opcode":"0","provider_#attributes_guid":"54849625-5478-4994-A5BA-3E3B0328C30D","provider_#attributes_name":"Microsoft-Windows-Security-Auditing","security":"None","task":"12548","systemtime":"2022-02-08T08:18:50.862042Z","version":"0"},{"privilegelist":"SeAssignPrimaryTokenPrivilege\r\n\t\t\tSeTcbPrivilege\r\n\t\t\tSeSecurityPrivilege\r\n\t\t\tSeTakeOwnershipPrivilege\r\n\t\t\tSeLoadDriverPrivilege\r\n\t\t\tSeBackupPrivilege\r\n\t\t\tSeRestorePrivilege\r\n\t\t\tSeDebugPrivilege\r\n\t\t\tSeAuditPrivilege\r\n\t\t\tSeSystemEnvironmentPrivilege\r\n\t\t\tSeImpersonatePrivilege\r\n\t\t\tSeDelegateSessionUserImpersonatePrivilege","subjectdomainname":"NT AUTHORITY","subjectlogonid":"0x3e7","subjectusername":"SYSTEM","subjectusersid":"S-1-5-18","channel":"Security","computer":"DESKTOP-SSLS7P8","correlation_#attributes_activityid":"71C96BF5-1CC4-0000-F16C-C971C41CD801","eventid":"4672","eventrecordid":"1634","execution_#attributes_processid":"580","execution_#attributes_threadid":"656","keywords":"0x8020000000000000","level":"0","opcode":"0","provider_#attributes_guid":"54849625-5478-4994-A5BA-3E3B0328C30D","provider_#attributes_name":"Microsoft-Windows-Security-Auditing","security":"None","task":"12548","systemtime":"2022-02-08T08:18:50.759467Z","version":"0"},{"mandatorylabel":"S-1-16-16384","newprocessid":"0x244","newprocessname":"C:\\Windows\\System32\\lsass.exe","parentprocessname":"C:\\Windows\\System32\\wininit.exe","processid":"0x1e0","subjectlogonid":"0x3e7","subjectusersid":"S-1-5-18","targetlogonid":"0x0","targetusersid":"S-1-0-0","tokenelevationtype":"%%1936","channel":"Security","computer":"DESKTOP-SSLS7P8","correlation":"None","eventid":"4688","eventrecordid":"1629","execution_#attributes_processid":"4","execution_#attributes_threadid":"208","keywords":"0x8020000000000000","level":"0","opcode":"0","provider_#attributes_guid":"54849625-5478-4994-A5BA-3E3B0328C30D","provider_#attributes_name":"Microsoft-Windows-Security-Auditing","security":"None","task":"13312","systemtime":"2022-02-08T08:18:50.481522Z","version":"2"},{"mandatorylabel":"S-1-16-16384","newprocessid":"0x23c","newprocessname":"C:\\Windows\\System32\\services.exe","parentprocessname":"C:\\Windows\\System32\\wininit.exe","processid":"0x1e0","subjectlogonid":"0x3e7","subjectusersid":"S-1-5-18","targetlogonid":"0x0","targetusersid":"S-1-0-0","tokenelevationtype":"%%1936","channel":"Security","computer":"DESKTOP-SSLS7P8","correlation":"None","eventid":"4688","eventrecordid":"1628","execution_#attributes_processid":"4","execution_#attributes_threadid":"208","keywords":"0x8020000000000000","level":"0","opcode":"0","provider_#attributes_guid":"54849625-5478-4994-A5BA-3E3B0328C30D","provider_#attributes_name":"Microsoft-Windows-Security-Auditing","security":"None","task":"13312","systemtime":"2022-02-08T08:18:50.481520Z","version":"2"},{"mandatorylabel":"S-1-16-16384","newprocessid":"0x224","newprocessname":"C:\\Windows\\System32\\winlogon.exe","parentprocessname":"C:\\Windows\\System32\\smss.exe","processid":"0x1d8","subjectlogonid":"0x3e7","subjectusersid":"S-1-5-18","targetlogonid":"0x0","targetusersid":"S-1-0-0","tokenelevationtype":"%%1936","channel":"Security","computer":"DESKTOP-SSLS7P8","correlation":"None","eventid":"4688","eventrecordid":"1627","execution_#attributes_processid":"4","execution_#attributes_threadid":"208","keywords":"0x8020000000000000","level":"0","opcode":"0","provider_#attributes_guid":"54849625-5478-4994-A5BA-3E3B0328C30D","provider_#attributes_name":"Microsoft-Windows-Security-Auditing","security":"None","task":"13312","systemtime":"2022-02-08T08:18:50.436846Z","version":"2"},{"mandatorylabel":"S-1-16-16384","newprocessid":"0x1e8","newprocessname":"C:\\Windows\\System32\\csrss.exe","parentprocessname":"C:\\Windows\\System32\\smss.exe","processid":"0x1d8","subjectlogonid":"0x3e7","subjectusersid":"S-1-5-18","targetlogonid":"0x0","targetusersid":"S-1-0-0","tokenelevationtype":"%%1936","channel":"Security","computer":"DESKTOP-SSLS7P8","correlation":"None","eventid":"4688","eventrecordid":"1626","execution_#attributes_processid":"4","execution_#attributes_threadid":"208","keywords":"0x8020000000000000","level":"0","opcode":"0","provider_#attributes_guid":"54849625-5478-4994-A5BA-3E3B0328C30D","provider_#attributes_name":"Microsoft-Windows-Security-Auditing","security":"None","task":"13312","systemtime":"2022-02-08T08:18:50.405943Z","version":"2"},{"mandatorylabel":"S-1-16-16384","newprocessid":"0x1e0","newprocessname":"C:\\Windows\\System32\\wininit.exe","parentprocessname":"C:\\Windows\\System32\\smss.exe","processid":"0x194","subjectlogonid":"0x3e7","subjectusersid":"S-1-5-18","targetlogonid":"0x0","targetusersid":"S-1-0-0","tokenelevationtype":"%%1936","channel":"Security","computer":"DESKTOP-SSLS7P8","correlation":"None","eventid":"4688","eventrecordid":"1625","execution_#attributes_processid":"4","execution_#attributes_threadid":"208","keywords":"0x8020000000000000","level":"0","opcode":"0","provider_#attributes_guid":"54849625-5478-4994-A5BA-3E3B0328C30D","provider_#attributes_name":"Microsoft-Windows-Security-Auditing","security":"None","task":"13312","systemtime":"2022-02-08T08:18:50.399628Z","version":"2"},{"mandatorylabel":"S-1-16-16384","newprocessid":"0x1d8","newprocessname":"C:\\Windows\\System32\\smss.exe","parentprocessname":"C:\\Windows\\System32\\smss.exe","processid":"0x13c","subjectlogonid":"0x3e7","subjectusersid":"S-1-5-18","targetlogonid":"0x0","targetusersid":"S-1-0-0","tokenelevationtype":"%%1936","channel":"Security","computer":"DESKTOP-SSLS7P8","correlation":"None","eventid":"4688","eventrecordid":"1624","execution_#attributes_processid":"4","execution_#attributes_threadid":"208","keywords":"0x8020000000000000","level":"0","opcode":"0","provider_#attributes_guid":"54849625-5478-4994-A5BA-3E3B0328C30D","provider_#attributes_name":"Microsoft-Windows-Security-Auditing","security":"None","task":"13312","systemtime":"2022-02-08T08:18:50.398404Z","version":"2"},{"mandatorylabel":"S-1-16-16384","newprocessid":"0x19c","newprocessname":"C:\\Windows\\System32\\csrss.exe","parentprocessname":"C:\\Windows\\System32\\smss.exe","processid":"0x194","subjectlogonid":"0x3e7","subjectusersid":"S-1-5-18","targetlogonid":"0x0","targetusersid":"S-1-0-0","tokenelevationtype":"%%1936","channel":"Security","computer":"DESKTOP-SSLS7P8","correlation":"None","eventid":"4688","eventrecordid":"1623","execution_#attributes_processid":"4","execution_#attributes_threadid":"208","keywords":"0x8020000000000000","level":"0","opcode":"0","provider_#attributes_guid":"54849625-5478-4994-A5BA-3E3B0328C30D","provider_#attributes_name":"Microsoft-Windows-Security-Auditing","security":"None","task":"13312","systemtime":"2022-02-08T08:18:49.993601Z","version":"2"},{"mandatorylabel":"S-1-16-16384","newprocessid":"0x194","newprocessname":"C:\\Windows\\System32\\smss.exe","parentprocessname":"C:\\Windows\\System32\\smss.exe","processid":"0x13c","subjectlogonid":"0x3e7","subjectusersid":"S-1-5-18","targetlogonid":"0x0","targetusersid":"S-1-0-0","tokenelevationtype":"%%1936","channel":"Security","computer":"DESKTOP-SSLS7P8","correlation":"None","eventid":"4688","eventrecordid":"1622","execution_#attributes_processid":"4","execution_#attributes_threadid":"208","keywords":"0x8020000000000000","level":"0","opcode":"0","provider_#attributes_guid":"54849625-5478-4994-A5BA-3E3B0328C30D","provider_#attributes_name":"Microsoft-Windows-Security-Auditing","security":"None","task":"13312","systemtime":"2022-02-08T08:18:49.838493Z","version":"2"},{"mandatorylabel":"S-1-16-16384","newprocessid":"0x154","newprocessname":"C:\\Windows\\System32\\autochk.exe","parentprocessname":"C:\\Windows\\System32\\smss.exe","processid":"0x13c","subjectlogonid":"0x3e7","subjectusersid":"S-1-5-18","targetlogonid":"0x0","targetusersid":"S-1-0-0","tokenelevationtype":"%%1936","channel":"Security","computer":"DESKTOP-SSLS7P8","correlation":"None","eventid":"4688","eventrecordid":"1621","execution_#attributes_processid":"4","execution_#attributes_threadid":"284","keywords":"0x8020000000000000","level":"0","opcode":"0","provider_#attributes_guid":"54849625-5478-4994-A5BA-3E3B0328C30D","provider_#attributes_name":"Microsoft-Windows-Security-Auditing","security":"None","task":"13312","systemtime":"2022-02-08T08:18:45.718371Z","version":"2"},{"mandatorylabel":"S-1-16-16384","newprocessid":"0x13c","newprocessname":"C:\\Windows\\System32\\smss.exe","processid":"0x4","subjectlogonid":"0x3e7","subjectusersid":"S-1-5-18","targetlogonid":"0x0","targetusersid":"S-1-0-0","tokenelevationtype":"%%1936","channel":"Security","computer":"DESKTOP-SSLS7P8","correlation":"None","eventid":"4688","eventrecordid":"1620","execution_#attributes_processid":"4","execution_#attributes_threadid":"92","keywords":"0x8020000000000000","level":"0","opcode":"0","provider_#attributes_guid":"54849625-5478-4994-A5BA-3E3B0328C30D","provider_#attributes_name":"Microsoft-Windows-Security-Auditing","security":"None","task":"13312","systemtime":"2022-02-08T08:18:29.002541Z","version":"2"},{"mandatorylabel":"S-1-16-16384","newprocessid":"0x48","newprocessname":"Registry","processid":"0x4","subjectlogonid":"0x3e7","subjectusersid":"S-1-5-18","targetlogonid":"0x0","targetusersid":"S-1-0-0","tokenelevationtype":"%%1936","channel":"Security","computer":"DESKTOP-SSLS7P8","correlation":"None","eventid":"4688","eventrecordid":"1617","execution_#attributes_processid":"4","execution_#attributes_threadid":"92","keywords":"0x8020000000000000","level":"0","opcode":"0","provider_#attributes_guid":"54849625-5478-4994-A5BA-3E3B0328C30D","provider_#attributes_name":"Microsoft-Windows-Security-Auditing","security":"None","task":"13312","systemtime":"2022-02-08T08:18:29.002527Z","version":"2"},{"privilegelist":"SeAssignPrimaryTokenPrivilege\r\n\t\t\tSeTcbPrivilege\r\n\t\t\tSeSecurityPrivilege\r\n\t\t\tSeTakeOwnershipPrivilege\r\n\t\t\tSeLoadDriverPrivilege\r\n\t\t\tSeBackupPrivilege\r\n\t\t\tSeRestorePrivilege\r\n\t\t\tSeDebugPrivilege\r\n\t\t\tSeAuditPrivilege\r\n\t\t\tSeSystemEnvironmentPrivilege\r\n\t\t\tSeImpersonatePrivilege\r\n\t\t\tSeDelegateSessionUserImpersonatePrivilege","subjectdomainname":"NT AUTHORITY","subjectlogonid":"0x3e7","subjectusername":"SYSTEM","subjectusersid":"S-1-5-18","channel":"Security","computer":"DESKTOP-SSLS7P8","correlation_#attributes_activityid":"92462C6E-1CC1-0000-6A2D-4692C11CD801","eventid":"4672","eventrecordid":"1609","execution_#attributes_processid":"612","execution_#attributes_threadid":"424","keywords":"0x8020000000000000","level":"0","opcode":"0","provider_#attributes_guid":"54849625-5478-4994-A5BA-3E3B0328C30D","provider_#attributes_name":"Microsoft-Windows-Security-Auditing","security":"None","task":"12548","systemtime":"2022-02-08T08:17:28.031526Z","version":"0"},{"privilegelist":"SeAssignPrimaryTokenPrivilege\r\n\t\t\tSeTcbPrivilege\r\n\t\t\tSeSecurityPrivilege\r\n\t\t\tSeTakeOwnershipPrivilege\r\n\t\t\tSeLoadDriverPrivilege\r\n\t\t\tSeBackupPrivilege\r\n\t\t\tSeRestorePrivilege\r\n\t\t\tSeDebugPrivilege\r\n\t\t\tSeAuditPrivilege\r\n\t\t\tSeSystemEnvironmentPrivilege\r\n\t\t\tSeImpersonatePrivilege\r\n\t\t\tSeDelegateSessionUserImpersonatePrivilege","subjectdomainname":"NT AUTHORITY","subjectlogonid":"0x3e7","subjectusername":"SYSTEM","subjectusersid":"S-1-5-18","channel":"Security","computer":"DESKTOP-SSLS7P8","correlation_#attributes_activityid":"92462C6E-1CC1-0000-6A2D-4692C11CD801","eventid":"4672","eventrecordid":"1607","execution_#attributes_processid":"612","execution_#attributes_threadid":"4808","keywords":"0x8020000000000000","level":"0","opcode":"0","provider_#attributes_guid":"54849625-5478-4994-A5BA-3E3B0328C30D","provider_#attributes_name":"Microsoft-Windows-Security-Auditing","security":"None","task":"12548","systemtime":"2022-02-08T08:16:58.188186Z","version":"0"},{"privilegelist":"SeAssignPrimaryTokenPrivilege\r\n\t\t\tSeTcbPrivilege\r\n\t\t\tSeSecurityPrivilege\r\n\t\t\tSeTakeOwnershipPrivilege\r\n\t\t\tSeLoadDriverPrivilege\r\n\t\t\tSeBackupPrivilege\r\n\t\t\tSeRestorePrivilege\r\n\t\t\tSeDebugPrivilege\r\n\t\t\tSeAuditPrivilege\r\n\t\t\tSeSystemEnvironmentPrivilege\r\n\t\t\tSeImpersonatePrivilege\r\n\t\t\tSeDelegateSessionUserImpersonatePrivilege","subjectdomainname":"NT AUTHORITY","subjectlogonid":"0x3e7","subjectusername":"SYSTEM","subjectusersid":"S-1-5-18","channel":"Security","computer":"DESKTOP-SSLS7P8","correlation_#attributes_activityid":"92462C6E-1CC1-0000-6A2D-4692C11CD801","eventid":"4672","eventrecordid":"1605","execution_#attributes_processid":"612","execution_#attributes_threadid":"4808","keywords":"0x8020000000000000","level":"0","opcode":"0","provider_#attributes_guid":"54849625-5478-4994-A5BA-3E3B0328C30D","provider_#attributes_name":"Microsoft-Windows-Security-Auditing","security":"None","task":"12548","systemtime":"2022-02-08T08:14:33.453062Z","version":"0"},{"privilegelist":"SeAssignPrimaryTokenPrivilege\r\n\t\t\tSeTcbPrivilege\r\n\t\t\tSeSecurityPrivilege\r\n\t\t\tSeTakeOwnershipPrivilege\r\n\t\t\tSeLoadDriverPrivilege\r\n\t\t\tSeBackupPrivilege\r\n\t\t\tSeRestorePrivilege\r\n\t\t\tSeDebugPrivilege\r\n\t\t\tSeAuditPrivilege\r\n\t\t\tSeSystemEnvironmentPrivilege\r\n\t\t\tSeImpersonatePrivilege\r\n\t\t\tSeDelegateSessionUserImpersonatePrivilege","subjectdomainname":"NT AUTHORITY","subjectlogonid":"0x3e7","subjectusername":"SYSTEM","subjectusersid":"S-1-5-18","channel":"Security","computer":"DESKTOP-SSLS7P8","correlation_#attributes_activityid":"92462C6E-1CC1-0000-6A2D-4692C11CD801","eventid":"4672","eventrecordid":"1601","execution_#attributes_processid":"612","execution_#attributes_threadid":"4808","keywords":"0x8020000000000000","level":"0","opcode":"0","provider_#attributes_guid":"54849625-5478-4994-A5BA-3E3B0328C30D","provider_#attributes_name":"Microsoft-Windows-Security-Auditing","security":"None","task":"12548","systemtime":"2022-02-08T08:14:20.242831Z","version":"0"},{"privilegelist":"SeAssignPrimaryTokenPrivilege\r\n\t\t\tSeTcbPrivilege\r\n\t\t\tSeSecurityPrivilege\r\n\t\t\tSeTakeOwnershipPrivilege\r\n\t\t\tSeLoadDriverPrivilege\r\n\t\t\tSeBackupPrivilege\r\n\t\t\tSeRestorePrivilege\r\n\t\t\tSeDebugPrivilege\r\n\t\t\tSeAuditPrivilege\r\n\t\t\tSeSystemEnvironmentPrivilege\r\n\t\t\tSeImpersonatePrivilege\r\n\t\t\tSeDelegateSessionUserImpersonatePrivilege","subjectdomainname":"NT AUTHORITY","subjectlogonid":"0x3e7","subjectusername":"SYSTEM","subjectusersid":"S-1-5-18","channel":"Security","computer":"DESKTOP-SSLS7P8","correlation_#attributes_activityid":"92462C6E-1CC1-0000-6A2D-4692C11CD801","eventid":"4672","eventrecordid":"1599","execution_#attributes_processid":"612","execution_#attributes_threadid":"4808","keywords":"0x8020000000000000","level":"0","opcode":"0","provider_#attributes_guid":"54849625-5478-4994-A5BA-3E3B0328C30D","provider_#attributes_name":"Microsoft-Windows-Security-Auditing","security":"None","task":"12548","systemtime":"2022-02-08T08:14:18.414830Z","version":"0"},{"privilegelist":"SeAssignPrimaryTokenPrivilege\r\n\t\t\tSeTcbPrivilege\r\n\t\t\tSeSecurityPrivilege\r\n\t\t\tSeTakeOwnershipPrivilege\r\n\t\t\tSeLoadDriverPrivilege\r\n\t\t\tSeBackupPrivilege\r\n\t\t\tSeRestorePrivilege\r\n\t\t\tSeDebugPrivilege\r\n\t\t\tSeAuditPrivilege\r\n\t\t\tSeSystemEnvironmentPrivilege\r\n\t\t\tSeImpersonatePrivilege\r\n\t\t\tSeDelegateSessionUserImpersonatePrivilege","subjectdomainname":"NT AUTHORITY","subjectlogonid":"0x3e7","subjectusername":"SYSTEM","subjectusersid":"S-1-5-18","channel":"Security","computer":"DESKTOP-SSLS7P8","correlation_#attributes_activityid":"92462C6E-1CC1-0000-6A2D-4692C11CD801","eventid":"4672","eventrecordid":"1595","execution_#attributes_processid":"612","execution_#attributes_threadid":"424","keywords":"0x8020000000000000","level":"0","opcode":"0","provider_#attributes_guid":"54849625-5478-4994-A5BA-3E3B0328C30D","provider_#attributes_name":"Microsoft-Windows-Security-Auditing","security":"None","task":"12548","systemtime":"2022-02-08T08:14:11.136733Z","version":"0"},{"privilegelist":"SeAssignPrimaryTokenPrivilege\r\n\t\t\tSeTcbPrivilege\r\n\t\t\tSeSecurityPrivilege\r\n\t\t\tSeTakeOwnershipPrivilege\r\n\t\t\tSeLoadDriverPrivilege\r\n\t\t\tSeBackupPrivilege\r\n\t\t\tSeRestorePrivilege\r\n\t\t\tSeDebugPrivilege\r\n\t\t\tSeAuditPrivilege\r\n\t\t\tSeSystemEnvironmentPrivilege\r\n\t\t\tSeImpersonatePrivilege\r\n\t\t\tSeDelegateSessionUserImpersonatePrivilege","subjectdomainname":"NT AUTHORITY","subjectlogonid":"0x3e7","subjectusername":"SYSTEM","subjectusersid":"S-1-5-18","channel":"Security","computer":"DESKTOP-SSLS7P8","correlation_#attributes_activityid":"92462C6E-1CC1-0000-6A2D-4692C11CD801","eventid":"4672","eventrecordid":"1593","execution_#attributes_processid":"612","execution_#attributes_threadid":"424","keywords":"0x8020000000000000","level":"0","opcode":"0","provider_#attributes_guid":"54849625-5478-4994-A5BA-3E3B0328C30D","provider_#attributes_name":"Microsoft-Windows-Security-Auditing","security":"None","task":"12548","systemtime":"2022-02-08T08:14:06.350136Z","version":"0"},{"privilegelist":"SeAssignPrimaryTokenPrivilege\r\n\t\t\tSeTcbPrivilege\r\n\t\t\tSeSecurityPrivilege\r\n\t\t\tSeTakeOwnershipPrivilege\r\n\t\t\tSeLoadDriverPrivilege\r\n\t\t\tSeBackupPrivilege\r\n\t\t\tSeRestorePrivilege\r\n\t\t\tSeDebugPrivilege\r\n\t\t\tSeAuditPrivilege\r\n\t\t\tSeSystemEnvironmentPrivilege\r\n\t\t\tSeImpersonatePrivilege\r\n\t\t\tSeDelegateSessionUserImpersonatePrivilege","subjectdomainname":"NT AUTHORITY","subjectlogonid":"0x3e7","subjectusername":"SYSTEM","subjectusersid":"S-1-5-18","channel":"Security","computer":"DESKTOP-SSLS7P8","correlation_#attributes_activityid":"92462C6E-1CC1-0000-6A2D-4692C11CD801","eventid":"4672","eventrecordid":"1591","execution_#attributes_processid":"612","execution_#attributes_threadid":"424","keywords":"0x8020000000000000","level":"0","opcode":"0","provider_#attributes_guid":"54849625-5478-4994-A5BA-3E3B0328C30D","provider_#attributes_name":"Microsoft-Windows-Security-Auditing","security":"None","task":"12548","systemtime":"2022-02-08T08:14:06.320677Z","version":"0"},{"privilegelist":"SeAssignPrimaryTokenPrivilege\r\n\t\t\tSeTcbPrivilege\r\n\t\t\tSeSecurityPrivilege\r\n\t\t\tSeTakeOwnershipPrivilege\r\n\t\t\tSeLoadDriverPrivilege\r\n\t\t\tSeBackupPrivilege\r\n\t\t\tSeRestorePrivilege\r\n\t\t\tSeDebugPrivilege\r\n\t\t\tSeAuditPrivilege\r\n\t\t\tSeSystemEnvironmentPrivilege\r\n\t\t\tSeImpersonatePrivilege\r\n\t\t\tSeDelegateSessionUserImpersonatePrivilege","subjectdomainname":"NT AUTHORITY","subjectlogonid":"0x3e7","subjectusername":"SYSTEM","subjectusersid":"S-1-5-18","channel":"Security","computer":"DESKTOP-SSLS7P8","correlation_#attributes_activityid":"92462C6E-1CC1-0000-6A2D-4692C11CD801","eventid":"4672","eventrecordid":"1589","execution_#attributes_processid":"612","execution_#attributes_threadid":"424","keywords":"0x8020000000000000","level":"0","opcode":"0","provider_#attributes_guid":"54849625-5478-4994-A5BA-3E3B0328C30D","provider_#attributes_name":"Microsoft-Windows-Security-Auditing","security":"None","task":"12548","systemtime":"2022-02-08T08:13:18.329165Z","version":"0"},{"privilegelist":"SeAssignPrimaryTokenPrivilege\r\n\t\t\tSeTcbPrivilege\r\n\t\t\tSeSecurityPrivilege\r\n\t\t\tSeTakeOwnershipPrivilege\r\n\t\t\tSeLoadDriverPrivilege\r\n\t\t\tSeBackupPrivilege\r\n\t\t\tSeRestorePrivilege\r\n\t\t\tSeDebugPrivilege\r\n\t\t\tSeAuditPrivilege\r\n\t\t\tSeSystemEnvironmentPrivilege\r\n\t\t\tSeImpersonatePrivilege\r\n\t\t\tSeDelegateSessionUserImpersonatePrivilege","subjectdomainname":"NT AUTHORITY","subjectlogonid":"0x3e7","subjectusername":"SYSTEM","subjectusersid":"S-1-5-18","channel":"Security","computer":"DESKTOP-SSLS7P8","correlation_#attributes_activityid":"92462C6E-1CC1-0000-6A2D-4692C11CD801","eventid":"4672","eventrecordid":"1587","execution_#attributes_processid":"612","execution_#attributes_threadid":"7048","keywords":"0x8020000000000000","level":"0","opcode":"0","provider_#attributes_guid":"54849625-5478-4994-A5BA-3E3B0328C30D","provider_#attributes_name":"Microsoft-Windows-Security-Auditing","security":"None","task":"12548","systemtime":"2022-02-08T08:13:11.493476Z","version":"0"},{"privilegelist":"SeAssignPrimaryTokenPrivilege\r\n\t\t\tSeTcbPrivilege\r\n\t\t\tSeSecurityPrivilege\r\n\t\t\tSeTakeOwnershipPrivilege\r\n\t\t\tSeLoadDriverPrivilege\r\n\t\t\tSeBackupPrivilege\r\n\t\t\tSeRestorePrivilege\r\n\t\t\tSeDebugPrivilege\r\n\t\t\tSeAuditPrivilege\r\n\t\t\tSeSystemEnvironmentPrivilege\r\n\t\t\tSeImpersonatePrivilege\r\n\t\t\tSeDelegateSessionUserImpersonatePrivilege","subjectdomainname":"NT AUTHORITY","subjectlogonid":"0x3e7","subjectusername":"SYSTEM","subjectusersid":"S-1-5-18","channel":"Security","computer":"DESKTOP-SSLS7P8","correlation_#attributes_activityid":"92462C6E-1CC1-0000-6A2D-4692C11CD801","eventid":"4672","eventrecordid":"1585","execution_#attributes_processid":"612","execution_#attributes_threadid":"7048","keywords":"0x8020000000000000","level":"0","opcode":"0","provider_#attributes_guid":"54849625-5478-4994-A5BA-3E3B0328C30D","provider_#attributes_name":"Microsoft-Windows-Security-Auditing","security":"None","task":"12548","systemtime":"2022-02-08T08:11:14.762468Z","version":"0"},{"privilegelist":"SeAssignPrimaryTokenPrivilege\r\n\t\t\tSeTcbPrivilege\r\n\t\t\tSeSecurityPrivilege\r\n\t\t\tSeTakeOwnershipPrivilege\r\n\t\t\tSeLoadDriverPrivilege\r\n\t\t\tSeBackupPrivilege\r\n\t\t\tSeRestorePrivilege\r\n\t\t\tSeDebugPrivilege\r\n\t\t\tSeAuditPrivilege\r\n\t\t\tSeSystemEnvironmentPrivilege\r\n\t\t\tSeImpersonatePrivilege\r\n\t\t\tSeDelegateSessionUserImpersonatePrivilege","subjectdomainname":"NT AUTHORITY","subjectlogonid":"0x3e7","subjectusername":"SYSTEM","subjectusersid":"S-1-5-18","channel":"Security","computer":"DESKTOP-SSLS7P8","correlation_#attributes_activityid":"71C96BF5-1CC4-0000-F16C-C971C41CD801","eventid":"4672","eventrecordid":"1727","execution_#attributes_processid":"580","execution_#attributes_threadid":"3944","keywords":"0x8020000000000000","level":"0","opcode":"0","provider_#attributes_guid":"54849625-5478-4994-A5BA-3E3B0328C30D","provider_#attributes_name":"Microsoft-Windows-Security-Auditing","security":"None","task":"12548","systemtime":"2022-02-08T08:20:42.067156Z","version":"0"},{"privilegelist":"SeSecurityPrivilege\r\n\t\t\tSeTakeOwnershipPrivilege\r\n\t\t\tSeLoadDriverPrivilege\r\n\t\t\tSeBackupPrivilege\r\n\t\t\tSeRestorePrivilege\r\n\t\t\tSeDebugPrivilege\r\n\t\t\tSeSystemEnvironmentPrivilege\r\n\t\t\tSeImpersonatePrivilege\r\n\t\t\tSeDelegateSessionUserImpersonatePrivilege","subjectdomainname":"DESKTOP-SSLS7P8","subjectlogonid":"0x95146","subjectusername":"Beari","subjectusersid":"S-1-5-21-579902187-2111267414-338501868-1001","channel":"Security","computer":"DESKTOP-SSLS7P8","correlation_#attributes_activityid":"71C96BF5-1CC4-0000-F16C-C971C41CD801","eventid":"4672","eventrecordid":"1723","execution_#attributes_processid":"580","execution_#attributes_threadid":"900","keywords":"0x8020000000000000","level":"0","opcode":"0","provider_#attributes_guid":"54849625-5478-4994-A5BA-3E3B0328C30D","provider_#attributes_name":"Microsoft-Windows-Security-Auditing","security":"None","task":"12548","systemtime":"2022-02-08T08:19:56.003089Z","version":"0"},{"privilegelist":"SeAssignPrimaryTokenPrivilege\r\n\t\t\tSeTcbPrivilege\r\n\t\t\tSeSecurityPrivilege\r\n\t\t\tSeTakeOwnershipPrivilege\r\n\t\t\tSeLoadDriverPrivilege\r\n\t\t\tSeBackupPrivilege\r\n\t\t\tSeRestorePrivilege\r\n\t\t\tSeDebugPrivilege\r\n\t\t\tSeAuditPrivilege\r\n\t\t\tSeSystemEnvironmentPrivilege\r\n\t\t\tSeImpersonatePrivilege\r\n\t\t\tSeDelegateSessionUserImpersonatePrivilege","subjectdomainname":"NT AUTHORITY","subjectlogonid":"0x3e7","subjectusername":"SYSTEM","subjectusersid":"S-1-5-18","channel":"Security","computer":"DESKTOP-SSLS7P8","correlation_#attributes_activityid":"71C96BF5-1CC4-0000-F16C-C971C41CD801","eventid":"4672","eventrecordid":"1719","execution_#attributes_processid":"580","execution_#attributes_threadid":"900","keywords":"0x8020000000000000","level":"0","opcode":"0","provider_#attributes_guid":"54849625-5478-4994-A5BA-3E3B0328C30D","provider_#attributes_name":"Microsoft-Windows-Security-Auditing","security":"None","task":"12548","systemtime":"2022-02-08T08:19:42.647343Z","version":"0"},{"privilegelist":"SeAssignPrimaryTokenPrivilege\r\n\t\t\tSeTcbPrivilege\r\n\t\t\tSeSecurityPrivilege\r\n\t\t\tSeTakeOwnershipPrivilege\r\n\t\t\tSeLoadDriverPrivilege\r\n\t\t\tSeBackupPrivilege\r\n\t\t\tSeRestorePrivilege\r\n\t\t\tSeDebugPrivilege\r\n\t\t\tSeAuditPrivilege\r\n\t\t\tSeSystemEnvironmentPrivilege\r\n\t\t\tSeImpersonatePrivilege\r\n\t\t\tSeDelegateSessionUserImpersonatePrivilege","subjectdomainname":"NT AUTHORITY","subjectlogonid":"0x3e7","subjectusername":"SYSTEM","subjectusersid":"S-1-5-18","channel":"Security","computer":"DESKTOP-SSLS7P8","correlation_#attributes_activityid":"71C96BF5-1CC4-0000-F16C-C971C41CD801","eventid":"4672","eventrecordid":"1715","execution_#attributes_processid":"580","execution_#attributes_threadid":"3944","keywords":"0x8020000000000000","level":"0","opcode":"0","provider_#attributes_guid":"54849625-5478-4994-A5BA-3E3B0328C30D","provider_#attributes_name":"Microsoft-Windows-Security-Auditing","security":"None","task":"12548","systemtime":"2022-02-08T08:19:09.857309Z","version":"0"},{"privilegelist":"SeAssignPrimaryTokenPrivilege\r\n\t\t\tSeTcbPrivilege\r\n\t\t\tSeSecurityPrivilege\r\n\t\t\tSeTakeOwnershipPrivilege\r\n\t\t\tSeLoadDriverPrivilege\r\n\t\t\tSeBackupPrivilege\r\n\t\t\tSeRestorePrivilege\r\n\t\t\tSeDebugPrivilege\r\n\t\t\tSeAuditPrivilege\r\n\t\t\tSeSystemEnvironmentPrivilege\r\n\t\t\tSeImpersonatePrivilege\r\n\t\t\tSeDelegateSessionUserImpersonatePrivilege","subjectdomainname":"NT AUTHORITY","subjectlogonid":"0x3e7","subjectusername":"SYSTEM","subjectusersid":"S-1-5-18","channel":"Security","computer":"DESKTOP-SSLS7P8","correlation_#attributes_activityid":"71C96BF5-1CC4-0000-F16C-C971C41CD801","eventid":"4672","eventrecordid":"1711","execution_#attributes_processid":"580","execution_#attributes_threadid":"3944","keywords":"0x8020000000000000","level":"0","opcode":"0","provider_#attributes_guid":"54849625-5478-4994-A5BA-3E3B0328C30D","provider_#attributes_name":"Microsoft-Windows-Security-Auditing","security":"None","task":"12548","systemtime":"2022-02-08T08:19:05.361598Z","version":"0"},{"privilegelist":"SeAssignPrimaryTokenPrivilege\r\n\t\t\tSeTcbPrivilege\r\n\t\t\tSeSecurityPrivilege\r\n\t\t\tSeTakeOwnershipPrivilege\r\n\t\t\tSeLoadDriverPrivilege\r\n\t\t\tSeBackupPrivilege\r\n\t\t\tSeRestorePrivilege\r\n\t\t\tSeDebugPrivilege\r\n\t\t\tSeAuditPrivilege\r\n\t\t\tSeSystemEnvironmentPrivilege\r\n\t\t\tSeImpersonatePrivilege\r\n\t\t\tSeDelegateSessionUserImpersonatePrivilege","subjectdomainname":"NT AUTHORITY","subjectlogonid":"0x3e7","subjectusername":"SYSTEM","subjectusersid":"S-1-5-18","channel":"Security","computer":"DESKTOP-SSLS7P8","correlation_#attributes_activityid":"71C96BF5-1CC4-0000-F16C-C971C41CD801","eventid":"4672","eventrecordid":"1709","execution_#attributes_processid":"580","execution_#attributes_threadid":"900","keywords":"0x8020000000000000","level":"0","opcode":"0","provider_#attributes_guid":"54849625-5478-4994-A5BA-3E3B0328C30D","provider_#attributes_name":"Microsoft-Windows-Security-Auditing","security":"None","task":"12548","systemtime":"2022-02-08T08:19:02.740741Z","version":"0"},{"privilegelist":"SeAssignPrimaryTokenPrivilege\r\n\t\t\tSeTcbPrivilege\r\n\t\t\tSeSecurityPrivilege\r\n\t\t\tSeTakeOwnershipPrivilege\r\n\t\t\tSeLoadDriverPrivilege\r\n\t\t\tSeBackupPrivilege\r\n\t\t\tSeRestorePrivilege\r\n\t\t\tSeDebugPrivilege\r\n\t\t\tSeAuditPrivilege\r\n\t\t\tSeSystemEnvironmentPrivilege\r\n\t\t\tSeImpersonatePrivilege\r\n\t\t\tSeDelegateSessionUserImpersonatePrivilege","subjectdomainname":"NT AUTHORITY","subjectlogonid":"0x3e7","subjectusername":"SYSTEM","subjectusersid":"S-1-5-18","channel":"Security","computer":"DESKTOP-SSLS7P8","correlation_#attributes_activityid":"71C96BF5-1CC4-0000-F16C-C971C41CD801","eventid":"4672","eventrecordid":"1700","execution_#attributes_processid":"580","execution_#attributes_threadid":"900","keywords":"0x8020000000000000","level":"0","opcode":"0","provider_#attributes_guid":"54849625-5478-4994-A5BA-3E3B0328C30D","provider_#attributes_name":"Microsoft-Windows-Security-Auditing","security":"None","task":"12548","systemtime":"2022-02-08T08:19:00.369019Z","version":"0"},{"privilegelist":"SeSecurityPrivilege\r\n\t\t\tSeTakeOwnershipPrivilege\r\n\t\t\tSeLoadDriverPrivilege\r\n\t\t\tSeBackupPrivilege\r\n\t\t\tSeRestorePrivilege\r\n\t\t\tSeDebugPrivilege\r\n\t\t\tSeSystemEnvironmentPrivilege\r\n\t\t\tSeImpersonatePrivilege\r\n\t\t\tSeDelegateSessionUserImpersonatePrivilege","subjectdomainname":"DESKTOP-SSLS7P8","subjectlogonid":"0x31751","subjectusername":"Beari","subjectusersid":"S-1-5-21-579902187-2111267414-338501868-1001","channel":"Security","computer":"DESKTOP-SSLS7P8","correlation_#attributes_activityid":"71C96BF5-1CC4-0000-F16C-C971C41CD801","eventid":"4672","eventrecordid":"1697","execution_#attributes_processid":"580","execution_#attributes_threadid":"652","keywords":"0x8020000000000000","level":"0","opcode":"0","provider_#attributes_guid":"54849625-5478-4994-A5BA-3E3B0328C30D","provider_#attributes_name":"Microsoft-Windows-Security-Auditing","security":"None","task":"12548","systemtime":"2022-02-08T08:18:58.281903Z","version":"0"},