{"privilegelist":"SeAssignPrimaryTokenPrivilege\r\n\t\t\tSeTcbPrivilege\r\n\t\t\tSeSecurityPrivilege\r\n\t\t\tSeTakeOwnershipPrivilege\r\n\t\t\tSeLoadDriverPrivilege\r\n\t\t\tSeBackupPrivilege\r\n\t\t\tSeRestorePrivilege\r\n\t\t\tSeDebugPrivilege\r\n\t\t\tSeAuditPrivilege\r\n\t\t\tSeSystemEnvironmentPrivilege\r\n\t\t\tSeImpersonatePrivilege\r\n\t\t\tSeDelegateSessionUserImpersonatePrivilege","subjectdomainname":"NT AUTHORITY","subjectlogonid":"0x3e7","subjectusername":"SYSTEM","subjectusersid":"S-1-5-18","channel":"Security","computer":"DESKTOP-SSLS7P8","correlation_#attributes_activityid":"205600BC-1990-0000-B801-56209019D801","eventid":"4672","eventrecordid":"952","execution_#attributes_processid":"604","execution_#attributes_threadid":"652","keywords":"0x8020000000000000","level":"0","opcode":"0","provider_#attributes_guid":"54849625-5478-4994-A5BA-3E3B0328C30D","provider_#attributes_name":"Microsoft-Windows-Security-Auditing","security":"None","task":"12548","systemtime":"2022-02-04T06:47:31.176709Z","version":"0"},{"privilegelist":"SeAssignPrimaryTokenPrivilege\r\n\t\t\tSeTcbPrivilege\r\n\t\t\tSeSecurityPrivilege\r\n\t\t\tSeTakeOwnershipPrivilege\r\n\t\t\tSeLoadDriverPrivilege\r\n\t\t\tSeBackupPrivilege\r\n\t\t\tSeRestorePrivilege\r\n\t\t\tSeDebugPrivilege\r\n\t\t\tSeAuditPrivilege\r\n\t\t\tSeSystemEnvironmentPrivilege\r\n\t\t\tSeImpersonatePrivilege\r\n\t\t\tSeDelegateSessionUserImpersonatePrivilege","subjectdomainname":"NT AUTHORITY","subjectlogonid":"0x3e7","subjectusername":"SYSTEM","subjectusersid":"S-1-5-18","channel":"Security","computer":"DESKTOP-SSLS7P8","correlation_#attributes_activityid":"205600BC-1990-0000-B801-56209019D801","eventid":"4672","eventrecordid":"950","execution_#attributes_processid":"604","execution_#attributes_threadid":"7024","keywords":"0x8020000000000000","level":"0","opcode":"0","provider_#attributes_guid":"54849625-5478-4994-A5BA-3E3B0328C30D","provider_#attributes_name":"Microsoft-Windows-Security-Auditing","security":"None","task":"12548","systemtime":"2022-02-04T06:47:31.060787Z","version":"0"},{"privilegelist":"SeAssignPrimaryTokenPrivilege\r\n\t\t\tSeTcbPrivilege\r\n\t\t\tSeSecurityPrivilege\r\n\t\t\tSeTakeOwnershipPrivilege\r\n\t\t\tSeLoadDriverPrivilege\r\n\t\t\tSeBackupPrivilege\r\n\t\t\tSeRestorePrivilege\r\n\t\t\tSeDebugPrivilege\r\n\t\t\tSeAuditPrivilege\r\n\t\t\tSeSystemEnvironmentPrivilege\r\n\t\t\tSeImpersonatePrivilege\r\n\t\t\tSeDelegateSessionUserImpersonatePrivilege","subjectdomainname":"NT AUTHORITY","subjectlogonid":"0x3e7","subjectusername":"SYSTEM","subjectusersid":"S-1-5-18","channel":"Security","computer":"DESKTOP-SSLS7P8","correlation_#attributes_activityid":"205600BC-1990-0000-B801-56209019D801","eventid":"4672","eventrecordid":"948","execution_#attributes_processid":"604","execution_#attributes_threadid":"7024","keywords":"0x8020000000000000","level":"0","opcode":"0","provider_#attributes_guid":"54849625-5478-4994-A5BA-3E3B0328C30D","provider_#attributes_name":"Microsoft-Windows-Security-Auditing","security":"None","task":"12548","systemtime":"2022-02-04T06:46:14.997659Z","version":"0"},{"privilegelist":"SeAssignPrimaryTokenPrivilege\r\n\t\t\tSeTcbPrivilege\r\n\t\t\tSeSecurityPrivilege\r\n\t\t\tSeTakeOwnershipPrivilege\r\n\t\t\tSeLoadDriverPrivilege\r\n\t\t\tSeBackupPrivilege\r\n\t\t\tSeRestorePrivilege\r\n\t\t\tSeDebugPrivilege\r\n\t\t\tSeAuditPrivilege\r\n\t\t\tSeSystemEnvironmentPrivilege\r\n\t\t\tSeImpersonatePrivilege\r\n\t\t\tSeDelegateSessionUserImpersonatePrivilege","subjectdomainname":"NT AUTHORITY","subjectlogonid":"0x3e7","subjectusername":"SYSTEM","subjectusersid":"S-1-5-18","channel":"Security","computer":"DESKTOP-SSLS7P8","correlation_#attributes_activityid":"205600BC-1990-0000-B801-56209019D801","eventid":"4672","eventrecordid":"933","execution_#attributes_processid":"604","execution_#attributes_threadid":"8072","keywords":"0x8020000000000000","level":"0","opcode":"0","provider_#attributes_guid":"54849625-5478-4994-A5BA-3E3B0328C30D","provider_#attributes_name":"Microsoft-Windows-Security-Auditing","security":"None","task":"12548","systemtime":"2022-02-04T06:45:19.893929Z","version":"0"},{"privilegelist":"SeAssignPrimaryTokenPrivilege\r\n\t\t\tSeTcbPrivilege\r\n\t\t\tSeSecurityPrivilege\r\n\t\t\tSeTakeOwnershipPrivilege\r\n\t\t\tSeLoadDriverPrivilege\r\n\t\t\tSeBackupPrivilege\r\n\t\t\tSeRestorePrivilege\r\n\t\t\tSeDebugPrivilege\r\n\t\t\tSeAuditPrivilege\r\n\t\t\tSeSystemEnvironmentPrivilege\r\n\t\t\tSeImpersonatePrivilege\r\n\t\t\tSeDelegateSessionUserImpersonatePrivilege","subjectdomainname":"NT AUTHORITY","subjectlogonid":"0x3e7","subjectusername":"SYSTEM","subjectusersid":"S-1-5-18","channel":"Security","computer":"DESKTOP-SSLS7P8","correlation_#attributes_activityid":"205600BC-1990-0000-B801-56209019D801","eventid":"4672","eventrecordid":"931","execution_#attributes_processid":"604","execution_#attributes_threadid":"8072","keywords":"0x8020000000000000","level":"0","opcode":"0","provider_#attributes_guid":"54849625-5478-4994-A5BA-3E3B0328C30D","provider_#attributes_name":"Microsoft-Windows-Security-Auditing","security":"None","task":"12548","systemtime":"2022-02-04T06:45:01.184184Z","version":"0"},{"privilegelist":"SeAssignPrimaryTokenPrivilege\r\n\t\t\tSeTcbPrivilege\r\n\t\t\tSeSecurityPrivilege\r\n\t\t\tSeTakeOwnershipPrivilege\r\n\t\t\tSeLoadDriverPrivilege\r\n\t\t\tSeBackupPrivilege\r\n\t\t\tSeRestorePrivilege\r\n\t\t\tSeDebugPrivilege\r\n\t\t\tSeAuditPrivilege\r\n\t\t\tSeSystemEnvironmentPrivilege\r\n\t\t\tSeImpersonatePrivilege\r\n\t\t\tSeDelegateSessionUserImpersonatePrivilege","subjectdomainname":"NT AUTHORITY","subjectlogonid":"0x3e7","subjectusername":"SYSTEM","subjectusersid":"S-1-5-18","channel":"Security","computer":"DESKTOP-SSLS7P8","correlation_#attributes_activityid":"205600BC-1990-0000-B801-56209019D801","eventid":"4672","eventrecordid":"929","execution_#attributes_processid":"604","execution_#attributes_threadid":"7024","keywords":"0x8020000000000000","level":"0","opcode":"0","provider_#attributes_guid":"54849625-5478-4994-A5BA-3E3B0328C30D","provider_#attributes_name":"Microsoft-Windows-Security-Auditing","security":"None","task":"12548","systemtime":"2022-02-04T06:44:49.776115Z","version":"0"},{"privilegelist":"SeAssignPrimaryTokenPrivilege\r\n\t\t\tSeTcbPrivilege\r\n\t\t\tSeSecurityPrivilege\r\n\t\t\tSeTakeOwnershipPrivilege\r\n\t\t\tSeLoadDriverPrivilege\r\n\t\t\tSeBackupPrivilege\r\n\t\t\tSeRestorePrivilege\r\n\t\t\tSeDebugPrivilege\r\n\t\t\tSeAuditPrivilege\r\n\t\t\tSeSystemEnvironmentPrivilege\r\n\t\t\tSeImpersonatePrivilege\r\n\t\t\tSeDelegateSessionUserImpersonatePrivilege","subjectdomainname":"NT AUTHORITY","subjectlogonid":"0x3e7","subjectusername":"SYSTEM","subjectusersid":"S-1-5-18","channel":"Security","computer":"DESKTOP-SSLS7P8","correlation_#attributes_activityid":"205600BC-1990-0000-B801-56209019D801","eventid":"4672","eventrecordid":"927","execution_#attributes_processid":"604","execution_#attributes_threadid":"656","keywords":"0x8020000000000000","level":"0","opcode":"0","provider_#attributes_guid":"54849625-5478-4994-A5BA-3E3B0328C30D","provider_#attributes_name":"Microsoft-Windows-Security-Auditing","security":"None","task":"12548","systemtime":"2022-02-04T06:43:38.450547Z","version":"0"},{"privilegelist":"SeAssignPrimaryTokenPrivilege\r\n\t\t\tSeTcbPrivilege\r\n\t\t\tSeSecurityPrivilege\r\n\t\t\tSeTakeOwnershipPrivilege\r\n\t\t\tSeLoadDriverPrivilege\r\n\t\t\tSeBackupPrivilege\r\n\t\t\tSeRestorePrivilege\r\n\t\t\tSeDebugPrivilege\r\n\t\t\tSeAuditPrivilege\r\n\t\t\tSeSystemEnvironmentPrivilege\r\n\t\t\tSeImpersonatePrivilege\r\n\t\t\tSeDelegateSessionUserImpersonatePrivilege","subjectdomainname":"NT AUTHORITY","subjectlogonid":"0x3e7","subjectusername":"SYSTEM","subjectusersid":"S-1-5-18","channel":"Security","computer":"DESKTOP-SSLS7P8","correlation_#attributes_activityid":"205600BC-1990-0000-B801-56209019D801","eventid":"4672","eventrecordid":"925","execution_#attributes_processid":"604","execution_#attributes_threadid":"652","keywords":"0x8020000000000000","level":"0","opcode":"0","provider_#attributes_guid":"54849625-5478-4994-A5BA-3E3B0328C30D","provider_#attributes_name":"Microsoft-Windows-Security-Auditing","security":"None","task":"12548","systemtime":"2022-02-04T06:42:47.919723Z","version":"0"},{"privilegelist":"SeAssignPrimaryTokenPrivilege\r\n\t\t\tSeTcbPrivilege\r\n\t\t\tSeSecurityPrivilege\r\n\t\t\tSeTakeOwnershipPrivilege\r\n\t\t\tSeLoadDriverPrivilege\r\n\t\t\tSeBackupPrivilege\r\n\t\t\tSeRestorePrivilege\r\n\t\t\tSeDebugPrivilege\r\n\t\t\tSeAuditPrivilege\r\n\t\t\tSeSystemEnvironmentPrivilege\r\n\t\t\tSeImpersonatePrivilege\r\n\t\t\tSeDelegateSessionUserImpersonatePrivilege","subjectdomainname":"NT AUTHORITY","subjectlogonid":"0x3e7","subjectusername":"SYSTEM","subjectusersid":"S-1-5-18","channel":"Security","computer":"DESKTOP-SSLS7P8","correlation_#attributes_activityid":"205600BC-1990-0000-B801-56209019D801","eventid":"4672","eventrecordid":"915","execution_#attributes_processid":"604","execution_#attributes_threadid":"656","keywords":"0x8020000000000000","level":"0","opcode":"0","provider_#attributes_guid":"54849625-5478-4994-A5BA-3E3B0328C30D","provider_#attributes_name":"Microsoft-Windows-Security-Auditing","security":"None","task":"12548","systemtime":"2022-02-04T06:38:49.090311Z","version":"0"},{"privilegelist":"SeAssignPrimaryTokenPrivilege\r\n\t\t\tSeTcbPrivilege\r\n\t\t\tSeSecurityPrivilege\r\n\t\t\tSeTakeOwnershipPrivilege\r\n\t\t\tSeLoadDriverPrivilege\r\n\t\t\tSeBackupPrivilege\r\n\t\t\tSeRestorePrivilege\r\n\t\t\tSeDebugPrivilege\r\n\t\t\tSeAuditPrivilege\r\n\t\t\tSeSystemEnvironmentPrivilege\r\n\t\t\tSeImpersonatePrivilege\r\n\t\t\tSeDelegateSessionUserImpersonatePrivilege","subjectdomainname":"NT AUTHORITY","subjectlogonid":"0x3e7","subjectusername":"SYSTEM","subjectusersid":"S-1-5-18","channel":"Security","computer":"DESKTOP-SSLS7P8","correlation_#attributes_activityid":"205600BC-1990-0000-B801-56209019D801","eventid":"4672","eventrecordid":"911","execution_#attributes_processid":"604","execution_#attributes_threadid":"656","keywords":"0x8020000000000000","level":"0","opcode":"0","provider_#attributes_guid":"54849625-5478-4994-A5BA-3E3B0328C30D","provider_#attributes_name":"Microsoft-Windows-Security-Auditing","security":"None","task":"12548","systemtime":"2022-02-04T06:38:09.605872Z","version":"0"},{"privilegelist":"SeAssignPrimaryTokenPrivilege\r\n\t\t\tSeTcbPrivilege\r\n\t\t\tSeSecurityPrivilege\r\n\t\t\tSeTakeOwnershipPrivilege\r\n\t\t\tSeLoadDriverPrivilege\r\n\t\t\tSeBackupPrivilege\r\n\t\t\tSeRestorePrivilege\r\n\t\t\tSeDebugPrivilege\r\n\t\t\tSeAuditPrivilege\r\n\t\t\tSeSystemEnvironmentPrivilege\r\n\t\t\tSeImpersonatePrivilege\r\n\t\t\tSeDelegateSessionUserImpersonatePrivilege","subjectdomainname":"NT AUTHORITY","subjectlogonid":"0x3e7","subjectusername":"SYSTEM","subjectusersid":"S-1-5-18","channel":"Security","computer":"DESKTOP-SSLS7P8","correlation_#attributes_activityid":"205600BC-1990-0000-B801-56209019D801","eventid":"4672","eventrecordid":"909","execution_#attributes_processid":"604","execution_#attributes_threadid":"656","keywords":"0x8020000000000000","level":"0","opcode":"0","provider_#attributes_guid":"54849625-5478-4994-A5BA-3E3B0328C30D","provider_#attributes_name":"Microsoft-Windows-Security-Auditing","security":"None","task":"12548","systemtime":"2022-02-04T06:38:01.781429Z","version":"0"},{"privilegelist":"SeAssignPrimaryTokenPrivilege\r\n\t\t\tSeTcbPrivilege\r\n\t\t\tSeSecurityPrivilege\r\n\t\t\tSeTakeOwnershipPrivilege\r\n\t\t\tSeLoadDriverPrivilege\r\n\t\t\tSeBackupPrivilege\r\n\t\t\tSeRestorePrivilege\r\n\t\t\tSeDebugPrivilege\r\n\t\t\tSeAuditPrivilege\r\n\t\t\tSeSystemEnvironmentPrivilege\r\n\t\t\tSeImpersonatePrivilege\r\n\t\t\tSeDelegateSessionUserImpersonatePrivilege","subjectdomainname":"NT AUTHORITY","subjectlogonid":"0x3e7","subjectusername":"SYSTEM","subjectusersid":"S-1-5-18","channel":"Security","computer":"DESKTOP-SSLS7P8","correlation_#attributes_activityid":"205600BC-1990-0000-B801-56209019D801","eventid":"4672","eventrecordid":"907","execution_#attributes_processid":"604","execution_#attributes_threadid":"8564","keywords":"0x8020000000000000","level":"0","opcode":"0","provider_#attributes_guid":"54849625-5478-4994-A5BA-3E3B0328C30D","provider_#attributes_name":"Microsoft-Windows-Security-Auditing","security":"None","task":"12548","systemtime":"2022-02-04T06:33:17.773306Z","version":"0"},{"privilegelist":"SeAssignPrimaryTokenPrivilege\r\n\t\t\tSeTcbPrivilege\r\n\t\t\tSeSecurityPrivilege\r\n\t\t\tSeTakeOwnershipPrivilege\r\n\t\t\tSeLoadDriverPrivilege\r\n\t\t\tSeBackupPrivilege\r\n\t\t\tSeRestorePrivilege\r\n\t\t\tSeDebugPrivilege\r\n\t\t\tSeAuditPrivilege\r\n\t\t\tSeSystemEnvironmentPrivilege\r\n\t\t\tSeImpersonatePrivilege\r\n\t\t\tSeDelegateSessionUserImpersonatePrivilege","subjectdomainname":"NT AUTHORITY","subjectlogonid":"0x3e7","subjectusername":"SYSTEM","subjectusersid":"S-1-5-18","channel":"Security","computer":"DESKTOP-SSLS7P8","correlation_#attributes_activityid":"9D8336CC-1998-0000-C237-839D9819D801","eventid":"4672","eventrecordid":"1060","execution_#attributes_processid":"588","execution_#attributes_threadid":"648","keywords":"0x8020000000000000","level":"0","opcode":"0","provider_#attributes_guid":"54849625-5478-4994-A5BA-3E3B0328C30D","provider_#attributes_name":"Microsoft-Windows-Security-Auditing","security":"None","task":"12548","systemtime":"2022-02-04T07:27:32.447560Z","version":"0"},{"privilegelist":"SeAssignPrimaryTokenPrivilege\r\n\t\t\tSeTcbPrivilege\r\n\t\t\tSeSecurityPrivilege\r\n\t\t\tSeTakeOwnershipPrivilege\r\n\t\t\tSeLoadDriverPrivilege\r\n\t\t\tSeBackupPrivilege\r\n\t\t\tSeRestorePrivilege\r\n\t\t\tSeDebugPrivilege\r\n\t\t\tSeAuditPrivilege\r\n\t\t\tSeSystemEnvironmentPrivilege\r\n\t\t\tSeImpersonatePrivilege\r\n\t\t\tSeDelegateSessionUserImpersonatePrivilege","subjectdomainname":"NT AUTHORITY","subjectlogonid":"0x3e7","subjectusername":"SYSTEM","subjectusersid":"S-1-5-18","channel":"Security","computer":"DESKTOP-SSLS7P8","correlation_#attributes_activityid":"9D8336CC-1998-0000-C237-839D9819D801","eventid":"4672","eventrecordid":"1058","execution_#attributes_processid":"588","execution_#attributes_threadid":"648","keywords":"0x8020000000000000","level":"0","opcode":"0","provider_#attributes_guid":"54849625-5478-4994-A5BA-3E3B0328C30D","provider_#attributes_name":"Microsoft-Windows-Security-Auditing","security":"None","task":"12548","systemtime":"2022-02-04T07:27:32.415407Z","version":"0"},{"privilegelist":"SeAssignPrimaryTokenPrivilege\r\n\t\t\tSeTcbPrivilege\r\n\t\t\tSeSecurityPrivilege\r\n\t\t\tSeTakeOwnershipPrivilege\r\n\t\t\tSeLoadDriverPrivilege\r\n\t\t\tSeBackupPrivilege\r\n\t\t\tSeRestorePrivilege\r\n\t\t\tSeDebugPrivilege\r\n\t\t\tSeAuditPrivilege\r\n\t\t\tSeSystemEnvironmentPrivilege\r\n\t\t\tSeImpersonatePrivilege\r\n\t\t\tSeDelegateSessionUserImpersonatePrivilege","subjectdomainname":"NT AUTHORITY","subjectlogonid":"0x3e7","subjectusername":"SYSTEM","subjectusersid":"S-1-5-18","channel":"Security","computer":"DESKTOP-SSLS7P8","correlation_#attributes_activityid":"9D8336CC-1998-0000-C237-839D9819D801","eventid":"4672","eventrecordid":"1056","execution_#attributes_processid":"588","execution_#attributes_threadid":"648","keywords":"0x8020000000000000","level":"0","opcode":"0","provider_#attributes_guid":"54849625-5478-4994-A5BA-3E3B0328C30D","provider_#attributes_name":"Microsoft-Windows-Security-Auditing","security":"None","task":"12548","systemtime":"2022-02-04T07:27:32.389374Z","version":"0"},{"privilegelist":"SeAssignPrimaryTokenPrivilege\r\n\t\t\tSeTcbPrivilege\r\n\t\t\tSeSecurityPrivilege\r\n\t\t\tSeTakeOwnershipPrivilege\r\n\t\t\tSeLoadDriverPrivilege\r\n\t\t\tSeBackupPrivilege\r\n\t\t\tSeRestorePrivilege\r\n\t\t\tSeDebugPrivilege\r\n\t\t\tSeAuditPrivilege\r\n\t\t\tSeSystemEnvironmentPrivilege\r\n\t\t\tSeImpersonatePrivilege\r\n\t\t\tSeDelegateSessionUserImpersonatePrivilege","subjectdomainname":"NT AUTHORITY","subjectlogonid":"0x3e7","subjectusername":"SYSTEM","subjectusersid":"S-1-5-18","channel":"Security","computer":"DESKTOP-SSLS7P8","correlation_#attributes_activityid":"9D8336CC-1998-0000-C237-839D9819D801","eventid":"4672","eventrecordid":"1053","execution_#attributes_processid":"588","execution_#attributes_threadid":"648","keywords":"0x8020000000000000","level":"0","opcode":"0","provider_#attributes_guid":"54849625-5478-4994-A5BA-3E3B0328C30D","provider_#attributes_name":"Microsoft-Windows-Security-Auditing","security":"None","task":"12548","systemtime":"2022-02-04T07:27:31.772624Z","version":"0"},{"privilegelist":"SeAssignPrimaryTokenPrivilege\r\n\t\t\tSeTcbPrivilege\r\n\t\t\tSeSecurityPrivilege\r\n\t\t\tSeTakeOwnershipPrivilege\r\n\t\t\tSeLoadDriverPrivilege\r\n\t\t\tSeBackupPrivilege\r\n\t\t\tSeRestorePrivilege\r\n\t\t\tSeDebugPrivilege\r\n\t\t\tSeAuditPrivilege\r\n\t\t\tSeSystemEnvironmentPrivilege\r\n\t\t\tSeImpersonatePrivilege\r\n\t\t\tSeDelegateSessionUserImpersonatePrivilege","subjectdomainname":"NT AUTHORITY","subjectlogonid":"0x3e7","subjectusername":"SYSTEM","subjectusersid":"S-1-5-18","channel":"Security","computer":"DESKTOP-SSLS7P8","correlation_#attributes_activityid":"9D8336CC-1998-0000-C237-839D9819D801","eventid":"4672","eventrecordid":"1051","execution_#attributes_processid":"588","execution_#attributes_threadid":"648","keywords":"0x8020000000000000","level":"0","opcode":"0","provider_#attributes_guid":"54849625-5478-4994-A5BA-3E3B0328C30D","provider_#attributes_name":"Microsoft-Windows-Security-Auditing","security":"None","task":"12548","systemtime":"2022-02-04T07:27:31.572073Z","version":"0"},{"privilegelist":"SeAssignPrimaryTokenPrivilege\r\n\t\t\tSeTcbPrivilege\r\n\t\t\tSeSecurityPrivilege\r\n\t\t\tSeTakeOwnershipPrivilege\r\n\t\t\tSeLoadDriverPrivilege\r\n\t\t\tSeBackupPrivilege\r\n\t\t\tSeRestorePrivilege\r\n\t\t\tSeDebugPrivilege\r\n\t\t\tSeAuditPrivilege\r\n\t\t\tSeSystemEnvironmentPrivilege\r\n\t\t\tSeImpersonatePrivilege\r\n\t\t\tSeDelegateSessionUserImpersonatePrivilege","subjectdomainname":"NT AUTHORITY","subjectlogonid":"0x3e7","subjectusername":"SYSTEM","subjectusersid":"S-1-5-18","channel":"Security","computer":"DESKTOP-SSLS7P8","correlation_#attributes_activityid":"9D8336CC-1998-0000-C237-839D9819D801","eventid":"4672","eventrecordid":"1049","execution_#attributes_processid":"588","execution_#attributes_threadid":"648","keywords":"0x8020000000000000","level":"0","opcode":"0","provider_#attributes_guid":"54849625-5478-4994-A5BA-3E3B0328C30D","provider_#attributes_name":"Microsoft-Windows-Security-Auditing","security":"None","task":"12548","systemtime":"2022-02-04T07:27:31.320604Z","version":"0"},{"privilegelist":"SeAssignPrimaryTokenPrivilege\r\n\t\t\tSeTcbPrivilege\r\n\t\t\tSeSecurityPrivilege\r\n\t\t\tSeTakeOwnershipPrivilege\r\n\t\t\tSeLoadDriverPrivilege\r\n\t\t\tSeBackupPrivilege\r\n\t\t\tSeRestorePrivilege\r\n\t\t\tSeDebugPrivilege\r\n\t\t\tSeAuditPrivilege\r\n\t\t\tSeSystemEnvironmentPrivilege\r\n\t\t\tSeImpersonatePrivilege\r\n\t\t\tSeDelegateSessionUserImpersonatePrivilege","subjectdomainname":"NT AUTHORITY","subjectlogonid":"0x3e7","subjectusername":"SYSTEM","subjectusersid":"S-1-5-18","channel":"Security","computer":"DESKTOP-SSLS7P8","correlation_#attributes_activityid":"9D8336CC-1998-0000-C237-839D9819D801","eventid":"4672","eventrecordid":"1047","execution_#attributes_processid":"588","execution_#attributes_threadid":"648","keywords":"0x8020000000000000","level":"0","opcode":"0","provider_#attributes_guid":"54849625-5478-4994-A5BA-3E3B0328C30D","provider_#attributes_name":"Microsoft-Windows-Security-Auditing","security":"None","task":"12548","systemtime":"2022-02-04T07:27:30.922772Z","version":"0"},{"privilegelist":"SeAssignPrimaryTokenPrivilege\r\n\t\t\tSeTcbPrivilege\r\n\t\t\tSeSecurityPrivilege\r\n\t\t\tSeTakeOwnershipPrivilege\r\n\t\t\tSeLoadDriverPrivilege\r\n\t\t\tSeBackupPrivilege\r\n\t\t\tSeRestorePrivilege\r\n\t\t\tSeDebugPrivilege\r\n\t\t\tSeAuditPrivilege\r\n\t\t\tSeSystemEnvironmentPrivilege\r\n\t\t\tSeImpersonatePrivilege\r\n\t\t\tSeDelegateSessionUserImpersonatePrivilege","subjectdomainname":"NT AUTHORITY","subjectlogonid":"0x3e7","subjectusername":"SYSTEM","subjectusersid":"S-1-5-18","channel":"Security","computer":"DESKTOP-SSLS7P8","correlation_#attributes_activityid":"9D8336CC-1998-0000-C237-839D9819D801","eventid":"4672","eventrecordid":"1045","execution_#attributes_processid":"588","execution_#attributes_threadid":"648","keywords":"0x8020000000000000","level":"0","opcode":"0","provider_#attributes_guid":"54849625-5478-4994-A5BA-3E3B0328C30D","provider_#attributes_name":"Microsoft-Windows-Security-Auditing","security":"None","task":"12548","systemtime":"2022-02-04T07:27:30.860470Z","version":"0"},{"privilegelist":"SeAssignPrimaryTokenPrivilege\r\n\t\t\tSeTcbPrivilege\r\n\t\t\tSeSecurityPrivilege\r\n\t\t\tSeTakeOwnershipPrivilege\r\n\t\t\tSeLoadDriverPrivilege\r\n\t\t\tSeBackupPrivilege\r\n\t\t\tSeRestorePrivilege\r\n\t\t\tSeDebugPrivilege\r\n\t\t\tSeAuditPrivilege\r\n\t\t\tSeSystemEnvironmentPrivilege\r\n\t\t\tSeImpersonatePrivilege\r\n\t\t\tSeDelegateSessionUserImpersonatePrivilege","subjectdomainname":"NT AUTHORITY","subjectlogonid":"0x3e7","subjectusername":"SYSTEM","subjectusersid":"S-1-5-18","channel":"Security","computer":"DESKTOP-SSLS7P8","correlation_#attributes_activityid":"9D8336CC-1998-0000-C237-839D9819D801","eventid":"4672","eventrecordid":"1043","execution_#attributes_processid":"588","execution_#attributes_threadid":"632","keywords":"0x8020000000000000","level":"0","opcode":"0","provider_#attributes_guid":"54849625-5478-4994-A5BA-3E3B0328C30D","provider_#attributes_name":"Microsoft-Windows-Security-Auditing","security":"None","task":"12548","systemtime":"2022-02-04T07:27:30.443735Z","version":"0"},{"privilegelist":"SeAssignPrimaryTokenPrivilege\r\n\t\t\tSeTcbPrivilege\r\n\t\t\tSeSecurityPrivilege\r\n\t\t\tSeTakeOwnershipPrivilege\r\n\t\t\tSeLoadDriverPrivilege\r\n\t\t\tSeBackupPrivilege\r\n\t\t\tSeRestorePrivilege\r\n\t\t\tSeDebugPrivilege\r\n\t\t\tSeAuditPrivilege\r\n\t\t\tSeSystemEnvironmentPrivilege\r\n\t\t\tSeImpersonatePrivilege\r\n\t\t\tSeDelegateSessionUserImpersonatePrivilege","subjectdomainname":"NT AUTHORITY","subjectlogonid":"0x3e7","subjectusername":"SYSTEM","subjectusersid":"S-1-5-18","channel":"Security","computer":"DESKTOP-SSLS7P8","correlation_#attributes_activityid":"9D8336CC-1998-0000-C237-839D9819D801","eventid":"4672","eventrecordid":"1041","execution_#attributes_processid":"588","execution_#attributes_threadid":"632","keywords":"0x8020000000000000","level":"0","opcode":"0","provider_#attributes_guid":"54849625-5478-4994-A5BA-3E3B0328C30D","provider_#attributes_name":"Microsoft-Windows-Security-Auditing","security":"None","task":"12548","systemtime":"2022-02-04T07:27:30.403876Z","version":"0"},{"privilegelist":"SeAssignPrimaryTokenPrivilege\r\n\t\t\tSeTcbPrivilege\r\n\t\t\tSeSecurityPrivilege\r\n\t\t\tSeTakeOwnershipPrivilege\r\n\t\t\tSeLoadDriverPrivilege\r\n\t\t\tSeBackupPrivilege\r\n\t\t\tSeRestorePrivilege\r\n\t\t\tSeDebugPrivilege\r\n\t\t\tSeAuditPrivilege\r\n\t\t\tSeSystemEnvironmentPrivilege\r\n\t\t\tSeImpersonatePrivilege\r\n\t\t\tSeDelegateSessionUserImpersonatePrivilege","subjectdomainname":"NT AUTHORITY","subjectlogonid":"0x3e7","subjectusername":"SYSTEM","subjectusersid":"S-1-5-18","channel":"Security","computer":"DESKTOP-SSLS7P8","correlation_#attributes_activityid":"9D8336CC-1998-0000-C237-839D9819D801","eventid":"4672","eventrecordid":"1039","execution_#attributes_processid":"588","execution_#attributes_threadid":"632","keywords":"0x8020000000000000","level":"0","opcode":"0","provider_#attributes_guid":"54849625-5478-4994-A5BA-3E3B0328C30D","provider_#attributes_name":"Microsoft-Windows-Security-Auditing","security":"None","task":"12548","systemtime":"2022-02-04T07:27:30.348806Z","version":"0"},{"privilegelist":"SeAssignPrimaryTokenPrivilege\r\n\t\t\tSeTcbPrivilege\r\n\t\t\tSeSecurityPrivilege\r\n\t\t\tSeTakeOwnershipPrivilege\r\n\t\t\tSeLoadDriverPrivilege\r\n\t\t\tSeBackupPrivilege\r\n\t\t\tSeRestorePrivilege\r\n\t\t\tSeDebugPrivilege\r\n\t\t\tSeAuditPrivilege\r\n\t\t\tSeSystemEnvironmentPrivilege\r\n\t\t\tSeImpersonatePrivilege\r\n\t\t\tSeDelegateSessionUserImpersonatePrivilege","subjectdomainname":"NT AUTHORITY","subjectlogonid":"0x3e7","subjectusername":"SYSTEM","subjectusersid":"S-1-5-18","channel":"Security","computer":"DESKTOP-SSLS7P8","correlation_#attributes_activityid":"9D8336CC-1998-0000-C237-839D9819D801","eventid":"4672","eventrecordid":"1037","execution_#attributes_processid":"588","execution_#attributes_threadid":"632","keywords":"0x8020000000000000","level":"0","opcode":"0","provider_#attributes_guid":"54849625-5478-4994-A5BA-3E3B0328C30D","provider_#attributes_name":"Microsoft-Windows-Security-Auditing","security":"None","task":"12548","systemtime":"2022-02-04T07:27:30.176950Z","version":"0"},{"privilegelist":"SeAssignPrimaryTokenPrivilege\r\n\t\t\tSeAuditPrivilege\r\n\t\t\tSeImpersonatePrivilege","subjectdomainname":"NT AUTHORITY","subjectlogonid":"0x3e5","subjectusername":"LOCAL SERVICE","subjectusersid":"S-1-5-19","channel":"Security","computer":"DESKTOP-SSLS7P8","correlation_#attributes_activityid":"9D8336CC-1998-0000-C237-839D9819D801","eventid":"4672","eventrecordid":"1035","execution_#attributes_processid":"588","execution_#attributes_threadid":"632","keywords":"0x8020000000000000","level":"0","opcode":"0","provider_#attributes_guid":"54849625-5478-4994-A5BA-3E3B0328C30D","provider_#attributes_name":"Microsoft-Windows-Security-Auditing","security":"None","task":"12548","systemtime":"2022-02-04T07:27:29.991002Z","version":"0"},{"privilegelist":"SeAssignPrimaryTokenPrivilege\r\n\t\t\tSeAuditPrivilege","subjectdomainname":"Window Manager","subjectlogonid":"0xb207","subjectusername":"DWM-1","subjectusersid":"S-1-5-90-0-1","channel":"Security","computer":"DESKTOP-SSLS7P8","correlation_#attributes_activityid":"9D8336CC-1998-0000-C237-839D9819D801","eventid":"4672","eventrecordid":"1033","execution_#attributes_processid":"588","execution_#attributes_threadid":"632","keywords":"0x8020000000000000","level":"0","opcode":"0","provider_#attributes_guid":"54849625-5478-4994-A5BA-3E3B0328C30D","provider_#attributes_name":"Microsoft-Windows-Security-Auditing","security":"None","task":"12548","systemtime":"2022-02-04T07:27:29.841070Z","version":"0"},{"privilegelist":"SeAssignPrimaryTokenPrivilege\r\n\t\t\tSeAuditPrivilege\r\n\t\t\tSeImpersonatePrivilege","subjectdomainname":"Window Manager","subjectlogonid":"0xb10d","subjectusername":"DWM-1","subjectusersid":"S-1-5-90-0-1","channel":"Security","computer":"DESKTOP-SSLS7P8","correlation_#attributes_activityid":"9D8336CC-1998-0000-C237-839D9819D801","eventid":"4672","eventrecordid":"1032","execution_#attributes_processid":"588","execution_#attributes_threadid":"632","keywords":"0x8020000000000000","level":"0","opcode":"0","provider_#attributes_guid":"54849625-5478-4994-A5BA-3E3B0328C30D","provider_#attributes_name":"Microsoft-Windows-Security-Auditing","security":"None","task":"12548","systemtime":"2022-02-04T07:27:29.841068Z","version":"0"},{"privilegelist":"SeAssignPrimaryTokenPrivilege\r\n\t\t\tSeTcbPrivilege\r\n\t\t\tSeSecurityPrivilege\r\n\t\t\tSeTakeOwnershipPrivilege\r\n\t\t\tSeLoadDriverPrivilege\r\n\t\t\tSeBackupPrivilege\r\n\t\t\tSeRestorePrivilege\r\n\t\t\tSeDebugPrivilege\r\n\t\t\tSeAuditPrivilege\r\n\t\t\tSeSystemEnvironmentPrivilege\r\n\t\t\tSeImpersonatePrivilege\r\n\t\t\tSeDelegateSessionUserImpersonatePrivilege","subjectdomainname":"NT AUTHORITY","subjectlogonid":"0x3e7","subjectusername":"SYSTEM","subjectusersid":"S-1-5-18","channel":"Security","computer":"DESKTOP-SSLS7P8","correlation_#attributes_activityid":"9D8336CC-1998-0000-C237-839D9819D801","eventid":"4672","eventrecordid":"1028","execution_#attributes_processid":"588","execution_#attributes_threadid":"648","keywords":"0x8020000000000000","level":"0","opcode":"0","provider_#attributes_guid":"54849625-5478-4994-A5BA-3E3B0328C30D","provider_#attributes_name":"Microsoft-Windows-Security-Auditing","security":"None","task":"12548","systemtime":"2022-02-04T07:27:29.719483Z","version":"0"},{"privilegelist":"SeAssignPrimaryTokenPrivilege\r\n\t\t\tSeAuditPrivilege\r\n\t\t\tSeImpersonatePrivilege","subjectdomainname":"NT AUTHORITY","subjectlogonid":"0x3e4","subjectusername":"NETWORK SERVICE","subjectusersid":"S-1-5-20","channel":"Security","computer":"DESKTOP-SSLS7P8","correlation_#attributes_activityid":"9D8336CC-1998-0000-C237-839D9819D801","eventid":"4672","eventrecordid":"1026","execution_#attributes_processid":"588","execution_#attributes_threadid":"632","keywords":"0x8020000000000000","level":"0","opcode":"0","provider_#attributes_guid":"54849625-5478-4994-A5BA-3E3B0328C30D","provider_#attributes_name":"Microsoft-Windows-Security-Auditing","security":"None","task":"12548","systemtime":"2022-02-04T07:27:29.426840Z","version":"0"},{"privilegelist":"SeAssignPrimaryTokenPrivilege\r\n\t\t\tSeTcbPrivilege\r\n\t\t\tSeSecurityPrivilege\r\n\t\t\tSeTakeOwnershipPrivilege\r\n\t\t\tSeLoadDriverPrivilege\r\n\t\t\tSeBackupPrivilege\r\n\t\t\tSeRestorePrivilege\r\n\t\t\tSeDebugPrivilege\r\n\t\t\tSeAuditPrivilege\r\n\t\t\tSeSystemEnvironmentPrivilege\r\n\t\t\tSeImpersonatePrivilege\r\n\t\t\tSeDelegateSessionUserImpersonatePrivilege","subjectdomainname":"NT AUTHORITY","subjectlogonid":"0x3e7","subjectusername":"SYSTEM","subjectusersid":"S-1-5-18","channel":"Security","computer":"DESKTOP-SSLS7P8","correlation_#attributes_activityid":"9D8336CC-1998-0000-C237-839D9819D801","eventid":"4672","eventrecordid":"1020","execution_#attributes_processid":"588","execution_#attributes_threadid":"632","keywords":"0x8020000000000000","level":"0","opcode":"0","provider_#attributes_guid":"54849625-5478-4994-A5BA-3E3B0328C30D","provider_#attributes_name":"Microsoft-Windows-Security-Auditing","security":"None","task":"12548","systemtime":"2022-02-04T07:27:29.150331Z","version":"0"},{"mandatorylabel":"S-1-16-16384","newprocessid":"0x24c","newprocessname":"C:\\Windows\\System32\\lsass.exe","parentprocessname":"C:\\Windows\\System32\\wininit.exe","processid":"0x1e8","subjectlogonid":"0x3e7","subjectusersid":"S-1-5-18","targetlogonid":"0x0","targetusersid":"S-1-0-0","tokenelevationtype":"%%1936","channel":"Security","computer":"DESKTOP-SSLS7P8","correlation":"None","eventid":"4688","eventrecordid":"1015","execution_#attributes_processid":"4","execution_#attributes_threadid":"100","keywords":"0x8020000000000000","level":"0","opcode":"0","provider_#attributes_guid":"54849625-5478-4994-A5BA-3E3B0328C30D","provider_#attributes_name":"Microsoft-Windows-Security-Auditing","security":"None","task":"13312","systemtime":"2022-02-04T07:27:28.843609Z","version":"2"},{"mandatorylabel":"S-1-16-16384","newprocessid":"0x244","newprocessname":"C:\\Windows\\System32\\services.exe","parentprocessname":"C:\\Windows\\System32\\wininit.exe","processid":"0x1e8","subjectlogonid":"0x3e7","subjectusersid":"S-1-5-18","targetlogonid":"0x0","targetusersid":"S-1-0-0","tokenelevationtype":"%%1936","channel":"Security","computer":"DESKTOP-SSLS7P8","correlation":"None","eventid":"4688","eventrecordid":"1014","execution_#attributes_processid":"4","execution_#attributes_threadid":"100","keywords":"0x8020000000000000","level":"0","opcode":"0","provider_#attributes_guid":"54849625-5478-4994-A5BA-3E3B0328C30D","provider_#attributes_name":"Microsoft-Windows-Security-Auditing","security":"None","task":"13312","systemtime":"2022-02-04T07:27:28.843607Z","version":"2"},{"mandatorylabel":"S-1-16-16384","newprocessid":"0x22c","newprocessname":"C:\\Windows\\System32\\winlogon.exe","parentprocessname":"C:\\Windows\\System32\\smss.exe","processid":"0x1e0","subjectlogonid":"0x3e7","subjectusersid":"S-1-5-18","targetlogonid":"0x0","targetusersid":"S-1-0-0","tokenelevationtype":"%%1936","channel":"Security","computer":"DESKTOP-SSLS7P8","correlation":"None","eventid":"4688","eventrecordid":"1013","execution_#attributes_processid":"4","execution_#attributes_threadid":"196","keywords":"0x8020000000000000","level":"0","opcode":"0","provider_#attributes_guid":"54849625-5478-4994-A5BA-3E3B0328C30D","provider_#attributes_name":"Microsoft-Windows-Security-Auditing","security":"None","task":"13312","systemtime":"2022-02-04T07:27:28.796891Z","version":"2"},{"mandatorylabel":"S-1-16-16384","newprocessid":"0x1f0","newprocessname":"C:\\Windows\\System32\\csrss.exe","parentprocessname":"C:\\Windows\\System32\\smss.exe","processid":"0x1e0","subjectlogonid":"0x3e7","subjectusersid":"S-1-5-18","targetlogonid":"0x0","targetusersid":"S-1-0-0","tokenelevationtype":"%%1936","channel":"Security","computer":"DESKTOP-SSLS7P8","correlation":"None","eventid":"4688","eventrecordid":"1012","execution_#attributes_processid":"4","execution_#attributes_threadid":"196","keywords":"0x8020000000000000","level":"0","opcode":"0","provider_#attributes_guid":"54849625-5478-4994-A5BA-3E3B0328C30D","provider_#attributes_name":"Microsoft-Windows-Security-Auditing","security":"None","task":"13312","systemtime":"2022-02-04T07:27:28.765924Z","version":"2"},{"mandatorylabel":"S-1-16-16384","newprocessid":"0x1e8","newprocessname":"C:\\Windows\\System32\\wininit.exe","parentprocessname":"C:\\Windows\\System32\\smss.exe","processid":"0x198","subjectlogonid":"0x3e7","subjectusersid":"S-1-5-18","targetlogonid":"0x0","targetusersid":"S-1-0-0","tokenelevationtype":"%%1936","channel":"Security","computer":"DESKTOP-SSLS7P8","correlation":"None","eventid":"4688","eventrecordid":"1011","execution_#attributes_processid":"4","execution_#attributes_threadid":"100","keywords":"0x8020000000000000","level":"0","opcode":"0","provider_#attributes_guid":"54849625-5478-4994-A5BA-3E3B0328C30D","provider_#attributes_name":"Microsoft-Windows-Security-Auditing","security":"None","task":"13312","systemtime":"2022-02-04T07:27:28.759237Z","version":"2"},{"mandatorylabel":"S-1-16-16384","newprocessid":"0x1e0","newprocessname":"C:\\Windows\\System32\\smss.exe","parentprocessname":"C:\\Windows\\System32\\smss.exe","processid":"0x14c","subjectlogonid":"0x3e7","subjectusersid":"S-1-5-18","targetlogonid":"0x0","targetusersid":"S-1-0-0","tokenelevationtype":"%%1936","channel":"Security","computer":"DESKTOP-SSLS7P8","correlation":"None","eventid":"4688","eventrecordid":"1010","execution_#attributes_processid":"4","execution_#attributes_threadid":"100","keywords":"0x8020000000000000","level":"0","opcode":"0","provider_#attributes_guid":"54849625-5478-4994-A5BA-3E3B0328C30D","provider_#attributes_name":"Microsoft-Windows-Security-Auditing","security":"None","task":"13312","systemtime":"2022-02-04T07:27:28.758016Z","version":"2"},{"mandatorylabel":"S-1-16-16384","newprocessid":"0x1a4","newprocessname":"C:\\Windows\\System32\\csrss.exe","parentprocessname":"C:\\Windows\\System32\\smss.exe","processid":"0x198","subjectlogonid":"0x3e7","subjectusersid":"S-1-5-18","targetlogonid":"0x0","targetusersid":"S-1-0-0","tokenelevationtype":"%%1936","channel":"Security","computer":"DESKTOP-SSLS7P8","correlation":"None","eventid":"4688","eventrecordid":"1009","execution_#attributes_processid":"4","execution_#attributes_threadid":"196","keywords":"0x8020000000000000","level":"0","opcode":"0","provider_#attributes_guid":"54849625-5478-4994-A5BA-3E3B0328C30D","provider_#attributes_name":"Microsoft-Windows-Security-Auditing","security":"None","task":"13312","systemtime":"2022-02-04T07:27:28.654479Z","version":"2"},{"mandatorylabel":"S-1-16-16384","newprocessid":"0x198","newprocessname":"C:\\Windows\\System32\\smss.exe","parentprocessname":"C:\\Windows\\System32\\smss.exe","processid":"0x14c","subjectlogonid":"0x3e7","subjectusersid":"S-1-5-18","targetlogonid":"0x0","targetusersid":"S-1-0-0","tokenelevationtype":"%%1936","channel":"Security","computer":"DESKTOP-SSLS7P8","correlation":"None","eventid":"4688","eventrecordid":"1008","execution_#attributes_processid":"4","execution_#attributes_threadid":"196","keywords":"0x8020000000000000","level":"0","opcode":"0","provider_#attributes_guid":"54849625-5478-4994-A5BA-3E3B0328C30D","provider_#attributes_name":"Microsoft-Windows-Security-Auditing","security":"None","task":"13312","systemtime":"2022-02-04T07:27:28.467716Z","version":"2"},{"mandatorylabel":"S-1-16-16384","newprocessid":"0x160","newprocessname":"C:\\Windows\\System32\\autochk.exe","parentprocessname":"C:\\Windows\\System32\\smss.exe","processid":"0x14c","subjectlogonid":"0x3e7","subjectusersid":"S-1-5-18","targetlogonid":"0x0","targetusersid":"S-1-0-0","tokenelevationtype":"%%1936","channel":"Security","computer":"DESKTOP-SSLS7P8","correlation":"None","eventid":"4688","eventrecordid":"1007","execution_#attributes_processid":"4","execution_#attributes_threadid":"288","keywords":"0x8020000000000000","level":"0","opcode":"0","provider_#attributes_guid":"54849625-5478-4994-A5BA-3E3B0328C30D","provider_#attributes_name":"Microsoft-Windows-Security-Auditing","security":"None","task":"13312","systemtime":"2022-02-04T07:27:25.716359Z","version":"2"},{"mandatorylabel":"S-1-16-16384","newprocessid":"0x14c","newprocessname":"C:\\Windows\\System32\\smss.exe","processid":"0x4","subjectlogonid":"0x3e7","subjectusersid":"S-1-5-18","targetlogonid":"0x0","targetusersid":"S-1-0-0","tokenelevationtype":"%%1936","channel":"Security","computer":"DESKTOP-SSLS7P8","correlation":"None","eventid":"4688","eventrecordid":"1006","execution_#attributes_processid":"4","execution_#attributes_threadid":"92","keywords":"0x8020000000000000","level":"0","opcode":"0","provider_#attributes_guid":"54849625-5478-4994-A5BA-3E3B0328C30D","provider_#attributes_name":"Microsoft-Windows-Security-Auditing","security":"None","task":"13312","systemtime":"2022-02-04T07:27:17.673722Z","version":"2"},{"mandatorylabel":"S-1-16-16384","newprocessid":"0x48","newprocessname":"Registry","processid":"0x4","subjectlogonid":"0x3e7","subjectusersid":"S-1-5-18","targetlogonid":"0x0","targetusersid":"S-1-0-0","tokenelevationtype":"%%1936","channel":"Security","computer":"DESKTOP-SSLS7P8","correlation":"None","eventid":"4688","eventrecordid":"1003","execution_#attributes_processid":"4","execution_#attributes_threadid":"92","keywords":"0x8020000000000000","level":"0","opcode":"0","provider_#attributes_guid":"54849625-5478-4994-A5BA-3E3B0328C30D","provider_#attributes_name":"Microsoft-Windows-Security-Auditing","security":"None","task":"13312","systemtime":"2022-02-04T07:27:17.673707Z","version":"2"},{"privilegelist":"SeAssignPrimaryTokenPrivilege\r\n\t\t\tSeTcbPrivilege\r\n\t\t\tSeSecurityPrivilege\r\n\t\t\tSeTakeOwnershipPrivilege\r\n\t\t\tSeLoadDriverPrivilege\r\n\t\t\tSeBackupPrivilege\r\n\t\t\tSeRestorePrivilege\r\n\t\t\tSeDebugPrivilege\r\n\t\t\tSeAuditPrivilege\r\n\t\t\tSeSystemEnvironmentPrivilege\r\n\t\t\tSeImpersonatePrivilege\r\n\t\t\tSeDelegateSessionUserImpersonatePrivilege","subjectdomainname":"NT AUTHORITY","subjectlogonid":"0x3e7","subjectusername":"SYSTEM","subjectusersid":"S-1-5-18","channel":"Security","computer":"DESKTOP-SSLS7P8","correlation_#attributes_activityid":"205600BC-1990-0000-B801-56209019D801","eventid":"4672","eventrecordid":"1001","execution_#attributes_processid":"604","execution_#attributes_threadid":"5000","keywords":"0x8020000000000000","level":"0","opcode":"0","provider_#attributes_guid":"54849625-5478-4994-A5BA-3E3B0328C30D","provider_#attributes_name":"Microsoft-Windows-Security-Auditing","security":"None","task":"12548","systemtime":"2022-02-04T07:25:14.882243Z","version":"0"},{"privilegelist":"SeAssignPrimaryTokenPrivilege\r\n\t\t\tSeTcbPrivilege\r\n\t\t\tSeSecurityPrivilege\r\n\t\t\tSeTakeOwnershipPrivilege\r\n\t\t\tSeLoadDriverPrivilege\r\n\t\t\tSeBackupPrivilege\r\n\t\t\tSeRestorePrivilege\r\n\t\t\tSeDebugPrivilege\r\n\t\t\tSeAuditPrivilege\r\n\t\t\tSeSystemEnvironmentPrivilege\r\n\t\t\tSeImpersonatePrivilege\r\n\t\t\tSeDelegateSessionUserImpersonatePrivilege","subjectdomainname":"NT AUTHORITY","subjectlogonid":"0x3e7","subjectusername":"SYSTEM","subjectusersid":"S-1-5-18","channel":"Security","computer":"DESKTOP-SSLS7P8","correlation_#attributes_activityid":"205600BC-1990-0000-B801-56209019D801","eventid":"4672","eventrecordid":"999","execution_#attributes_processid":"604","execution_#attributes_threadid":"5000","keywords":"0x8020000000000000","level":"0","opcode":"0","provider_#attributes_guid":"54849625-5478-4994-A5BA-3E3B0328C30D","provider_#attributes_name":"Microsoft-Windows-Security-Auditing","security":"None","task":"12548","systemtime":"2022-02-04T07:25:00.256377Z","version":"0"},{"privilegelist":"SeAssignPrimaryTokenPrivilege\r\n\t\t\tSeTcbPrivilege\r\n\t\t\tSeSecurityPrivilege\r\n\t\t\tSeTakeOwnershipPrivilege\r\n\t\t\tSeLoadDriverPrivilege\r\n\t\t\tSeBackupPrivilege\r\n\t\t\tSeRestorePrivilege\r\n\t\t\tSeDebugPrivilege\r\n\t\t\tSeAuditPrivilege\r\n\t\t\tSeSystemEnvironmentPrivilege\r\n\t\t\tSeImpersonatePrivilege\r\n\t\t\tSeDelegateSessionUserImpersonatePrivilege","subjectdomainname":"NT AUTHORITY","subjectlogonid":"0x3e7","subjectusername":"SYSTEM","subjectusersid":"S-1-5-18","channel":"Security","computer":"DESKTOP-SSLS7P8","correlation_#attributes_activityid":"205600BC-1990-0000-B801-56209019D801","eventid":"4672","eventrecordid":"997","execution_#attributes_processid":"604","execution_#attributes_threadid":"5000","keywords":"0x8020000000000000","level":"0","opcode":"0","provider_#attributes_guid":"54849625-5478-4994-A5BA-3E3B0328C30D","provider_#attributes_name":"Microsoft-Windows-Security-Auditing","security":"None","task":"12548","systemtime":"2022-02-04T07:23:02.324918Z","version":"0"},{"privilegelist":"SeAssignPrimaryTokenPrivilege\r\n\t\t\tSeTcbPrivilege\r\n\t\t\tSeSecurityPrivilege\r\n\t\t\tSeTakeOwnershipPrivilege\r\n\t\t\tSeLoadDriverPrivilege\r\n\t\t\tSeBackupPrivilege\r\n\t\t\tSeRestorePrivilege\r\n\t\t\tSeDebugPrivilege\r\n\t\t\tSeAuditPrivilege\r\n\t\t\tSeSystemEnvironmentPrivilege\r\n\t\t\tSeImpersonatePrivilege\r\n\t\t\tSeDelegateSessionUserImpersonatePrivilege","subjectdomainname":"NT AUTHORITY","subjectlogonid":"0x3e7","subjectusername":"SYSTEM","subjectusersid":"S-1-5-18","channel":"Security","computer":"DESKTOP-SSLS7P8","correlation_#attributes_activityid":"205600BC-1990-0000-B801-56209019D801","eventid":"4672","eventrecordid":"995","execution_#attributes_processid":"604","execution_#attributes_threadid":"7788","keywords":"0x8020000000000000","level":"0","opcode":"0","provider_#attributes_guid":"54849625-5478-4994-A5BA-3E3B0328C30D","provider_#attributes_name":"Microsoft-Windows-Security-Auditing","security":"None","task":"12548","systemtime":"2022-02-04T07:23:01.328651Z","version":"0"},{"privilegelist":"SeAssignPrimaryTokenPrivilege\r\n\t\t\tSeTcbPrivilege\r\n\t\t\tSeSecurityPrivilege\r\n\t\t\tSeTakeOwnershipPrivilege\r\n\t\t\tSeLoadDriverPrivilege\r\n\t\t\tSeBackupPrivilege\r\n\t\t\tSeRestorePrivilege\r\n\t\t\tSeDebugPrivilege\r\n\t\t\tSeAuditPrivilege\r\n\t\t\tSeSystemEnvironmentPrivilege\r\n\t\t\tSeImpersonatePrivilege\r\n\t\t\tSeDelegateSessionUserImpersonatePrivilege","subjectdomainname":"NT AUTHORITY","subjectlogonid":"0x3e7","subjectusername":"SYSTEM","subjectusersid":"S-1-5-18","channel":"Security","computer":"DESKTOP-SSLS7P8","correlation_#attributes_activityid":"205600BC-1990-0000-B801-56209019D801","eventid":"4672","eventrecordid":"993","execution_#attributes_processid":"604","execution_#attributes_threadid":"7788","keywords":"0x8020000000000000","level":"0","opcode":"0","provider_#attributes_guid":"54849625-5478-4994-A5BA-3E3B0328C30D","provider_#attributes_name":"Microsoft-Windows-Security-Auditing","security":"None","task":"12548","systemtime":"2022-02-04T07:22:44.805956Z","version":"0"},{"privilegelist":"SeAssignPrimaryTokenPrivilege\r\n\t\t\tSeTcbPrivilege\r\n\t\t\tSeSecurityPrivilege\r\n\t\t\tSeTakeOwnershipPrivilege\r\n\t\t\tSeLoadDriverPrivilege\r\n\t\t\tSeBackupPrivilege\r\n\t\t\tSeRestorePrivilege\r\n\t\t\tSeDebugPrivilege\r\n\t\t\tSeAuditPrivilege\r\n\t\t\tSeSystemEnvironmentPrivilege\r\n\t\t\tSeImpersonatePrivilege\r\n\t\t\tSeDelegateSessionUserImpersonatePrivilege","subjectdomainname":"NT AUTHORITY","subjectlogonid":"0x3e7","subjectusername":"SYSTEM","subjectusersid":"S-1-5-18","channel":"Security","computer":"DESKTOP-SSLS7P8","correlation_#attributes_activityid":"205600BC-1990-0000-B801-56209019D801","eventid":"4672","eventrecordid":"991","execution_#attributes_processid":"604","execution_#attributes_threadid":"7788","keywords":"0x8020000000000000","level":"0","opcode":"0","provider_#attributes_guid":"54849625-5478-4994-A5BA-3E3B0328C30D","provider_#attributes_name":"Microsoft-Windows-Security-Auditing","security":"None","task":"12548","systemtime":"2022-02-04T07:22:08.369109Z","version":"0"},{"privilegelist":"SeAssignPrimaryTokenPrivilege\r\n\t\t\tSeTcbPrivilege\r\n\t\t\tSeSecurityPrivilege\r\n\t\t\tSeTakeOwnershipPrivilege\r\n\t\t\tSeLoadDriverPrivilege\r\n\t\t\tSeBackupPrivilege\r\n\t\t\tSeRestorePrivilege\r\n\t\t\tSeDebugPrivilege\r\n\t\t\tSeAuditPrivilege\r\n\t\t\tSeSystemEnvironmentPrivilege\r\n\t\t\tSeImpersonatePrivilege\r\n\t\t\tSeDelegateSessionUserImpersonatePrivilege","subjectdomainname":"NT AUTHORITY","subjectlogonid":"0x3e7","subjectusername":"SYSTEM","subjectusersid":"S-1-5-18","channel":"Security","computer":"DESKTOP-SSLS7P8","correlation_#attributes_activityid":"205600BC-1990-0000-B801-56209019D801","eventid":"4672","eventrecordid":"989","execution_#attributes_processid":"604","execution_#attributes_threadid":"5000","keywords":"0x8020000000000000","level":"0","opcode":"0","provider_#attributes_guid":"54849625-5478-4994-A5BA-3E3B0328C30D","provider_#attributes_name":"Microsoft-Windows-Security-Auditing","security":"None","task":"12548","systemtime":"2022-02-04T07:21:52.597051Z","version":"0"},{"privilegelist":"SeAssignPrimaryTokenPrivilege\r\n\t\t\tSeTcbPrivilege\r\n\t\t\tSeSecurityPrivilege\r\n\t\t\tSeTakeOwnershipPrivilege\r\n\t\t\tSeLoadDriverPrivilege\r\n\t\t\tSeBackupPrivilege\r\n\t\t\tSeRestorePrivilege\r\n\t\t\tSeDebugPrivilege\r\n\t\t\tSeAuditPrivilege\r\n\t\t\tSeSystemEnvironmentPrivilege\r\n\t\t\tSeImpersonatePrivilege\r\n\t\t\tSeDelegateSessionUserImpersonatePrivilege","subjectdomainname":"NT AUTHORITY","subjectlogonid":"0x3e7","subjectusername":"SYSTEM","subjectusersid":"S-1-5-18","channel":"Security","computer":"DESKTOP-SSLS7P8","correlation_#attributes_activityid":"9D8336CC-1998-0000-C237-839D9819D801","eventid":"4672","eventrecordid":"1135","execution_#attributes_processid":"588","execution_#attributes_threadid":"4016","keywords":"0x8020000000000000","level":"0","opcode":"0","provider_#attributes_guid":"54849625-5478-4994-A5BA-3E3B0328C30D","provider_#attributes_name":"Microsoft-Windows-Security-Auditing","security":"None","task":"12548","systemtime":"2022-02-04T07:32:55.072797Z","version":"0"},{"privilegelist":"SeAssignPrimaryTokenPrivilege\r\n\t\t\tSeTcbPrivilege\r\n\t\t\tSeSecurityPrivilege\r\n\t\t\tSeTakeOwnershipPrivilege\r\n\t\t\tSeLoadDriverPrivilege\r\n\t\t\tSeBackupPrivilege\r\n\t\t\tSeRestorePrivilege\r\n\t\t\tSeDebugPrivilege\r\n\t\t\tSeAuditPrivilege\r\n\t\t\tSeSystemEnvironmentPrivilege\r\n\t\t\tSeImpersonatePrivilege\r\n\t\t\tSeDelegateSessionUserImpersonatePrivilege","subjectdomainname":"NT AUTHORITY","subjectlogonid":"0x3e7","subjectusername":"SYSTEM","subjectusersid":"S-1-5-18","channel":"Security","computer":"DESKTOP-SSLS7P8","correlation_#attributes_activityid":"9D8336CC-1998-0000-C237-839D9819D801","eventid":"4672","eventrecordid":"1133","execution_#attributes_processid":"588","execution_#attributes_threadid":"4016","keywords":"0x8020000000000000","level":"0","opcode":"0","provider_#attributes_guid":"54849625-5478-4994-A5BA-3E3B0328C30D","provider_#attributes_name":"Microsoft-Windows-Security-Auditing","security":"None","task":"12548","systemtime":"2022-02-04T07:31:07.147719Z","version":"0"},{"privilegelist":"SeAssignPrimaryTokenPrivilege\r\n\t\t\tSeTcbPrivilege\r\n\t\t\tSeSecurityPrivilege\r\n\t\t\tSeTakeOwnershipPrivilege\r\n\t\t\tSeLoadDriverPrivilege\r\n\t\t\tSeBackupPrivilege\r\n\t\t\tSeRestorePrivilege\r\n\t\t\tSeDebugPrivilege\r\n\t\t\tSeAuditPrivilege\r\n\t\t\tSeSystemEnvironmentPrivilege\r\n\t\t\tSeImpersonatePrivilege\r\n\t\t\tSeDelegateSessionUserImpersonatePrivilege","subjectdomainname":"NT AUTHORITY","subjectlogonid":"0x3e7","subjectusername":"SYSTEM","subjectusersid":"S-1-5-18","channel":"Security","computer":"DESKTOP-SSLS7P8","correlation_#attributes_activityid":"9D8336CC-1998-0000-C237-839D9819D801","eventid":"4672","eventrecordid":"1131","execution_#attributes_processid":"588","execution_#attributes_threadid":"6720","keywords":"0x8020000000000000","level":"0","opcode":"0","provider_#attributes_guid":"54849625-5478-4994-A5BA-3E3B0328C30D","provider_#attributes_name":"Microsoft-Windows-Security-Auditing","security":"None","task":"12548","systemtime":"2022-02-04T07:30:34.711922Z","version":"0"},{"privilegelist":"SeAssignPrimaryTokenPrivilege\r\n\t\t\tSeTcbPrivilege\r\n\t\t\tSeSecurityPrivilege\r\n\t\t\tSeTakeOwnershipPrivilege\r\n\t\t\tSeLoadDriverPrivilege\r\n\t\t\tSeBackupPrivilege\r\n\t\t\tSeRestorePrivilege\r\n\t\t\tSeDebugPrivilege\r\n\t\t\tSeAuditPrivilege\r\n\t\t\tSeSystemEnvironmentPrivilege\r\n\t\t\tSeImpersonatePrivilege\r\n\t\t\tSeDelegateSessionUserImpersonatePrivilege","subjectdomainname":"NT AUTHORITY","subjectlogonid":"0x3e7","subjectusername":"SYSTEM","subjectusersid":"S-1-5-18","channel":"Security","computer":"DESKTOP-SSLS7P8","correlation_#attributes_activityid":"9D8336CC-1998-0000-C237-839D9819D801","eventid":"4672","eventrecordid":"1129","execution_#attributes_processid":"588","execution_#attributes_threadid":"648","keywords":"0x8020000000000000","level":"0","opcode":"0","provider_#attributes_guid":"54849625-5478-4994-A5BA-3E3B0328C30D","provider_#attributes_name":"Microsoft-Windows-Security-Auditing","security":"None","task":"12548","systemtime":"2022-02-04T07:30:22.371479Z","version":"0"},