  {
    "Details": "Binary Data",
    "EventType": "SetValue",
    "Image": "lsass.exe",
    "ProcessGuid": "747F3D96-7270-5F8B-0000-001065620000",
    "ProcessId": "648",
    "TargetObject": "HKLM\\SAM\\SAM\\Domains\\Account\\Users\\000001F4\\F",
    "UtcTime": "2020-10-17 22:53:03.953",
    "Channel": "Microsoft-Windows-Sysmon/Operational",
    "Computer": "MSEDGEWIN10",
    "Correlation": "None",
    "EventID": "13",
    "EventRecordID": "421212",
    "Keywords": "0x8000000000000000",
    "Level": "4",
    "Opcode": "0",
    "Task": "13",
    "Version": "2",
    "SystemTime": "2020-10-17T22:53:03.972732Z",
    "UserID": "S-1-5-18",
    "ProcessID": "3236",
    "ThreadID": "4832",
    "Name": "Microsoft-Windows-Sysmon",
    "Guid": "5770385F-C22A-43E0-BF4C-06F5698FFBD9"
  },
  {
    "Details": "Binary Data",
    "EventType": "SetValue",
    "Image": "lsass.exe",
    "ProcessGuid": "747F3D96-7270-5F8B-0000-001065620000",
    "ProcessId": "648",
    "TargetObject": "HKLM\\SAM\\SAM\\Domains\\Account\\Users\\000001F4\\F",
    "UtcTime": "2020-10-17 22:53:03.947",
    "Channel": "Microsoft-Windows-Sysmon/Operational",
    "Computer": "MSEDGEWIN10",
    "Correlation": "None",
    "EventID": "13",
    "EventRecordID": "421211",
    "Keywords": "0x8000000000000000",
    "Level": "4",
    "Opcode": "0",
    "Task": "13",
    "Version": "2",
    "SystemTime": "2020-10-17T22:53:03.952907Z",
    "UserID": "S-1-5-18",
    "ProcessID": "3236",
    "ThreadID": "4832",
    "Name": "Microsoft-Windows-Sysmon",
    "Guid": "5770385F-C22A-43E0-BF4C-06F5698FFBD9"
  },
  {
    "Details": "Binary Data",
    "EventType": "SetValue",
    "Image": "lsass.exe",
    "ProcessGuid": "747F3D96-7270-5F8B-0000-001065620000",
    "ProcessId": "648",
    "TargetObject": "HKLM\\SAM\\SAM\\Domains\\Account\\Users\\000001F4\\F",
    "UtcTime": "2020-10-17 22:53:03.126",
    "Channel": "Microsoft-Windows-Sysmon/Operational",
    "Computer": "MSEDGEWIN10",
    "Correlation": "None",
    "EventID": "13",
    "EventRecordID": "421210",
    "Keywords": "0x8000000000000000",
    "Level": "4",
    "Opcode": "0",
    "Task": "13",
    "Version": "2",
    "SystemTime": "2020-10-17T22:53:03.144887Z",
    "UserID": "S-1-5-18",
    "ProcessID": "3236",
    "ThreadID": "4832",
    "Name": "Microsoft-Windows-Sysmon",
    "Guid": "5770385F-C22A-43E0-BF4C-06F5698FFBD9"
  },
  {
    "DestinationHostname": "MSEDGEWIN10",
    "DestinationIp": "10.0.2.18",
    "DestinationIsIpv6": "False",
    "DestinationPort": "445",
    "DestinationPortName": "microsoft-ds",
    "Image": "System",
    "Initiated": "False",
    "ProcessGuid": "747F3D96-726A-5F8B-0000-0010EB030000",
    "ProcessId": "4",
    "Protocol": "tcp",
    "SourceHostname": "LAPTOP-JU4M3I0E",
    "SourceIp": "10.0.2.15",
    "SourceIsIpv6": "False",
    "SourcePort": "57240",
    "User": "NT AUTHORITY\\SYSTEM",
    "UtcTime": "2020-10-17 22:52:58.771",
    "Channel": "Microsoft-Windows-Sysmon/Operational",
    "Computer": "MSEDGEWIN10",
    "Correlation": "None",
    "EventID": "3",
    "EventRecordID": "421209",
    "Keywords": "0x8000000000000000",
    "Level": "4",
    "Opcode": "0",
    "Task": "3",
    "Version": "5",
    "SystemTime": "2020-10-17T22:53:01.646898Z",
    "UserID": "S-1-5-18",
    "ProcessID": "3236",
    "ThreadID": "4064",
    "Name": "Microsoft-Windows-Sysmon",
    "Guid": "5770385F-C22A-43E0-BF4C-06F5698FFBD9"
  },
  {
    "DestinationHostname": "MSEDGEWIN10",
    "DestinationIp": "10.0.2.18",
    "DestinationIsIpv6": "False",
    "DestinationPort": "445",
    "DestinationPortName": "microsoft-ds",
    "Image": "System",
    "Initiated": "False",
    "ProcessGuid": "747F3D96-726A-5F8B-0000-0010EB030000",
    "ProcessId": "4",
    "Protocol": "tcp",
    "SourceHostname": "LAPTOP-JU4M3I0E",
    "SourceIp": "10.0.2.15",
    "SourceIsIpv6": "False",
    "SourcePort": "57239",
    "User": "NT AUTHORITY\\SYSTEM",
    "UtcTime": "2020-10-17 22:52:31.936",
    "Channel": "Microsoft-Windows-Sysmon/Operational",
    "Computer": "MSEDGEWIN10",
    "Correlation": "None",
    "EventID": "3",
    "EventRecordID": "421208",
    "Keywords": "0x8000000000000000",
    "Level": "4",
    "Opcode": "0",
    "Task": "3",
    "Version": "5",
    "SystemTime": "2020-10-17T22:52:34.966144Z",
    "UserID": "S-1-5-18",
    "ProcessID": "3236",
    "ThreadID": "4064",
    "Name": "Microsoft-Windows-Sysmon",
    "Guid": "5770385F-C22A-43E0-BF4C-06F5698FFBD9"
  },
  {
    "CreationUtcTime": "2020-10-17 22:52:34.236",
    "Image": "System",
    "ProcessGuid": "747F3D96-726A-5F8B-0000-0010EB030000",
    "ProcessId": "4",
    "TargetFilename": "7okjer.dll",
    "UtcTime": "2020-10-17 22:52:34.236",
    "Channel": "Microsoft-Windows-Sysmon/Operational",
    "Computer": "MSEDGEWIN10",
    "Correlation": "None",
    "EventID": "11",
    "EventRecordID": "421207",
    "Keywords": "0x8000000000000000",
    "Level": "4",
    "Opcode": "0",
    "Task": "11",
    "Version": "2",
    "SystemTime": "2020-10-17T22:52:34.249345Z",
    "UserID": "S-1-5-18",
    "ProcessID": "3236",
    "ThreadID": "4832",
    "Name": "Microsoft-Windows-Sysmon",
    "Guid": "5770385F-C22A-43E0-BF4C-06F5698FFBD9"
  },
  {
    "Details": "Binary Data",
    "EventType": "SetValue",
    "Image": "lsass.exe",
    "ProcessGuid": "747F3D96-7270-5F8B-0000-001065620000",
    "ProcessId": "648",
    "TargetObject": "HKLM\\SAM\\SAM\\Domains\\Account\\Users\\000001F4\\F",
    "UtcTime": "2020-10-17 22:52:32.720",
    "Channel": "Microsoft-Windows-Sysmon/Operational",
    "Computer": "MSEDGEWIN10",
    "Correlation": "None",
    "EventID": "13",
    "EventRecordID": "421206",
    "Keywords": "0x8000000000000000",
    "Level": "4",
    "Opcode": "0",
    "Task": "13",
    "Version": "2",
    "SystemTime": "2020-10-17T22:52:32.740497Z",
    "UserID": "S-1-5-18",
    "ProcessID": "3236",
    "ThreadID": "4832",
    "Name": "Microsoft-Windows-Sysmon",
    "Guid": "5770385F-C22A-43E0-BF4C-06F5698FFBD9"
  },
  {
    "DestinationHostname": "MSEDGEWIN10",
    "DestinationIp": "10.0.2.18",
    "DestinationIsIpv6": "False",
    "DestinationPort": "445",
    "DestinationPortName": "microsoft-ds",
    "Image": "System",
    "Initiated": "False",
    "ProcessGuid": "747F3D96-726A-5F8B-0000-0010EB030000",
    "ProcessId": "4",
    "Protocol": "tcp",
    "SourceHostname": "LAPTOP-JU4M3I0E",
    "SourceIp": "10.0.2.15",
    "SourceIsIpv6": "False",
    "SourcePort": "57238",
    "User": "NT AUTHORITY\\SYSTEM",
    "UtcTime": "2020-10-17 22:52:29.304",
    "Channel": "Microsoft-Windows-Sysmon/Operational",
    "Computer": "MSEDGEWIN10",
    "Correlation": "None",
    "EventID": "3",
    "EventRecordID": "421205",
    "Keywords": "0x8000000000000000",
    "Level": "4",
    "Opcode": "0",
    "Task": "3",
    "Version": "5",
    "SystemTime": "2020-10-17T22:52:31.218452Z",
    "UserID": "S-1-5-18",
    "ProcessID": "3236",
    "ThreadID": "4064",
    "Name": "Microsoft-Windows-Sysmon",
    "Guid": "5770385F-C22A-43E0-BF4C-06F5698FFBD9"
  },
  {
    "DestinationIp": "10.0.2.17",
    "DestinationIsIpv6": "False",
    "DestinationPort": "445",
    "DestinationPortName": "microsoft-ds",
    "Image": "System",
    "Initiated": "True",
    "ProcessGuid": "747F3D96-98DD-5D69-0000-0010EB030000",
    "ProcessId": "4",
    "Protocol": "tcp",
    "SourceHostname": "MSEDGEWIN10",
    "SourceIp": "10.0.2.15",
    "SourceIsIpv6": "False",
    "SourcePort": "62733",
    "User": "NT AUTHORITY\\SYSTEM",
    "UtcTime": "2019-08-30 23:16:28.387",
    "Channel": "Microsoft-Windows-Sysmon/Operational",
    "Computer": "MSEDGEWIN10",
    "Correlation": "None",
    "EventID": "3",
    "EventRecordID": "32586",
    "Keywords": "0x8000000000000000",
    "Level": "4",
    "Opcode": "0",
    "Task": "3",
    "Version": "5",
    "SystemTime": "2019-09-01T12:04:22.908023Z",
    "UserID": "S-1-5-18",
    "ProcessID": "3292",
    "ThreadID": "4024",
    "Name": "Microsoft-Windows-Sysmon",
    "Guid": "5770385F-C22A-43E0-BF4C-06F5698FFBD9"
  },
  {
    "DestinationIp": "10.0.2.17",
    "DestinationIsIpv6": "False",
    "DestinationPort": "59767",
    "Image": "System",
    "Initiated": "False",
    "ProcessGuid": "747F3D96-98DD-5D69-0000-0010EB030000",
    "ProcessId": "4",
    "Protocol": "tcp",
    "SourceHostname": "MSEDGEWIN10",
    "SourceIp": "10.0.2.15",
    "SourceIsIpv6": "False",
    "SourcePort": "445",
    "SourcePortName": "microsoft-ds",
    "User": "NT AUTHORITY\\SYSTEM",
    "UtcTime": "2019-08-30 23:16:28.364",
    "Channel": "Microsoft-Windows-Sysmon/Operational",
    "Computer": "MSEDGEWIN10",
    "Correlation": "None",
    "EventID": "3",
    "EventRecordID": "32585",
    "Keywords": "0x8000000000000000",
    "Level": "4",
    "Opcode": "0",
    "Task": "3",
    "Version": "5",
    "SystemTime": "2019-09-01T12:04:22.033684Z",
    "UserID": "S-1-5-18",
    "ProcessID": "3292",
    "ThreadID": "4024",
    "Name": "Microsoft-Windows-Sysmon",
    "Guid": "5770385F-C22A-43E0-BF4C-06F5698FFBD9"
  },
  {
    "AccessList": "%%1538\r\n\t\t\t\t%%1541\r\n\t\t\t\t%%4416\r\n\t\t\t\t%%4417\r\n\t\t\t\t%%4418\r\n\t\t\t\t%%4419\r\n\t\t\t\t%%4420\r\n\t\t\t\t%%4423\r\n\t\t\t\t%%4424\r\n\t\t\t\t",
    "AccessMask": "0x12019f",
    "IpAddress": "10.0.2.17",
    "IpPort": "51009",
    "ObjectType": "File",
    "RelativeTargetName": "spoolss",
    "ShareName": "\\\\*\\IPC$",
    "SubjectDomainName": "MSEDGEWIN10",
    "SubjectLogonId": "0x22329ce",
    "SubjectUserName": "IEUser",
    "SubjectUserSid": "S-1-5-21-3461203602-4096304019-2269080069-1000",
    "Channel": "Security",
    "Computer": "MSEDGEWIN10",
    "Correlation": "None",
    "EventID": "5145",
    "EventRecordID": "160445",
    "Keywords": "0x8020000000000000",
    "Level": "0",
    "Opcode": "0",
    "Security": "None",
    "Task": "12811",
    "Version": "0",
    "SystemTime": "2019-09-01T11:54:22.450677Z",
    "ProcessID": "4",
    "ThreadID": "6420",
    "Name": "Microsoft-Windows-Security-Auditing",
    "Guid": "54849625-5478-4994-A5BA-3E3B0328C30D"
  },
  {
    "CommandLine": "\"C:\\Windows\\system32\\cmd.exe\" /c set > c:\\users\\\\public\\netstat.txt",
    "Company": "Microsoft Corporation",
    "CurrentDirectory": "C:\\Windows\\system32\\",
    "Description": "Windows Command Processor",
    "FileVersion": "10.0.17763.1 (WinBuild.160101.0800)",
    "Hashes": "SHA1=8C5437CD76A89EC983E3B364E219944DA3DAB464,MD5=975B45B669930B0CC773EAF2B414206F,SHA256=3656F37A1C6951EC4496FABB8EE957D3A6E3C276D5A3785476B482C9C0D32EA2,IMPHASH=272245E2988E1E430500B852C4FB5E18",
    "Image": "cmd.exe",
    "IntegrityLevel": "High",
    "LogonGuid": "747F3D96-CE3B-5DBE-0000-00201ED50100",
    "LogonId": "0x1d51e",
    "ParentCommandLine": "\"c:\\Program Files\\Microsoft SQL Server\\MSSQL10.SQLEXPRESS\\MSSQL\\Binn\\sqlservr.exe\" -sSQLEXPRESS",
    "ParentImage": "sqlservr.exe",
    "ParentProcessGuid": "747F3D96-CE42-5DBE-0000-0010EE430200",
    "ParentProcessId": "3936",
    "ProcessGuid": "747F3D96-DB7C-5DBE-0000-0010CF6B9502",
    "ProcessId": "5004",
    "Product": "Microsoft\u00ae Windows\u00ae Operating System",
    "TerminalSessionId": "0",
    "User": "MSEDGEWIN10\\sqlsvc",
    "UtcTime": "2019-11-03 13:51:56.380",
    "Channel": "Microsoft-Windows-Sysmon/Operational",
    "Computer": "MSEDGEWIN10",
    "Correlation": "None",
    "EventID": "1",
    "EventRecordID": "56509",
    "Keywords": "0x8000000000000000",
    "Level": "4",
    "Opcode": "0",
    "Task": "1",
    "Version": "5",
    "SystemTime": "2019-11-03T13:51:58.263043Z",
    "UserID": "S-1-5-18",
    "ProcessID": "3180",
    "ThreadID": "4224",
    "Name": "Microsoft-Windows-Sysmon",
    "Guid": "5770385F-C22A-43E0-BF4C-06F5698FFBD9"
  },
  {
    "Details": "rundll32.exe a.dll, DllMain",
    "EventType": "SetValue",
    "Image": "wmiprvse.exe",
    "ProcessGuid": "747F3D96-041E-5FD2-0000-001024DF3B00",
    "ProcessId": "5580",
    "TargetObject": "HKLM\\SOFTWARE\\Microsoft\\Windows\\CurrentVersion\\Run\\wmipers",
    "UtcTime": "2020-12-10 11:18:54.853",
    "Channel": "Microsoft-Windows-Sysmon/Operational",
    "Computer": "MSEDGEWIN10",
    "Correlation": "None",
    "EventID": "13",
    "EventRecordID": "549609",
    "Keywords": "0x8000000000000000",
    "Level": "4",
    "Opcode": "0",
    "Task": "13",
    "Version": "2",
    "SystemTime": "2020-12-10T11:18:54.856311Z",
    "UserID": "S-1-5-18",
    "ProcessID": "3556",
    "ThreadID": "4972",
    "Name": "Microsoft-Windows-Sysmon",
    "Guid": "5770385F-C22A-43E0-BF4C-06F5698FFBD9"
  },
  {
    "Company": "Microsoft Corporation",
    "Description": "WMI",
    "FileVersion": "10.0.17763.1 (WinBuild.160101.0800)",
    "Hashes": "SHA1=59644BBEE85EB3BA82AC50701BAB5259C32DEBFD,MD5=E4C2776C47699BB8A313410C868141E6,SHA256=6F4125923739EB6637A0277E93E6F669FE55BA0331A9E3FD097C5A6A17DDECAE,IMPHASH=4395CF0DEA7364F6AFC62C0CAB1CC91A",
    "Image": "WmiPrvSE.exe",
    "ImageLoaded": "stdprov.dll",
    "OriginalFileName": "stdprov.dll",
    "ProcessGuid": "747F3D96-041E-5FD2-0000-001024DF3B00",
    "ProcessId": "5580",
    "Product": "Microsoft\u00ae Windows\u00ae Operating System",
    "Signature": "Microsoft Windows",
    "SignatureStatus": "Valid",
    "Signed": "true",
    "UtcTime": "2020-12-10 11:18:54.815",
    "Channel": "Microsoft-Windows-Sysmon/Operational",
    "Computer": "MSEDGEWIN10",
    "Correlation": "None",
    "EventID": "7",
    "EventRecordID": "549608",
    "Keywords": "0x8000000000000000",
    "Level": "4",
    "Opcode": "0",
    "Task": "7",
    "Version": "3",
    "SystemTime": "2020-12-10T11:18:54.826678Z",
    "UserID": "S-1-5-18",
    "ProcessID": "3556",
    "ThreadID": "4980",
    "Name": "Microsoft-Windows-Sysmon",
    "Guid": "5770385F-C22A-43E0-BF4C-06F5698FFBD9"
  },
  {
    "EventType": "CreateKey",
    "Image": "wmiprvse.exe",
    "ProcessGuid": "747F3D96-041E-5FD2-0000-001024DF3B00",
    "ProcessId": "5580",
    "TargetObject": "HKCR",
    "UtcTime": "2020-12-10 11:18:54.789",
    "Channel": "Microsoft-Windows-Sysmon/Operational",
    "Computer": "MSEDGEWIN10",
    "Correlation": "None",
    "EventID": "12",
    "EventRecordID": "549607",
    "Keywords": "0x8000000000000000",
    "Level": "4",
    "Opcode": "0",
    "Task": "12",
    "Version": "2",
    "SystemTime": "2020-12-10T11:18:54.796216Z",
    "UserID": "S-1-5-18",
    "ProcessID": "3556",
    "ThreadID": "4972",
    "Name": "Microsoft-Windows-Sysmon",
    "Guid": "5770385F-C22A-43E0-BF4C-06F5698FFBD9"
  },
  {
    "EventType": "CreateKey",
    "Image": "wmiprvse.exe",
    "ProcessGuid": "747F3D96-041E-5FD2-0000-001024DF3B00",
    "ProcessId": "5580",
    "TargetObject": "HKLM\\SOFTWARE\\Microsoft\\Wbem",
    "UtcTime": "2020-12-10 11:18:54.726",
    "Channel": "Microsoft-Windows-Sysmon/Operational",
    "Computer": "MSEDGEWIN10",
    "Correlation": "None",
    "EventID": "12",
    "EventRecordID": "549606",
    "Keywords": "0x8000000000000000",
    "Level": "4",
    "Opcode": "0",
    "Task": "12",
    "Version": "2",
    "SystemTime": "2020-12-10T11:18:54.734090Z",
    "UserID": "S-1-5-18",
    "ProcessID": "3556",
    "ThreadID": "4972",
    "Name": "Microsoft-Windows-Sysmon",
    "Guid": "5770385F-C22A-43E0-BF4C-06F5698FFBD9"
  },
  {
    "EventType": "CreateKey",
    "Image": "wmiprvse.exe",
    "ProcessGuid": "747F3D96-041E-5FD2-0000-001024DF3B00",
    "ProcessId": "5580",
    "TargetObject": "HKLM\\SOFTWARE\\Microsoft",
    "UtcTime": "2020-12-10 11:18:54.726",
    "Channel": "Microsoft-Windows-Sysmon/Operational",
    "Computer": "MSEDGEWIN10",
    "Correlation": "None",
    "EventID": "12",
    "EventRecordID": "549605",
    "Keywords": "0x8000000000000000",
    "Level": "4",
    "Opcode": "0",
    "Task": "12",
    "Version": "2",
    "SystemTime": "2020-12-10T11:18:54.734077Z",
    "UserID": "S-1-5-18",
    "ProcessID": "3556",
    "ThreadID": "4972",
    "Name": "Microsoft-Windows-Sysmon",
    "Guid": "5770385F-C22A-43E0-BF4C-06F5698FFBD9"
  },
  {
    "EventType": "CreateKey",
    "Image": "wmiprvse.exe",
    "ProcessGuid": "747F3D96-041E-5FD2-0000-001024DF3B00",
    "ProcessId": "5580",
    "TargetObject": "HKLM\\SOFTWARE",
    "UtcTime": "2020-12-10 11:18:54.726",
    "Channel": "Microsoft-Windows-Sysmon/Operational",
    "Computer": "MSEDGEWIN10",
    "Correlation": "None",
    "EventID": "12",
    "EventRecordID": "549604",
    "Keywords": "0x8000000000000000",
    "Level": "4",
    "Opcode": "0",
    "Task": "12",
    "Version": "2",
    "SystemTime": "2020-12-10T11:18:54.734058Z",
    "UserID": "S-1-5-18",
    "ProcessID": "3556",
    "ThreadID": "4972",
    "Name": "Microsoft-Windows-Sysmon",
    "Guid": "5770385F-C22A-43E0-BF4C-06F5698FFBD9"
  },
  {
    "EventType": "CreateKey",
    "Image": "wmiprvse.exe",
    "ProcessGuid": "747F3D96-041E-5FD2-0000-001024DF3B00",
    "ProcessId": "5580",
    "TargetObject": "HKLM\\SOFTWARE\\Microsoft\\Wbem",
    "UtcTime": "2020-12-10 11:18:54.726",
    "Channel": "Microsoft-Windows-Sysmon/Operational",
    "Computer": "MSEDGEWIN10",
    "Correlation": "None",
    "EventID": "12",
    "EventRecordID": "549603",
    "Keywords": "0x8000000000000000",
    "Level": "4",
    "Opcode": "0",
    "Task": "12",
    "Version": "2",
    "SystemTime": "2020-12-10T11:18:54.733944Z",
    "UserID": "S-1-5-18",
    "ProcessID": "3556",
    "ThreadID": "4972",
    "Name": "Microsoft-Windows-Sysmon",
    "Guid": "5770385F-C22A-43E0-BF4C-06F5698FFBD9"
  },
  {
    "EventType": "CreateKey",
    "Image": "wmiprvse.exe",
    "ProcessGuid": "747F3D96-041E-5FD2-0000-001024DF3B00",
    "ProcessId": "5580",
    "TargetObject": "HKLM\\SOFTWARE\\Microsoft",
    "UtcTime": "2020-12-10 11:18:54.726",
    "Channel": "Microsoft-Windows-Sysmon/Operational",
    "Computer": "MSEDGEWIN10",
    "Correlation": "None",
    "EventID": "12",
    "EventRecordID": "549602",
    "Keywords": "0x8000000000000000",
    "Level": "4",
    "Opcode": "0",
    "Task": "12",
    "Version": "2",
    "SystemTime": "2020-12-10T11:18:54.733930Z",
    "UserID": "S-1-5-18",
    "ProcessID": "3556",
    "ThreadID": "4972",
    "Name": "Microsoft-Windows-Sysmon",
    "Guid": "5770385F-C22A-43E0-BF4C-06F5698FFBD9"
  },
  {
    "EventType": "CreateKey",
    "Image": "wmiprvse.exe",
    "ProcessGuid": "747F3D96-041E-5FD2-0000-001024DF3B00",
    "ProcessId": "5580",
    "TargetObject": "HKLM\\SOFTWARE",
    "UtcTime": "2020-12-10 11:18:54.726",
    "Channel": "Microsoft-Windows-Sysmon/Operational",
    "Computer": "MSEDGEWIN10",
    "Correlation": "None",
    "EventID": "12",
    "EventRecordID": "549601",
    "Keywords": "0x8000000000000000",
    "Level": "4",
    "Opcode": "0",
    "Task": "12",
    "Version": "2",
    "SystemTime": "2020-12-10T11:18:54.733908Z",
    "UserID": "S-1-5-18",
    "ProcessID": "3556",
    "ThreadID": "4972",
    "Name": "Microsoft-Windows-Sysmon",
    "Guid": "5770385F-C22A-43E0-BF4C-06F5698FFBD9"
  },
  {
    "CommandLine": "C:\\Windows\\system32\\wbem\\wmiprvse.exe -secured -Embedding",
    "Company": "Microsoft Corporation",
    "CurrentDirectory": "C:\\Windows\\system32\\",
    "Description": "WMI Provider Host",
    "FileVersion": "10.0.17763.1 (WinBuild.160101.0800)",
    "Hashes": "SHA1=67C25C8F28B5FA7F5BAA85BF1D2726AED48E9CF0,MD5=06C66FF5CCDC2D22344A3EB761A4D38A,SHA256=B5C78BEF3883E3099F7EF844DA1446DB29107E5C0223B97F29E7FAFAB5527F15,IMPHASH=CFECEDC01015A4FD1BAACAC9E592D88B",
    "Image": "WmiPrvSE.exe",
    "IntegrityLevel": "System",
    "LogonGuid": "747F3D96-7E79-5FD2-0000-0020E5030000",
    "LogonId": "0x3e5",
    "OriginalFileName": "Wmiprvse.exe",
    "ParentCommandLine": "?",
    "ParentImage": "?",
    "ParentProcessGuid": "00000000-0000-0000-0000-000000000000",
    "ParentProcessId": "832",
    "ProcessGuid": "747F3D96-041E-5FD2-0000-001024DF3B00",
    "ProcessId": "5580",
    "Product": "Microsoft\u00ae Windows\u00ae Operating System",
    "TerminalSessionId": "0",
    "User": "NT AUTHORITY\\LOCAL SERVICE",
    "UtcTime": "2020-12-10 11:18:54.576",
    "Channel": "Microsoft-Windows-Sysmon/Operational",
    "Computer": "MSEDGEWIN10",
    "Correlation": "None",
    "EventID": "1",
    "EventRecordID": "549600",
    "Keywords": "0x8000000000000000",
    "Level": "4",
    "Opcode": "0",
    "Task": "1",
    "Version": "5",
    "SystemTime": "2020-12-10T11:18:54.600413Z",
    "UserID": "S-1-5-18",
    "ProcessID": "3556",
    "ThreadID": "4972",
    "Name": "Microsoft-Windows-Sysmon",
    "Guid": "5770385F-C22A-43E0-BF4C-06F5698FFBD9"
  },
  {
    "DestinationHostname": "MSEDGEWIN10",
    "DestinationIp": "10.0.2.15",
    "DestinationIsIpv6": "False",
    "DestinationPort": "49847",
    "Image": "svchost.exe",
    "Initiated": "False",
    "ProcessGuid": "747F3D96-FFEE-5FD1-0000-00101DDF0100",
    "ProcessId": "2784",
    "Protocol": "tcp",
    "SourceHostname": "MSEDGEWIN10CLON",
    "SourceIp": "10.0.2.17",
    "SourceIsIpv6": "False",
    "SourcePort": "49853",
    "User": "NT AUTHORITY\\SYSTEM",
    "UtcTime": "2020-12-10 11:18:51.197",
    "Channel": "Microsoft-Windows-Sysmon/Operational",
    "Computer": "MSEDGEWIN10",
    "Correlation": "None",
    "EventID": "3",
    "EventRecordID": "549599",
    "Keywords": "0x8000000000000000",
    "Level": "4",
    "Opcode": "0",
    "Task": "3",
    "Version": "5",
    "SystemTime": "2020-12-10T11:18:52.447825Z",
    "UserID": "S-1-5-18",
    "ProcessID": "3556",
    "ThreadID": "4416",
    "Name": "Microsoft-Windows-Sysmon",
    "Guid": "5770385F-C22A-43E0-BF4C-06F5698FFBD9"
  },
  {
    "DestinationHostname": "MSEDGEWIN10",
    "DestinationIp": "10.0.2.15",
    "DestinationIsIpv6": "False",
    "DestinationPort": "135",
    "DestinationPortName": "epmap",
    "Image": "svchost.exe",
    "Initiated": "False",
    "ProcessGuid": "747F3D96-7E78-5FD2-0000-0010E1C40000",
    "ProcessId": "896",
    "Protocol": "tcp",
    "SourceHostname": "MSEDGEWIN10CLON",
    "SourceIp": "10.0.2.17",
    "SourceIsIpv6": "False",
    "SourcePort": "49852",
    "User": "NT AUTHORITY\\NETWORK SERVICE",
    "UtcTime": "2020-12-10 11:18:51.065",
    "Channel": "Microsoft-Windows-Sysmon/Operational",
    "Computer": "MSEDGEWIN10",
    "Correlation": "None",
    "EventID": "3",
    "EventRecordID": "549598",
    "Keywords": "0x8000000000000000",
    "Level": "4",
    "Opcode": "0",
    "Task": "3",
    "Version": "5",
    "SystemTime": "2020-12-10T11:18:52.191419Z",
    "UserID": "S-1-5-18",
    "ProcessID": "3556",
    "ThreadID": "4416",
    "Name": "Microsoft-Windows-Sysmon",
    "Guid": "5770385F-C22A-43E0-BF4C-06F5698FFBD9"
  },
  {
    "DestinationHostname": "MSEDGEWIN10",
    "DestinationIp": "10.0.2.15",
    "DestinationIsIpv6": "False",
    "DestinationPort": "135",
    "DestinationPortName": "epmap",
    "Image": "svchost.exe",
    "Initiated": "False",
    "ProcessGuid": "747F3D96-7E78-5FD2-0000-0010E1C40000",
    "ProcessId": "896",
    "Protocol": "tcp",
    "SourceHostname": "MSEDGEWIN10CLON",
    "SourceIp": "10.0.2.17",
    "SourceIsIpv6": "False",
    "SourcePort": "49851",
    "User": "NT AUTHORITY\\NETWORK SERVICE",
    "UtcTime": "2020-12-10 11:18:51.062",
    "Channel": "Microsoft-Windows-Sysmon/Operational",
    "Computer": "MSEDGEWIN10",
    "Correlation": "None",
    "EventID": "3",
    "EventRecordID": "549597",
    "Keywords": "0x8000000000000000",
    "Level": "4",
    "Opcode": "0",
    "Task": "3",
    "Version": "5",
    "SystemTime": "2020-12-10T11:18:52.190496Z",
    "UserID": "S-1-5-18",
    "ProcessID": "3556",
    "ThreadID": "4416",
    "Name": "Microsoft-Windows-Sysmon",
    "Guid": "5770385F-C22A-43E0-BF4C-06F5698FFBD9"
  }
]
