[
  {
    "ConnectionName": "RDP-Tcp#12",
    "FirstGraphicsReceived": "40547",
    "GfxChannelOpened": "38719",
    "PromptForCredentials": "78",
    "PromptForCredentialsDone": "36735",
    "Channel": "Microsoft-Windows-RemoteDesktopServices-RdpCoreTS/Operational",
    "Computer": "MSEDGEWIN10",
    "EventID": "68",
    "EventRecordID": "13354",
    "Keywords": "0x4000000000000000",
    "Level": "4",
    "Opcode": "13",
    "Task": "4",
    "Version": "0",
    "SystemTime": "2020-11-13T11:49:19.426467Z",
    "UserID": "S-1-5-20",
    "ProcessID": "388",
    "ThreadID": "6336",
    "Name": "Microsoft-Windows-RemoteDesktopServices-RdpCoreTS",
    "Guid": "1139C61B-B549-4251-8ED3-27250A1EDEC8",
    "ActivityID": "0A228115-AA0C-4BE2-8D22-1696BD210000"
  },
  {
    "MonitorHeight": "1080",
    "MonitorNum": "0",
    "MonitorWidth": "1920",
    "MonitorX": "0",
    "MonitorY": "0",
    "ServerName": "MSEDGEWIN10",
    "Channel": "Microsoft-Windows-RemoteDesktopServices-RdpCoreTS/Operational",
    "Computer": "MSEDGEWIN10",
    "EventID": "168",
    "EventRecordID": "13344",
    "Keywords": "0x4000000000000000",
    "Level": "4",
    "Opcode": "11",
    "Task": "4",
    "Version": "0",
    "SystemTime": "2020-11-13T11:49:18.053159Z",
    "UserID": "S-1-5-20",
    "ProcessID": "388",
    "ThreadID": "7284",
    "Name": "Microsoft-Windows-RemoteDesktopServices-RdpCoreTS",
    "Guid": "1139C61B-B549-4251-8ED3-27250A1EDEC8",
    "ActivityID": "F4203F42-3FDA-4692-AA6B-54652B430000"
  },
  {
    "ClientIP": "[10.0.2.16]:58260",
    "ConnType": "UDP",
    "Channel": "Microsoft-Windows-RemoteDesktopServices-RdpCoreTS/Operational",
    "Computer": "MSEDGEWIN10",
    "EventID": "131",
    "EventRecordID": "13327",
    "Keywords": "0x4000000000000000",
    "Level": "4",
    "Opcode": "15",
    "Task": "4",
    "Version": "0",
    "SystemTime": "2020-11-13T11:49:17.458629Z",
    "UserID": "S-1-5-20",
    "ProcessID": "388",
    "ThreadID": "1320",
    "Name": "Microsoft-Windows-RemoteDesktopServices-RdpCoreTS",
    "Guid": "1139C61B-B549-4251-8ED3-27250A1EDEC8",
    "ActivityID": "0A228115-AA0C-4BE2-8D22-1696BD210000"
  },
  {
    "ClientIP": "10.0.2.16:52786",
    "ConnType": "TCP",
    "Channel": "Microsoft-Windows-RemoteDesktopServices-RdpCoreTS/Operational",
    "Computer": "MSEDGEWIN10",
    "EventID": "131",
    "EventRecordID": "13306",
    "Keywords": "0x4000000000000000",
    "Level": "4",
    "Opcode": "15",
    "Task": "4",
    "Version": "0",
    "SystemTime": "2020-11-13T11:49:17.383354Z",
    "UserID": "S-1-5-20",
    "ProcessID": "388",
    "ThreadID": "1292",
    "Name": "Microsoft-Windows-RemoteDesktopServices-RdpCoreTS",
    "Guid": "1139C61B-B549-4251-8ED3-27250A1EDEC8",
    "ActivityID": "F4203F42-3FDA-4692-AA6B-54652B430000"
  },
  {
    "ClientIP": "10.0.2.16:52784",
    "ConnType": "TCP",
    "Channel": "Microsoft-Windows-RemoteDesktopServices-RdpCoreTS/Operational",
    "Computer": "MSEDGEWIN10",
    "EventID": "131",
    "EventRecordID": "13291",
    "Keywords": "0x4000000000000000",
    "Level": "4",
    "Opcode": "15",
    "Task": "4",
    "Version": "0",
    "SystemTime": "2020-11-13T11:48:38.956349Z",
    "UserID": "S-1-5-20",
    "ProcessID": "388",
    "ThreadID": "1292",
    "Name": "Microsoft-Windows-RemoteDesktopServices-RdpCoreTS",
    "Guid": "1139C61B-B549-4251-8ED3-27250A1EDEC8",
    "ActivityID": "F420E326-ED1E-44BB-852B-909E49F40000"
  },
  {
    "ClientIP": "10.0.2.16:52779",
    "ConnType": "TCP",
    "Channel": "Microsoft-Windows-RemoteDesktopServices-RdpCoreTS/Operational",
    "Computer": "MSEDGEWIN10",
    "EventID": "131",
    "EventRecordID": "13277",
    "Keywords": "0x4000000000000000",
    "Level": "4",
    "Opcode": "15",
    "Task": "4",
    "Version": "0",
    "SystemTime": "2020-11-13T11:48:02.419160Z",
    "UserID": "S-1-5-20",
    "ProcessID": "388",
    "ThreadID": "1292",
    "Name": "Microsoft-Windows-RemoteDesktopServices-RdpCoreTS",
    "Guid": "1139C61B-B549-4251-8ED3-27250A1EDEC8",
    "ActivityID": "F420D49D-4763-4B89-B293-01E91BA90000"
  },
  {
    "ConnectionName": "RDP-Tcp#9",
    "FirstGraphicsReceived": "2109",
    "GfxChannelOpened": "1062",
    "PromptForCredentials": "0",
    "PromptForCredentialsDone": "0",
    "Channel": "Microsoft-Windows-RemoteDesktopServices-RdpCoreTS/Operational",
    "Computer": "MSEDGEWIN10",
    "EventID": "68",
    "EventRecordID": "13232",
    "Keywords": "0x4000000000000000",
    "Level": "4",
    "Opcode": "13",
    "Task": "4",
    "Version": "0",
    "SystemTime": "2020-11-13T11:47:44.270737Z",
    "UserID": "S-1-5-20",
    "ProcessID": "388",
    "ThreadID": "9684",
    "Name": "Microsoft-Windows-RemoteDesktopServices-RdpCoreTS",
    "Guid": "1139C61B-B549-4251-8ED3-27250A1EDEC8",
    "ActivityID": "4812B416-8137-479A-B891-F88016D40000"
  },
  {
    "MonitorHeight": "200",
    "MonitorNum": "0",
    "MonitorWidth": "200",
    "MonitorX": "0",
    "MonitorY": "0",
    "ServerName": "MSEDGEWIN10",
    "Channel": "Microsoft-Windows-RemoteDesktopServices-RdpCoreTS/Operational",
    "Computer": "MSEDGEWIN10",
    "EventID": "168",
    "EventRecordID": "13230",
    "Keywords": "0x4000000000000000",
    "Level": "4",
    "Opcode": "11",
    "Task": "4",
    "Version": "0",
    "SystemTime": "2020-11-13T11:47:44.160637Z",
    "UserID": "S-1-5-20",
    "ProcessID": "388",
    "ThreadID": "7284",
    "Name": "Microsoft-Windows-RemoteDesktopServices-RdpCoreTS",
    "Guid": "1139C61B-B549-4251-8ED3-27250A1EDEC8",
    "ActivityID": "F420820F-97A5-4A83-8BDE-22695FE30000"
  },
  {
    "ClientIP": "[10.0.2.16]:61881",
    "ConnType": "UDP",
    "Channel": "Microsoft-Windows-RemoteDesktopServices-RdpCoreTS/Operational",
    "Computer": "MSEDGEWIN10",
    "EventID": "131",
    "EventRecordID": "13212",
    "Keywords": "0x4000000000000000",
    "Level": "4",
    "Opcode": "15",
    "Task": "4",
    "Version": "0",
    "SystemTime": "2020-11-13T11:47:43.096750Z",
    "UserID": "S-1-5-20",
    "ProcessID": "388",
    "ThreadID": "1320",
    "Name": "Microsoft-Windows-RemoteDesktopServices-RdpCoreTS",
    "Guid": "1139C61B-B549-4251-8ED3-27250A1EDEC8",
    "ActivityID": "4812B416-8137-479A-B891-F88016D40000"
  },
  {
    "ClientIP": "10.0.2.16:52776",
    "ConnType": "TCP",
    "Channel": "Microsoft-Windows-RemoteDesktopServices-RdpCoreTS/Operational",
    "Computer": "MSEDGEWIN10",
    "EventID": "131",
    "EventRecordID": "13191",
    "Keywords": "0x4000000000000000",
    "Level": "4",
    "Opcode": "15",
    "Task": "4",
    "Version": "0",
    "SystemTime": "2020-11-13T11:47:42.859086Z",
    "UserID": "S-1-5-20",
    "ProcessID": "388",
    "ThreadID": "1292",
    "Name": "Microsoft-Windows-RemoteDesktopServices-RdpCoreTS",
    "Guid": "1139C61B-B549-4251-8ED3-27250A1EDEC8",
    "ActivityID": "F420820F-97A5-4A83-8BDE-22695FE30000"
  },
  {
    "ConnectionName": "RDP-Tcp#8",
    "FirstGraphicsReceived": "16953",
    "GfxChannelOpened": "15422",
    "PromptForCredentials": "1719",
    "PromptForCredentialsDone": "9484",
    "Channel": "Microsoft-Windows-RemoteDesktopServices-RdpCoreTS/Operational",
    "Computer": "MSEDGEWIN10",
    "EventID": "68",
    "EventRecordID": "13145",
    "Keywords": "0x4000000000000000",
    "Level": "4",
    "Opcode": "13",
    "Task": "4",
    "Version": "0",
    "SystemTime": "2020-11-13T11:42:19.995336Z",
    "UserID": "S-1-5-20",
    "ProcessID": "388",
    "ThreadID": "9996",
    "Name": "Microsoft-Windows-RemoteDesktopServices-RdpCoreTS",
    "Guid": "1139C61B-B549-4251-8ED3-27250A1EDEC8",
    "ActivityID": "D140B3EC-1617-4D69-869C-6BD8C0820000"
  },
  {
    "MonitorHeight": "1080",
    "MonitorNum": "0",
    "MonitorWidth": "1920",
    "MonitorX": "0",
    "MonitorY": "0",
    "ServerName": "MSEDGEWIN10",
    "Channel": "Microsoft-Windows-RemoteDesktopServices-RdpCoreTS/Operational",
    "Computer": "MSEDGEWIN10",
    "EventID": "168",
    "EventRecordID": "13136",
    "Keywords": "0x4000000000000000",
    "Level": "4",
    "Opcode": "11",
    "Task": "4",
    "Version": "0",
    "SystemTime": "2020-11-13T11:42:18.923146Z",
    "UserID": "S-1-5-20",
    "ProcessID": "388",
    "ThreadID": "7312",
    "Name": "Microsoft-Windows-RemoteDesktopServices-RdpCoreTS",
    "Guid": "1139C61B-B549-4251-8ED3-27250A1EDEC8",
    "ActivityID": "F42040A3-A63D-40FD-81FA-26171B400000"
  },
  {
    "ClientIP": "[10.0.2.16]:55988",
    "ConnType": "UDP",
    "Channel": "Microsoft-Windows-RemoteDesktopServices-RdpCoreTS/Operational",
    "Computer": "MSEDGEWIN10",
    "EventID": "131",
    "EventRecordID": "13118",
    "Keywords": "0x4000000000000000",
    "Level": "4",
    "Opcode": "15",
    "Task": "4",
    "Version": "0",
    "SystemTime": "2020-11-13T11:42:18.305936Z",
    "UserID": "S-1-5-20",
    "ProcessID": "388",
    "ThreadID": "1320",
    "Name": "Microsoft-Windows-RemoteDesktopServices-RdpCoreTS",
    "Guid": "1139C61B-B549-4251-8ED3-27250A1EDEC8",
    "ActivityID": "D140B3EC-1617-4D69-869C-6BD8C0820000"
  },
  {
    "ClientIP": "10.0.2.16:52734",
    "ConnType": "TCP",
    "Channel": "Microsoft-Windows-RemoteDesktopServices-RdpCoreTS/Operational",
    "Computer": "MSEDGEWIN10",
    "EventID": "131",
    "EventRecordID": "13097",
    "Keywords": "0x4000000000000000",
    "Level": "4",
    "Opcode": "15",
    "Task": "4",
    "Version": "0",
    "SystemTime": "2020-11-13T11:42:18.144337Z",
    "UserID": "S-1-5-20",
    "ProcessID": "388",
    "ThreadID": "1292",
    "Name": "Microsoft-Windows-RemoteDesktopServices-RdpCoreTS",
    "Guid": "1139C61B-B549-4251-8ED3-27250A1EDEC8",
    "ActivityID": "F42040A3-A63D-40FD-81FA-26171B400000"
  },
  {
    "ClientIP": "10.0.2.16:52733",
    "ConnType": "TCP",
    "Channel": "Microsoft-Windows-RemoteDesktopServices-RdpCoreTS/Operational",
    "Computer": "MSEDGEWIN10",
    "EventID": "131",
    "EventRecordID": "13082",
    "Keywords": "0x4000000000000000",
    "Level": "4",
    "Opcode": "15",
    "Task": "4",
    "Version": "0",
    "SystemTime": "2020-11-13T11:42:04.733450Z",
    "UserID": "S-1-5-20",
    "ProcessID": "388",
    "ThreadID": "1292",
    "Name": "Microsoft-Windows-RemoteDesktopServices-RdpCoreTS",
    "Guid": "1139C61B-B549-4251-8ED3-27250A1EDEC8",
    "ActivityID": "F42094F1-5580-4F8A-B414-4DBEDD2F0000"
  },
  {
    "ConnectionName": "RDP-Tcp#6",
    "FirstGraphicsReceived": "1203",
    "GfxChannelOpened": "813",
    "PromptForCredentials": "0",
    "PromptForCredentialsDone": "0",
    "Channel": "Microsoft-Windows-RemoteDesktopServices-RdpCoreTS/Operational",
    "Computer": "MSEDGEWIN10",
    "EventID": "68",
    "EventRecordID": "13036",
    "Keywords": "0x4000000000000000",
    "Level": "4",
    "Opcode": "13",
    "Task": "4",
    "Version": "0",
    "SystemTime": "2020-11-13T11:41:30.817322Z",
    "UserID": "S-1-5-20",
    "ProcessID": "388",
    "ThreadID": "9568",
    "Name": "Microsoft-Windows-RemoteDesktopServices-RdpCoreTS",
    "Guid": "1139C61B-B549-4251-8ED3-27250A1EDEC8",
    "ActivityID": "F00430A7-8758-4A7D-BCA2-931D564D0000"
  },
  {
    "MonitorHeight": "200",
    "MonitorNum": "0",
    "MonitorWidth": "200",
    "MonitorX": "0",
    "MonitorY": "0",
    "ServerName": "MSEDGEWIN10",
    "Channel": "Microsoft-Windows-RemoteDesktopServices-RdpCoreTS/Operational",
    "Computer": "MSEDGEWIN10",
    "EventID": "168",
    "EventRecordID": "13035",
    "Keywords": "0x4000000000000000",
    "Level": "4",
    "Opcode": "11",
    "Task": "4",
    "Version": "0",
    "SystemTime": "2020-11-13T11:41:30.638915Z",
    "UserID": "S-1-5-20",
    "ProcessID": "388",
    "ThreadID": "7284",
    "Name": "Microsoft-Windows-RemoteDesktopServices-RdpCoreTS",
    "Guid": "1139C61B-B549-4251-8ED3-27250A1EDEC8",
    "ActivityID": "F42070DC-2434-4BE8-9B5E-DE689A220000"
  },
  {
    "ClientIP": "[10.0.2.16]:64075",
    "ConnType": "UDP",
    "Channel": "Microsoft-Windows-RemoteDesktopServices-RdpCoreTS/Operational",
    "Computer": "MSEDGEWIN10",
    "EventID": "131",
    "EventRecordID": "13017",
    "Keywords": "0x4000000000000000",
    "Level": "4",
    "Opcode": "15",
    "Task": "4",
    "Version": "0",
    "SystemTime": "2020-11-13T11:41:30.214149Z",
    "UserID": "S-1-5-20",
    "ProcessID": "388",
    "ThreadID": "1320",
    "Name": "Microsoft-Windows-RemoteDesktopServices-RdpCoreTS",
    "Guid": "1139C61B-B549-4251-8ED3-27250A1EDEC8",
    "ActivityID": "F00430A7-8758-4A7D-BCA2-931D564D0000"
  },
  {
    "ClientIP": "10.0.2.16:52728",
    "ConnType": "TCP",
    "Channel": "Microsoft-Windows-RemoteDesktopServices-RdpCoreTS/Operational",
    "Computer": "MSEDGEWIN10",
    "EventID": "131",
    "EventRecordID": "12996",
    "Keywords": "0x4000000000000000",
    "Level": "4",
    "Opcode": "15",
    "Task": "4",
    "Version": "0",
    "SystemTime": "2020-11-13T11:41:30.102922Z",
    "UserID": "S-1-5-20",
    "ProcessID": "388",
    "ThreadID": "1292",
    "Name": "Microsoft-Windows-RemoteDesktopServices-RdpCoreTS",
    "Guid": "1139C61B-B549-4251-8ED3-27250A1EDEC8",
    "ActivityID": "F42070DC-2434-4BE8-9B5E-DE689A220000"
  },
  {
    "ConnectionName": "RDP-Tcp#5",
    "FirstGraphicsReceived": "1265",
    "GfxChannelOpened": "609",
    "PromptForCredentials": "0",
    "PromptForCredentialsDone": "0",
    "Channel": "Microsoft-Windows-RemoteDesktopServices-RdpCoreTS/Operational",
    "Computer": "MSEDGEWIN10",
    "EventID": "68",
    "EventRecordID": "12952",
    "Keywords": "0x4000000000000000",
    "Level": "4",
    "Opcode": "13",
    "Task": "4",
    "Version": "0",
    "SystemTime": "2020-11-13T11:41:06.060890Z",
    "UserID": "S-1-5-20",
    "ProcessID": "388",
    "ThreadID": "3224",
    "Name": "Microsoft-Windows-RemoteDesktopServices-RdpCoreTS",
    "Guid": "1139C61B-B549-4251-8ED3-27250A1EDEC8",
    "ActivityID": "AAE17F6C-E0F0-4DA7-B6FB-E72A74560000"
  },
  {
    "MonitorHeight": "200",
    "MonitorNum": "0",
    "MonitorWidth": "200",
    "MonitorX": "0",
    "MonitorY": "0",
    "ServerName": "MSEDGEWIN10",
    "Channel": "Microsoft-Windows-RemoteDesktopServices-RdpCoreTS/Operational",
    "Computer": "MSEDGEWIN10",
    "EventID": "168",
    "EventRecordID": "12950",
    "Keywords": "0x4000000000000000",
    "Level": "4",
    "Opcode": "11",
    "Task": "4",
    "Version": "0",
    "SystemTime": "2020-11-13T11:41:05.943950Z",
    "UserID": "S-1-5-20",
    "ProcessID": "388",
    "ThreadID": "7312",
    "Name": "Microsoft-Windows-RemoteDesktopServices-RdpCoreTS",
    "Guid": "1139C61B-B549-4251-8ED3-27250A1EDEC8",
    "ActivityID": "F420E980-73CD-4BF1-AC63-8CAE43170000"
  },
  {
    "ClientIP": "[10.0.2.16]:64073",
    "ConnType": "UDP",
    "Channel": "Microsoft-Windows-RemoteDesktopServices-RdpCoreTS/Operational",
    "Computer": "MSEDGEWIN10",
    "EventID": "131",
    "EventRecordID": "12931",
    "Keywords": "0x4000000000000000",
    "Level": "4",
    "Opcode": "15",
    "Task": "4",
    "Version": "0",
    "SystemTime": "2020-11-13T11:41:05.294891Z",
    "UserID": "S-1-5-20",
    "ProcessID": "388",
    "ThreadID": "1320",
    "Name": "Microsoft-Windows-RemoteDesktopServices-RdpCoreTS",
    "Guid": "1139C61B-B549-4251-8ED3-27250A1EDEC8",
    "ActivityID": "AAE17F6C-E0F0-4DA7-B6FB-E72A74560000"
  },
  {
    "ClientIP": "10.0.2.16:52727",
    "ConnType": "TCP",
    "Channel": "Microsoft-Windows-RemoteDesktopServices-RdpCoreTS/Operational",
    "Computer": "MSEDGEWIN10",
    "EventID": "131",
    "EventRecordID": "12910",
    "Keywords": "0x4000000000000000",
    "Level": "4",
    "Opcode": "15",
    "Task": "4",
    "Version": "0",
    "SystemTime": "2020-11-13T11:41:05.188967Z",
    "UserID": "S-1-5-20",
    "ProcessID": "388",
    "ThreadID": "1292",
    "Name": "Microsoft-Windows-RemoteDesktopServices-RdpCoreTS",
    "Guid": "1139C61B-B549-4251-8ED3-27250A1EDEC8",
    "ActivityID": "F420E980-73CD-4BF1-AC63-8CAE43170000"
  },
  {
    "ConnectionName": "RDP-Tcp#4",
    "FirstGraphicsReceived": "2594",
    "GfxChannelOpened": "1047",
    "PromptForCredentials": "0",
    "PromptForCredentialsDone": "0",
    "Channel": "Microsoft-Windows-RemoteDesktopServices-RdpCoreTS/Operational",
    "Computer": "MSEDGEWIN10",
    "EventID": "68",
    "EventRecordID": "12865",
    "Keywords": "0x4000000000000000",
    "Level": "4",
    "Opcode": "13",
    "Task": "4",
    "Version": "0",
    "SystemTime": "2020-11-13T11:40:45.552258Z",
    "UserID": "S-1-5-20",
    "ProcessID": "388",
    "ThreadID": "8708",
    "Name": "Microsoft-Windows-RemoteDesktopServices-RdpCoreTS",
    "Guid": "1139C61B-B549-4251-8ED3-27250A1EDEC8",
    "ActivityID": "C34D2AF7-7F5B-4596-986C-AD31BD710000"
  },
  {
    "MonitorHeight": "200",
    "MonitorNum": "0",
    "MonitorWidth": "200",
    "MonitorX": "0",
    "MonitorY": "0",
    "ServerName": "MSEDGEWIN10",
    "Channel": "Microsoft-Windows-RemoteDesktopServices-RdpCoreTS/Operational",
    "Computer": "MSEDGEWIN10",
    "EventID": "168",
    "EventRecordID": "12864",
    "Keywords": "0x4000000000000000",
    "Level": "4",
    "Opcode": "11",
    "Task": "4",
    "Version": "0",
    "SystemTime": "2020-11-13T11:40:45.418079Z",
    "UserID": "S-1-5-20",
    "ProcessID": "388",
    "ThreadID": "7284",
    "Name": "Microsoft-Windows-RemoteDesktopServices-RdpCoreTS",
    "Guid": "1139C61B-B549-4251-8ED3-27250A1EDEC8",
    "ActivityID": "F420369B-C6AD-4AC1-8E76-E9184FDF0000"
  },
  {
    "ClientIP": "[10.0.2.16]:64069",
    "ConnType": "UDP",
    "Channel": "Microsoft-Windows-RemoteDesktopServices-RdpCoreTS/Operational",
    "Computer": "MSEDGEWIN10",
    "EventID": "131",
    "EventRecordID": "12845",
    "Keywords": "0x4000000000000000",
    "Level": "4",
    "Opcode": "15",
    "Task": "4",
    "Version": "0",
    "SystemTime": "2020-11-13T11:40:43.870395Z",
    "UserID": "S-1-5-20",
    "ProcessID": "388",
    "ThreadID": "1320",
    "Name": "Microsoft-Windows-RemoteDesktopServices-RdpCoreTS",
    "Guid": "1139C61B-B549-4251-8ED3-27250A1EDEC8",
    "ActivityID": "C34D2AF7-7F5B-4596-986C-AD31BD710000"
  },
  {
    "ClientIP": "10.0.2.16:52725",
    "ConnType": "TCP",
    "Channel": "Microsoft-Windows-RemoteDesktopServices-RdpCoreTS/Operational",
    "Computer": "MSEDGEWIN10",
    "EventID": "131",
    "EventRecordID": "12824",
    "Keywords": "0x4000000000000000",
    "Level": "4",
    "Opcode": "15",
    "Task": "4",
    "Version": "0",
    "SystemTime": "2020-11-13T11:40:43.628034Z",
    "UserID": "S-1-5-20",
    "ProcessID": "388",
    "ThreadID": "1292",
    "Name": "Microsoft-Windows-RemoteDesktopServices-RdpCoreTS",
    "Guid": "1139C61B-B549-4251-8ED3-27250A1EDEC8",
    "ActivityID": "F420369B-C6AD-4AC1-8E76-E9184FDF0000"
  },
  {
    "ConnectionName": "RDP-Tcp#3",
    "FirstGraphicsReceived": "15078",
    "GfxChannelOpened": "13484",
    "PromptForCredentials": "2578",
    "PromptForCredentialsDone": "9890",
    "Channel": "Microsoft-Windows-RemoteDesktopServices-RdpCoreTS/Operational",
    "Computer": "MSEDGEWIN10",
    "EventID": "68",
    "EventRecordID": "12774",
    "Keywords": "0x4000000000000000",
    "Level": "4",
    "Opcode": "13",
    "Task": "4",
    "Version": "0",
    "SystemTime": "2020-11-13T11:20:41.301237Z",
    "UserID": "S-1-5-20",
    "ProcessID": "388",
    "ThreadID": "2456",
    "Name": "Microsoft-Windows-RemoteDesktopServices-RdpCoreTS",
    "Guid": "1139C61B-B549-4251-8ED3-27250A1EDEC8",
    "ActivityID": "8501BB8D-5B52-4567-96A6-4766971F0000"
  },
  {
    "MonitorHeight": "1080",
    "MonitorNum": "0",
    "MonitorWidth": "1920",
    "MonitorX": "0",
    "MonitorY": "0",
    "ServerName": "MSEDGEWIN10",
    "Channel": "Microsoft-Windows-RemoteDesktopServices-RdpCoreTS/Operational",
    "Computer": "MSEDGEWIN10",
    "EventID": "168",
    "EventRecordID": "12772",
    "Keywords": "0x4000000000000000",
    "Level": "4",
    "Opcode": "11",
    "Task": "4",
    "Version": "0",
    "SystemTime": "2020-11-13T11:20:40.900327Z",
    "UserID": "S-1-5-20",
    "ProcessID": "388",
    "ThreadID": "7284",
    "Name": "Microsoft-Windows-RemoteDesktopServices-RdpCoreTS",
    "Guid": "1139C61B-B549-4251-8ED3-27250A1EDEC8",
    "ActivityID": "F420A5BC-53B7-4C3B-89F1-642002600000"
  },
  {
    "ClientIP": "[10.0.2.16]:53248",
    "ConnType": "UDP",
    "Channel": "Microsoft-Windows-RemoteDesktopServices-RdpCoreTS/Operational",
    "Computer": "MSEDGEWIN10",
    "EventID": "131",
    "EventRecordID": "12755",
    "Keywords": "0x4000000000000000",
    "Level": "4",
    "Opcode": "15",
    "Task": "4",
    "Version": "0",
    "SystemTime": "2020-11-13T11:20:38.671306Z",
    "UserID": "S-1-5-20",
    "ProcessID": "388",
    "ThreadID": "1320",
    "Name": "Microsoft-Windows-RemoteDesktopServices-RdpCoreTS",
    "Guid": "1139C61B-B549-4251-8ED3-27250A1EDEC8",
    "ActivityID": "8501BB8D-5B52-4567-96A6-4766971F0000"
  },
  {
    "ClientIP": "10.0.2.16:52278",
    "ConnType": "TCP",
    "Channel": "Microsoft-Windows-RemoteDesktopServices-RdpCoreTS/Operational",
    "Computer": "MSEDGEWIN10",
    "EventID": "131",
    "EventRecordID": "12734",
    "Keywords": "0x4000000000000000",
    "Level": "4",
    "Opcode": "15",
    "Task": "4",
    "Version": "0",
    "SystemTime": "2020-11-13T11:20:38.546691Z",
    "UserID": "S-1-5-20",
    "ProcessID": "388",
    "ThreadID": "1292",
    "Name": "Microsoft-Windows-RemoteDesktopServices-RdpCoreTS",
    "Guid": "1139C61B-B549-4251-8ED3-27250A1EDEC8",
    "ActivityID": "F420A5BC-53B7-4C3B-89F1-642002600000"
  },
  {
    "ClientIP": "10.0.2.16:52276",
    "ConnType": "TCP",
    "Channel": "Microsoft-Windows-RemoteDesktopServices-RdpCoreTS/Operational",
    "Computer": "MSEDGEWIN10",
    "EventID": "131",
    "EventRecordID": "12719",
    "Keywords": "0x4000000000000000",
    "Level": "4",
    "Opcode": "15",
    "Task": "4",
    "Version": "0",
    "SystemTime": "2020-11-13T11:20:28.787280Z",
    "UserID": "S-1-5-20",
    "ProcessID": "388",
    "ThreadID": "1292",
    "Name": "Microsoft-Windows-RemoteDesktopServices-RdpCoreTS",
    "Guid": "1139C61B-B549-4251-8ED3-27250A1EDEC8",
    "ActivityID": "F42026FC-CE4F-4EC2-BD4C-3D8F2E6E0000"
  },
  {
    "ConnectionName": "RDP-Tcp#1",
    "FirstGraphicsReceived": "1906",
    "GfxChannelOpened": "1015",
    "PromptForCredentials": "0",
    "PromptForCredentialsDone": "0",
    "Channel": "Microsoft-Windows-RemoteDesktopServices-RdpCoreTS/Operational",
    "Computer": "MSEDGEWIN10",
    "EventID": "68",
    "EventRecordID": "12676",
    "Keywords": "0x4000000000000000",
    "Level": "4",
    "Opcode": "13",
    "Task": "4",
    "Version": "0",
    "SystemTime": "2020-11-13T11:10:05.845273Z",
    "UserID": "S-1-5-20",
    "ProcessID": "388",
    "ThreadID": "2740",
    "Name": "Microsoft-Windows-RemoteDesktopServices-RdpCoreTS",
    "Guid": "1139C61B-B549-4251-8ED3-27250A1EDEC8",
    "ActivityID": "35BBD881-8D79-401B-995E-8E98B0190000"
  },
  {
    "MonitorHeight": "200",
    "MonitorNum": "0",
    "MonitorWidth": "200",
    "MonitorX": "0",
    "MonitorY": "0",
    "ServerName": "MSEDGEWIN10",
    "Channel": "Microsoft-Windows-RemoteDesktopServices-RdpCoreTS/Operational",
    "Computer": "MSEDGEWIN10",
    "EventID": "168",
    "EventRecordID": "12675",
    "Keywords": "0x4000000000000000",
    "Level": "4",
    "Opcode": "11",
    "Task": "4",
    "Version": "0",
    "SystemTime": "2020-11-13T11:10:05.585380Z",
    "UserID": "S-1-5-20",
    "ProcessID": "388",
    "ThreadID": "7284",
    "Name": "Microsoft-Windows-RemoteDesktopServices-RdpCoreTS",
    "Guid": "1139C61B-B549-4251-8ED3-27250A1EDEC8",
    "ActivityID": "F420146A-B86D-4BAB-9526-C73621FC0000"
  },
  {
    "ClientIP": "[10.0.2.16]:59409",
    "ConnType": "UDP",
    "Channel": "Microsoft-Windows-RemoteDesktopServices-RdpCoreTS/Operational",
    "Computer": "MSEDGEWIN10",
    "EventID": "131",
    "EventRecordID": "12656",
    "Keywords": "0x4000000000000000",
    "Level": "4",
    "Opcode": "15",
    "Task": "4",
    "Version": "0",
    "SystemTime": "2020-11-13T11:10:04.415902Z",
    "UserID": "S-1-5-20",
    "ProcessID": "388",
    "ThreadID": "1320",
    "Name": "Microsoft-Windows-RemoteDesktopServices-RdpCoreTS",
    "Guid": "1139C61B-B549-4251-8ED3-27250A1EDEC8",
    "ActivityID": "35BBD881-8D79-401B-995E-8E98B0190000"
  },
  {
    "ClientIP": "10.0.2.16:52208",
    "ConnType": "TCP",
    "Channel": "Microsoft-Windows-RemoteDesktopServices-RdpCoreTS/Operational",
    "Computer": "MSEDGEWIN10",
    "EventID": "131",
    "EventRecordID": "12635",
    "Keywords": "0x4000000000000000",
    "Level": "4",
    "Opcode": "15",
    "Task": "4",
    "Version": "0",
    "SystemTime": "2020-11-13T11:10:04.326375Z",
    "UserID": "S-1-5-20",
    "ProcessID": "388",
    "ThreadID": "1292",
    "Name": "Microsoft-Windows-RemoteDesktopServices-RdpCoreTS",
    "Guid": "1139C61B-B549-4251-8ED3-27250A1EDEC8",
    "ActivityID": "F420146A-B86D-4BAB-9526-C73621FC0000"
  },
  {
    "ConnectionName": "RDP-Tcp#0",
    "FirstGraphicsReceived": "10672",
    "GfxChannelOpened": "8266",
    "PromptForCredentials": "0",
    "PromptForCredentialsDone": "0",
    "Channel": "Microsoft-Windows-RemoteDesktopServices-RdpCoreTS/Operational",
    "Computer": "MSEDGEWIN10",
    "EventID": "68",
    "EventRecordID": "12592",
    "Keywords": "0x4000000000000000",
    "Level": "4",
    "Opcode": "13",
    "Task": "4",
    "Version": "0",
    "SystemTime": "2020-11-13T11:09:15.885301Z",
    "UserID": "S-1-5-20",
    "ProcessID": "388",
    "ThreadID": "8512",
    "Name": "Microsoft-Windows-RemoteDesktopServices-RdpCoreTS",
    "Guid": "1139C61B-B549-4251-8ED3-27250A1EDEC8",
    "ActivityID": "AF159B2D-D587-4709-AB35-F167130B0000"
  },
  {
    "MonitorHeight": "200",
    "MonitorNum": "0",
    "MonitorWidth": "200",
    "MonitorX": "0",
    "MonitorY": "0",
    "ServerName": "MSEDGEWIN10",
    "Channel": "Microsoft-Windows-RemoteDesktopServices-RdpCoreTS/Operational",
    "Computer": "MSEDGEWIN10",
    "EventID": "168",
    "EventRecordID": "12591",
    "Keywords": "0x4000000000000000",
    "Level": "4",
    "Opcode": "11",
    "Task": "4",
    "Version": "0",
    "SystemTime": "2020-11-13T11:09:15.564770Z",
    "UserID": "S-1-5-20",
    "ProcessID": "388",
    "ThreadID": "7312",
    "Name": "Microsoft-Windows-RemoteDesktopServices-RdpCoreTS",
    "Guid": "1139C61B-B549-4251-8ED3-27250A1EDEC8",
    "ActivityID": "F4207C37-D7A8-4A5E-9A35-4E79CAA60000"
  },
  {
    "ClientIP": "[10.0.2.16]:59407",
    "ConnType": "UDP",
    "Channel": "Microsoft-Windows-RemoteDesktopServices-RdpCoreTS/Operational",
    "Computer": "MSEDGEWIN10",
    "EventID": "131",
    "EventRecordID": "12572",
    "Keywords": "0x4000000000000000",
    "Level": "4",
    "Opcode": "15",
    "Task": "4",
    "Version": "0",
    "SystemTime": "2020-11-13T11:09:12.439959Z",
    "UserID": "S-1-5-20",
    "ProcessID": "388",
    "ThreadID": "1320",
    "Name": "Microsoft-Windows-RemoteDesktopServices-RdpCoreTS",
    "Guid": "1139C61B-B549-4251-8ED3-27250A1EDEC8",
    "ActivityID": "AF159B2D-D587-4709-AB35-F167130B0000"
  },
  {
    "ClientIP": "10.0.2.16:52202",
    "ConnType": "TCP",
    "Channel": "Microsoft-Windows-RemoteDesktopServices-RdpCoreTS/Operational",
    "Computer": "MSEDGEWIN10",
    "EventID": "131",
    "EventRecordID": "12551",
    "Keywords": "0x4000000000000000",
    "Level": "4",
    "Opcode": "15",
    "Task": "4",
    "Version": "0",
    "SystemTime": "2020-11-13T11:09:07.084053Z",
    "UserID": "S-1-5-20",
    "ProcessID": "388",
    "ThreadID": "1292",
    "Name": "Microsoft-Windows-RemoteDesktopServices-RdpCoreTS",
    "Guid": "1139C61B-B549-4251-8ED3-27250A1EDEC8",
    "ActivityID": "F4207C37-D7A8-4A5E-9A35-4E79CAA60000"
  },
  {
    "TimezoneBiasHour": "[1]",
    "Channel": "Microsoft-Windows-RemoteDesktopServices-RdpCoreTS/Operational",
    "Computer": "MSEDGEWIN10",
    "EventID": "104",
    "EventRecordID": "2858",
    "Keywords": "0x4000000000000000",
    "Level": "4",
    "Opcode": "15",
    "Task": "4",
    "Version": "0",
    "SystemTime": "2020-07-10T10:20:33.560542Z",
    "UserID": "S-1-5-20",
    "ProcessID": "824",
    "ThreadID": "4224",
    "Name": "Microsoft-Windows-RemoteDesktopServices-RdpCoreTS",
    "Guid": "1139C61B-B549-4251-8ED3-27250A1EDEC8",
    "ActivityID": "F420F5A9-4B27-4E82-B362-9870F8E90000"
  },
  {
    "TimezoneBiasHour": "[1]",
    "Channel": "Microsoft-Windows-RemoteDesktopServices-RdpCoreTS/Operational",
    "Computer": "MSEDGEWIN10",
    "EventID": "104",
    "EventRecordID": "2763",
    "Keywords": "0x4000000000000000",
    "Level": "4",
    "Opcode": "15",
    "Task": "4",
    "Version": "0",
    "SystemTime": "2020-07-09T22:00:58.374426Z",
    "UserID": "S-1-5-20",
    "ProcessID": "428",
    "ThreadID": "4624",
    "Name": "Microsoft-Windows-RemoteDesktopServices-RdpCoreTS",
    "Guid": "1139C61B-B549-4251-8ED3-27250A1EDEC8",
    "ActivityID": "F420B908-F3DA-4919-8601-7EFEECF70000"
  },
  {
    "TimezoneBiasHour": "[1]",
    "Channel": "Microsoft-Windows-RemoteDesktopServices-RdpCoreTS/Operational",
    "Computer": "MSEDGEWIN10",
    "EventID": "104",
    "EventRecordID": "2677",
    "Keywords": "0x4000000000000000",
    "Level": "4",
    "Opcode": "15",
    "Task": "4",
    "Version": "0",
    "SystemTime": "2020-07-09T22:00:40.321702Z",
    "UserID": "S-1-5-20",
    "ProcessID": "428",
    "ThreadID": "7548",
    "Name": "Microsoft-Windows-RemoteDesktopServices-RdpCoreTS",
    "Guid": "1139C61B-B549-4251-8ED3-27250A1EDEC8",
    "ActivityID": "F4204F76-B233-4547-9024-00794DEE0000"
  },
  {
    "TimezoneBiasHour": "[1]",
    "Channel": "Microsoft-Windows-RemoteDesktopServices-RdpCoreTS/Operational",
    "Computer": "MSEDGEWIN10",
    "EventID": "104",
    "EventRecordID": "2591",
    "Keywords": "0x4000000000000000",
    "Level": "4",
    "Opcode": "15",
    "Task": "4",
    "Version": "0",
    "SystemTime": "2020-07-09T22:00:25.731890Z",
    "UserID": "S-1-5-20",
    "ProcessID": "428",
    "ThreadID": "6016",
    "Name": "Microsoft-Windows-RemoteDesktopServices-RdpCoreTS",
    "Guid": "1139C61B-B549-4251-8ED3-27250A1EDEC8",
    "ActivityID": "F420EC40-7CC3-4546-BF1F-0B6AAEAB0000"
  },
  {
    "TimezoneBiasHour": "[1]",
    "Channel": "Microsoft-Windows-RemoteDesktopServices-RdpCoreTS/Operational",
    "Computer": "MSEDGEWIN10",
    "EventID": "104",
    "EventRecordID": "2509",
    "Keywords": "0x4000000000000000",
    "Level": "4",
    "Opcode": "15",
    "Task": "4",
    "Version": "0",
    "SystemTime": "2020-07-09T22:00:10.844949Z",
    "UserID": "S-1-5-20",
    "ProcessID": "428",
    "ThreadID": "5632",
    "Name": "Microsoft-Windows-RemoteDesktopServices-RdpCoreTS",
    "Guid": "1139C61B-B549-4251-8ED3-27250A1EDEC8",
    "ActivityID": "F42056CD-7AD8-4D39-8397-55FA25070000"
  },
  {
    "TimezoneBiasHour": "[1]",
    "Channel": "Microsoft-Windows-RemoteDesktopServices-RdpCoreTS/Operational",
    "Computer": "MSEDGEWIN10",
    "EventID": "104",
    "EventRecordID": "2423",
    "Keywords": "0x4000000000000000",
    "Level": "4",
    "Opcode": "15",
    "Task": "4",
    "Version": "0",
    "SystemTime": "2020-07-09T21:56:04.247114Z",
    "UserID": "S-1-5-20",
    "ProcessID": "428",
    "ThreadID": "872",
    "Name": "Microsoft-Windows-RemoteDesktopServices-RdpCoreTS",
    "Guid": "1139C61B-B549-4251-8ED3-27250A1EDEC8",
    "ActivityID": "F4208327-CDDD-43AE-AA11-3A911B860000"
  },
  {
    "TimezoneBiasHour": "[1]",
    "Channel": "Microsoft-Windows-RemoteDesktopServices-RdpCoreTS/Operational",
    "Computer": "MSEDGEWIN10",
    "EventID": "104",
    "EventRecordID": "2337",
    "Keywords": "0x4000000000000000",
    "Level": "4",
    "Opcode": "15",
    "Task": "4",
    "Version": "0",
    "SystemTime": "2020-07-09T21:55:49.649502Z",
    "UserID": "S-1-5-20",
    "ProcessID": "428",
    "ThreadID": "4400",
    "Name": "Microsoft-Windows-RemoteDesktopServices-RdpCoreTS",
    "Guid": "1139C61B-B549-4251-8ED3-27250A1EDEC8",
    "ActivityID": "F4205431-AC2E-4BAD-9C30-FB7D0AF50000"
  },
  {
    "TimezoneBiasHour": "[1]",
    "Channel": "Microsoft-Windows-RemoteDesktopServices-RdpCoreTS/Operational",
    "Computer": "MSEDGEWIN10",
    "EventID": "104",
    "EventRecordID": "2251",
    "Keywords": "0x4000000000000000",
    "Level": "4",
    "Opcode": "15",
    "Task": "4",
    "Version": "0",
    "SystemTime": "2020-07-09T21:55:33.413925Z",
    "UserID": "S-1-5-20",
    "ProcessID": "428",
    "ThreadID": "2888",
    "Name": "Microsoft-Windows-RemoteDesktopServices-RdpCoreTS",
    "Guid": "1139C61B-B549-4251-8ED3-27250A1EDEC8",
    "ActivityID": "F42045C5-85A4-47D3-A508-9CAC54280000"
  },
  {
    "TimezoneBiasHour": "[1]",
    "Channel": "Microsoft-Windows-RemoteDesktopServices-RdpCoreTS/Operational",
    "Computer": "MSEDGEWIN10",
    "EventID": "104",
    "EventRecordID": "2167",
    "Keywords": "0x4000000000000000",
    "Level": "4",
    "Opcode": "15",
    "Task": "4",
    "Version": "0",
    "SystemTime": "2020-07-09T21:55:18.007172Z",
    "UserID": "S-1-5-20",
    "ProcessID": "428",
    "ThreadID": "1188",
    "Name": "Microsoft-Windows-RemoteDesktopServices-RdpCoreTS",
    "Guid": "1139C61B-B549-4251-8ED3-27250A1EDEC8",
    "ActivityID": "F420A168-8389-431D-AC72-6F40E0580000"
  },
  {
    "TimezoneBiasHour": "[1]",
    "Channel": "Microsoft-Windows-RemoteDesktopServices-RdpCoreTS/Operational",
    "Computer": "MSEDGEWIN10",
    "EventID": "104",
    "EventRecordID": "2081",
    "Keywords": "0x4000000000000000",
    "Level": "4",
    "Opcode": "15",
    "Task": "4",
    "Version": "0",
    "SystemTime": "2020-07-09T21:49:52.265880Z",
    "UserID": "S-1-5-20",
    "ProcessID": "428",
    "ThreadID": "5252",
    "Name": "Microsoft-Windows-RemoteDesktopServices-RdpCoreTS",
    "Guid": "1139C61B-B549-4251-8ED3-27250A1EDEC8",
    "ActivityID": "F420E7D9-2A5A-4645-B895-C6F867ED0000"
  },
  {
    "TimezoneBiasHour": "[1]",
    "Channel": "Microsoft-Windows-RemoteDesktopServices-RdpCoreTS/Operational",
    "Computer": "MSEDGEWIN10",
    "EventID": "104",
    "EventRecordID": "1995",
    "Keywords": "0x4000000000000000",
    "Level": "4",
    "Opcode": "15",
    "Task": "4",
    "Version": "0",
    "SystemTime": "2020-07-09T21:49:32.697172Z",
    "UserID": "S-1-5-20",
    "ProcessID": "428",
    "ThreadID": "848",
    "Name": "Microsoft-Windows-RemoteDesktopServices-RdpCoreTS",
    "Guid": "1139C61B-B549-4251-8ED3-27250A1EDEC8",
    "ActivityID": "F4201156-B130-436A-9F87-AAB4E6DB0000"
  },
  {
    "TimezoneBiasHour": "[1]",
    "Channel": "Microsoft-Windows-RemoteDesktopServices-RdpCoreTS/Operational",
    "Computer": "MSEDGEWIN10",
    "EventID": "104",
    "EventRecordID": "1909",
    "Keywords": "0x4000000000000000",
    "Level": "4",
    "Opcode": "15",
    "Task": "4",
    "Version": "0",
    "SystemTime": "2020-07-09T21:49:20.727866Z",
    "UserID": "S-1-5-20",
    "ProcessID": "428",
    "ThreadID": "4884",
    "Name": "Microsoft-Windows-RemoteDesktopServices-RdpCoreTS",
    "Guid": "1139C61B-B549-4251-8ED3-27250A1EDEC8",
    "ActivityID": "F4204900-7C61-4A21-993D-312F37660000"
  },
  {
    "TimezoneBiasHour": "[1]",
    "Channel": "Microsoft-Windows-RemoteDesktopServices-RdpCoreTS/Operational",
    "Computer": "MSEDGEWIN10",
    "EventID": "104",
    "EventRecordID": "1825",
    "Keywords": "0x4000000000000000",
    "Level": "4",
    "Opcode": "15",
    "Task": "4",
    "Version": "0",
    "SystemTime": "2020-07-09T21:49:03.639463Z",
    "UserID": "S-1-5-20",
    "ProcessID": "428",
    "ThreadID": "6096",
    "Name": "Microsoft-Windows-RemoteDesktopServices-RdpCoreTS",
    "Guid": "1139C61B-B549-4251-8ED3-27250A1EDEC8",
    "ActivityID": "F4203B9B-A0ED-442C-B119-29671DAA0000"
  },
  {
    "TimezoneBiasHour": "[1]",
    "Channel": "Microsoft-Windows-RemoteDesktopServices-RdpCoreTS/Operational",
    "Computer": "MSEDGEWIN10",
    "EventID": "104",
    "EventRecordID": "1739",
    "Keywords": "0x4000000000000000",
    "Level": "4",
    "Opcode": "15",
    "Task": "4",
    "Version": "0",
    "SystemTime": "2020-07-09T21:30:53.312308Z",
    "UserID": "S-1-5-20",
    "ProcessID": "428",
    "ThreadID": "2568",
    "Name": "Microsoft-Windows-RemoteDesktopServices-RdpCoreTS",
    "Guid": "1139C61B-B549-4251-8ED3-27250A1EDEC8",
    "ActivityID": "F420EE41-01C2-4A06-B951-545FB7A00000"
  },
  {
    "TimezoneBiasHour": "[1]",
    "Channel": "Microsoft-Windows-RemoteDesktopServices-RdpCoreTS/Operational",
    "Computer": "MSEDGEWIN10",
    "EventID": "104",
    "EventRecordID": "1653",
    "Keywords": "0x4000000000000000",
    "Level": "4",
    "Opcode": "15",
    "Task": "4",
    "Version": "0",
    "SystemTime": "2020-07-09T21:29:24.538195Z",
    "UserID": "S-1-5-20",
    "ProcessID": "428",
    "ThreadID": "2552",
    "Name": "Microsoft-Windows-RemoteDesktopServices-RdpCoreTS",
    "Guid": "1139C61B-B549-4251-8ED3-27250A1EDEC8",
    "ActivityID": "F420C159-BC9B-4A86-8B61-607870250000"
  },
  {
    "TimezoneBiasHour": "[1]",
    "Channel": "Microsoft-Windows-RemoteDesktopServices-RdpCoreTS/Operational",
    "Computer": "MSEDGEWIN10",
    "EventID": "104",
    "EventRecordID": "1567",
    "Keywords": "0x4000000000000000",
    "Level": "4",
    "Opcode": "15",
    "Task": "4",
    "Version": "0",
    "SystemTime": "2020-07-09T21:29:04.403121Z",
    "UserID": "S-1-5-20",
    "ProcessID": "428",
    "ThreadID": "6320",
    "Name": "Microsoft-Windows-RemoteDesktopServices-RdpCoreTS",
    "Guid": "1139C61B-B549-4251-8ED3-27250A1EDEC8",
    "ActivityID": "F4209EA0-BE35-4EC0-9121-022119650000"
  },
  {
    "TimezoneBiasHour": "[1]",
    "Channel": "Microsoft-Windows-RemoteDesktopServices-RdpCoreTS/Operational",
    "Computer": "MSEDGEWIN10",
    "EventID": "104",
    "EventRecordID": "1485",
    "Keywords": "0x4000000000000000",
    "Level": "4",
    "Opcode": "15",
    "Task": "4",
    "Version": "0",
    "SystemTime": "2020-07-09T21:28:47.723011Z",
    "UserID": "S-1-5-20",
    "ProcessID": "428",
    "ThreadID": "2404",
    "Name": "Microsoft-Windows-RemoteDesktopServices-RdpCoreTS",
    "Guid": "1139C61B-B549-4251-8ED3-27250A1EDEC8",
    "ActivityID": "F4205B5E-1DD1-4E73-A2CA-002F81E60000"
  },
  {
    "TimezoneBiasHour": "[1]",
    "Channel": "Microsoft-Windows-RemoteDesktopServices-RdpCoreTS/Operational",
    "Computer": "MSEDGEWIN10",
    "EventID": "104",
    "EventRecordID": "1400",
    "Keywords": "0x4000000000000000",
    "Level": "4",
    "Opcode": "15",
    "Task": "4",
    "Version": "0",
    "SystemTime": "2020-07-09T21:07:05.376975Z",
    "UserID": "S-1-5-20",
    "ProcessID": "428",
    "ThreadID": "1428",
    "Name": "Microsoft-Windows-RemoteDesktopServices-RdpCoreTS",
    "Guid": "1139C61B-B549-4251-8ED3-27250A1EDEC8",
    "ActivityID": "F42027E1-AFE6-4D4D-A8CA-4E0573010000"
  },
  {
    "TimezoneBiasHour": "[1]",
    "Channel": "Microsoft-Windows-RemoteDesktopServices-RdpCoreTS/Operational",
    "Computer": "MSEDGEWIN10",
    "EventID": "104",
    "EventRecordID": "1306",
    "Keywords": "0x4000000000000000",
    "Level": "4",
    "Opcode": "15",
    "Task": "4",
    "Version": "0",
    "SystemTime": "2020-07-09T20:43:29.659936Z",
    "UserID": "S-1-5-20",
    "ProcessID": "656",
    "ThreadID": "4564",
    "Name": "Microsoft-Windows-RemoteDesktopServices-RdpCoreTS",
    "Guid": "1139C61B-B549-4251-8ED3-27250A1EDEC8",
    "ActivityID": "F4205FB6-E245-42B0-A304-CB7EF48E0000"
  },
  {
    "TimezoneBiasHour": "[1]",
    "Channel": "Microsoft-Windows-RemoteDesktopServices-RdpCoreTS/Operational",
    "Computer": "MSEDGEWIN10",
    "EventID": "104",
    "EventRecordID": "1213",
    "Keywords": "0x4000000000000000",
    "Level": "4",
    "Opcode": "15",
    "Task": "4",
    "Version": "0",
    "SystemTime": "2020-07-09T20:06:31.770398Z",
    "UserID": "S-1-5-20",
    "ProcessID": "476",
    "ThreadID": "6944",
    "Name": "Microsoft-Windows-RemoteDesktopServices-RdpCoreTS",
    "Guid": "1139C61B-B549-4251-8ED3-27250A1EDEC8",
    "ActivityID": "F420384B-898A-4364-AC9C-5338855D0000"
  },
  {
    "TimezoneBiasHour": "[1]",
    "Channel": "Microsoft-Windows-RemoteDesktopServices-RdpCoreTS/Operational",
    "Computer": "MSEDGEWIN10",
    "EventID": "104",
    "EventRecordID": "1129",
    "Keywords": "0x4000000000000000",
    "Level": "4",
    "Opcode": "15",
    "Task": "4",
    "Version": "0",
    "SystemTime": "2020-07-09T19:47:00.719124Z",
    "UserID": "S-1-5-20",
    "ProcessID": "476",
    "ThreadID": "4152",
    "Name": "Microsoft-Windows-RemoteDesktopServices-RdpCoreTS",
    "Guid": "1139C61B-B549-4251-8ED3-27250A1EDEC8",
    "ActivityID": "F420CA7A-0E56-4135-8A7C-CE2182D30000"
  },
  {
    "DestinationHostname": "MSEDGEWIN10",
    "DestinationIp": "127.0.0.1",
    "DestinationIsIpv6": "False",
    "DestinationPort": "5357",
    "DestinationPortName": "wsd",
    "Image": "<unknown process>",
    "Initiated": "False",
    "ProcessGuid": "747F3D96-82A8-607F-0000-0010EB030000",
    "ProcessId": "4",
    "Protocol": "tcp",
    "SourceHostname": "MSEDGEWIN10",
    "SourceIp": "127.0.0.1",
    "SourceIsIpv6": "False",
    "SourcePort": "49926",
    "UtcTime": "2021-04-20 20:34:11.944",
    "Channel": "Microsoft-Windows-Sysmon/Operational",
    "Computer": "MSEDGEWIN10",
    "Correlation": "None",
    "EventID": "3",
    "EventRecordID": "578510",
    "Keywords": "0x8000000000000000",
    "Level": "4",
    "Opcode": "0",
    "Task": "3",
    "Version": "5",
    "SystemTime": "2021-04-20T20:33:20.254314Z",
    "UserID": "S-1-5-18",
    "ProcessID": "3392",
    "ThreadID": "4248",
    "Name": "Microsoft-Windows-Sysmon",
    "Guid": "5770385F-C22A-43E0-BF4C-06F5698FFBD9"
  },
  {
    "DestinationHostname": "MSEDGEWIN10.home",
    "DestinationIp": "10.0.3.15",
    "DestinationIsIpv6": "False",
    "DestinationPort": "137",
    "DestinationPortName": "netbios-ns",
    "Image": "<unknown process>",
    "Initiated": "False",
    "ProcessGuid": "747F3D96-82A8-607F-0000-0010EB030000",
    "ProcessId": "4",
    "Protocol": "udp",
    "SourceIp": "10.0.3.255",
    "SourceIsIpv6": "False",
    "SourcePort": "137",
    "SourcePortName": "netbios-ns",
    "UtcTime": "2021-04-20 20:34:10.607",
    "Channel": "Microsoft-Windows-Sysmon/Operational",
    "Computer": "MSEDGEWIN10",
    "Correlation": "None",
    "EventID": "3",
    "EventRecordID": "578509",
    "Keywords": "0x8000000000000000",
    "Level": "4",
    "Opcode": "0",
    "Task": "3",
    "Version": "5",
    "SystemTime": "2021-04-20T20:33:18.296627Z",
    "UserID": "S-1-5-18",
    "ProcessID": "3392",
    "ThreadID": "4248",
    "Name": "Microsoft-Windows-Sysmon",
    "Guid": "5770385F-C22A-43E0-BF4C-06F5698FFBD9"
  },
  {
    "DestinationIp": "10.0.3.255",
    "DestinationIsIpv6": "False",
    "DestinationPort": "137",
    "DestinationPortName": "netbios-ns",
    "Image": "<unknown process>",
    "Initiated": "True",
    "ProcessGuid": "747F3D96-82A8-607F-0000-0010EB030000",
    "ProcessId": "4",
    "Protocol": "udp",
    "SourceHostname": "MSEDGEWIN10.home",
    "SourceIp": "10.0.3.15",
    "SourceIsIpv6": "False",
    "SourcePort": "137",
    "SourcePortName": "netbios-ns",
    "UtcTime": "2021-04-20 20:34:10.607",
    "Channel": "Microsoft-Windows-Sysmon/Operational",
    "Computer": "MSEDGEWIN10",
    "Correlation": "None",
    "EventID": "3",
    "EventRecordID": "578508",
    "Keywords": "0x8000000000000000",
    "Level": "4",
    "Opcode": "0",
    "Task": "3",
    "Version": "5",
    "SystemTime": "2021-04-20T20:33:18.296391Z",
    "UserID": "S-1-5-18",
    "ProcessID": "3392",
    "ThreadID": "4248",
    "Name": "Microsoft-Windows-Sysmon",
    "Guid": "5770385F-C22A-43E0-BF4C-06F5698FFBD9"
  },
  {
    "DestinationHostname": "MSEDGEWIN10",
    "DestinationIp": "10.0.2.17",
    "DestinationIsIpv6": "False",
    "DestinationPort": "137",
    "DestinationPortName": "netbios-ns",
    "Image": "<unknown process>",
    "Initiated": "False",
    "ProcessGuid": "747F3D96-82A8-607F-0000-0010EB030000",
    "ProcessId": "4",
    "Protocol": "udp",
    "SourceIp": "10.255.255.255",
    "SourceIsIpv6": "False",
    "SourcePort": "137",
    "SourcePortName": "netbios-ns",
    "UtcTime": "2021-04-20 20:34:08.340",
    "Channel": "Microsoft-Windows-Sysmon/Operational",
    "Computer": "MSEDGEWIN10",
    "Correlation": "None",
    "EventID": "3",
    "EventRecordID": "578507",
    "Keywords": "0x8000000000000000",
    "Level": "4",
    "Opcode": "0",
    "Task": "3",
    "Version": "5",
    "SystemTime": "2021-04-20T20:33:14.861193Z",
    "UserID": "S-1-5-18",
    "ProcessID": "3392",
    "ThreadID": "4248",
    "Name": "Microsoft-Windows-Sysmon",
    "Guid": "5770385F-C22A-43E0-BF4C-06F5698FFBD9"
  },
  {
    "DestinationIp": "10.255.255.255",
    "DestinationIsIpv6": "False",
    "DestinationPort": "137",
    "DestinationPortName": "netbios-ns",
    "Image": "<unknown process>",
    "Initiated": "True",
    "ProcessGuid": "747F3D96-82A8-607F-0000-0010EB030000",
    "ProcessId": "4",
    "Protocol": "udp",
    "SourceHostname": "MSEDGEWIN10",
    "SourceIp": "10.0.2.17",
    "SourceIsIpv6": "False",
    "SourcePort": "137",
    "SourcePortName": "netbios-ns",
    "UtcTime": "2021-04-20 20:34:08.340",
    "Channel": "Microsoft-Windows-Sysmon/Operational",
    "Computer": "MSEDGEWIN10",
    "Correlation": "None",
    "EventID": "3",
    "EventRecordID": "578506",
    "Keywords": "0x8000000000000000",
    "Level": "4",
    "Opcode": "0",
    "Task": "3",
    "Version": "5",
    "SystemTime": "2021-04-20T20:33:14.860901Z",
    "UserID": "S-1-5-18",
    "ProcessID": "3392",
    "ThreadID": "4248",
    "Name": "Microsoft-Windows-Sysmon",
    "Guid": "5770385F-C22A-43E0-BF4C-06F5698FFBD9"
  },
  {
    "CommandLine": "C:\\Windows\\system32\\svchost.exe -k LocalService -p -s fdPHost",
    "Company": "Microsoft Corporation",
    "CurrentDirectory": "C:\\Windows\\system32\\",
    "Description": "Host Process for Windows Services",
    "FileVersion": "10.0.17763.1 (WinBuild.160101.0800)",
    "Hashes": "SHA1=A1385CE20AD79F55DF235EFFD9780C31442AA234,MD5=8A0A29438052FAED8A2532DA50455756,SHA256=7FD065BAC18C5278777AE44908101CDFED72D26FA741367F0AD4D02020787AB6,IMPHASH=247B9220E5D9B720A82B2C8B5069AD69",
    "Image": "svchost.exe",
    "IntegrityLevel": "System",
    "LogonGuid": "747F3D96-82AF-607F-0000-0020E5030000",
    "LogonId": "0x3e5",
    "OriginalFileName": "svchost.exe",
    "ParentCommandLine": "?",
    "ParentImage": "?",
    "ParentProcessGuid": "00000000-0000-0000-0000-000000000000",
    "ParentProcessId": "612",
    "ProcessGuid": "747F3D96-3A8A-607F-0000-0010E4717700",
    "ProcessId": "5280",
    "Product": "Microsoft\u00ae Windows\u00ae Operating System",
    "TerminalSessionId": "0",
    "User": "NT AUTHORITY\\LOCAL SERVICE",
    "UtcTime": "2021-04-20 20:33:14.246",
    "Channel": "Microsoft-Windows-Sysmon/Operational",
    "Computer": "MSEDGEWIN10",
    "Correlation": "None",
    "EventID": "1",
    "EventRecordID": "578505",
    "Keywords": "0x8000000000000000",
    "Level": "4",
    "Opcode": "0",
    "Task": "1",
    "Version": "5",
    "SystemTime": "2021-04-20T20:33:14.273416Z",
    "UserID": "S-1-5-18",
    "ProcessID": "3392",
    "ThreadID": "4112",
    "Name": "Microsoft-Windows-Sysmon",
    "Guid": "5770385F-C22A-43E0-BF4C-06F5698FFBD9"
  },
  {
    "CommandLine": "C:\\Windows\\system32\\svchost.exe -k netsvcs -p -s gpsvc",
    "Company": "Microsoft Corporation",
    "CurrentDirectory": "C:\\Windows\\system32\\",
    "Description": "Host Process for Windows Services",
    "FileVersion": "10.0.17763.1 (WinBuild.160101.0800)",
    "Hashes": "SHA1=A1385CE20AD79F55DF235EFFD9780C31442AA234,MD5=8A0A29438052FAED8A2532DA50455756,SHA256=7FD065BAC18C5278777AE44908101CDFED72D26FA741367F0AD4D02020787AB6,IMPHASH=247B9220E5D9B720A82B2C8B5069AD69",
    "Image": "svchost.exe",
    "IntegrityLevel": "System",
    "LogonGuid": "747F3D96-82AE-607F-0000-0020E7030000",
    "LogonId": "0x3e7",
    "OriginalFileName": "svchost.exe",
    "ParentCommandLine": "?",
    "ParentImage": "?",
    "ParentProcessGuid": "00000000-0000-0000-0000-000000000000",
    "ParentProcessId": "612",
    "ProcessGuid": "747F3D96-3A89-607F-0000-001028587700",
    "ProcessId": "4912",
    "Product": "Microsoft\u00ae Windows\u00ae Operating System",
    "TerminalSessionId": "0",
    "User": "NT AUTHORITY\\SYSTEM",
    "UtcTime": "2021-04-20 20:33:13.680",
    "Channel": "Microsoft-Windows-Sysmon/Operational",
    "Computer": "MSEDGEWIN10",
    "Correlation": "None",
    "EventID": "1",
    "EventRecordID": "578503",
    "Keywords": "0x8000000000000000",
    "Level": "4",
    "Opcode": "0",
    "Task": "1",
    "Version": "5",
    "SystemTime": "2021-04-20T20:33:13.741579Z",
    "UserID": "S-1-5-18",
    "ProcessID": "3392",
    "ThreadID": "4112",
    "Name": "Microsoft-Windows-Sysmon",
    "Guid": "5770385F-C22A-43E0-BF4C-06F5698FFBD9"
  },
  {
    "DestinationHostname": "MSEDGEWIN10",
    "DestinationIp": "127.0.0.1",
    "DestinationIsIpv6": "False",
    "DestinationPort": "445",
    "DestinationPortName": "microsoft-ds",
    "Image": "<unknown process>",
    "Initiated": "False",
    "ProcessGuid": "747F3D96-82A8-607F-0000-0010EB030000",
    "ProcessId": "4",
    "Protocol": "tcp",
    "SourceHostname": "MSEDGEWIN10",
    "SourceIp": "127.0.0.1",
    "SourceIsIpv6": "False",
    "SourcePort": "49925",
    "UtcTime": "2021-04-20 20:33:59.834",
    "Channel": "Microsoft-Windows-Sysmon/Operational",
    "Computer": "MSEDGEWIN10",
    "Correlation": "None",
    "EventID": "3",
    "EventRecordID": "578501",
    "Keywords": "0x8000000000000000",
    "Level": "4",
    "Opcode": "0",
    "Task": "3",
    "Version": "5",
    "SystemTime": "2021-04-20T20:33:01.944467Z",
    "UserID": "S-1-5-18",
    "ProcessID": "3392",
    "ThreadID": "4248",
    "Name": "Microsoft-Windows-Sysmon",
    "Guid": "5770385F-C22A-43E0-BF4C-06F5698FFBD9"
  },
